ARM GAS  /var/folders/jn/652hmfdj2m99syhs9p34dk640000gq/T//ccaJsOb1.s 			page 1


   1              		.syntax unified
   2              		.cpu cortex-m3
   3              		.fpu softvfp
   4              		.eabi_attribute 20, 1
   5              		.eabi_attribute 21, 1
   6              		.eabi_attribute 23, 3
   7              		.eabi_attribute 24, 1
   8              		.eabi_attribute 25, 1
   9              		.eabi_attribute 26, 1
  10              		.eabi_attribute 30, 1
  11              		.eabi_attribute 34, 1
  12              		.eabi_attribute 18, 4
  13              		.thumb
  14              		.syntax unified
  15              		.file	"stm32f1xx_hal.c"
  16              		.text
  17              	.Ltext0:
  18              		.cfi_sections	.debug_frame
  19              		.section	.text.HAL_MspInit,"ax",%progbits
  20              		.align	2
  21              		.weak	HAL_MspInit
  22              		.thumb
  23              		.thumb_func
  25              	HAL_MspInit:
  26              	.LFB67:
  27              		.file 1 "Drivers/STM32F1xx_HAL_Driver/Src/stm32f1xx_hal.c"
   1:Drivers/STM32F1xx_HAL_Driver/Src/stm32f1xx_hal.c **** /**
   2:Drivers/STM32F1xx_HAL_Driver/Src/stm32f1xx_hal.c ****   ******************************************************************************
   3:Drivers/STM32F1xx_HAL_Driver/Src/stm32f1xx_hal.c ****   * @file    stm32f1xx_hal.c
   4:Drivers/STM32F1xx_HAL_Driver/Src/stm32f1xx_hal.c ****   * @author  MCD Application Team
   5:Drivers/STM32F1xx_HAL_Driver/Src/stm32f1xx_hal.c ****   * @brief   HAL module driver.
   6:Drivers/STM32F1xx_HAL_Driver/Src/stm32f1xx_hal.c ****   *          This is the common part of the HAL initialization
   7:Drivers/STM32F1xx_HAL_Driver/Src/stm32f1xx_hal.c ****   *
   8:Drivers/STM32F1xx_HAL_Driver/Src/stm32f1xx_hal.c ****   @verbatim
   9:Drivers/STM32F1xx_HAL_Driver/Src/stm32f1xx_hal.c ****   ==============================================================================
  10:Drivers/STM32F1xx_HAL_Driver/Src/stm32f1xx_hal.c ****                      ##### How to use this driver #####
  11:Drivers/STM32F1xx_HAL_Driver/Src/stm32f1xx_hal.c ****   ==============================================================================
  12:Drivers/STM32F1xx_HAL_Driver/Src/stm32f1xx_hal.c ****     [..]
  13:Drivers/STM32F1xx_HAL_Driver/Src/stm32f1xx_hal.c ****     The common HAL driver contains a set of generic and common APIs that can be
  14:Drivers/STM32F1xx_HAL_Driver/Src/stm32f1xx_hal.c ****     used by the PPP peripheral drivers and the user to start using the HAL.
  15:Drivers/STM32F1xx_HAL_Driver/Src/stm32f1xx_hal.c ****     [..]
  16:Drivers/STM32F1xx_HAL_Driver/Src/stm32f1xx_hal.c ****     The HAL contains two APIs' categories:
  17:Drivers/STM32F1xx_HAL_Driver/Src/stm32f1xx_hal.c ****          (+) Common HAL APIs
  18:Drivers/STM32F1xx_HAL_Driver/Src/stm32f1xx_hal.c ****          (+) Services HAL APIs
  19:Drivers/STM32F1xx_HAL_Driver/Src/stm32f1xx_hal.c **** 
  20:Drivers/STM32F1xx_HAL_Driver/Src/stm32f1xx_hal.c ****   @endverbatim
  21:Drivers/STM32F1xx_HAL_Driver/Src/stm32f1xx_hal.c ****   ******************************************************************************
  22:Drivers/STM32F1xx_HAL_Driver/Src/stm32f1xx_hal.c ****   * @attention
  23:Drivers/STM32F1xx_HAL_Driver/Src/stm32f1xx_hal.c ****   *
  24:Drivers/STM32F1xx_HAL_Driver/Src/stm32f1xx_hal.c ****   * <h2><center>&copy; Copyright (c) 2016 STMicroelectronics.
  25:Drivers/STM32F1xx_HAL_Driver/Src/stm32f1xx_hal.c ****   * All rights reserved.</center></h2>
  26:Drivers/STM32F1xx_HAL_Driver/Src/stm32f1xx_hal.c ****   *
  27:Drivers/STM32F1xx_HAL_Driver/Src/stm32f1xx_hal.c ****   * This software component is licensed by ST under BSD 3-Clause license,
  28:Drivers/STM32F1xx_HAL_Driver/Src/stm32f1xx_hal.c ****   * the "License"; You may not use this file except in compliance with the
  29:Drivers/STM32F1xx_HAL_Driver/Src/stm32f1xx_hal.c ****   * License. You may obtain a copy of the License at:
  30:Drivers/STM32F1xx_HAL_Driver/Src/stm32f1xx_hal.c ****   *                        opensource.org/licenses/BSD-3-Clause
  31:Drivers/STM32F1xx_HAL_Driver/Src/stm32f1xx_hal.c ****   *
ARM GAS  /var/folders/jn/652hmfdj2m99syhs9p34dk640000gq/T//ccaJsOb1.s 			page 2


  32:Drivers/STM32F1xx_HAL_Driver/Src/stm32f1xx_hal.c ****   ******************************************************************************
  33:Drivers/STM32F1xx_HAL_Driver/Src/stm32f1xx_hal.c ****   */
  34:Drivers/STM32F1xx_HAL_Driver/Src/stm32f1xx_hal.c **** 
  35:Drivers/STM32F1xx_HAL_Driver/Src/stm32f1xx_hal.c **** /* Includes ------------------------------------------------------------------*/
  36:Drivers/STM32F1xx_HAL_Driver/Src/stm32f1xx_hal.c **** #include "stm32f1xx_hal.h"
  37:Drivers/STM32F1xx_HAL_Driver/Src/stm32f1xx_hal.c **** 
  38:Drivers/STM32F1xx_HAL_Driver/Src/stm32f1xx_hal.c **** /** @addtogroup STM32F1xx_HAL_Driver
  39:Drivers/STM32F1xx_HAL_Driver/Src/stm32f1xx_hal.c ****   * @{
  40:Drivers/STM32F1xx_HAL_Driver/Src/stm32f1xx_hal.c ****   */
  41:Drivers/STM32F1xx_HAL_Driver/Src/stm32f1xx_hal.c **** 
  42:Drivers/STM32F1xx_HAL_Driver/Src/stm32f1xx_hal.c **** /** @defgroup HAL HAL
  43:Drivers/STM32F1xx_HAL_Driver/Src/stm32f1xx_hal.c ****   * @brief HAL module driver.
  44:Drivers/STM32F1xx_HAL_Driver/Src/stm32f1xx_hal.c ****   * @{
  45:Drivers/STM32F1xx_HAL_Driver/Src/stm32f1xx_hal.c ****   */
  46:Drivers/STM32F1xx_HAL_Driver/Src/stm32f1xx_hal.c **** 
  47:Drivers/STM32F1xx_HAL_Driver/Src/stm32f1xx_hal.c **** #ifdef HAL_MODULE_ENABLED
  48:Drivers/STM32F1xx_HAL_Driver/Src/stm32f1xx_hal.c **** 
  49:Drivers/STM32F1xx_HAL_Driver/Src/stm32f1xx_hal.c **** /* Private typedef -----------------------------------------------------------*/
  50:Drivers/STM32F1xx_HAL_Driver/Src/stm32f1xx_hal.c **** /* Private define ------------------------------------------------------------*/
  51:Drivers/STM32F1xx_HAL_Driver/Src/stm32f1xx_hal.c **** 
  52:Drivers/STM32F1xx_HAL_Driver/Src/stm32f1xx_hal.c **** /** @defgroup HAL_Private_Constants HAL Private Constants
  53:Drivers/STM32F1xx_HAL_Driver/Src/stm32f1xx_hal.c ****   * @{
  54:Drivers/STM32F1xx_HAL_Driver/Src/stm32f1xx_hal.c ****   */
  55:Drivers/STM32F1xx_HAL_Driver/Src/stm32f1xx_hal.c **** /**
  56:Drivers/STM32F1xx_HAL_Driver/Src/stm32f1xx_hal.c ****  * @brief STM32F1xx HAL Driver version number V1.1.4
  57:Drivers/STM32F1xx_HAL_Driver/Src/stm32f1xx_hal.c ****    */
  58:Drivers/STM32F1xx_HAL_Driver/Src/stm32f1xx_hal.c **** #define __STM32F1xx_HAL_VERSION_MAIN   (0x01U) /*!< [31:24] main version */
  59:Drivers/STM32F1xx_HAL_Driver/Src/stm32f1xx_hal.c **** #define __STM32F1xx_HAL_VERSION_SUB1   (0x01U) /*!< [23:16] sub1 version */
  60:Drivers/STM32F1xx_HAL_Driver/Src/stm32f1xx_hal.c **** #define __STM32F1xx_HAL_VERSION_SUB2   (0x04U) /*!< [15:8]  sub2 version */
  61:Drivers/STM32F1xx_HAL_Driver/Src/stm32f1xx_hal.c **** #define __STM32F1xx_HAL_VERSION_RC     (0x00U) /*!< [7:0]  release candidate */
  62:Drivers/STM32F1xx_HAL_Driver/Src/stm32f1xx_hal.c **** #define __STM32F1xx_HAL_VERSION         ((__STM32F1xx_HAL_VERSION_MAIN << 24)\
  63:Drivers/STM32F1xx_HAL_Driver/Src/stm32f1xx_hal.c ****                                         |(__STM32F1xx_HAL_VERSION_SUB1 << 16)\
  64:Drivers/STM32F1xx_HAL_Driver/Src/stm32f1xx_hal.c ****                                         |(__STM32F1xx_HAL_VERSION_SUB2 << 8 )\
  65:Drivers/STM32F1xx_HAL_Driver/Src/stm32f1xx_hal.c ****                                         |(__STM32F1xx_HAL_VERSION_RC))
  66:Drivers/STM32F1xx_HAL_Driver/Src/stm32f1xx_hal.c **** 
  67:Drivers/STM32F1xx_HAL_Driver/Src/stm32f1xx_hal.c **** #define IDCODE_DEVID_MASK    0x00000FFFU
  68:Drivers/STM32F1xx_HAL_Driver/Src/stm32f1xx_hal.c **** 
  69:Drivers/STM32F1xx_HAL_Driver/Src/stm32f1xx_hal.c **** /**
  70:Drivers/STM32F1xx_HAL_Driver/Src/stm32f1xx_hal.c ****   * @}
  71:Drivers/STM32F1xx_HAL_Driver/Src/stm32f1xx_hal.c ****   */
  72:Drivers/STM32F1xx_HAL_Driver/Src/stm32f1xx_hal.c **** 
  73:Drivers/STM32F1xx_HAL_Driver/Src/stm32f1xx_hal.c **** /* Private macro -------------------------------------------------------------*/
  74:Drivers/STM32F1xx_HAL_Driver/Src/stm32f1xx_hal.c **** /* Private variables ---------------------------------------------------------*/
  75:Drivers/STM32F1xx_HAL_Driver/Src/stm32f1xx_hal.c **** 
  76:Drivers/STM32F1xx_HAL_Driver/Src/stm32f1xx_hal.c **** /** @defgroup HAL_Private_Variables HAL Private Variables
  77:Drivers/STM32F1xx_HAL_Driver/Src/stm32f1xx_hal.c ****   * @{
  78:Drivers/STM32F1xx_HAL_Driver/Src/stm32f1xx_hal.c ****   */
  79:Drivers/STM32F1xx_HAL_Driver/Src/stm32f1xx_hal.c **** __IO uint32_t uwTick;
  80:Drivers/STM32F1xx_HAL_Driver/Src/stm32f1xx_hal.c **** uint32_t uwTickPrio   = (1UL << __NVIC_PRIO_BITS); /* Invalid PRIO */
  81:Drivers/STM32F1xx_HAL_Driver/Src/stm32f1xx_hal.c **** HAL_TickFreqTypeDef uwTickFreq = HAL_TICK_FREQ_DEFAULT;  /* 1KHz */
  82:Drivers/STM32F1xx_HAL_Driver/Src/stm32f1xx_hal.c **** /**
  83:Drivers/STM32F1xx_HAL_Driver/Src/stm32f1xx_hal.c ****   * @}
  84:Drivers/STM32F1xx_HAL_Driver/Src/stm32f1xx_hal.c ****   */
  85:Drivers/STM32F1xx_HAL_Driver/Src/stm32f1xx_hal.c **** /* Private function prototypes -----------------------------------------------*/
  86:Drivers/STM32F1xx_HAL_Driver/Src/stm32f1xx_hal.c **** /* Exported functions ---------------------------------------------------------*/
  87:Drivers/STM32F1xx_HAL_Driver/Src/stm32f1xx_hal.c **** 
  88:Drivers/STM32F1xx_HAL_Driver/Src/stm32f1xx_hal.c **** /** @defgroup HAL_Exported_Functions HAL Exported Functions
ARM GAS  /var/folders/jn/652hmfdj2m99syhs9p34dk640000gq/T//ccaJsOb1.s 			page 3


  89:Drivers/STM32F1xx_HAL_Driver/Src/stm32f1xx_hal.c ****   * @{
  90:Drivers/STM32F1xx_HAL_Driver/Src/stm32f1xx_hal.c ****   */
  91:Drivers/STM32F1xx_HAL_Driver/Src/stm32f1xx_hal.c **** 
  92:Drivers/STM32F1xx_HAL_Driver/Src/stm32f1xx_hal.c **** /** @defgroup HAL_Exported_Functions_Group1 Initialization and de-initialization Functions
  93:Drivers/STM32F1xx_HAL_Driver/Src/stm32f1xx_hal.c ****  *  @brief    Initialization and de-initialization functions
  94:Drivers/STM32F1xx_HAL_Driver/Src/stm32f1xx_hal.c ****  *
  95:Drivers/STM32F1xx_HAL_Driver/Src/stm32f1xx_hal.c **** @verbatim
  96:Drivers/STM32F1xx_HAL_Driver/Src/stm32f1xx_hal.c ****  ===============================================================================
  97:Drivers/STM32F1xx_HAL_Driver/Src/stm32f1xx_hal.c ****               ##### Initialization and de-initialization functions #####
  98:Drivers/STM32F1xx_HAL_Driver/Src/stm32f1xx_hal.c ****  ===============================================================================
  99:Drivers/STM32F1xx_HAL_Driver/Src/stm32f1xx_hal.c ****    [..]  This section provides functions allowing to:
 100:Drivers/STM32F1xx_HAL_Driver/Src/stm32f1xx_hal.c ****       (+) Initializes the Flash interface, the NVIC allocation and initial clock
 101:Drivers/STM32F1xx_HAL_Driver/Src/stm32f1xx_hal.c ****           configuration. It initializes the systick also when timeout is needed
 102:Drivers/STM32F1xx_HAL_Driver/Src/stm32f1xx_hal.c ****           and the backup domain when enabled.
 103:Drivers/STM32F1xx_HAL_Driver/Src/stm32f1xx_hal.c ****       (+) de-Initializes common part of the HAL.
 104:Drivers/STM32F1xx_HAL_Driver/Src/stm32f1xx_hal.c ****       (+) Configure The time base source to have 1ms time base with a dedicated
 105:Drivers/STM32F1xx_HAL_Driver/Src/stm32f1xx_hal.c ****           Tick interrupt priority.
 106:Drivers/STM32F1xx_HAL_Driver/Src/stm32f1xx_hal.c ****         (++) SysTick timer is used by default as source of time base, but user
 107:Drivers/STM32F1xx_HAL_Driver/Src/stm32f1xx_hal.c ****              can eventually implement his proper time base source (a general purpose
 108:Drivers/STM32F1xx_HAL_Driver/Src/stm32f1xx_hal.c ****              timer for example or other time source), keeping in mind that Time base
 109:Drivers/STM32F1xx_HAL_Driver/Src/stm32f1xx_hal.c ****              duration should be kept 1ms since PPP_TIMEOUT_VALUEs are defined and
 110:Drivers/STM32F1xx_HAL_Driver/Src/stm32f1xx_hal.c ****              handled in milliseconds basis.
 111:Drivers/STM32F1xx_HAL_Driver/Src/stm32f1xx_hal.c ****         (++) Time base configuration function (HAL_InitTick ()) is called automatically
 112:Drivers/STM32F1xx_HAL_Driver/Src/stm32f1xx_hal.c ****              at the beginning of the program after reset by HAL_Init() or at any time
 113:Drivers/STM32F1xx_HAL_Driver/Src/stm32f1xx_hal.c ****              when clock is configured, by HAL_RCC_ClockConfig().
 114:Drivers/STM32F1xx_HAL_Driver/Src/stm32f1xx_hal.c ****         (++) Source of time base is configured  to generate interrupts at regular
 115:Drivers/STM32F1xx_HAL_Driver/Src/stm32f1xx_hal.c ****              time intervals. Care must be taken if HAL_Delay() is called from a
 116:Drivers/STM32F1xx_HAL_Driver/Src/stm32f1xx_hal.c ****              peripheral ISR process, the Tick interrupt line must have higher priority
 117:Drivers/STM32F1xx_HAL_Driver/Src/stm32f1xx_hal.c ****             (numerically lower) than the peripheral interrupt. Otherwise the caller
 118:Drivers/STM32F1xx_HAL_Driver/Src/stm32f1xx_hal.c ****             ISR process will be blocked.
 119:Drivers/STM32F1xx_HAL_Driver/Src/stm32f1xx_hal.c ****        (++) functions affecting time base configurations are declared as __weak
 120:Drivers/STM32F1xx_HAL_Driver/Src/stm32f1xx_hal.c ****              to make  override possible  in case of other  implementations in user file.
 121:Drivers/STM32F1xx_HAL_Driver/Src/stm32f1xx_hal.c **** @endverbatim
 122:Drivers/STM32F1xx_HAL_Driver/Src/stm32f1xx_hal.c ****   * @{
 123:Drivers/STM32F1xx_HAL_Driver/Src/stm32f1xx_hal.c ****   */
 124:Drivers/STM32F1xx_HAL_Driver/Src/stm32f1xx_hal.c **** 
 125:Drivers/STM32F1xx_HAL_Driver/Src/stm32f1xx_hal.c **** /**
 126:Drivers/STM32F1xx_HAL_Driver/Src/stm32f1xx_hal.c ****   * @brief  This function is used to initialize the HAL Library; it must be the first
 127:Drivers/STM32F1xx_HAL_Driver/Src/stm32f1xx_hal.c ****   *         instruction to be executed in the main program (before to call any other
 128:Drivers/STM32F1xx_HAL_Driver/Src/stm32f1xx_hal.c ****   *         HAL function), it performs the following:
 129:Drivers/STM32F1xx_HAL_Driver/Src/stm32f1xx_hal.c ****   *           Configure the Flash prefetch.
 130:Drivers/STM32F1xx_HAL_Driver/Src/stm32f1xx_hal.c ****   *           Configures the SysTick to generate an interrupt each 1 millisecond,
 131:Drivers/STM32F1xx_HAL_Driver/Src/stm32f1xx_hal.c ****   *           which is clocked by the HSI (at this stage, the clock is not yet
 132:Drivers/STM32F1xx_HAL_Driver/Src/stm32f1xx_hal.c ****   *           configured and thus the system is running from the internal HSI at 16 MHz).
 133:Drivers/STM32F1xx_HAL_Driver/Src/stm32f1xx_hal.c ****   *           Set NVIC Group Priority to 4.
 134:Drivers/STM32F1xx_HAL_Driver/Src/stm32f1xx_hal.c ****   *           Calls the HAL_MspInit() callback function defined in user file
 135:Drivers/STM32F1xx_HAL_Driver/Src/stm32f1xx_hal.c ****   *           "stm32f1xx_hal_msp.c" to do the global low level hardware initialization
 136:Drivers/STM32F1xx_HAL_Driver/Src/stm32f1xx_hal.c ****   *
 137:Drivers/STM32F1xx_HAL_Driver/Src/stm32f1xx_hal.c ****   * @note   SysTick is used as time base for the HAL_Delay() function, the application
 138:Drivers/STM32F1xx_HAL_Driver/Src/stm32f1xx_hal.c ****   *         need to ensure that the SysTick time base is always set to 1 millisecond
 139:Drivers/STM32F1xx_HAL_Driver/Src/stm32f1xx_hal.c ****   *         to have correct HAL operation.
 140:Drivers/STM32F1xx_HAL_Driver/Src/stm32f1xx_hal.c ****   * @retval HAL status
 141:Drivers/STM32F1xx_HAL_Driver/Src/stm32f1xx_hal.c ****   */
 142:Drivers/STM32F1xx_HAL_Driver/Src/stm32f1xx_hal.c **** HAL_StatusTypeDef HAL_Init(void)
 143:Drivers/STM32F1xx_HAL_Driver/Src/stm32f1xx_hal.c **** {
 144:Drivers/STM32F1xx_HAL_Driver/Src/stm32f1xx_hal.c ****   /* Configure Flash prefetch */
 145:Drivers/STM32F1xx_HAL_Driver/Src/stm32f1xx_hal.c **** #if (PREFETCH_ENABLE != 0)
ARM GAS  /var/folders/jn/652hmfdj2m99syhs9p34dk640000gq/T//ccaJsOb1.s 			page 4


 146:Drivers/STM32F1xx_HAL_Driver/Src/stm32f1xx_hal.c **** #if defined(STM32F101x6) || defined(STM32F101xB) || defined(STM32F101xE) || defined(STM32F101xG) ||
 147:Drivers/STM32F1xx_HAL_Driver/Src/stm32f1xx_hal.c ****     defined(STM32F102x6) || defined(STM32F102xB) || \
 148:Drivers/STM32F1xx_HAL_Driver/Src/stm32f1xx_hal.c ****     defined(STM32F103x6) || defined(STM32F103xB) || defined(STM32F103xE) || defined(STM32F103xG) ||
 149:Drivers/STM32F1xx_HAL_Driver/Src/stm32f1xx_hal.c ****     defined(STM32F105xC) || defined(STM32F107xC)
 150:Drivers/STM32F1xx_HAL_Driver/Src/stm32f1xx_hal.c **** 
 151:Drivers/STM32F1xx_HAL_Driver/Src/stm32f1xx_hal.c ****   /* Prefetch buffer is not available on value line devices */
 152:Drivers/STM32F1xx_HAL_Driver/Src/stm32f1xx_hal.c ****   __HAL_FLASH_PREFETCH_BUFFER_ENABLE();
 153:Drivers/STM32F1xx_HAL_Driver/Src/stm32f1xx_hal.c **** #endif
 154:Drivers/STM32F1xx_HAL_Driver/Src/stm32f1xx_hal.c **** #endif /* PREFETCH_ENABLE */
 155:Drivers/STM32F1xx_HAL_Driver/Src/stm32f1xx_hal.c **** 
 156:Drivers/STM32F1xx_HAL_Driver/Src/stm32f1xx_hal.c ****   /* Set Interrupt Group Priority */
 157:Drivers/STM32F1xx_HAL_Driver/Src/stm32f1xx_hal.c ****   HAL_NVIC_SetPriorityGrouping(NVIC_PRIORITYGROUP_4);
 158:Drivers/STM32F1xx_HAL_Driver/Src/stm32f1xx_hal.c **** 
 159:Drivers/STM32F1xx_HAL_Driver/Src/stm32f1xx_hal.c ****   /* Use systick as time base source and configure 1ms tick (default clock after Reset is HSI) */
 160:Drivers/STM32F1xx_HAL_Driver/Src/stm32f1xx_hal.c ****   HAL_InitTick(TICK_INT_PRIORITY);
 161:Drivers/STM32F1xx_HAL_Driver/Src/stm32f1xx_hal.c **** 
 162:Drivers/STM32F1xx_HAL_Driver/Src/stm32f1xx_hal.c ****   /* Init the low level hardware */
 163:Drivers/STM32F1xx_HAL_Driver/Src/stm32f1xx_hal.c ****   HAL_MspInit();
 164:Drivers/STM32F1xx_HAL_Driver/Src/stm32f1xx_hal.c **** 
 165:Drivers/STM32F1xx_HAL_Driver/Src/stm32f1xx_hal.c ****   /* Return function status */
 166:Drivers/STM32F1xx_HAL_Driver/Src/stm32f1xx_hal.c ****   return HAL_OK;
 167:Drivers/STM32F1xx_HAL_Driver/Src/stm32f1xx_hal.c **** }
 168:Drivers/STM32F1xx_HAL_Driver/Src/stm32f1xx_hal.c **** 
 169:Drivers/STM32F1xx_HAL_Driver/Src/stm32f1xx_hal.c **** /**
 170:Drivers/STM32F1xx_HAL_Driver/Src/stm32f1xx_hal.c ****   * @brief This function de-Initializes common part of the HAL and stops the systick.
 171:Drivers/STM32F1xx_HAL_Driver/Src/stm32f1xx_hal.c ****   *        of time base.
 172:Drivers/STM32F1xx_HAL_Driver/Src/stm32f1xx_hal.c ****   * @note This function is optional.
 173:Drivers/STM32F1xx_HAL_Driver/Src/stm32f1xx_hal.c ****   * @retval HAL status
 174:Drivers/STM32F1xx_HAL_Driver/Src/stm32f1xx_hal.c ****   */
 175:Drivers/STM32F1xx_HAL_Driver/Src/stm32f1xx_hal.c **** HAL_StatusTypeDef HAL_DeInit(void)
 176:Drivers/STM32F1xx_HAL_Driver/Src/stm32f1xx_hal.c **** {
 177:Drivers/STM32F1xx_HAL_Driver/Src/stm32f1xx_hal.c ****   /* Reset of all peripherals */
 178:Drivers/STM32F1xx_HAL_Driver/Src/stm32f1xx_hal.c ****   __HAL_RCC_APB1_FORCE_RESET();
 179:Drivers/STM32F1xx_HAL_Driver/Src/stm32f1xx_hal.c ****   __HAL_RCC_APB1_RELEASE_RESET();
 180:Drivers/STM32F1xx_HAL_Driver/Src/stm32f1xx_hal.c **** 
 181:Drivers/STM32F1xx_HAL_Driver/Src/stm32f1xx_hal.c ****   __HAL_RCC_APB2_FORCE_RESET();
 182:Drivers/STM32F1xx_HAL_Driver/Src/stm32f1xx_hal.c ****   __HAL_RCC_APB2_RELEASE_RESET();
 183:Drivers/STM32F1xx_HAL_Driver/Src/stm32f1xx_hal.c **** 
 184:Drivers/STM32F1xx_HAL_Driver/Src/stm32f1xx_hal.c **** #if defined(STM32F105xC) || defined(STM32F107xC)
 185:Drivers/STM32F1xx_HAL_Driver/Src/stm32f1xx_hal.c ****   __HAL_RCC_AHB_FORCE_RESET();
 186:Drivers/STM32F1xx_HAL_Driver/Src/stm32f1xx_hal.c ****   __HAL_RCC_AHB_RELEASE_RESET();
 187:Drivers/STM32F1xx_HAL_Driver/Src/stm32f1xx_hal.c **** #endif
 188:Drivers/STM32F1xx_HAL_Driver/Src/stm32f1xx_hal.c **** 
 189:Drivers/STM32F1xx_HAL_Driver/Src/stm32f1xx_hal.c ****   /* De-Init the low level hardware */
 190:Drivers/STM32F1xx_HAL_Driver/Src/stm32f1xx_hal.c ****   HAL_MspDeInit();
 191:Drivers/STM32F1xx_HAL_Driver/Src/stm32f1xx_hal.c **** 
 192:Drivers/STM32F1xx_HAL_Driver/Src/stm32f1xx_hal.c ****   /* Return function status */
 193:Drivers/STM32F1xx_HAL_Driver/Src/stm32f1xx_hal.c ****   return HAL_OK;
 194:Drivers/STM32F1xx_HAL_Driver/Src/stm32f1xx_hal.c **** }
 195:Drivers/STM32F1xx_HAL_Driver/Src/stm32f1xx_hal.c **** 
 196:Drivers/STM32F1xx_HAL_Driver/Src/stm32f1xx_hal.c **** /**
 197:Drivers/STM32F1xx_HAL_Driver/Src/stm32f1xx_hal.c ****   * @brief  Initialize the MSP.
 198:Drivers/STM32F1xx_HAL_Driver/Src/stm32f1xx_hal.c ****   * @retval None
 199:Drivers/STM32F1xx_HAL_Driver/Src/stm32f1xx_hal.c ****   */
 200:Drivers/STM32F1xx_HAL_Driver/Src/stm32f1xx_hal.c **** __weak void HAL_MspInit(void)
 201:Drivers/STM32F1xx_HAL_Driver/Src/stm32f1xx_hal.c **** {
  28              		.loc 1 201 0
ARM GAS  /var/folders/jn/652hmfdj2m99syhs9p34dk640000gq/T//ccaJsOb1.s 			page 5


  29              		.cfi_startproc
  30              		@ args = 0, pretend = 0, frame = 0
  31              		@ frame_needed = 0, uses_anonymous_args = 0
  32              		@ link register save eliminated.
  33 0000 7047     		bx	lr
  34              		.cfi_endproc
  35              	.LFE67:
  37 0002 00BF     		.section	.text.HAL_MspDeInit,"ax",%progbits
  38              		.align	2
  39              		.weak	HAL_MspDeInit
  40              		.thumb
  41              		.thumb_func
  43              	HAL_MspDeInit:
  44              	.LFB68:
 202:Drivers/STM32F1xx_HAL_Driver/Src/stm32f1xx_hal.c ****   /* NOTE : This function should not be modified, when the callback is needed,
 203:Drivers/STM32F1xx_HAL_Driver/Src/stm32f1xx_hal.c ****             the HAL_MspInit could be implemented in the user file
 204:Drivers/STM32F1xx_HAL_Driver/Src/stm32f1xx_hal.c ****    */
 205:Drivers/STM32F1xx_HAL_Driver/Src/stm32f1xx_hal.c **** }
 206:Drivers/STM32F1xx_HAL_Driver/Src/stm32f1xx_hal.c **** 
 207:Drivers/STM32F1xx_HAL_Driver/Src/stm32f1xx_hal.c **** /**
 208:Drivers/STM32F1xx_HAL_Driver/Src/stm32f1xx_hal.c ****   * @brief  DeInitializes the MSP.
 209:Drivers/STM32F1xx_HAL_Driver/Src/stm32f1xx_hal.c ****   * @retval None
 210:Drivers/STM32F1xx_HAL_Driver/Src/stm32f1xx_hal.c ****   */
 211:Drivers/STM32F1xx_HAL_Driver/Src/stm32f1xx_hal.c **** __weak void HAL_MspDeInit(void)
 212:Drivers/STM32F1xx_HAL_Driver/Src/stm32f1xx_hal.c **** {
  45              		.loc 1 212 0
  46              		.cfi_startproc
  47              		@ args = 0, pretend = 0, frame = 0
  48              		@ frame_needed = 0, uses_anonymous_args = 0
  49              		@ link register save eliminated.
  50 0000 7047     		bx	lr
  51              		.cfi_endproc
  52              	.LFE68:
  54 0002 00BF     		.section	.text.HAL_DeInit,"ax",%progbits
  55              		.align	2
  56              		.global	HAL_DeInit
  57              		.thumb
  58              		.thumb_func
  60              	HAL_DeInit:
  61              	.LFB66:
 176:Drivers/STM32F1xx_HAL_Driver/Src/stm32f1xx_hal.c ****   /* Reset of all peripherals */
  62              		.loc 1 176 0
  63              		.cfi_startproc
  64              		@ args = 0, pretend = 0, frame = 0
  65              		@ frame_needed = 0, uses_anonymous_args = 0
 176:Drivers/STM32F1xx_HAL_Driver/Src/stm32f1xx_hal.c ****   /* Reset of all peripherals */
  66              		.loc 1 176 0
  67 0000 10B5     		push	{r4, lr}
  68              	.LCFI0:
  69              		.cfi_def_cfa_offset 8
  70              		.cfi_offset 4, -8
  71              		.cfi_offset 14, -4
 178:Drivers/STM32F1xx_HAL_Driver/Src/stm32f1xx_hal.c ****   __HAL_RCC_APB1_RELEASE_RESET();
  72              		.loc 1 178 0
  73 0002 064B     		ldr	r3, .L5
  74 0004 4FF0FF32 		mov	r2, #-1
  75 0008 DA60     		str	r2, [r3, #12]
ARM GAS  /var/folders/jn/652hmfdj2m99syhs9p34dk640000gq/T//ccaJsOb1.s 			page 6


 179:Drivers/STM32F1xx_HAL_Driver/Src/stm32f1xx_hal.c **** 
  76              		.loc 1 179 0
  77 000a 0024     		movs	r4, #0
  78 000c 1C61     		str	r4, [r3, #16]
 181:Drivers/STM32F1xx_HAL_Driver/Src/stm32f1xx_hal.c ****   __HAL_RCC_APB2_RELEASE_RESET();
  79              		.loc 1 181 0
  80 000e DA60     		str	r2, [r3, #12]
 182:Drivers/STM32F1xx_HAL_Driver/Src/stm32f1xx_hal.c **** 
  81              		.loc 1 182 0
  82 0010 DC60     		str	r4, [r3, #12]
 190:Drivers/STM32F1xx_HAL_Driver/Src/stm32f1xx_hal.c **** 
  83              		.loc 1 190 0
  84 0012 FFF7FEFF 		bl	HAL_MspDeInit
  85              	.LVL0:
 194:Drivers/STM32F1xx_HAL_Driver/Src/stm32f1xx_hal.c **** 
  86              		.loc 1 194 0
  87 0016 2046     		mov	r0, r4
  88 0018 10BD     		pop	{r4, pc}
  89              	.L6:
  90 001a 00BF     		.align	2
  91              	.L5:
  92 001c 00100240 		.word	1073876992
  93              		.cfi_endproc
  94              	.LFE66:
  96              		.section	.text.HAL_InitTick,"ax",%progbits
  97              		.align	2
  98              		.weak	HAL_InitTick
  99              		.thumb
 100              		.thumb_func
 102              	HAL_InitTick:
 103              	.LFB69:
 213:Drivers/STM32F1xx_HAL_Driver/Src/stm32f1xx_hal.c ****   /* NOTE : This function should not be modified, when the callback is needed,
 214:Drivers/STM32F1xx_HAL_Driver/Src/stm32f1xx_hal.c ****             the HAL_MspDeInit could be implemented in the user file
 215:Drivers/STM32F1xx_HAL_Driver/Src/stm32f1xx_hal.c ****    */
 216:Drivers/STM32F1xx_HAL_Driver/Src/stm32f1xx_hal.c **** }
 217:Drivers/STM32F1xx_HAL_Driver/Src/stm32f1xx_hal.c **** 
 218:Drivers/STM32F1xx_HAL_Driver/Src/stm32f1xx_hal.c **** /**
 219:Drivers/STM32F1xx_HAL_Driver/Src/stm32f1xx_hal.c ****   * @brief This function configures the source of the time base.
 220:Drivers/STM32F1xx_HAL_Driver/Src/stm32f1xx_hal.c ****   *        The time source is configured  to have 1ms time base with a dedicated
 221:Drivers/STM32F1xx_HAL_Driver/Src/stm32f1xx_hal.c ****   *        Tick interrupt priority.
 222:Drivers/STM32F1xx_HAL_Driver/Src/stm32f1xx_hal.c ****   * @note This function is called  automatically at the beginning of program after
 223:Drivers/STM32F1xx_HAL_Driver/Src/stm32f1xx_hal.c ****   *       reset by HAL_Init() or at any time when clock is reconfigured  by HAL_RCC_ClockConfig().
 224:Drivers/STM32F1xx_HAL_Driver/Src/stm32f1xx_hal.c ****   * @note In the default implementation, SysTick timer is the source of time base.
 225:Drivers/STM32F1xx_HAL_Driver/Src/stm32f1xx_hal.c ****   *       It is used to generate interrupts at regular time intervals.
 226:Drivers/STM32F1xx_HAL_Driver/Src/stm32f1xx_hal.c ****   *       Care must be taken if HAL_Delay() is called from a peripheral ISR process,
 227:Drivers/STM32F1xx_HAL_Driver/Src/stm32f1xx_hal.c ****   *       The SysTick interrupt must have higher priority (numerically lower)
 228:Drivers/STM32F1xx_HAL_Driver/Src/stm32f1xx_hal.c ****   *       than the peripheral interrupt. Otherwise the caller ISR process will be blocked.
 229:Drivers/STM32F1xx_HAL_Driver/Src/stm32f1xx_hal.c ****   *       The function is declared as __weak  to be overwritten  in case of other
 230:Drivers/STM32F1xx_HAL_Driver/Src/stm32f1xx_hal.c ****   *       implementation  in user file.
 231:Drivers/STM32F1xx_HAL_Driver/Src/stm32f1xx_hal.c ****   * @param TickPriority Tick interrupt priority.
 232:Drivers/STM32F1xx_HAL_Driver/Src/stm32f1xx_hal.c ****   * @retval HAL status
 233:Drivers/STM32F1xx_HAL_Driver/Src/stm32f1xx_hal.c ****   */
 234:Drivers/STM32F1xx_HAL_Driver/Src/stm32f1xx_hal.c **** __weak HAL_StatusTypeDef HAL_InitTick(uint32_t TickPriority)
 235:Drivers/STM32F1xx_HAL_Driver/Src/stm32f1xx_hal.c **** {
 104              		.loc 1 235 0
 105              		.cfi_startproc
 106              		@ args = 0, pretend = 0, frame = 0
ARM GAS  /var/folders/jn/652hmfdj2m99syhs9p34dk640000gq/T//ccaJsOb1.s 			page 7


 107              		@ frame_needed = 0, uses_anonymous_args = 0
 108              	.LVL1:
 109 0000 10B5     		push	{r4, lr}
 110              	.LCFI1:
 111              		.cfi_def_cfa_offset 8
 112              		.cfi_offset 4, -8
 113              		.cfi_offset 14, -4
 114 0002 0446     		mov	r4, r0
 236:Drivers/STM32F1xx_HAL_Driver/Src/stm32f1xx_hal.c ****   /* Configure the SysTick to have interrupt in 1ms time basis*/
 237:Drivers/STM32F1xx_HAL_Driver/Src/stm32f1xx_hal.c ****   if (HAL_SYSTICK_Config(SystemCoreClock / (1000U / uwTickFreq)) > 0U)
 115              		.loc 1 237 0
 116 0004 0E4B     		ldr	r3, .L12
 117 0006 1878     		ldrb	r0, [r3]	@ zero_extendqisi2
 118              	.LVL2:
 119 0008 4FF47A73 		mov	r3, #1000
 120 000c B3FBF0F3 		udiv	r3, r3, r0
 121 0010 0C4A     		ldr	r2, .L12+4
 122 0012 1068     		ldr	r0, [r2]
 123 0014 B0FBF3F0 		udiv	r0, r0, r3
 124 0018 FFF7FEFF 		bl	HAL_SYSTICK_Config
 125              	.LVL3:
 126 001c 58B9     		cbnz	r0, .L9
 238:Drivers/STM32F1xx_HAL_Driver/Src/stm32f1xx_hal.c ****   {
 239:Drivers/STM32F1xx_HAL_Driver/Src/stm32f1xx_hal.c ****     return HAL_ERROR;
 240:Drivers/STM32F1xx_HAL_Driver/Src/stm32f1xx_hal.c ****   }
 241:Drivers/STM32F1xx_HAL_Driver/Src/stm32f1xx_hal.c **** 
 242:Drivers/STM32F1xx_HAL_Driver/Src/stm32f1xx_hal.c ****   /* Configure the SysTick IRQ priority */
 243:Drivers/STM32F1xx_HAL_Driver/Src/stm32f1xx_hal.c ****   if (TickPriority < (1UL << __NVIC_PRIO_BITS))
 127              		.loc 1 243 0
 128 001e 0F2C     		cmp	r4, #15
 129 0020 0BD8     		bhi	.L10
 244:Drivers/STM32F1xx_HAL_Driver/Src/stm32f1xx_hal.c ****   {
 245:Drivers/STM32F1xx_HAL_Driver/Src/stm32f1xx_hal.c ****     HAL_NVIC_SetPriority(SysTick_IRQn, TickPriority, 0U);
 130              		.loc 1 245 0
 131 0022 0022     		movs	r2, #0
 132 0024 2146     		mov	r1, r4
 133 0026 4FF0FF30 		mov	r0, #-1
 134 002a FFF7FEFF 		bl	HAL_NVIC_SetPriority
 135              	.LVL4:
 246:Drivers/STM32F1xx_HAL_Driver/Src/stm32f1xx_hal.c ****     uwTickPrio = TickPriority;
 136              		.loc 1 246 0
 137 002e 064B     		ldr	r3, .L12+8
 138 0030 1C60     		str	r4, [r3]
 247:Drivers/STM32F1xx_HAL_Driver/Src/stm32f1xx_hal.c ****   }
 248:Drivers/STM32F1xx_HAL_Driver/Src/stm32f1xx_hal.c ****   else
 249:Drivers/STM32F1xx_HAL_Driver/Src/stm32f1xx_hal.c ****   {
 250:Drivers/STM32F1xx_HAL_Driver/Src/stm32f1xx_hal.c ****     return HAL_ERROR;
 251:Drivers/STM32F1xx_HAL_Driver/Src/stm32f1xx_hal.c ****   }
 252:Drivers/STM32F1xx_HAL_Driver/Src/stm32f1xx_hal.c **** 
 253:Drivers/STM32F1xx_HAL_Driver/Src/stm32f1xx_hal.c ****   /* Return function status */
 254:Drivers/STM32F1xx_HAL_Driver/Src/stm32f1xx_hal.c ****   return HAL_OK;
 139              		.loc 1 254 0
 140 0032 0020     		movs	r0, #0
 141 0034 10BD     		pop	{r4, pc}
 142              	.LVL5:
 143              	.L9:
 239:Drivers/STM32F1xx_HAL_Driver/Src/stm32f1xx_hal.c ****   }
ARM GAS  /var/folders/jn/652hmfdj2m99syhs9p34dk640000gq/T//ccaJsOb1.s 			page 8


 144              		.loc 1 239 0
 145 0036 0120     		movs	r0, #1
 146 0038 10BD     		pop	{r4, pc}
 147              	.LVL6:
 148              	.L10:
 250:Drivers/STM32F1xx_HAL_Driver/Src/stm32f1xx_hal.c ****   }
 149              		.loc 1 250 0
 150 003a 0120     		movs	r0, #1
 255:Drivers/STM32F1xx_HAL_Driver/Src/stm32f1xx_hal.c **** }
 151              		.loc 1 255 0
 152 003c 10BD     		pop	{r4, pc}
 153              	.LVL7:
 154              	.L13:
 155 003e 00BF     		.align	2
 156              	.L12:
 157 0040 00000000 		.word	.LANCHOR0
 158 0044 00000000 		.word	SystemCoreClock
 159 0048 00000000 		.word	.LANCHOR1
 160              		.cfi_endproc
 161              	.LFE69:
 163              		.section	.text.HAL_Init,"ax",%progbits
 164              		.align	2
 165              		.global	HAL_Init
 166              		.thumb
 167              		.thumb_func
 169              	HAL_Init:
 170              	.LFB65:
 143:Drivers/STM32F1xx_HAL_Driver/Src/stm32f1xx_hal.c ****   /* Configure Flash prefetch */
 171              		.loc 1 143 0
 172              		.cfi_startproc
 173              		@ args = 0, pretend = 0, frame = 0
 174              		@ frame_needed = 0, uses_anonymous_args = 0
 175 0000 08B5     		push	{r3, lr}
 176              	.LCFI2:
 177              		.cfi_def_cfa_offset 8
 178              		.cfi_offset 3, -8
 179              		.cfi_offset 14, -4
 152:Drivers/STM32F1xx_HAL_Driver/Src/stm32f1xx_hal.c **** #endif
 180              		.loc 1 152 0
 181 0002 074A     		ldr	r2, .L16
 182 0004 1368     		ldr	r3, [r2]
 183 0006 43F01003 		orr	r3, r3, #16
 184 000a 1360     		str	r3, [r2]
 157:Drivers/STM32F1xx_HAL_Driver/Src/stm32f1xx_hal.c **** 
 185              		.loc 1 157 0
 186 000c 0320     		movs	r0, #3
 187 000e FFF7FEFF 		bl	HAL_NVIC_SetPriorityGrouping
 188              	.LVL8:
 160:Drivers/STM32F1xx_HAL_Driver/Src/stm32f1xx_hal.c **** 
 189              		.loc 1 160 0
 190 0012 0020     		movs	r0, #0
 191 0014 FFF7FEFF 		bl	HAL_InitTick
 192              	.LVL9:
 163:Drivers/STM32F1xx_HAL_Driver/Src/stm32f1xx_hal.c **** 
 193              		.loc 1 163 0
 194 0018 FFF7FEFF 		bl	HAL_MspInit
 195              	.LVL10:
ARM GAS  /var/folders/jn/652hmfdj2m99syhs9p34dk640000gq/T//ccaJsOb1.s 			page 9


 167:Drivers/STM32F1xx_HAL_Driver/Src/stm32f1xx_hal.c **** 
 196              		.loc 1 167 0
 197 001c 0020     		movs	r0, #0
 198 001e 08BD     		pop	{r3, pc}
 199              	.L17:
 200              		.align	2
 201              	.L16:
 202 0020 00200240 		.word	1073881088
 203              		.cfi_endproc
 204              	.LFE65:
 206              		.section	.text.HAL_IncTick,"ax",%progbits
 207              		.align	2
 208              		.weak	HAL_IncTick
 209              		.thumb
 210              		.thumb_func
 212              	HAL_IncTick:
 213              	.LFB70:
 256:Drivers/STM32F1xx_HAL_Driver/Src/stm32f1xx_hal.c **** 
 257:Drivers/STM32F1xx_HAL_Driver/Src/stm32f1xx_hal.c **** /**
 258:Drivers/STM32F1xx_HAL_Driver/Src/stm32f1xx_hal.c ****   * @}
 259:Drivers/STM32F1xx_HAL_Driver/Src/stm32f1xx_hal.c ****   */
 260:Drivers/STM32F1xx_HAL_Driver/Src/stm32f1xx_hal.c **** 
 261:Drivers/STM32F1xx_HAL_Driver/Src/stm32f1xx_hal.c **** /** @defgroup HAL_Exported_Functions_Group2 HAL Control functions
 262:Drivers/STM32F1xx_HAL_Driver/Src/stm32f1xx_hal.c ****   *  @brief    HAL Control functions
 263:Drivers/STM32F1xx_HAL_Driver/Src/stm32f1xx_hal.c ****   *
 264:Drivers/STM32F1xx_HAL_Driver/Src/stm32f1xx_hal.c **** @verbatim
 265:Drivers/STM32F1xx_HAL_Driver/Src/stm32f1xx_hal.c ****  ===============================================================================
 266:Drivers/STM32F1xx_HAL_Driver/Src/stm32f1xx_hal.c ****                       ##### HAL Control functions #####
 267:Drivers/STM32F1xx_HAL_Driver/Src/stm32f1xx_hal.c ****  ===============================================================================
 268:Drivers/STM32F1xx_HAL_Driver/Src/stm32f1xx_hal.c ****     [..]  This section provides functions allowing to:
 269:Drivers/STM32F1xx_HAL_Driver/Src/stm32f1xx_hal.c ****       (+) Provide a tick value in millisecond
 270:Drivers/STM32F1xx_HAL_Driver/Src/stm32f1xx_hal.c ****       (+) Provide a blocking delay in millisecond
 271:Drivers/STM32F1xx_HAL_Driver/Src/stm32f1xx_hal.c ****       (+) Suspend the time base source interrupt
 272:Drivers/STM32F1xx_HAL_Driver/Src/stm32f1xx_hal.c ****       (+) Resume the time base source interrupt
 273:Drivers/STM32F1xx_HAL_Driver/Src/stm32f1xx_hal.c ****       (+) Get the HAL API driver version
 274:Drivers/STM32F1xx_HAL_Driver/Src/stm32f1xx_hal.c ****       (+) Get the device identifier
 275:Drivers/STM32F1xx_HAL_Driver/Src/stm32f1xx_hal.c ****       (+) Get the device revision identifier
 276:Drivers/STM32F1xx_HAL_Driver/Src/stm32f1xx_hal.c ****       (+) Enable/Disable Debug module during SLEEP mode
 277:Drivers/STM32F1xx_HAL_Driver/Src/stm32f1xx_hal.c ****       (+) Enable/Disable Debug module during STOP mode
 278:Drivers/STM32F1xx_HAL_Driver/Src/stm32f1xx_hal.c ****       (+) Enable/Disable Debug module during STANDBY mode
 279:Drivers/STM32F1xx_HAL_Driver/Src/stm32f1xx_hal.c **** 
 280:Drivers/STM32F1xx_HAL_Driver/Src/stm32f1xx_hal.c **** @endverbatim
 281:Drivers/STM32F1xx_HAL_Driver/Src/stm32f1xx_hal.c ****   * @{
 282:Drivers/STM32F1xx_HAL_Driver/Src/stm32f1xx_hal.c ****   */
 283:Drivers/STM32F1xx_HAL_Driver/Src/stm32f1xx_hal.c **** 
 284:Drivers/STM32F1xx_HAL_Driver/Src/stm32f1xx_hal.c **** /**
 285:Drivers/STM32F1xx_HAL_Driver/Src/stm32f1xx_hal.c ****   * @brief This function is called to increment  a global variable "uwTick"
 286:Drivers/STM32F1xx_HAL_Driver/Src/stm32f1xx_hal.c ****   *        used as application time base.
 287:Drivers/STM32F1xx_HAL_Driver/Src/stm32f1xx_hal.c ****   * @note In the default implementation, this variable is incremented each 1ms
 288:Drivers/STM32F1xx_HAL_Driver/Src/stm32f1xx_hal.c ****   *       in SysTick ISR.
 289:Drivers/STM32F1xx_HAL_Driver/Src/stm32f1xx_hal.c ****   * @note This function is declared as __weak to be overwritten in case of other
 290:Drivers/STM32F1xx_HAL_Driver/Src/stm32f1xx_hal.c ****   *      implementations in user file.
 291:Drivers/STM32F1xx_HAL_Driver/Src/stm32f1xx_hal.c ****   * @retval None
 292:Drivers/STM32F1xx_HAL_Driver/Src/stm32f1xx_hal.c ****   */
 293:Drivers/STM32F1xx_HAL_Driver/Src/stm32f1xx_hal.c **** __weak void HAL_IncTick(void)
 294:Drivers/STM32F1xx_HAL_Driver/Src/stm32f1xx_hal.c **** {
 214              		.loc 1 294 0
ARM GAS  /var/folders/jn/652hmfdj2m99syhs9p34dk640000gq/T//ccaJsOb1.s 			page 10


 215              		.cfi_startproc
 216              		@ args = 0, pretend = 0, frame = 0
 217              		@ frame_needed = 0, uses_anonymous_args = 0
 218              		@ link register save eliminated.
 295:Drivers/STM32F1xx_HAL_Driver/Src/stm32f1xx_hal.c ****   uwTick += uwTickFreq;
 219              		.loc 1 295 0
 220 0000 034A     		ldr	r2, .L19
 221 0002 1368     		ldr	r3, [r2]
 222 0004 0349     		ldr	r1, .L19+4
 223 0006 0978     		ldrb	r1, [r1]	@ zero_extendqisi2
 224 0008 0B44     		add	r3, r3, r1
 225 000a 1360     		str	r3, [r2]
 226 000c 7047     		bx	lr
 227              	.L20:
 228 000e 00BF     		.align	2
 229              	.L19:
 230 0010 00000000 		.word	uwTick
 231 0014 00000000 		.word	.LANCHOR0
 232              		.cfi_endproc
 233              	.LFE70:
 235              		.section	.text.HAL_GetTick,"ax",%progbits
 236              		.align	2
 237              		.weak	HAL_GetTick
 238              		.thumb
 239              		.thumb_func
 241              	HAL_GetTick:
 242              	.LFB71:
 296:Drivers/STM32F1xx_HAL_Driver/Src/stm32f1xx_hal.c **** }
 297:Drivers/STM32F1xx_HAL_Driver/Src/stm32f1xx_hal.c **** 
 298:Drivers/STM32F1xx_HAL_Driver/Src/stm32f1xx_hal.c **** /**
 299:Drivers/STM32F1xx_HAL_Driver/Src/stm32f1xx_hal.c ****   * @brief Provides a tick value in millisecond.
 300:Drivers/STM32F1xx_HAL_Driver/Src/stm32f1xx_hal.c ****   * @note  This function is declared as __weak to be overwritten in case of other
 301:Drivers/STM32F1xx_HAL_Driver/Src/stm32f1xx_hal.c ****   *       implementations in user file.
 302:Drivers/STM32F1xx_HAL_Driver/Src/stm32f1xx_hal.c ****   * @retval tick value
 303:Drivers/STM32F1xx_HAL_Driver/Src/stm32f1xx_hal.c ****   */
 304:Drivers/STM32F1xx_HAL_Driver/Src/stm32f1xx_hal.c **** __weak uint32_t HAL_GetTick(void)
 305:Drivers/STM32F1xx_HAL_Driver/Src/stm32f1xx_hal.c **** {
 243              		.loc 1 305 0
 244              		.cfi_startproc
 245              		@ args = 0, pretend = 0, frame = 0
 246              		@ frame_needed = 0, uses_anonymous_args = 0
 247              		@ link register save eliminated.
 306:Drivers/STM32F1xx_HAL_Driver/Src/stm32f1xx_hal.c ****   return uwTick;
 248              		.loc 1 306 0
 249 0000 014B     		ldr	r3, .L22
 250 0002 1868     		ldr	r0, [r3]
 307:Drivers/STM32F1xx_HAL_Driver/Src/stm32f1xx_hal.c **** }
 251              		.loc 1 307 0
 252 0004 7047     		bx	lr
 253              	.L23:
 254 0006 00BF     		.align	2
 255              	.L22:
 256 0008 00000000 		.word	uwTick
 257              		.cfi_endproc
 258              	.LFE71:
 260              		.section	.text.HAL_GetTickPrio,"ax",%progbits
 261              		.align	2
ARM GAS  /var/folders/jn/652hmfdj2m99syhs9p34dk640000gq/T//ccaJsOb1.s 			page 11


 262              		.global	HAL_GetTickPrio
 263              		.thumb
 264              		.thumb_func
 266              	HAL_GetTickPrio:
 267              	.LFB72:
 308:Drivers/STM32F1xx_HAL_Driver/Src/stm32f1xx_hal.c **** 
 309:Drivers/STM32F1xx_HAL_Driver/Src/stm32f1xx_hal.c **** /**
 310:Drivers/STM32F1xx_HAL_Driver/Src/stm32f1xx_hal.c ****   * @brief This function returns a tick priority.
 311:Drivers/STM32F1xx_HAL_Driver/Src/stm32f1xx_hal.c ****   * @retval tick priority
 312:Drivers/STM32F1xx_HAL_Driver/Src/stm32f1xx_hal.c ****   */
 313:Drivers/STM32F1xx_HAL_Driver/Src/stm32f1xx_hal.c **** uint32_t HAL_GetTickPrio(void)
 314:Drivers/STM32F1xx_HAL_Driver/Src/stm32f1xx_hal.c **** {
 268              		.loc 1 314 0
 269              		.cfi_startproc
 270              		@ args = 0, pretend = 0, frame = 0
 271              		@ frame_needed = 0, uses_anonymous_args = 0
 272              		@ link register save eliminated.
 315:Drivers/STM32F1xx_HAL_Driver/Src/stm32f1xx_hal.c ****   return uwTickPrio;
 316:Drivers/STM32F1xx_HAL_Driver/Src/stm32f1xx_hal.c **** }
 273              		.loc 1 316 0
 274 0000 014B     		ldr	r3, .L25
 275 0002 1868     		ldr	r0, [r3]
 276 0004 7047     		bx	lr
 277              	.L26:
 278 0006 00BF     		.align	2
 279              	.L25:
 280 0008 00000000 		.word	.LANCHOR1
 281              		.cfi_endproc
 282              	.LFE72:
 284              		.section	.text.HAL_SetTickFreq,"ax",%progbits
 285              		.align	2
 286              		.global	HAL_SetTickFreq
 287              		.thumb
 288              		.thumb_func
 290              	HAL_SetTickFreq:
 291              	.LFB73:
 317:Drivers/STM32F1xx_HAL_Driver/Src/stm32f1xx_hal.c **** 
 318:Drivers/STM32F1xx_HAL_Driver/Src/stm32f1xx_hal.c **** /**
 319:Drivers/STM32F1xx_HAL_Driver/Src/stm32f1xx_hal.c ****   * @brief Set new tick Freq.
 320:Drivers/STM32F1xx_HAL_Driver/Src/stm32f1xx_hal.c ****   * @retval status
 321:Drivers/STM32F1xx_HAL_Driver/Src/stm32f1xx_hal.c ****   */
 322:Drivers/STM32F1xx_HAL_Driver/Src/stm32f1xx_hal.c **** HAL_StatusTypeDef HAL_SetTickFreq(HAL_TickFreqTypeDef Freq)
 323:Drivers/STM32F1xx_HAL_Driver/Src/stm32f1xx_hal.c **** {
 292              		.loc 1 323 0
 293              		.cfi_startproc
 294              		@ args = 0, pretend = 0, frame = 0
 295              		@ frame_needed = 0, uses_anonymous_args = 0
 296              	.LVL11:
 324:Drivers/STM32F1xx_HAL_Driver/Src/stm32f1xx_hal.c ****   HAL_StatusTypeDef status  = HAL_OK;
 325:Drivers/STM32F1xx_HAL_Driver/Src/stm32f1xx_hal.c ****   assert_param(IS_TICKFREQ(Freq));
 326:Drivers/STM32F1xx_HAL_Driver/Src/stm32f1xx_hal.c **** 
 327:Drivers/STM32F1xx_HAL_Driver/Src/stm32f1xx_hal.c ****   if (uwTickFreq != Freq)
 297              		.loc 1 327 0
 298 0000 094B     		ldr	r3, .L32
 299 0002 1B78     		ldrb	r3, [r3]	@ zero_extendqisi2
 300 0004 8342     		cmp	r3, r0
 301 0006 0AD0     		beq	.L29
ARM GAS  /var/folders/jn/652hmfdj2m99syhs9p34dk640000gq/T//ccaJsOb1.s 			page 12


 323:Drivers/STM32F1xx_HAL_Driver/Src/stm32f1xx_hal.c ****   HAL_StatusTypeDef status  = HAL_OK;
 302              		.loc 1 323 0
 303 0008 10B5     		push	{r4, lr}
 304              	.LCFI3:
 305              		.cfi_def_cfa_offset 8
 306              		.cfi_offset 4, -8
 307              		.cfi_offset 14, -4
 308 000a 0446     		mov	r4, r0
 328:Drivers/STM32F1xx_HAL_Driver/Src/stm32f1xx_hal.c ****   {
 329:Drivers/STM32F1xx_HAL_Driver/Src/stm32f1xx_hal.c ****     /* Apply the new tick Freq  */
 330:Drivers/STM32F1xx_HAL_Driver/Src/stm32f1xx_hal.c ****     status = HAL_InitTick(uwTickPrio);
 309              		.loc 1 330 0
 310 000c 074B     		ldr	r3, .L32+4
 311 000e 1868     		ldr	r0, [r3]
 312              	.LVL12:
 313 0010 FFF7FEFF 		bl	HAL_InitTick
 314              	.LVL13:
 331:Drivers/STM32F1xx_HAL_Driver/Src/stm32f1xx_hal.c ****     if (status == HAL_OK)
 315              		.loc 1 331 0
 316 0014 0346     		mov	r3, r0
 317 0016 28B9     		cbnz	r0, .L28
 332:Drivers/STM32F1xx_HAL_Driver/Src/stm32f1xx_hal.c ****     {
 333:Drivers/STM32F1xx_HAL_Driver/Src/stm32f1xx_hal.c ****       uwTickFreq = Freq;
 318              		.loc 1 333 0
 319 0018 034A     		ldr	r2, .L32
 320 001a 1470     		strb	r4, [r2]
 321 001c 02E0     		b	.L28
 322              	.LVL14:
 323              	.L29:
 324              	.LCFI4:
 325              		.cfi_def_cfa_offset 0
 326              		.cfi_restore 4
 327              		.cfi_restore 14
 324:Drivers/STM32F1xx_HAL_Driver/Src/stm32f1xx_hal.c ****   assert_param(IS_TICKFREQ(Freq));
 328              		.loc 1 324 0
 329 001e 0023     		movs	r3, #0
 330              	.LVL15:
 334:Drivers/STM32F1xx_HAL_Driver/Src/stm32f1xx_hal.c ****     }
 335:Drivers/STM32F1xx_HAL_Driver/Src/stm32f1xx_hal.c ****   }
 336:Drivers/STM32F1xx_HAL_Driver/Src/stm32f1xx_hal.c **** 
 337:Drivers/STM32F1xx_HAL_Driver/Src/stm32f1xx_hal.c ****   return status;
 338:Drivers/STM32F1xx_HAL_Driver/Src/stm32f1xx_hal.c **** }
 331              		.loc 1 338 0
 332 0020 1846     		mov	r0, r3
 333              	.LVL16:
 334 0022 7047     		bx	lr
 335              	.LVL17:
 336              	.L28:
 337              	.LCFI5:
 338              		.cfi_def_cfa_offset 8
 339              		.cfi_offset 4, -8
 340              		.cfi_offset 14, -4
 341 0024 1846     		mov	r0, r3
 342 0026 10BD     		pop	{r4, pc}
 343              	.L33:
 344              		.align	2
 345              	.L32:
ARM GAS  /var/folders/jn/652hmfdj2m99syhs9p34dk640000gq/T//ccaJsOb1.s 			page 13


 346 0028 00000000 		.word	.LANCHOR0
 347 002c 00000000 		.word	.LANCHOR1
 348              		.cfi_endproc
 349              	.LFE73:
 351              		.section	.text.HAL_GetTickFreq,"ax",%progbits
 352              		.align	2
 353              		.global	HAL_GetTickFreq
 354              		.thumb
 355              		.thumb_func
 357              	HAL_GetTickFreq:
 358              	.LFB74:
 339:Drivers/STM32F1xx_HAL_Driver/Src/stm32f1xx_hal.c **** 
 340:Drivers/STM32F1xx_HAL_Driver/Src/stm32f1xx_hal.c **** /**
 341:Drivers/STM32F1xx_HAL_Driver/Src/stm32f1xx_hal.c ****   * @brief Return tick frequency.
 342:Drivers/STM32F1xx_HAL_Driver/Src/stm32f1xx_hal.c ****   * @retval tick period in Hz
 343:Drivers/STM32F1xx_HAL_Driver/Src/stm32f1xx_hal.c ****   */
 344:Drivers/STM32F1xx_HAL_Driver/Src/stm32f1xx_hal.c **** HAL_TickFreqTypeDef HAL_GetTickFreq(void)
 345:Drivers/STM32F1xx_HAL_Driver/Src/stm32f1xx_hal.c **** {
 359              		.loc 1 345 0
 360              		.cfi_startproc
 361              		@ args = 0, pretend = 0, frame = 0
 362              		@ frame_needed = 0, uses_anonymous_args = 0
 363              		@ link register save eliminated.
 346:Drivers/STM32F1xx_HAL_Driver/Src/stm32f1xx_hal.c ****   return uwTickFreq;
 347:Drivers/STM32F1xx_HAL_Driver/Src/stm32f1xx_hal.c **** }
 364              		.loc 1 347 0
 365 0000 014B     		ldr	r3, .L35
 366 0002 1878     		ldrb	r0, [r3]	@ zero_extendqisi2
 367 0004 7047     		bx	lr
 368              	.L36:
 369 0006 00BF     		.align	2
 370              	.L35:
 371 0008 00000000 		.word	.LANCHOR0
 372              		.cfi_endproc
 373              	.LFE74:
 375              		.section	.text.HAL_Delay,"ax",%progbits
 376              		.align	2
 377              		.weak	HAL_Delay
 378              		.thumb
 379              		.thumb_func
 381              	HAL_Delay:
 382              	.LFB75:
 348:Drivers/STM32F1xx_HAL_Driver/Src/stm32f1xx_hal.c **** 
 349:Drivers/STM32F1xx_HAL_Driver/Src/stm32f1xx_hal.c **** /**
 350:Drivers/STM32F1xx_HAL_Driver/Src/stm32f1xx_hal.c ****   * @brief This function provides minimum delay (in milliseconds) based
 351:Drivers/STM32F1xx_HAL_Driver/Src/stm32f1xx_hal.c ****   *        on variable incremented.
 352:Drivers/STM32F1xx_HAL_Driver/Src/stm32f1xx_hal.c ****   * @note In the default implementation , SysTick timer is the source of time base.
 353:Drivers/STM32F1xx_HAL_Driver/Src/stm32f1xx_hal.c ****   *       It is used to generate interrupts at regular time intervals where uwTick
 354:Drivers/STM32F1xx_HAL_Driver/Src/stm32f1xx_hal.c ****   *       is incremented.
 355:Drivers/STM32F1xx_HAL_Driver/Src/stm32f1xx_hal.c ****   * @note This function is declared as __weak to be overwritten in case of other
 356:Drivers/STM32F1xx_HAL_Driver/Src/stm32f1xx_hal.c ****   *       implementations in user file.
 357:Drivers/STM32F1xx_HAL_Driver/Src/stm32f1xx_hal.c ****   * @param Delay specifies the delay time length, in milliseconds.
 358:Drivers/STM32F1xx_HAL_Driver/Src/stm32f1xx_hal.c ****   * @retval None
 359:Drivers/STM32F1xx_HAL_Driver/Src/stm32f1xx_hal.c ****   */
 360:Drivers/STM32F1xx_HAL_Driver/Src/stm32f1xx_hal.c **** __weak void HAL_Delay(uint32_t Delay)
 361:Drivers/STM32F1xx_HAL_Driver/Src/stm32f1xx_hal.c **** {
 383              		.loc 1 361 0
ARM GAS  /var/folders/jn/652hmfdj2m99syhs9p34dk640000gq/T//ccaJsOb1.s 			page 14


 384              		.cfi_startproc
 385              		@ args = 0, pretend = 0, frame = 0
 386              		@ frame_needed = 0, uses_anonymous_args = 0
 387              	.LVL18:
 388 0000 38B5     		push	{r3, r4, r5, lr}
 389              	.LCFI6:
 390              		.cfi_def_cfa_offset 16
 391              		.cfi_offset 3, -16
 392              		.cfi_offset 4, -12
 393              		.cfi_offset 5, -8
 394              		.cfi_offset 14, -4
 395 0002 0446     		mov	r4, r0
 362:Drivers/STM32F1xx_HAL_Driver/Src/stm32f1xx_hal.c ****   uint32_t tickstart = HAL_GetTick();
 396              		.loc 1 362 0
 397 0004 FFF7FEFF 		bl	HAL_GetTick
 398              	.LVL19:
 399 0008 0546     		mov	r5, r0
 400              	.LVL20:
 363:Drivers/STM32F1xx_HAL_Driver/Src/stm32f1xx_hal.c ****   uint32_t wait = Delay;
 364:Drivers/STM32F1xx_HAL_Driver/Src/stm32f1xx_hal.c **** 
 365:Drivers/STM32F1xx_HAL_Driver/Src/stm32f1xx_hal.c ****   /* Add a freq to guarantee minimum wait */
 366:Drivers/STM32F1xx_HAL_Driver/Src/stm32f1xx_hal.c ****   if (wait < HAL_MAX_DELAY)
 401              		.loc 1 366 0
 402 000a B4F1FF3F 		cmp	r4, #-1
 403 000e 02D0     		beq	.L39
 367:Drivers/STM32F1xx_HAL_Driver/Src/stm32f1xx_hal.c ****   {
 368:Drivers/STM32F1xx_HAL_Driver/Src/stm32f1xx_hal.c ****     wait += (uint32_t)(uwTickFreq);
 404              		.loc 1 368 0
 405 0010 044B     		ldr	r3, .L41
 406 0012 1B78     		ldrb	r3, [r3]	@ zero_extendqisi2
 407 0014 1C44     		add	r4, r4, r3
 408              	.LVL21:
 409              	.L39:
 369:Drivers/STM32F1xx_HAL_Driver/Src/stm32f1xx_hal.c ****   }
 370:Drivers/STM32F1xx_HAL_Driver/Src/stm32f1xx_hal.c **** 
 371:Drivers/STM32F1xx_HAL_Driver/Src/stm32f1xx_hal.c ****   while ((HAL_GetTick() - tickstart) < wait)
 410              		.loc 1 371 0 discriminator 1
 411 0016 FFF7FEFF 		bl	HAL_GetTick
 412              	.LVL22:
 413 001a 401B     		subs	r0, r0, r5
 414 001c 8442     		cmp	r4, r0
 415 001e FAD8     		bhi	.L39
 372:Drivers/STM32F1xx_HAL_Driver/Src/stm32f1xx_hal.c ****   {
 373:Drivers/STM32F1xx_HAL_Driver/Src/stm32f1xx_hal.c ****   }
 374:Drivers/STM32F1xx_HAL_Driver/Src/stm32f1xx_hal.c **** }
 416              		.loc 1 374 0
 417 0020 38BD     		pop	{r3, r4, r5, pc}
 418              	.LVL23:
 419              	.L42:
 420 0022 00BF     		.align	2
 421              	.L41:
 422 0024 00000000 		.word	.LANCHOR0
 423              		.cfi_endproc
 424              	.LFE75:
 426              		.section	.text.HAL_SuspendTick,"ax",%progbits
 427              		.align	2
 428              		.weak	HAL_SuspendTick
ARM GAS  /var/folders/jn/652hmfdj2m99syhs9p34dk640000gq/T//ccaJsOb1.s 			page 15


 429              		.thumb
 430              		.thumb_func
 432              	HAL_SuspendTick:
 433              	.LFB76:
 375:Drivers/STM32F1xx_HAL_Driver/Src/stm32f1xx_hal.c **** 
 376:Drivers/STM32F1xx_HAL_Driver/Src/stm32f1xx_hal.c **** /**
 377:Drivers/STM32F1xx_HAL_Driver/Src/stm32f1xx_hal.c ****   * @brief Suspend Tick increment.
 378:Drivers/STM32F1xx_HAL_Driver/Src/stm32f1xx_hal.c ****   * @note In the default implementation , SysTick timer is the source of time base. It is
 379:Drivers/STM32F1xx_HAL_Driver/Src/stm32f1xx_hal.c ****   *       used to generate interrupts at regular time intervals. Once HAL_SuspendTick()
 380:Drivers/STM32F1xx_HAL_Driver/Src/stm32f1xx_hal.c ****   *       is called, the SysTick interrupt will be disabled and so Tick increment
 381:Drivers/STM32F1xx_HAL_Driver/Src/stm32f1xx_hal.c ****   *       is suspended.
 382:Drivers/STM32F1xx_HAL_Driver/Src/stm32f1xx_hal.c ****   * @note This function is declared as __weak to be overwritten in case of other
 383:Drivers/STM32F1xx_HAL_Driver/Src/stm32f1xx_hal.c ****   *       implementations in user file.
 384:Drivers/STM32F1xx_HAL_Driver/Src/stm32f1xx_hal.c ****   * @retval None
 385:Drivers/STM32F1xx_HAL_Driver/Src/stm32f1xx_hal.c ****   */
 386:Drivers/STM32F1xx_HAL_Driver/Src/stm32f1xx_hal.c **** __weak void HAL_SuspendTick(void)
 387:Drivers/STM32F1xx_HAL_Driver/Src/stm32f1xx_hal.c **** {
 434              		.loc 1 387 0
 435              		.cfi_startproc
 436              		@ args = 0, pretend = 0, frame = 0
 437              		@ frame_needed = 0, uses_anonymous_args = 0
 438              		@ link register save eliminated.
 388:Drivers/STM32F1xx_HAL_Driver/Src/stm32f1xx_hal.c ****   /* Disable SysTick Interrupt */
 389:Drivers/STM32F1xx_HAL_Driver/Src/stm32f1xx_hal.c ****   CLEAR_BIT(SysTick->CTRL, SysTick_CTRL_TICKINT_Msk);
 439              		.loc 1 389 0
 440 0000 024A     		ldr	r2, .L44
 441 0002 1368     		ldr	r3, [r2]
 442 0004 23F00203 		bic	r3, r3, #2
 443 0008 1360     		str	r3, [r2]
 444 000a 7047     		bx	lr
 445              	.L45:
 446              		.align	2
 447              	.L44:
 448 000c 10E000E0 		.word	-536813552
 449              		.cfi_endproc
 450              	.LFE76:
 452              		.section	.text.HAL_ResumeTick,"ax",%progbits
 453              		.align	2
 454              		.weak	HAL_ResumeTick
 455              		.thumb
 456              		.thumb_func
 458              	HAL_ResumeTick:
 459              	.LFB77:
 390:Drivers/STM32F1xx_HAL_Driver/Src/stm32f1xx_hal.c **** }
 391:Drivers/STM32F1xx_HAL_Driver/Src/stm32f1xx_hal.c **** 
 392:Drivers/STM32F1xx_HAL_Driver/Src/stm32f1xx_hal.c **** /**
 393:Drivers/STM32F1xx_HAL_Driver/Src/stm32f1xx_hal.c ****   * @brief Resume Tick increment.
 394:Drivers/STM32F1xx_HAL_Driver/Src/stm32f1xx_hal.c ****   * @note In the default implementation , SysTick timer is the source of time base. It is
 395:Drivers/STM32F1xx_HAL_Driver/Src/stm32f1xx_hal.c ****   *       used to generate interrupts at regular time intervals. Once HAL_ResumeTick()
 396:Drivers/STM32F1xx_HAL_Driver/Src/stm32f1xx_hal.c ****   *       is called, the SysTick interrupt will be enabled and so Tick increment
 397:Drivers/STM32F1xx_HAL_Driver/Src/stm32f1xx_hal.c ****   *       is resumed.
 398:Drivers/STM32F1xx_HAL_Driver/Src/stm32f1xx_hal.c ****   * @note This function is declared as __weak to be overwritten in case of other
 399:Drivers/STM32F1xx_HAL_Driver/Src/stm32f1xx_hal.c ****   *       implementations in user file.
 400:Drivers/STM32F1xx_HAL_Driver/Src/stm32f1xx_hal.c ****   * @retval None
 401:Drivers/STM32F1xx_HAL_Driver/Src/stm32f1xx_hal.c ****   */
 402:Drivers/STM32F1xx_HAL_Driver/Src/stm32f1xx_hal.c **** __weak void HAL_ResumeTick(void)
 403:Drivers/STM32F1xx_HAL_Driver/Src/stm32f1xx_hal.c **** {
ARM GAS  /var/folders/jn/652hmfdj2m99syhs9p34dk640000gq/T//ccaJsOb1.s 			page 16


 460              		.loc 1 403 0
 461              		.cfi_startproc
 462              		@ args = 0, pretend = 0, frame = 0
 463              		@ frame_needed = 0, uses_anonymous_args = 0
 464              		@ link register save eliminated.
 404:Drivers/STM32F1xx_HAL_Driver/Src/stm32f1xx_hal.c ****   /* Enable SysTick Interrupt */
 405:Drivers/STM32F1xx_HAL_Driver/Src/stm32f1xx_hal.c ****   SET_BIT(SysTick->CTRL, SysTick_CTRL_TICKINT_Msk);
 465              		.loc 1 405 0
 466 0000 024A     		ldr	r2, .L47
 467 0002 1368     		ldr	r3, [r2]
 468 0004 43F00203 		orr	r3, r3, #2
 469 0008 1360     		str	r3, [r2]
 470 000a 7047     		bx	lr
 471              	.L48:
 472              		.align	2
 473              	.L47:
 474 000c 10E000E0 		.word	-536813552
 475              		.cfi_endproc
 476              	.LFE77:
 478              		.section	.text.HAL_GetHalVersion,"ax",%progbits
 479              		.align	2
 480              		.global	HAL_GetHalVersion
 481              		.thumb
 482              		.thumb_func
 484              	HAL_GetHalVersion:
 485              	.LFB78:
 406:Drivers/STM32F1xx_HAL_Driver/Src/stm32f1xx_hal.c **** }
 407:Drivers/STM32F1xx_HAL_Driver/Src/stm32f1xx_hal.c **** 
 408:Drivers/STM32F1xx_HAL_Driver/Src/stm32f1xx_hal.c **** /**
 409:Drivers/STM32F1xx_HAL_Driver/Src/stm32f1xx_hal.c ****   * @brief  Returns the HAL revision
 410:Drivers/STM32F1xx_HAL_Driver/Src/stm32f1xx_hal.c ****   * @retval version 0xXYZR (8bits for each decimal, R for RC)
 411:Drivers/STM32F1xx_HAL_Driver/Src/stm32f1xx_hal.c ****   */
 412:Drivers/STM32F1xx_HAL_Driver/Src/stm32f1xx_hal.c **** uint32_t HAL_GetHalVersion(void)
 413:Drivers/STM32F1xx_HAL_Driver/Src/stm32f1xx_hal.c **** {
 486              		.loc 1 413 0
 487              		.cfi_startproc
 488              		@ args = 0, pretend = 0, frame = 0
 489              		@ frame_needed = 0, uses_anonymous_args = 0
 490              		@ link register save eliminated.
 414:Drivers/STM32F1xx_HAL_Driver/Src/stm32f1xx_hal.c ****   return __STM32F1xx_HAL_VERSION;
 415:Drivers/STM32F1xx_HAL_Driver/Src/stm32f1xx_hal.c **** }
 491              		.loc 1 415 0
 492 0000 0048     		ldr	r0, .L50
 493 0002 7047     		bx	lr
 494              	.L51:
 495              		.align	2
 496              	.L50:
 497 0004 00040101 		.word	16843776
 498              		.cfi_endproc
 499              	.LFE78:
 501              		.section	.text.HAL_GetREVID,"ax",%progbits
 502              		.align	2
 503              		.global	HAL_GetREVID
 504              		.thumb
 505              		.thumb_func
 507              	HAL_GetREVID:
 508              	.LFB79:
ARM GAS  /var/folders/jn/652hmfdj2m99syhs9p34dk640000gq/T//ccaJsOb1.s 			page 17


 416:Drivers/STM32F1xx_HAL_Driver/Src/stm32f1xx_hal.c **** 
 417:Drivers/STM32F1xx_HAL_Driver/Src/stm32f1xx_hal.c **** /**
 418:Drivers/STM32F1xx_HAL_Driver/Src/stm32f1xx_hal.c ****   * @brief Returns the device revision identifier.
 419:Drivers/STM32F1xx_HAL_Driver/Src/stm32f1xx_hal.c ****   * Note: On devices STM32F10xx8 and STM32F10xxB,
 420:Drivers/STM32F1xx_HAL_Driver/Src/stm32f1xx_hal.c ****   *                  STM32F101xC/D/E and STM32F103xC/D/E,
 421:Drivers/STM32F1xx_HAL_Driver/Src/stm32f1xx_hal.c ****   *                  STM32F101xF/G and STM32F103xF/G
 422:Drivers/STM32F1xx_HAL_Driver/Src/stm32f1xx_hal.c ****   *                  STM32F10xx4 and STM32F10xx6
 423:Drivers/STM32F1xx_HAL_Driver/Src/stm32f1xx_hal.c ****   *       Debug registers DBGMCU_IDCODE and DBGMCU_CR are accessible only in
 424:Drivers/STM32F1xx_HAL_Driver/Src/stm32f1xx_hal.c ****   *       debug mode (not accessible by the user software in normal mode).
 425:Drivers/STM32F1xx_HAL_Driver/Src/stm32f1xx_hal.c ****   *       Refer to errata sheet of these devices for more details.
 426:Drivers/STM32F1xx_HAL_Driver/Src/stm32f1xx_hal.c ****   * @retval Device revision identifier
 427:Drivers/STM32F1xx_HAL_Driver/Src/stm32f1xx_hal.c ****   */
 428:Drivers/STM32F1xx_HAL_Driver/Src/stm32f1xx_hal.c **** uint32_t HAL_GetREVID(void)
 429:Drivers/STM32F1xx_HAL_Driver/Src/stm32f1xx_hal.c **** {
 509              		.loc 1 429 0
 510              		.cfi_startproc
 511              		@ args = 0, pretend = 0, frame = 0
 512              		@ frame_needed = 0, uses_anonymous_args = 0
 513              		@ link register save eliminated.
 430:Drivers/STM32F1xx_HAL_Driver/Src/stm32f1xx_hal.c ****   return ((DBGMCU->IDCODE) >> DBGMCU_IDCODE_REV_ID_Pos);
 514              		.loc 1 430 0
 515 0000 014B     		ldr	r3, .L53
 516 0002 1868     		ldr	r0, [r3]
 431:Drivers/STM32F1xx_HAL_Driver/Src/stm32f1xx_hal.c **** }
 517              		.loc 1 431 0
 518 0004 000C     		lsrs	r0, r0, #16
 519 0006 7047     		bx	lr
 520              	.L54:
 521              		.align	2
 522              	.L53:
 523 0008 002004E0 		.word	-536600576
 524              		.cfi_endproc
 525              	.LFE79:
 527              		.section	.text.HAL_GetDEVID,"ax",%progbits
 528              		.align	2
 529              		.global	HAL_GetDEVID
 530              		.thumb
 531              		.thumb_func
 533              	HAL_GetDEVID:
 534              	.LFB80:
 432:Drivers/STM32F1xx_HAL_Driver/Src/stm32f1xx_hal.c **** 
 433:Drivers/STM32F1xx_HAL_Driver/Src/stm32f1xx_hal.c **** /**
 434:Drivers/STM32F1xx_HAL_Driver/Src/stm32f1xx_hal.c ****   * @brief  Returns the device identifier.
 435:Drivers/STM32F1xx_HAL_Driver/Src/stm32f1xx_hal.c ****   * Note: On devices STM32F10xx8 and STM32F10xxB,
 436:Drivers/STM32F1xx_HAL_Driver/Src/stm32f1xx_hal.c ****   *                  STM32F101xC/D/E and STM32F103xC/D/E,
 437:Drivers/STM32F1xx_HAL_Driver/Src/stm32f1xx_hal.c ****   *                  STM32F101xF/G and STM32F103xF/G
 438:Drivers/STM32F1xx_HAL_Driver/Src/stm32f1xx_hal.c ****   *                  STM32F10xx4 and STM32F10xx6
 439:Drivers/STM32F1xx_HAL_Driver/Src/stm32f1xx_hal.c ****   *       Debug registers DBGMCU_IDCODE and DBGMCU_CR are accessible only in
 440:Drivers/STM32F1xx_HAL_Driver/Src/stm32f1xx_hal.c ****   *       debug mode (not accessible by the user software in normal mode).
 441:Drivers/STM32F1xx_HAL_Driver/Src/stm32f1xx_hal.c ****   *       Refer to errata sheet of these devices for more details.
 442:Drivers/STM32F1xx_HAL_Driver/Src/stm32f1xx_hal.c ****   * @retval Device identifier
 443:Drivers/STM32F1xx_HAL_Driver/Src/stm32f1xx_hal.c ****   */
 444:Drivers/STM32F1xx_HAL_Driver/Src/stm32f1xx_hal.c **** uint32_t HAL_GetDEVID(void)
 445:Drivers/STM32F1xx_HAL_Driver/Src/stm32f1xx_hal.c **** {
 535              		.loc 1 445 0
 536              		.cfi_startproc
 537              		@ args = 0, pretend = 0, frame = 0
ARM GAS  /var/folders/jn/652hmfdj2m99syhs9p34dk640000gq/T//ccaJsOb1.s 			page 18


 538              		@ frame_needed = 0, uses_anonymous_args = 0
 539              		@ link register save eliminated.
 446:Drivers/STM32F1xx_HAL_Driver/Src/stm32f1xx_hal.c ****   return ((DBGMCU->IDCODE) & IDCODE_DEVID_MASK);
 540              		.loc 1 446 0
 541 0000 024B     		ldr	r3, .L56
 542 0002 1868     		ldr	r0, [r3]
 447:Drivers/STM32F1xx_HAL_Driver/Src/stm32f1xx_hal.c **** }
 543              		.loc 1 447 0
 544 0004 C0F30B00 		ubfx	r0, r0, #0, #12
 545 0008 7047     		bx	lr
 546              	.L57:
 547 000a 00BF     		.align	2
 548              	.L56:
 549 000c 002004E0 		.word	-536600576
 550              		.cfi_endproc
 551              	.LFE80:
 553              		.section	.text.HAL_GetUIDw0,"ax",%progbits
 554              		.align	2
 555              		.global	HAL_GetUIDw0
 556              		.thumb
 557              		.thumb_func
 559              	HAL_GetUIDw0:
 560              	.LFB81:
 448:Drivers/STM32F1xx_HAL_Driver/Src/stm32f1xx_hal.c **** 
 449:Drivers/STM32F1xx_HAL_Driver/Src/stm32f1xx_hal.c **** /**
 450:Drivers/STM32F1xx_HAL_Driver/Src/stm32f1xx_hal.c ****   * @brief  Returns first word of the unique device identifier (UID based on 96 bits)
 451:Drivers/STM32F1xx_HAL_Driver/Src/stm32f1xx_hal.c ****   * @retval Device identifier
 452:Drivers/STM32F1xx_HAL_Driver/Src/stm32f1xx_hal.c ****   */
 453:Drivers/STM32F1xx_HAL_Driver/Src/stm32f1xx_hal.c **** uint32_t HAL_GetUIDw0(void)
 454:Drivers/STM32F1xx_HAL_Driver/Src/stm32f1xx_hal.c **** {
 561              		.loc 1 454 0
 562              		.cfi_startproc
 563              		@ args = 0, pretend = 0, frame = 0
 564              		@ frame_needed = 0, uses_anonymous_args = 0
 565              		@ link register save eliminated.
 455:Drivers/STM32F1xx_HAL_Driver/Src/stm32f1xx_hal.c ****    return(READ_REG(*((uint32_t *)UID_BASE)));
 456:Drivers/STM32F1xx_HAL_Driver/Src/stm32f1xx_hal.c **** }
 566              		.loc 1 456 0
 567 0000 014B     		ldr	r3, .L59
 568 0002 1868     		ldr	r0, [r3]
 569 0004 7047     		bx	lr
 570              	.L60:
 571 0006 00BF     		.align	2
 572              	.L59:
 573 0008 E8F7FF1F 		.word	536868840
 574              		.cfi_endproc
 575              	.LFE81:
 577              		.section	.text.HAL_GetUIDw1,"ax",%progbits
 578              		.align	2
 579              		.global	HAL_GetUIDw1
 580              		.thumb
 581              		.thumb_func
 583              	HAL_GetUIDw1:
 584              	.LFB82:
 457:Drivers/STM32F1xx_HAL_Driver/Src/stm32f1xx_hal.c **** 
 458:Drivers/STM32F1xx_HAL_Driver/Src/stm32f1xx_hal.c **** /**
 459:Drivers/STM32F1xx_HAL_Driver/Src/stm32f1xx_hal.c ****   * @brief  Returns second word of the unique device identifier (UID based on 96 bits)
ARM GAS  /var/folders/jn/652hmfdj2m99syhs9p34dk640000gq/T//ccaJsOb1.s 			page 19


 460:Drivers/STM32F1xx_HAL_Driver/Src/stm32f1xx_hal.c ****   * @retval Device identifier
 461:Drivers/STM32F1xx_HAL_Driver/Src/stm32f1xx_hal.c ****   */
 462:Drivers/STM32F1xx_HAL_Driver/Src/stm32f1xx_hal.c **** uint32_t HAL_GetUIDw1(void)
 463:Drivers/STM32F1xx_HAL_Driver/Src/stm32f1xx_hal.c **** {
 585              		.loc 1 463 0
 586              		.cfi_startproc
 587              		@ args = 0, pretend = 0, frame = 0
 588              		@ frame_needed = 0, uses_anonymous_args = 0
 589              		@ link register save eliminated.
 464:Drivers/STM32F1xx_HAL_Driver/Src/stm32f1xx_hal.c ****    return(READ_REG(*((uint32_t *)(UID_BASE + 4U))));
 465:Drivers/STM32F1xx_HAL_Driver/Src/stm32f1xx_hal.c **** }
 590              		.loc 1 465 0
 591 0000 014B     		ldr	r3, .L62
 592 0002 1868     		ldr	r0, [r3]
 593 0004 7047     		bx	lr
 594              	.L63:
 595 0006 00BF     		.align	2
 596              	.L62:
 597 0008 ECF7FF1F 		.word	536868844
 598              		.cfi_endproc
 599              	.LFE82:
 601              		.section	.text.HAL_GetUIDw2,"ax",%progbits
 602              		.align	2
 603              		.global	HAL_GetUIDw2
 604              		.thumb
 605              		.thumb_func
 607              	HAL_GetUIDw2:
 608              	.LFB83:
 466:Drivers/STM32F1xx_HAL_Driver/Src/stm32f1xx_hal.c **** 
 467:Drivers/STM32F1xx_HAL_Driver/Src/stm32f1xx_hal.c **** /**
 468:Drivers/STM32F1xx_HAL_Driver/Src/stm32f1xx_hal.c ****   * @brief  Returns third word of the unique device identifier (UID based on 96 bits)
 469:Drivers/STM32F1xx_HAL_Driver/Src/stm32f1xx_hal.c ****   * @retval Device identifier
 470:Drivers/STM32F1xx_HAL_Driver/Src/stm32f1xx_hal.c ****   */
 471:Drivers/STM32F1xx_HAL_Driver/Src/stm32f1xx_hal.c **** uint32_t HAL_GetUIDw2(void)
 472:Drivers/STM32F1xx_HAL_Driver/Src/stm32f1xx_hal.c **** {
 609              		.loc 1 472 0
 610              		.cfi_startproc
 611              		@ args = 0, pretend = 0, frame = 0
 612              		@ frame_needed = 0, uses_anonymous_args = 0
 613              		@ link register save eliminated.
 473:Drivers/STM32F1xx_HAL_Driver/Src/stm32f1xx_hal.c ****    return(READ_REG(*((uint32_t *)(UID_BASE + 8U))));
 474:Drivers/STM32F1xx_HAL_Driver/Src/stm32f1xx_hal.c **** }
 614              		.loc 1 474 0
 615 0000 014B     		ldr	r3, .L65
 616 0002 1868     		ldr	r0, [r3]
 617 0004 7047     		bx	lr
 618              	.L66:
 619 0006 00BF     		.align	2
 620              	.L65:
 621 0008 F0F7FF1F 		.word	536868848
 622              		.cfi_endproc
 623              	.LFE83:
 625              		.section	.text.HAL_DBGMCU_EnableDBGSleepMode,"ax",%progbits
 626              		.align	2
 627              		.global	HAL_DBGMCU_EnableDBGSleepMode
 628              		.thumb
 629              		.thumb_func
ARM GAS  /var/folders/jn/652hmfdj2m99syhs9p34dk640000gq/T//ccaJsOb1.s 			page 20


 631              	HAL_DBGMCU_EnableDBGSleepMode:
 632              	.LFB84:
 475:Drivers/STM32F1xx_HAL_Driver/Src/stm32f1xx_hal.c **** 
 476:Drivers/STM32F1xx_HAL_Driver/Src/stm32f1xx_hal.c **** /**
 477:Drivers/STM32F1xx_HAL_Driver/Src/stm32f1xx_hal.c ****   * @brief  Enable the Debug Module during SLEEP mode
 478:Drivers/STM32F1xx_HAL_Driver/Src/stm32f1xx_hal.c ****   * @retval None
 479:Drivers/STM32F1xx_HAL_Driver/Src/stm32f1xx_hal.c ****   */
 480:Drivers/STM32F1xx_HAL_Driver/Src/stm32f1xx_hal.c **** void HAL_DBGMCU_EnableDBGSleepMode(void)
 481:Drivers/STM32F1xx_HAL_Driver/Src/stm32f1xx_hal.c **** {
 633              		.loc 1 481 0
 634              		.cfi_startproc
 635              		@ args = 0, pretend = 0, frame = 0
 636              		@ frame_needed = 0, uses_anonymous_args = 0
 637              		@ link register save eliminated.
 482:Drivers/STM32F1xx_HAL_Driver/Src/stm32f1xx_hal.c ****   SET_BIT(DBGMCU->CR, DBGMCU_CR_DBG_SLEEP);
 638              		.loc 1 482 0
 639 0000 024A     		ldr	r2, .L68
 640 0002 5368     		ldr	r3, [r2, #4]
 641 0004 43F00103 		orr	r3, r3, #1
 642 0008 5360     		str	r3, [r2, #4]
 643 000a 7047     		bx	lr
 644              	.L69:
 645              		.align	2
 646              	.L68:
 647 000c 002004E0 		.word	-536600576
 648              		.cfi_endproc
 649              	.LFE84:
 651              		.section	.text.HAL_DBGMCU_DisableDBGSleepMode,"ax",%progbits
 652              		.align	2
 653              		.global	HAL_DBGMCU_DisableDBGSleepMode
 654              		.thumb
 655              		.thumb_func
 657              	HAL_DBGMCU_DisableDBGSleepMode:
 658              	.LFB85:
 483:Drivers/STM32F1xx_HAL_Driver/Src/stm32f1xx_hal.c **** }
 484:Drivers/STM32F1xx_HAL_Driver/Src/stm32f1xx_hal.c **** 
 485:Drivers/STM32F1xx_HAL_Driver/Src/stm32f1xx_hal.c **** /**
 486:Drivers/STM32F1xx_HAL_Driver/Src/stm32f1xx_hal.c ****   * @brief  Disable the Debug Module during SLEEP mode
 487:Drivers/STM32F1xx_HAL_Driver/Src/stm32f1xx_hal.c ****   * Note: On devices STM32F10xx8 and STM32F10xxB,
 488:Drivers/STM32F1xx_HAL_Driver/Src/stm32f1xx_hal.c ****   *                  STM32F101xC/D/E and STM32F103xC/D/E,
 489:Drivers/STM32F1xx_HAL_Driver/Src/stm32f1xx_hal.c ****   *                  STM32F101xF/G and STM32F103xF/G
 490:Drivers/STM32F1xx_HAL_Driver/Src/stm32f1xx_hal.c ****   *                  STM32F10xx4 and STM32F10xx6
 491:Drivers/STM32F1xx_HAL_Driver/Src/stm32f1xx_hal.c ****   *       Debug registers DBGMCU_IDCODE and DBGMCU_CR are accessible only in
 492:Drivers/STM32F1xx_HAL_Driver/Src/stm32f1xx_hal.c ****   *       debug mode (not accessible by the user software in normal mode).
 493:Drivers/STM32F1xx_HAL_Driver/Src/stm32f1xx_hal.c ****   *       Refer to errata sheet of these devices for more details.
 494:Drivers/STM32F1xx_HAL_Driver/Src/stm32f1xx_hal.c ****   * @retval None
 495:Drivers/STM32F1xx_HAL_Driver/Src/stm32f1xx_hal.c ****   */
 496:Drivers/STM32F1xx_HAL_Driver/Src/stm32f1xx_hal.c **** void HAL_DBGMCU_DisableDBGSleepMode(void)
 497:Drivers/STM32F1xx_HAL_Driver/Src/stm32f1xx_hal.c **** {
 659              		.loc 1 497 0
 660              		.cfi_startproc
 661              		@ args = 0, pretend = 0, frame = 0
 662              		@ frame_needed = 0, uses_anonymous_args = 0
 663              		@ link register save eliminated.
 498:Drivers/STM32F1xx_HAL_Driver/Src/stm32f1xx_hal.c ****   CLEAR_BIT(DBGMCU->CR, DBGMCU_CR_DBG_SLEEP);
 664              		.loc 1 498 0
 665 0000 024A     		ldr	r2, .L71
ARM GAS  /var/folders/jn/652hmfdj2m99syhs9p34dk640000gq/T//ccaJsOb1.s 			page 21


 666 0002 5368     		ldr	r3, [r2, #4]
 667 0004 23F00103 		bic	r3, r3, #1
 668 0008 5360     		str	r3, [r2, #4]
 669 000a 7047     		bx	lr
 670              	.L72:
 671              		.align	2
 672              	.L71:
 673 000c 002004E0 		.word	-536600576
 674              		.cfi_endproc
 675              	.LFE85:
 677              		.section	.text.HAL_DBGMCU_EnableDBGStopMode,"ax",%progbits
 678              		.align	2
 679              		.global	HAL_DBGMCU_EnableDBGStopMode
 680              		.thumb
 681              		.thumb_func
 683              	HAL_DBGMCU_EnableDBGStopMode:
 684              	.LFB86:
 499:Drivers/STM32F1xx_HAL_Driver/Src/stm32f1xx_hal.c **** }
 500:Drivers/STM32F1xx_HAL_Driver/Src/stm32f1xx_hal.c **** 
 501:Drivers/STM32F1xx_HAL_Driver/Src/stm32f1xx_hal.c **** /**
 502:Drivers/STM32F1xx_HAL_Driver/Src/stm32f1xx_hal.c ****   * @brief  Enable the Debug Module during STOP mode
 503:Drivers/STM32F1xx_HAL_Driver/Src/stm32f1xx_hal.c ****   * Note: On devices STM32F10xx8 and STM32F10xxB,
 504:Drivers/STM32F1xx_HAL_Driver/Src/stm32f1xx_hal.c ****   *                  STM32F101xC/D/E and STM32F103xC/D/E,
 505:Drivers/STM32F1xx_HAL_Driver/Src/stm32f1xx_hal.c ****   *                  STM32F101xF/G and STM32F103xF/G
 506:Drivers/STM32F1xx_HAL_Driver/Src/stm32f1xx_hal.c ****   *                  STM32F10xx4 and STM32F10xx6
 507:Drivers/STM32F1xx_HAL_Driver/Src/stm32f1xx_hal.c ****   *       Debug registers DBGMCU_IDCODE and DBGMCU_CR are accessible only in
 508:Drivers/STM32F1xx_HAL_Driver/Src/stm32f1xx_hal.c ****   *       debug mode (not accessible by the user software in normal mode).
 509:Drivers/STM32F1xx_HAL_Driver/Src/stm32f1xx_hal.c ****   *       Refer to errata sheet of these devices for more details.
 510:Drivers/STM32F1xx_HAL_Driver/Src/stm32f1xx_hal.c ****   * Note: On all STM32F1 devices:
 511:Drivers/STM32F1xx_HAL_Driver/Src/stm32f1xx_hal.c ****   *       If the system tick timer interrupt is enabled during the Stop mode
 512:Drivers/STM32F1xx_HAL_Driver/Src/stm32f1xx_hal.c ****   *       debug (DBG_STOP bit set in the DBGMCU_CR register ), it will wakeup
 513:Drivers/STM32F1xx_HAL_Driver/Src/stm32f1xx_hal.c ****   *       the system from Stop mode.
 514:Drivers/STM32F1xx_HAL_Driver/Src/stm32f1xx_hal.c ****   *       Workaround: To debug the Stop mode, disable the system tick timer
 515:Drivers/STM32F1xx_HAL_Driver/Src/stm32f1xx_hal.c ****   *       interrupt.
 516:Drivers/STM32F1xx_HAL_Driver/Src/stm32f1xx_hal.c ****   *       Refer to errata sheet of these devices for more details.
 517:Drivers/STM32F1xx_HAL_Driver/Src/stm32f1xx_hal.c ****   * Note: On all STM32F1 devices:
 518:Drivers/STM32F1xx_HAL_Driver/Src/stm32f1xx_hal.c ****   *       If the system tick timer interrupt is enabled during the Stop mode
 519:Drivers/STM32F1xx_HAL_Driver/Src/stm32f1xx_hal.c ****   *       debug (DBG_STOP bit set in the DBGMCU_CR register ), it will wakeup
 520:Drivers/STM32F1xx_HAL_Driver/Src/stm32f1xx_hal.c ****   *       the system from Stop mode.
 521:Drivers/STM32F1xx_HAL_Driver/Src/stm32f1xx_hal.c ****   *       Workaround: To debug the Stop mode, disable the system tick timer
 522:Drivers/STM32F1xx_HAL_Driver/Src/stm32f1xx_hal.c ****   *       interrupt.
 523:Drivers/STM32F1xx_HAL_Driver/Src/stm32f1xx_hal.c ****   *       Refer to errata sheet of these devices for more details.
 524:Drivers/STM32F1xx_HAL_Driver/Src/stm32f1xx_hal.c ****   * @retval None
 525:Drivers/STM32F1xx_HAL_Driver/Src/stm32f1xx_hal.c ****   */
 526:Drivers/STM32F1xx_HAL_Driver/Src/stm32f1xx_hal.c **** void HAL_DBGMCU_EnableDBGStopMode(void)
 527:Drivers/STM32F1xx_HAL_Driver/Src/stm32f1xx_hal.c **** {
 685              		.loc 1 527 0
 686              		.cfi_startproc
 687              		@ args = 0, pretend = 0, frame = 0
 688              		@ frame_needed = 0, uses_anonymous_args = 0
 689              		@ link register save eliminated.
 528:Drivers/STM32F1xx_HAL_Driver/Src/stm32f1xx_hal.c ****   SET_BIT(DBGMCU->CR, DBGMCU_CR_DBG_STOP);
 690              		.loc 1 528 0
 691 0000 024A     		ldr	r2, .L74
 692 0002 5368     		ldr	r3, [r2, #4]
 693 0004 43F00203 		orr	r3, r3, #2
 694 0008 5360     		str	r3, [r2, #4]
ARM GAS  /var/folders/jn/652hmfdj2m99syhs9p34dk640000gq/T//ccaJsOb1.s 			page 22


 695 000a 7047     		bx	lr
 696              	.L75:
 697              		.align	2
 698              	.L74:
 699 000c 002004E0 		.word	-536600576
 700              		.cfi_endproc
 701              	.LFE86:
 703              		.section	.text.HAL_DBGMCU_DisableDBGStopMode,"ax",%progbits
 704              		.align	2
 705              		.global	HAL_DBGMCU_DisableDBGStopMode
 706              		.thumb
 707              		.thumb_func
 709              	HAL_DBGMCU_DisableDBGStopMode:
 710              	.LFB87:
 529:Drivers/STM32F1xx_HAL_Driver/Src/stm32f1xx_hal.c **** }
 530:Drivers/STM32F1xx_HAL_Driver/Src/stm32f1xx_hal.c **** 
 531:Drivers/STM32F1xx_HAL_Driver/Src/stm32f1xx_hal.c **** /**
 532:Drivers/STM32F1xx_HAL_Driver/Src/stm32f1xx_hal.c ****   * @brief  Disable the Debug Module during STOP mode
 533:Drivers/STM32F1xx_HAL_Driver/Src/stm32f1xx_hal.c ****   * Note: On devices STM32F10xx8 and STM32F10xxB,
 534:Drivers/STM32F1xx_HAL_Driver/Src/stm32f1xx_hal.c ****   *                  STM32F101xC/D/E and STM32F103xC/D/E,
 535:Drivers/STM32F1xx_HAL_Driver/Src/stm32f1xx_hal.c ****   *                  STM32F101xF/G and STM32F103xF/G
 536:Drivers/STM32F1xx_HAL_Driver/Src/stm32f1xx_hal.c ****   *                  STM32F10xx4 and STM32F10xx6
 537:Drivers/STM32F1xx_HAL_Driver/Src/stm32f1xx_hal.c ****   *       Debug registers DBGMCU_IDCODE and DBGMCU_CR are accessible only in
 538:Drivers/STM32F1xx_HAL_Driver/Src/stm32f1xx_hal.c ****   *       debug mode (not accessible by the user software in normal mode).
 539:Drivers/STM32F1xx_HAL_Driver/Src/stm32f1xx_hal.c ****   *       Refer to errata sheet of these devices for more details.
 540:Drivers/STM32F1xx_HAL_Driver/Src/stm32f1xx_hal.c ****   * @retval None
 541:Drivers/STM32F1xx_HAL_Driver/Src/stm32f1xx_hal.c ****   */
 542:Drivers/STM32F1xx_HAL_Driver/Src/stm32f1xx_hal.c **** void HAL_DBGMCU_DisableDBGStopMode(void)
 543:Drivers/STM32F1xx_HAL_Driver/Src/stm32f1xx_hal.c **** {
 711              		.loc 1 543 0
 712              		.cfi_startproc
 713              		@ args = 0, pretend = 0, frame = 0
 714              		@ frame_needed = 0, uses_anonymous_args = 0
 715              		@ link register save eliminated.
 544:Drivers/STM32F1xx_HAL_Driver/Src/stm32f1xx_hal.c ****   CLEAR_BIT(DBGMCU->CR, DBGMCU_CR_DBG_STOP);
 716              		.loc 1 544 0
 717 0000 024A     		ldr	r2, .L77
 718 0002 5368     		ldr	r3, [r2, #4]
 719 0004 23F00203 		bic	r3, r3, #2
 720 0008 5360     		str	r3, [r2, #4]
 721 000a 7047     		bx	lr
 722              	.L78:
 723              		.align	2
 724              	.L77:
 725 000c 002004E0 		.word	-536600576
 726              		.cfi_endproc
 727              	.LFE87:
 729              		.section	.text.HAL_DBGMCU_EnableDBGStandbyMode,"ax",%progbits
 730              		.align	2
 731              		.global	HAL_DBGMCU_EnableDBGStandbyMode
 732              		.thumb
 733              		.thumb_func
 735              	HAL_DBGMCU_EnableDBGStandbyMode:
 736              	.LFB88:
 545:Drivers/STM32F1xx_HAL_Driver/Src/stm32f1xx_hal.c **** }
 546:Drivers/STM32F1xx_HAL_Driver/Src/stm32f1xx_hal.c **** 
 547:Drivers/STM32F1xx_HAL_Driver/Src/stm32f1xx_hal.c **** /**
ARM GAS  /var/folders/jn/652hmfdj2m99syhs9p34dk640000gq/T//ccaJsOb1.s 			page 23


 548:Drivers/STM32F1xx_HAL_Driver/Src/stm32f1xx_hal.c ****   * @brief  Enable the Debug Module during STANDBY mode
 549:Drivers/STM32F1xx_HAL_Driver/Src/stm32f1xx_hal.c ****   * Note: On devices STM32F10xx8 and STM32F10xxB,
 550:Drivers/STM32F1xx_HAL_Driver/Src/stm32f1xx_hal.c ****   *                  STM32F101xC/D/E and STM32F103xC/D/E,
 551:Drivers/STM32F1xx_HAL_Driver/Src/stm32f1xx_hal.c ****   *                  STM32F101xF/G and STM32F103xF/G
 552:Drivers/STM32F1xx_HAL_Driver/Src/stm32f1xx_hal.c ****   *                  STM32F10xx4 and STM32F10xx6
 553:Drivers/STM32F1xx_HAL_Driver/Src/stm32f1xx_hal.c ****   *       Debug registers DBGMCU_IDCODE and DBGMCU_CR are accessible only in
 554:Drivers/STM32F1xx_HAL_Driver/Src/stm32f1xx_hal.c ****   *       debug mode (not accessible by the user software in normal mode).
 555:Drivers/STM32F1xx_HAL_Driver/Src/stm32f1xx_hal.c ****   *       Refer to errata sheet of these devices for more details.
 556:Drivers/STM32F1xx_HAL_Driver/Src/stm32f1xx_hal.c ****   * @retval None
 557:Drivers/STM32F1xx_HAL_Driver/Src/stm32f1xx_hal.c ****   */
 558:Drivers/STM32F1xx_HAL_Driver/Src/stm32f1xx_hal.c **** void HAL_DBGMCU_EnableDBGStandbyMode(void)
 559:Drivers/STM32F1xx_HAL_Driver/Src/stm32f1xx_hal.c **** {
 737              		.loc 1 559 0
 738              		.cfi_startproc
 739              		@ args = 0, pretend = 0, frame = 0
 740              		@ frame_needed = 0, uses_anonymous_args = 0
 741              		@ link register save eliminated.
 560:Drivers/STM32F1xx_HAL_Driver/Src/stm32f1xx_hal.c ****   SET_BIT(DBGMCU->CR, DBGMCU_CR_DBG_STANDBY);
 742              		.loc 1 560 0
 743 0000 024A     		ldr	r2, .L80
 744 0002 5368     		ldr	r3, [r2, #4]
 745 0004 43F00403 		orr	r3, r3, #4
 746 0008 5360     		str	r3, [r2, #4]
 747 000a 7047     		bx	lr
 748              	.L81:
 749              		.align	2
 750              	.L80:
 751 000c 002004E0 		.word	-536600576
 752              		.cfi_endproc
 753              	.LFE88:
 755              		.section	.text.HAL_DBGMCU_DisableDBGStandbyMode,"ax",%progbits
 756              		.align	2
 757              		.global	HAL_DBGMCU_DisableDBGStandbyMode
 758              		.thumb
 759              		.thumb_func
 761              	HAL_DBGMCU_DisableDBGStandbyMode:
 762              	.LFB89:
 561:Drivers/STM32F1xx_HAL_Driver/Src/stm32f1xx_hal.c **** }
 562:Drivers/STM32F1xx_HAL_Driver/Src/stm32f1xx_hal.c **** 
 563:Drivers/STM32F1xx_HAL_Driver/Src/stm32f1xx_hal.c **** /**
 564:Drivers/STM32F1xx_HAL_Driver/Src/stm32f1xx_hal.c ****   * @brief  Disable the Debug Module during STANDBY mode
 565:Drivers/STM32F1xx_HAL_Driver/Src/stm32f1xx_hal.c ****   * Note: On devices STM32F10xx8 and STM32F10xxB,
 566:Drivers/STM32F1xx_HAL_Driver/Src/stm32f1xx_hal.c ****   *                  STM32F101xC/D/E and STM32F103xC/D/E,
 567:Drivers/STM32F1xx_HAL_Driver/Src/stm32f1xx_hal.c ****   *                  STM32F101xF/G and STM32F103xF/G
 568:Drivers/STM32F1xx_HAL_Driver/Src/stm32f1xx_hal.c ****   *                  STM32F10xx4 and STM32F10xx6
 569:Drivers/STM32F1xx_HAL_Driver/Src/stm32f1xx_hal.c ****   *       Debug registers DBGMCU_IDCODE and DBGMCU_CR are accessible only in
 570:Drivers/STM32F1xx_HAL_Driver/Src/stm32f1xx_hal.c ****   *       debug mode (not accessible by the user software in normal mode).
 571:Drivers/STM32F1xx_HAL_Driver/Src/stm32f1xx_hal.c ****   *       Refer to errata sheet of these devices for more details.
 572:Drivers/STM32F1xx_HAL_Driver/Src/stm32f1xx_hal.c ****   * @retval None
 573:Drivers/STM32F1xx_HAL_Driver/Src/stm32f1xx_hal.c ****   */
 574:Drivers/STM32F1xx_HAL_Driver/Src/stm32f1xx_hal.c **** void HAL_DBGMCU_DisableDBGStandbyMode(void)
 575:Drivers/STM32F1xx_HAL_Driver/Src/stm32f1xx_hal.c **** {
 763              		.loc 1 575 0
 764              		.cfi_startproc
 765              		@ args = 0, pretend = 0, frame = 0
 766              		@ frame_needed = 0, uses_anonymous_args = 0
 767              		@ link register save eliminated.
ARM GAS  /var/folders/jn/652hmfdj2m99syhs9p34dk640000gq/T//ccaJsOb1.s 			page 24


 576:Drivers/STM32F1xx_HAL_Driver/Src/stm32f1xx_hal.c ****   CLEAR_BIT(DBGMCU->CR, DBGMCU_CR_DBG_STANDBY);
 768              		.loc 1 576 0
 769 0000 024A     		ldr	r2, .L83
 770 0002 5368     		ldr	r3, [r2, #4]
 771 0004 23F00403 		bic	r3, r3, #4
 772 0008 5360     		str	r3, [r2, #4]
 773 000a 7047     		bx	lr
 774              	.L84:
 775              		.align	2
 776              	.L83:
 777 000c 002004E0 		.word	-536600576
 778              		.cfi_endproc
 779              	.LFE89:
 781              		.global	uwTickFreq
 782              		.global	uwTickPrio
 783              		.comm	uwTick,4,4
 784              		.section	.data.uwTickPrio,"aw",%progbits
 785              		.align	2
 786              		.set	.LANCHOR1,. + 0
 789              	uwTickPrio:
 790 0000 10000000 		.word	16
 791              		.section	.data.uwTickFreq,"aw",%progbits
 792              		.set	.LANCHOR0,. + 0
 795              	uwTickFreq:
 796 0000 01       		.byte	1
 797              		.text
 798              	.Letext0:
 799              		.file 2 "/usr/local/Cellar/gcc-arm-none-eabi/20160928/arm-none-eabi/include/machine/_default_types
 800              		.file 3 "/usr/local/Cellar/gcc-arm-none-eabi/20160928/arm-none-eabi/include/sys/_stdint.h"
 801              		.file 4 "Drivers/CMSIS/Include/core_cm3.h"
 802              		.file 5 "Drivers/CMSIS/Device/ST/STM32F1xx/Include/stm32f103xb.h"
 803              		.file 6 "Drivers/STM32F1xx_HAL_Driver/Inc/stm32f1xx_hal_def.h"
 804              		.file 7 "Drivers/STM32F1xx_HAL_Driver/Inc/stm32f1xx_hal.h"
 805              		.file 8 "Drivers/CMSIS/Device/ST/STM32F1xx/Include/system_stm32f1xx.h"
 806              		.file 9 "Drivers/STM32F1xx_HAL_Driver/Inc/stm32f1xx_hal_cortex.h"
ARM GAS  /var/folders/jn/652hmfdj2m99syhs9p34dk640000gq/T//ccaJsOb1.s 			page 25


DEFINED SYMBOLS
                            *ABS*:0000000000000000 stm32f1xx_hal.c
/var/folders/jn/652hmfdj2m99syhs9p34dk640000gq/T//ccaJsOb1.s:20     .text.HAL_MspInit:0000000000000000 $t
/var/folders/jn/652hmfdj2m99syhs9p34dk640000gq/T//ccaJsOb1.s:25     .text.HAL_MspInit:0000000000000000 HAL_MspInit
/var/folders/jn/652hmfdj2m99syhs9p34dk640000gq/T//ccaJsOb1.s:38     .text.HAL_MspDeInit:0000000000000000 $t
/var/folders/jn/652hmfdj2m99syhs9p34dk640000gq/T//ccaJsOb1.s:43     .text.HAL_MspDeInit:0000000000000000 HAL_MspDeInit
/var/folders/jn/652hmfdj2m99syhs9p34dk640000gq/T//ccaJsOb1.s:55     .text.HAL_DeInit:0000000000000000 $t
/var/folders/jn/652hmfdj2m99syhs9p34dk640000gq/T//ccaJsOb1.s:60     .text.HAL_DeInit:0000000000000000 HAL_DeInit
/var/folders/jn/652hmfdj2m99syhs9p34dk640000gq/T//ccaJsOb1.s:92     .text.HAL_DeInit:000000000000001c $d
/var/folders/jn/652hmfdj2m99syhs9p34dk640000gq/T//ccaJsOb1.s:97     .text.HAL_InitTick:0000000000000000 $t
/var/folders/jn/652hmfdj2m99syhs9p34dk640000gq/T//ccaJsOb1.s:102    .text.HAL_InitTick:0000000000000000 HAL_InitTick
/var/folders/jn/652hmfdj2m99syhs9p34dk640000gq/T//ccaJsOb1.s:157    .text.HAL_InitTick:0000000000000040 $d
/var/folders/jn/652hmfdj2m99syhs9p34dk640000gq/T//ccaJsOb1.s:164    .text.HAL_Init:0000000000000000 $t
/var/folders/jn/652hmfdj2m99syhs9p34dk640000gq/T//ccaJsOb1.s:169    .text.HAL_Init:0000000000000000 HAL_Init
/var/folders/jn/652hmfdj2m99syhs9p34dk640000gq/T//ccaJsOb1.s:202    .text.HAL_Init:0000000000000020 $d
/var/folders/jn/652hmfdj2m99syhs9p34dk640000gq/T//ccaJsOb1.s:207    .text.HAL_IncTick:0000000000000000 $t
/var/folders/jn/652hmfdj2m99syhs9p34dk640000gq/T//ccaJsOb1.s:212    .text.HAL_IncTick:0000000000000000 HAL_IncTick
/var/folders/jn/652hmfdj2m99syhs9p34dk640000gq/T//ccaJsOb1.s:230    .text.HAL_IncTick:0000000000000010 $d
                            *COM*:0000000000000004 uwTick
/var/folders/jn/652hmfdj2m99syhs9p34dk640000gq/T//ccaJsOb1.s:236    .text.HAL_GetTick:0000000000000000 $t
/var/folders/jn/652hmfdj2m99syhs9p34dk640000gq/T//ccaJsOb1.s:241    .text.HAL_GetTick:0000000000000000 HAL_GetTick
/var/folders/jn/652hmfdj2m99syhs9p34dk640000gq/T//ccaJsOb1.s:256    .text.HAL_GetTick:0000000000000008 $d
/var/folders/jn/652hmfdj2m99syhs9p34dk640000gq/T//ccaJsOb1.s:261    .text.HAL_GetTickPrio:0000000000000000 $t
/var/folders/jn/652hmfdj2m99syhs9p34dk640000gq/T//ccaJsOb1.s:266    .text.HAL_GetTickPrio:0000000000000000 HAL_GetTickPrio
/var/folders/jn/652hmfdj2m99syhs9p34dk640000gq/T//ccaJsOb1.s:280    .text.HAL_GetTickPrio:0000000000000008 $d
/var/folders/jn/652hmfdj2m99syhs9p34dk640000gq/T//ccaJsOb1.s:285    .text.HAL_SetTickFreq:0000000000000000 $t
/var/folders/jn/652hmfdj2m99syhs9p34dk640000gq/T//ccaJsOb1.s:290    .text.HAL_SetTickFreq:0000000000000000 HAL_SetTickFreq
/var/folders/jn/652hmfdj2m99syhs9p34dk640000gq/T//ccaJsOb1.s:346    .text.HAL_SetTickFreq:0000000000000028 $d
/var/folders/jn/652hmfdj2m99syhs9p34dk640000gq/T//ccaJsOb1.s:352    .text.HAL_GetTickFreq:0000000000000000 $t
/var/folders/jn/652hmfdj2m99syhs9p34dk640000gq/T//ccaJsOb1.s:357    .text.HAL_GetTickFreq:0000000000000000 HAL_GetTickFreq
/var/folders/jn/652hmfdj2m99syhs9p34dk640000gq/T//ccaJsOb1.s:371    .text.HAL_GetTickFreq:0000000000000008 $d
/var/folders/jn/652hmfdj2m99syhs9p34dk640000gq/T//ccaJsOb1.s:376    .text.HAL_Delay:0000000000000000 $t
/var/folders/jn/652hmfdj2m99syhs9p34dk640000gq/T//ccaJsOb1.s:381    .text.HAL_Delay:0000000000000000 HAL_Delay
/var/folders/jn/652hmfdj2m99syhs9p34dk640000gq/T//ccaJsOb1.s:422    .text.HAL_Delay:0000000000000024 $d
/var/folders/jn/652hmfdj2m99syhs9p34dk640000gq/T//ccaJsOb1.s:427    .text.HAL_SuspendTick:0000000000000000 $t
/var/folders/jn/652hmfdj2m99syhs9p34dk640000gq/T//ccaJsOb1.s:432    .text.HAL_SuspendTick:0000000000000000 HAL_SuspendTick
/var/folders/jn/652hmfdj2m99syhs9p34dk640000gq/T//ccaJsOb1.s:448    .text.HAL_SuspendTick:000000000000000c $d
/var/folders/jn/652hmfdj2m99syhs9p34dk640000gq/T//ccaJsOb1.s:453    .text.HAL_ResumeTick:0000000000000000 $t
/var/folders/jn/652hmfdj2m99syhs9p34dk640000gq/T//ccaJsOb1.s:458    .text.HAL_ResumeTick:0000000000000000 HAL_ResumeTick
/var/folders/jn/652hmfdj2m99syhs9p34dk640000gq/T//ccaJsOb1.s:474    .text.HAL_ResumeTick:000000000000000c $d
/var/folders/jn/652hmfdj2m99syhs9p34dk640000gq/T//ccaJsOb1.s:479    .text.HAL_GetHalVersion:0000000000000000 $t
/var/folders/jn/652hmfdj2m99syhs9p34dk640000gq/T//ccaJsOb1.s:484    .text.HAL_GetHalVersion:0000000000000000 HAL_GetHalVersion
/var/folders/jn/652hmfdj2m99syhs9p34dk640000gq/T//ccaJsOb1.s:497    .text.HAL_GetHalVersion:0000000000000004 $d
/var/folders/jn/652hmfdj2m99syhs9p34dk640000gq/T//ccaJsOb1.s:502    .text.HAL_GetREVID:0000000000000000 $t
/var/folders/jn/652hmfdj2m99syhs9p34dk640000gq/T//ccaJsOb1.s:507    .text.HAL_GetREVID:0000000000000000 HAL_GetREVID
/var/folders/jn/652hmfdj2m99syhs9p34dk640000gq/T//ccaJsOb1.s:523    .text.HAL_GetREVID:0000000000000008 $d
/var/folders/jn/652hmfdj2m99syhs9p34dk640000gq/T//ccaJsOb1.s:528    .text.HAL_GetDEVID:0000000000000000 $t
/var/folders/jn/652hmfdj2m99syhs9p34dk640000gq/T//ccaJsOb1.s:533    .text.HAL_GetDEVID:0000000000000000 HAL_GetDEVID
/var/folders/jn/652hmfdj2m99syhs9p34dk640000gq/T//ccaJsOb1.s:549    .text.HAL_GetDEVID:000000000000000c $d
/var/folders/jn/652hmfdj2m99syhs9p34dk640000gq/T//ccaJsOb1.s:554    .text.HAL_GetUIDw0:0000000000000000 $t
/var/folders/jn/652hmfdj2m99syhs9p34dk640000gq/T//ccaJsOb1.s:559    .text.HAL_GetUIDw0:0000000000000000 HAL_GetUIDw0
/var/folders/jn/652hmfdj2m99syhs9p34dk640000gq/T//ccaJsOb1.s:573    .text.HAL_GetUIDw0:0000000000000008 $d
/var/folders/jn/652hmfdj2m99syhs9p34dk640000gq/T//ccaJsOb1.s:578    .text.HAL_GetUIDw1:0000000000000000 $t
/var/folders/jn/652hmfdj2m99syhs9p34dk640000gq/T//ccaJsOb1.s:583    .text.HAL_GetUIDw1:0000000000000000 HAL_GetUIDw1
/var/folders/jn/652hmfdj2m99syhs9p34dk640000gq/T//ccaJsOb1.s:597    .text.HAL_GetUIDw1:0000000000000008 $d
/var/folders/jn/652hmfdj2m99syhs9p34dk640000gq/T//ccaJsOb1.s:602    .text.HAL_GetUIDw2:0000000000000000 $t
/var/folders/jn/652hmfdj2m99syhs9p34dk640000gq/T//ccaJsOb1.s:607    .text.HAL_GetUIDw2:0000000000000000 HAL_GetUIDw2
ARM GAS  /var/folders/jn/652hmfdj2m99syhs9p34dk640000gq/T//ccaJsOb1.s 			page 26


/var/folders/jn/652hmfdj2m99syhs9p34dk640000gq/T//ccaJsOb1.s:621    .text.HAL_GetUIDw2:0000000000000008 $d
/var/folders/jn/652hmfdj2m99syhs9p34dk640000gq/T//ccaJsOb1.s:626    .text.HAL_DBGMCU_EnableDBGSleepMode:0000000000000000 $t
/var/folders/jn/652hmfdj2m99syhs9p34dk640000gq/T//ccaJsOb1.s:631    .text.HAL_DBGMCU_EnableDBGSleepMode:0000000000000000 HAL_DBGMCU_EnableDBGSleepMode
/var/folders/jn/652hmfdj2m99syhs9p34dk640000gq/T//ccaJsOb1.s:647    .text.HAL_DBGMCU_EnableDBGSleepMode:000000000000000c $d
/var/folders/jn/652hmfdj2m99syhs9p34dk640000gq/T//ccaJsOb1.s:652    .text.HAL_DBGMCU_DisableDBGSleepMode:0000000000000000 $t
/var/folders/jn/652hmfdj2m99syhs9p34dk640000gq/T//ccaJsOb1.s:657    .text.HAL_DBGMCU_DisableDBGSleepMode:0000000000000000 HAL_DBGMCU_DisableDBGSleepMode
/var/folders/jn/652hmfdj2m99syhs9p34dk640000gq/T//ccaJsOb1.s:673    .text.HAL_DBGMCU_DisableDBGSleepMode:000000000000000c $d
/var/folders/jn/652hmfdj2m99syhs9p34dk640000gq/T//ccaJsOb1.s:678    .text.HAL_DBGMCU_EnableDBGStopMode:0000000000000000 $t
/var/folders/jn/652hmfdj2m99syhs9p34dk640000gq/T//ccaJsOb1.s:683    .text.HAL_DBGMCU_EnableDBGStopMode:0000000000000000 HAL_DBGMCU_EnableDBGStopMode
/var/folders/jn/652hmfdj2m99syhs9p34dk640000gq/T//ccaJsOb1.s:699    .text.HAL_DBGMCU_EnableDBGStopMode:000000000000000c $d
/var/folders/jn/652hmfdj2m99syhs9p34dk640000gq/T//ccaJsOb1.s:704    .text.HAL_DBGMCU_DisableDBGStopMode:0000000000000000 $t
/var/folders/jn/652hmfdj2m99syhs9p34dk640000gq/T//ccaJsOb1.s:709    .text.HAL_DBGMCU_DisableDBGStopMode:0000000000000000 HAL_DBGMCU_DisableDBGStopMode
/var/folders/jn/652hmfdj2m99syhs9p34dk640000gq/T//ccaJsOb1.s:725    .text.HAL_DBGMCU_DisableDBGStopMode:000000000000000c $d
/var/folders/jn/652hmfdj2m99syhs9p34dk640000gq/T//ccaJsOb1.s:730    .text.HAL_DBGMCU_EnableDBGStandbyMode:0000000000000000 $t
/var/folders/jn/652hmfdj2m99syhs9p34dk640000gq/T//ccaJsOb1.s:735    .text.HAL_DBGMCU_EnableDBGStandbyMode:0000000000000000 HAL_DBGMCU_EnableDBGStandbyMode
/var/folders/jn/652hmfdj2m99syhs9p34dk640000gq/T//ccaJsOb1.s:751    .text.HAL_DBGMCU_EnableDBGStandbyMode:000000000000000c $d
/var/folders/jn/652hmfdj2m99syhs9p34dk640000gq/T//ccaJsOb1.s:756    .text.HAL_DBGMCU_DisableDBGStandbyMode:0000000000000000 $t
/var/folders/jn/652hmfdj2m99syhs9p34dk640000gq/T//ccaJsOb1.s:761    .text.HAL_DBGMCU_DisableDBGStandbyMode:0000000000000000 HAL_DBGMCU_DisableDBGStandbyMode
/var/folders/jn/652hmfdj2m99syhs9p34dk640000gq/T//ccaJsOb1.s:777    .text.HAL_DBGMCU_DisableDBGStandbyMode:000000000000000c $d
/var/folders/jn/652hmfdj2m99syhs9p34dk640000gq/T//ccaJsOb1.s:795    .data.uwTickFreq:0000000000000000 uwTickFreq
/var/folders/jn/652hmfdj2m99syhs9p34dk640000gq/T//ccaJsOb1.s:789    .data.uwTickPrio:0000000000000000 uwTickPrio
/var/folders/jn/652hmfdj2m99syhs9p34dk640000gq/T//ccaJsOb1.s:785    .data.uwTickPrio:0000000000000000 $d
                     .debug_frame:0000000000000010 $d

UNDEFINED SYMBOLS
HAL_SYSTICK_Config
HAL_NVIC_SetPriority
SystemCoreClock
HAL_NVIC_SetPriorityGrouping
