ARM GAS  /var/folders/jn/652hmfdj2m99syhs9p34dk640000gq/T//cc6mpMfY.s 			page 1


   1              		.syntax unified
   2              		.cpu cortex-m3
   3              		.fpu softvfp
   4              		.eabi_attribute 20, 1
   5              		.eabi_attribute 21, 1
   6              		.eabi_attribute 23, 3
   7              		.eabi_attribute 24, 1
   8              		.eabi_attribute 25, 1
   9              		.eabi_attribute 26, 1
  10              		.eabi_attribute 30, 1
  11              		.eabi_attribute 34, 1
  12              		.eabi_attribute 18, 4
  13              		.thumb
  14              		.syntax unified
  15              		.file	"stm32f1xx_hal_msp.c"
  16              		.text
  17              	.Ltext0:
  18              		.cfi_sections	.debug_frame
  19              		.section	.text.HAL_MspInit,"ax",%progbits
  20              		.align	2
  21              		.global	HAL_MspInit
  22              		.thumb
  23              		.thumb_func
  25              	HAL_MspInit:
  26              	.LFB65:
  27              		.file 1 "Src/stm32f1xx_hal_msp.c"
   1:Src/stm32f1xx_hal_msp.c **** /* USER CODE BEGIN Header */
   2:Src/stm32f1xx_hal_msp.c **** /**
   3:Src/stm32f1xx_hal_msp.c ****   ******************************************************************************
   4:Src/stm32f1xx_hal_msp.c ****   * File Name          : stm32f1xx_hal_msp.c
   5:Src/stm32f1xx_hal_msp.c ****   * Description        : This file provides code for the MSP Initialization 
   6:Src/stm32f1xx_hal_msp.c ****   *                      and de-Initialization codes.
   7:Src/stm32f1xx_hal_msp.c ****   ******************************************************************************
   8:Src/stm32f1xx_hal_msp.c ****   * @attention
   9:Src/stm32f1xx_hal_msp.c ****   *
  10:Src/stm32f1xx_hal_msp.c ****   * <h2><center>&copy; Copyright (c) 2020 STMicroelectronics.
  11:Src/stm32f1xx_hal_msp.c ****   * All rights reserved.</center></h2>
  12:Src/stm32f1xx_hal_msp.c ****   *
  13:Src/stm32f1xx_hal_msp.c ****   * This software component is licensed by ST under BSD 3-Clause license,
  14:Src/stm32f1xx_hal_msp.c ****   * the "License"; You may not use this file except in compliance with the
  15:Src/stm32f1xx_hal_msp.c ****   * License. You may obtain a copy of the License at:
  16:Src/stm32f1xx_hal_msp.c ****   *                        opensource.org/licenses/BSD-3-Clause
  17:Src/stm32f1xx_hal_msp.c ****   *
  18:Src/stm32f1xx_hal_msp.c ****   ******************************************************************************
  19:Src/stm32f1xx_hal_msp.c ****   */
  20:Src/stm32f1xx_hal_msp.c **** /* USER CODE END Header */
  21:Src/stm32f1xx_hal_msp.c **** 
  22:Src/stm32f1xx_hal_msp.c **** /* Includes ------------------------------------------------------------------*/
  23:Src/stm32f1xx_hal_msp.c **** #include "main.h"
  24:Src/stm32f1xx_hal_msp.c **** /* USER CODE BEGIN Includes */
  25:Src/stm32f1xx_hal_msp.c **** 
  26:Src/stm32f1xx_hal_msp.c **** /* USER CODE END Includes */
  27:Src/stm32f1xx_hal_msp.c **** 
  28:Src/stm32f1xx_hal_msp.c **** /* Private typedef -----------------------------------------------------------*/
  29:Src/stm32f1xx_hal_msp.c **** /* USER CODE BEGIN TD */
  30:Src/stm32f1xx_hal_msp.c **** 
  31:Src/stm32f1xx_hal_msp.c **** /* USER CODE END TD */
ARM GAS  /var/folders/jn/652hmfdj2m99syhs9p34dk640000gq/T//cc6mpMfY.s 			page 2


  32:Src/stm32f1xx_hal_msp.c **** 
  33:Src/stm32f1xx_hal_msp.c **** /* Private define ------------------------------------------------------------*/
  34:Src/stm32f1xx_hal_msp.c **** /* USER CODE BEGIN Define */
  35:Src/stm32f1xx_hal_msp.c ****  
  36:Src/stm32f1xx_hal_msp.c **** /* USER CODE END Define */
  37:Src/stm32f1xx_hal_msp.c **** 
  38:Src/stm32f1xx_hal_msp.c **** /* Private macro -------------------------------------------------------------*/
  39:Src/stm32f1xx_hal_msp.c **** /* USER CODE BEGIN Macro */
  40:Src/stm32f1xx_hal_msp.c **** 
  41:Src/stm32f1xx_hal_msp.c **** /* USER CODE END Macro */
  42:Src/stm32f1xx_hal_msp.c **** 
  43:Src/stm32f1xx_hal_msp.c **** /* Private variables ---------------------------------------------------------*/
  44:Src/stm32f1xx_hal_msp.c **** /* USER CODE BEGIN PV */
  45:Src/stm32f1xx_hal_msp.c **** 
  46:Src/stm32f1xx_hal_msp.c **** /* USER CODE END PV */
  47:Src/stm32f1xx_hal_msp.c **** 
  48:Src/stm32f1xx_hal_msp.c **** /* Private function prototypes -----------------------------------------------*/
  49:Src/stm32f1xx_hal_msp.c **** /* USER CODE BEGIN PFP */
  50:Src/stm32f1xx_hal_msp.c **** 
  51:Src/stm32f1xx_hal_msp.c **** /* USER CODE END PFP */
  52:Src/stm32f1xx_hal_msp.c **** 
  53:Src/stm32f1xx_hal_msp.c **** /* External functions --------------------------------------------------------*/
  54:Src/stm32f1xx_hal_msp.c **** /* USER CODE BEGIN ExternalFunctions */
  55:Src/stm32f1xx_hal_msp.c **** 
  56:Src/stm32f1xx_hal_msp.c **** /* USER CODE END ExternalFunctions */
  57:Src/stm32f1xx_hal_msp.c **** 
  58:Src/stm32f1xx_hal_msp.c **** /* USER CODE BEGIN 0 */
  59:Src/stm32f1xx_hal_msp.c **** 
  60:Src/stm32f1xx_hal_msp.c **** /* USER CODE END 0 */
  61:Src/stm32f1xx_hal_msp.c ****                         
  62:Src/stm32f1xx_hal_msp.c **** void HAL_TIM_MspPostInit(TIM_HandleTypeDef *htim);
  63:Src/stm32f1xx_hal_msp.c ****                     /**
  64:Src/stm32f1xx_hal_msp.c ****   * Initializes the Global MSP.
  65:Src/stm32f1xx_hal_msp.c ****   */
  66:Src/stm32f1xx_hal_msp.c **** void HAL_MspInit(void)
  67:Src/stm32f1xx_hal_msp.c **** {
  28              		.loc 1 67 0
  29              		.cfi_startproc
  30              		@ args = 0, pretend = 0, frame = 8
  31              		@ frame_needed = 0, uses_anonymous_args = 0
  32              		@ link register save eliminated.
  33 0000 82B0     		sub	sp, sp, #8
  34              	.LCFI0:
  35              		.cfi_def_cfa_offset 8
  36              	.LBB2:
  68:Src/stm32f1xx_hal_msp.c ****   /* USER CODE BEGIN MspInit 0 */
  69:Src/stm32f1xx_hal_msp.c **** 
  70:Src/stm32f1xx_hal_msp.c ****   /* USER CODE END MspInit 0 */
  71:Src/stm32f1xx_hal_msp.c **** 
  72:Src/stm32f1xx_hal_msp.c ****   __HAL_RCC_AFIO_CLK_ENABLE();
  37              		.loc 1 72 0
  38 0002 0E4B     		ldr	r3, .L3
  39 0004 9A69     		ldr	r2, [r3, #24]
  40 0006 42F00102 		orr	r2, r2, #1
  41 000a 9A61     		str	r2, [r3, #24]
  42 000c 9A69     		ldr	r2, [r3, #24]
  43 000e 02F00102 		and	r2, r2, #1
ARM GAS  /var/folders/jn/652hmfdj2m99syhs9p34dk640000gq/T//cc6mpMfY.s 			page 3


  44 0012 0092     		str	r2, [sp]
  45 0014 009A     		ldr	r2, [sp]
  46              	.LBE2:
  47              	.LBB3:
  73:Src/stm32f1xx_hal_msp.c ****   __HAL_RCC_PWR_CLK_ENABLE();
  48              		.loc 1 73 0
  49 0016 DA69     		ldr	r2, [r3, #28]
  50 0018 42F08052 		orr	r2, r2, #268435456
  51 001c DA61     		str	r2, [r3, #28]
  52 001e DB69     		ldr	r3, [r3, #28]
  53 0020 03F08053 		and	r3, r3, #268435456
  54 0024 0193     		str	r3, [sp, #4]
  55 0026 019B     		ldr	r3, [sp, #4]
  56              	.LBE3:
  57              	.LBB4:
  74:Src/stm32f1xx_hal_msp.c **** 
  75:Src/stm32f1xx_hal_msp.c ****   /* System interrupt init*/
  76:Src/stm32f1xx_hal_msp.c **** 
  77:Src/stm32f1xx_hal_msp.c ****   /** DISABLE: JTAG-DP Disabled and SW-DP Disabled 
  78:Src/stm32f1xx_hal_msp.c ****   */
  79:Src/stm32f1xx_hal_msp.c ****   __HAL_AFIO_REMAP_SWJ_DISABLE();
  58              		.loc 1 79 0
  59 0028 054A     		ldr	r2, .L3+4
  60 002a 5368     		ldr	r3, [r2, #4]
  61              	.LVL0:
  62 002c 23F0E063 		bic	r3, r3, #117440512
  63              	.LVL1:
  64 0030 43F08063 		orr	r3, r3, #67108864
  65              	.LVL2:
  66 0034 5360     		str	r3, [r2, #4]
  67              	.LBE4:
  80:Src/stm32f1xx_hal_msp.c **** 
  81:Src/stm32f1xx_hal_msp.c ****   /* USER CODE BEGIN MspInit 1 */
  82:Src/stm32f1xx_hal_msp.c **** 
  83:Src/stm32f1xx_hal_msp.c ****   /* USER CODE END MspInit 1 */
  84:Src/stm32f1xx_hal_msp.c **** }
  68              		.loc 1 84 0
  69 0036 02B0     		add	sp, sp, #8
  70              	.LCFI1:
  71              		.cfi_def_cfa_offset 0
  72              		@ sp needed
  73 0038 7047     		bx	lr
  74              	.L4:
  75 003a 00BF     		.align	2
  76              	.L3:
  77 003c 00100240 		.word	1073876992
  78 0040 00000140 		.word	1073807360
  79              		.cfi_endproc
  80              	.LFE65:
  82              		.section	.text.HAL_ADC_MspInit,"ax",%progbits
  83              		.align	2
  84              		.global	HAL_ADC_MspInit
  85              		.thumb
  86              		.thumb_func
  88              	HAL_ADC_MspInit:
  89              	.LFB66:
  85:Src/stm32f1xx_hal_msp.c **** 
ARM GAS  /var/folders/jn/652hmfdj2m99syhs9p34dk640000gq/T//cc6mpMfY.s 			page 4


  86:Src/stm32f1xx_hal_msp.c **** /**
  87:Src/stm32f1xx_hal_msp.c **** * @brief ADC MSP Initialization
  88:Src/stm32f1xx_hal_msp.c **** * This function configures the hardware resources used in this example
  89:Src/stm32f1xx_hal_msp.c **** * @param hadc: ADC handle pointer
  90:Src/stm32f1xx_hal_msp.c **** * @retval None
  91:Src/stm32f1xx_hal_msp.c **** */
  92:Src/stm32f1xx_hal_msp.c **** void HAL_ADC_MspInit(ADC_HandleTypeDef* hadc)
  93:Src/stm32f1xx_hal_msp.c **** {
  90              		.loc 1 93 0
  91              		.cfi_startproc
  92              		@ args = 0, pretend = 0, frame = 24
  93              		@ frame_needed = 0, uses_anonymous_args = 0
  94              	.LVL3:
  95 0000 00B5     		push	{lr}
  96              	.LCFI2:
  97              		.cfi_def_cfa_offset 4
  98              		.cfi_offset 14, -4
  99 0002 87B0     		sub	sp, sp, #28
 100              	.LCFI3:
 101              		.cfi_def_cfa_offset 32
  94:Src/stm32f1xx_hal_msp.c ****   GPIO_InitTypeDef GPIO_InitStruct = {0};
 102              		.loc 1 94 0
 103 0004 0023     		movs	r3, #0
 104 0006 0293     		str	r3, [sp, #8]
 105 0008 0393     		str	r3, [sp, #12]
 106 000a 0493     		str	r3, [sp, #16]
 107 000c 0593     		str	r3, [sp, #20]
  95:Src/stm32f1xx_hal_msp.c ****   if(hadc->Instance==ADC1)
 108              		.loc 1 95 0
 109 000e 0268     		ldr	r2, [r0]
 110 0010 104B     		ldr	r3, .L8
 111 0012 9A42     		cmp	r2, r3
 112 0014 1BD1     		bne	.L5
 113              	.LBB5:
  96:Src/stm32f1xx_hal_msp.c ****   {
  97:Src/stm32f1xx_hal_msp.c ****   /* USER CODE BEGIN ADC1_MspInit 0 */
  98:Src/stm32f1xx_hal_msp.c **** 
  99:Src/stm32f1xx_hal_msp.c ****   /* USER CODE END ADC1_MspInit 0 */
 100:Src/stm32f1xx_hal_msp.c ****     /* Peripheral clock enable */
 101:Src/stm32f1xx_hal_msp.c ****     __HAL_RCC_ADC1_CLK_ENABLE();
 114              		.loc 1 101 0
 115 0016 03F56C43 		add	r3, r3, #60416
 116 001a 9A69     		ldr	r2, [r3, #24]
 117 001c 42F40072 		orr	r2, r2, #512
 118 0020 9A61     		str	r2, [r3, #24]
 119 0022 9A69     		ldr	r2, [r3, #24]
 120 0024 02F40072 		and	r2, r2, #512
 121 0028 0092     		str	r2, [sp]
 122 002a 009A     		ldr	r2, [sp]
 123              	.LBE5:
 124              	.LBB6:
 102:Src/stm32f1xx_hal_msp.c ****   
 103:Src/stm32f1xx_hal_msp.c ****     __HAL_RCC_GPIOA_CLK_ENABLE();
 125              		.loc 1 103 0
 126 002c 9A69     		ldr	r2, [r3, #24]
 127 002e 42F00402 		orr	r2, r2, #4
 128 0032 9A61     		str	r2, [r3, #24]
ARM GAS  /var/folders/jn/652hmfdj2m99syhs9p34dk640000gq/T//cc6mpMfY.s 			page 5


 129 0034 9B69     		ldr	r3, [r3, #24]
 130 0036 03F00403 		and	r3, r3, #4
 131 003a 0193     		str	r3, [sp, #4]
 132 003c 019B     		ldr	r3, [sp, #4]
 133              	.LBE6:
 104:Src/stm32f1xx_hal_msp.c ****     /**ADC1 GPIO Configuration    
 105:Src/stm32f1xx_hal_msp.c ****     PA7     ------> ADC1_IN7 
 106:Src/stm32f1xx_hal_msp.c ****     */
 107:Src/stm32f1xx_hal_msp.c ****     GPIO_InitStruct.Pin = GPIO_PIN_7;
 134              		.loc 1 107 0
 135 003e 8023     		movs	r3, #128
 136 0040 0293     		str	r3, [sp, #8]
 108:Src/stm32f1xx_hal_msp.c ****     GPIO_InitStruct.Mode = GPIO_MODE_ANALOG;
 137              		.loc 1 108 0
 138 0042 0323     		movs	r3, #3
 139 0044 0393     		str	r3, [sp, #12]
 109:Src/stm32f1xx_hal_msp.c ****     HAL_GPIO_Init(GPIOA, &GPIO_InitStruct);
 140              		.loc 1 109 0
 141 0046 02A9     		add	r1, sp, #8
 142 0048 0348     		ldr	r0, .L8+4
 143              	.LVL4:
 144 004a FFF7FEFF 		bl	HAL_GPIO_Init
 145              	.LVL5:
 146              	.L5:
 110:Src/stm32f1xx_hal_msp.c **** 
 111:Src/stm32f1xx_hal_msp.c ****   /* USER CODE BEGIN ADC1_MspInit 1 */
 112:Src/stm32f1xx_hal_msp.c **** 
 113:Src/stm32f1xx_hal_msp.c ****   /* USER CODE END ADC1_MspInit 1 */
 114:Src/stm32f1xx_hal_msp.c ****   }
 115:Src/stm32f1xx_hal_msp.c **** 
 116:Src/stm32f1xx_hal_msp.c **** }
 147              		.loc 1 116 0
 148 004e 07B0     		add	sp, sp, #28
 149              	.LCFI4:
 150              		.cfi_def_cfa_offset 4
 151              		@ sp needed
 152 0050 5DF804FB 		ldr	pc, [sp], #4
 153              	.L9:
 154              		.align	2
 155              	.L8:
 156 0054 00240140 		.word	1073816576
 157 0058 00080140 		.word	1073809408
 158              		.cfi_endproc
 159              	.LFE66:
 161              		.section	.text.HAL_ADC_MspDeInit,"ax",%progbits
 162              		.align	2
 163              		.global	HAL_ADC_MspDeInit
 164              		.thumb
 165              		.thumb_func
 167              	HAL_ADC_MspDeInit:
 168              	.LFB67:
 117:Src/stm32f1xx_hal_msp.c **** 
 118:Src/stm32f1xx_hal_msp.c **** /**
 119:Src/stm32f1xx_hal_msp.c **** * @brief ADC MSP De-Initialization
 120:Src/stm32f1xx_hal_msp.c **** * This function freeze the hardware resources used in this example
 121:Src/stm32f1xx_hal_msp.c **** * @param hadc: ADC handle pointer
 122:Src/stm32f1xx_hal_msp.c **** * @retval None
ARM GAS  /var/folders/jn/652hmfdj2m99syhs9p34dk640000gq/T//cc6mpMfY.s 			page 6


 123:Src/stm32f1xx_hal_msp.c **** */
 124:Src/stm32f1xx_hal_msp.c **** void HAL_ADC_MspDeInit(ADC_HandleTypeDef* hadc)
 125:Src/stm32f1xx_hal_msp.c **** {
 169              		.loc 1 125 0
 170              		.cfi_startproc
 171              		@ args = 0, pretend = 0, frame = 0
 172              		@ frame_needed = 0, uses_anonymous_args = 0
 173              	.LVL6:
 174 0000 08B5     		push	{r3, lr}
 175              	.LCFI5:
 176              		.cfi_def_cfa_offset 8
 177              		.cfi_offset 3, -8
 178              		.cfi_offset 14, -4
 126:Src/stm32f1xx_hal_msp.c ****   if(hadc->Instance==ADC1)
 179              		.loc 1 126 0
 180 0002 0268     		ldr	r2, [r0]
 181 0004 064B     		ldr	r3, .L13
 182 0006 9A42     		cmp	r2, r3
 183 0008 08D1     		bne	.L10
 127:Src/stm32f1xx_hal_msp.c ****   {
 128:Src/stm32f1xx_hal_msp.c ****   /* USER CODE BEGIN ADC1_MspDeInit 0 */
 129:Src/stm32f1xx_hal_msp.c **** 
 130:Src/stm32f1xx_hal_msp.c ****   /* USER CODE END ADC1_MspDeInit 0 */
 131:Src/stm32f1xx_hal_msp.c ****     /* Peripheral clock disable */
 132:Src/stm32f1xx_hal_msp.c ****     __HAL_RCC_ADC1_CLK_DISABLE();
 184              		.loc 1 132 0
 185 000a 064A     		ldr	r2, .L13+4
 186 000c 9369     		ldr	r3, [r2, #24]
 187 000e 23F40073 		bic	r3, r3, #512
 188 0012 9361     		str	r3, [r2, #24]
 133:Src/stm32f1xx_hal_msp.c ****   
 134:Src/stm32f1xx_hal_msp.c ****     /**ADC1 GPIO Configuration    
 135:Src/stm32f1xx_hal_msp.c ****     PA7     ------> ADC1_IN7 
 136:Src/stm32f1xx_hal_msp.c ****     */
 137:Src/stm32f1xx_hal_msp.c ****     HAL_GPIO_DeInit(GPIOA, GPIO_PIN_7);
 189              		.loc 1 137 0
 190 0014 8021     		movs	r1, #128
 191 0016 0448     		ldr	r0, .L13+8
 192              	.LVL7:
 193 0018 FFF7FEFF 		bl	HAL_GPIO_DeInit
 194              	.LVL8:
 195              	.L10:
 196 001c 08BD     		pop	{r3, pc}
 197              	.L14:
 198 001e 00BF     		.align	2
 199              	.L13:
 200 0020 00240140 		.word	1073816576
 201 0024 00100240 		.word	1073876992
 202 0028 00080140 		.word	1073809408
 203              		.cfi_endproc
 204              	.LFE67:
 206              		.section	.text.HAL_TIM_Base_MspInit,"ax",%progbits
 207              		.align	2
 208              		.global	HAL_TIM_Base_MspInit
 209              		.thumb
 210              		.thumb_func
 212              	HAL_TIM_Base_MspInit:
ARM GAS  /var/folders/jn/652hmfdj2m99syhs9p34dk640000gq/T//cc6mpMfY.s 			page 7


 213              	.LFB68:
 138:Src/stm32f1xx_hal_msp.c **** 
 139:Src/stm32f1xx_hal_msp.c ****   /* USER CODE BEGIN ADC1_MspDeInit 1 */
 140:Src/stm32f1xx_hal_msp.c **** 
 141:Src/stm32f1xx_hal_msp.c ****   /* USER CODE END ADC1_MspDeInit 1 */
 142:Src/stm32f1xx_hal_msp.c ****   }
 143:Src/stm32f1xx_hal_msp.c **** 
 144:Src/stm32f1xx_hal_msp.c **** }
 145:Src/stm32f1xx_hal_msp.c **** 
 146:Src/stm32f1xx_hal_msp.c **** /**
 147:Src/stm32f1xx_hal_msp.c **** * @brief TIM_Base MSP Initialization
 148:Src/stm32f1xx_hal_msp.c **** * This function configures the hardware resources used in this example
 149:Src/stm32f1xx_hal_msp.c **** * @param htim_base: TIM_Base handle pointer
 150:Src/stm32f1xx_hal_msp.c **** * @retval None
 151:Src/stm32f1xx_hal_msp.c **** */
 152:Src/stm32f1xx_hal_msp.c **** void HAL_TIM_Base_MspInit(TIM_HandleTypeDef* htim_base)
 153:Src/stm32f1xx_hal_msp.c **** {
 214              		.loc 1 153 0
 215              		.cfi_startproc
 216              		@ args = 0, pretend = 0, frame = 8
 217              		@ frame_needed = 0, uses_anonymous_args = 0
 218              		@ link register save eliminated.
 219              	.LVL9:
 154:Src/stm32f1xx_hal_msp.c ****   if(htim_base->Instance==TIM2)
 220              		.loc 1 154 0
 221 0000 0368     		ldr	r3, [r0]
 222 0002 B3F1804F 		cmp	r3, #1073741824
 223 0006 0CD1     		bne	.L19
 153:Src/stm32f1xx_hal_msp.c ****   if(htim_base->Instance==TIM2)
 224              		.loc 1 153 0
 225 0008 82B0     		sub	sp, sp, #8
 226              	.LCFI6:
 227              		.cfi_def_cfa_offset 8
 228              	.LBB7:
 155:Src/stm32f1xx_hal_msp.c ****   {
 156:Src/stm32f1xx_hal_msp.c ****   /* USER CODE BEGIN TIM2_MspInit 0 */
 157:Src/stm32f1xx_hal_msp.c **** 
 158:Src/stm32f1xx_hal_msp.c ****   /* USER CODE END TIM2_MspInit 0 */
 159:Src/stm32f1xx_hal_msp.c ****     /* Peripheral clock enable */
 160:Src/stm32f1xx_hal_msp.c ****     __HAL_RCC_TIM2_CLK_ENABLE();
 229              		.loc 1 160 0
 230 000a 03F50433 		add	r3, r3, #135168
 231 000e DA69     		ldr	r2, [r3, #28]
 232 0010 42F00102 		orr	r2, r2, #1
 233 0014 DA61     		str	r2, [r3, #28]
 234 0016 DB69     		ldr	r3, [r3, #28]
 235 0018 03F00103 		and	r3, r3, #1
 236 001c 0193     		str	r3, [sp, #4]
 237 001e 019B     		ldr	r3, [sp, #4]
 238              	.LBE7:
 161:Src/stm32f1xx_hal_msp.c ****   /* USER CODE BEGIN TIM2_MspInit 1 */
 162:Src/stm32f1xx_hal_msp.c **** 
 163:Src/stm32f1xx_hal_msp.c ****   /* USER CODE END TIM2_MspInit 1 */
 164:Src/stm32f1xx_hal_msp.c ****   }
 165:Src/stm32f1xx_hal_msp.c **** 
 166:Src/stm32f1xx_hal_msp.c **** }
 239              		.loc 1 166 0
ARM GAS  /var/folders/jn/652hmfdj2m99syhs9p34dk640000gq/T//cc6mpMfY.s 			page 8


 240 0020 02B0     		add	sp, sp, #8
 241              	.LCFI7:
 242              		.cfi_def_cfa_offset 0
 243              		@ sp needed
 244              	.L19:
 245 0022 7047     		bx	lr
 246              		.cfi_endproc
 247              	.LFE68:
 249              		.section	.text.HAL_TIM_MspPostInit,"ax",%progbits
 250              		.align	2
 251              		.global	HAL_TIM_MspPostInit
 252              		.thumb
 253              		.thumb_func
 255              	HAL_TIM_MspPostInit:
 256              	.LFB69:
 167:Src/stm32f1xx_hal_msp.c **** 
 168:Src/stm32f1xx_hal_msp.c **** void HAL_TIM_MspPostInit(TIM_HandleTypeDef* htim)
 169:Src/stm32f1xx_hal_msp.c **** {
 257              		.loc 1 169 0
 258              		.cfi_startproc
 259              		@ args = 0, pretend = 0, frame = 24
 260              		@ frame_needed = 0, uses_anonymous_args = 0
 261              	.LVL10:
 262 0000 00B5     		push	{lr}
 263              	.LCFI8:
 264              		.cfi_def_cfa_offset 4
 265              		.cfi_offset 14, -4
 266 0002 87B0     		sub	sp, sp, #28
 267              	.LCFI9:
 268              		.cfi_def_cfa_offset 32
 170:Src/stm32f1xx_hal_msp.c ****   GPIO_InitTypeDef GPIO_InitStruct = {0};
 269              		.loc 1 170 0
 270 0004 0023     		movs	r3, #0
 271 0006 0293     		str	r3, [sp, #8]
 272 0008 0393     		str	r3, [sp, #12]
 273 000a 0493     		str	r3, [sp, #16]
 274 000c 0593     		str	r3, [sp, #20]
 171:Src/stm32f1xx_hal_msp.c ****   if(htim->Instance==TIM2)
 275              		.loc 1 171 0
 276 000e 0368     		ldr	r3, [r0]
 277 0010 B3F1804F 		cmp	r3, #1073741824
 278 0014 13D1     		bne	.L20
 279              	.LBB8:
 172:Src/stm32f1xx_hal_msp.c ****   {
 173:Src/stm32f1xx_hal_msp.c ****   /* USER CODE BEGIN TIM2_MspPostInit 0 */
 174:Src/stm32f1xx_hal_msp.c **** 
 175:Src/stm32f1xx_hal_msp.c ****   /* USER CODE END TIM2_MspPostInit 0 */
 176:Src/stm32f1xx_hal_msp.c ****   
 177:Src/stm32f1xx_hal_msp.c ****     __HAL_RCC_GPIOA_CLK_ENABLE();
 280              		.loc 1 177 0
 281 0016 03F50433 		add	r3, r3, #135168
 282 001a 9A69     		ldr	r2, [r3, #24]
 283 001c 42F00402 		orr	r2, r2, #4
 284 0020 9A61     		str	r2, [r3, #24]
 285 0022 9B69     		ldr	r3, [r3, #24]
 286 0024 03F00403 		and	r3, r3, #4
 287 0028 0193     		str	r3, [sp, #4]
ARM GAS  /var/folders/jn/652hmfdj2m99syhs9p34dk640000gq/T//cc6mpMfY.s 			page 9


 288 002a 019B     		ldr	r3, [sp, #4]
 289              	.LBE8:
 178:Src/stm32f1xx_hal_msp.c ****     /**TIM2 GPIO Configuration    
 179:Src/stm32f1xx_hal_msp.c ****     PA0-WKUP     ------> TIM2_CH1 
 180:Src/stm32f1xx_hal_msp.c ****     */
 181:Src/stm32f1xx_hal_msp.c ****     GPIO_InitStruct.Pin = GPIO_PIN_0;
 290              		.loc 1 181 0
 291 002c 0123     		movs	r3, #1
 292 002e 0293     		str	r3, [sp, #8]
 182:Src/stm32f1xx_hal_msp.c ****     GPIO_InitStruct.Mode = GPIO_MODE_AF_PP;
 293              		.loc 1 182 0
 294 0030 0223     		movs	r3, #2
 295 0032 0393     		str	r3, [sp, #12]
 183:Src/stm32f1xx_hal_msp.c ****     GPIO_InitStruct.Speed = GPIO_SPEED_FREQ_LOW;
 296              		.loc 1 183 0
 297 0034 0593     		str	r3, [sp, #20]
 184:Src/stm32f1xx_hal_msp.c ****     HAL_GPIO_Init(GPIOA, &GPIO_InitStruct);
 298              		.loc 1 184 0
 299 0036 02A9     		add	r1, sp, #8
 300 0038 0248     		ldr	r0, .L23
 301              	.LVL11:
 302 003a FFF7FEFF 		bl	HAL_GPIO_Init
 303              	.LVL12:
 304              	.L20:
 185:Src/stm32f1xx_hal_msp.c **** 
 186:Src/stm32f1xx_hal_msp.c ****   /* USER CODE BEGIN TIM2_MspPostInit 1 */
 187:Src/stm32f1xx_hal_msp.c **** 
 188:Src/stm32f1xx_hal_msp.c ****   /* USER CODE END TIM2_MspPostInit 1 */
 189:Src/stm32f1xx_hal_msp.c ****   }
 190:Src/stm32f1xx_hal_msp.c **** 
 191:Src/stm32f1xx_hal_msp.c **** }
 305              		.loc 1 191 0
 306 003e 07B0     		add	sp, sp, #28
 307              	.LCFI10:
 308              		.cfi_def_cfa_offset 4
 309              		@ sp needed
 310 0040 5DF804FB 		ldr	pc, [sp], #4
 311              	.L24:
 312              		.align	2
 313              	.L23:
 314 0044 00080140 		.word	1073809408
 315              		.cfi_endproc
 316              	.LFE69:
 318              		.section	.text.HAL_TIM_Base_MspDeInit,"ax",%progbits
 319              		.align	2
 320              		.global	HAL_TIM_Base_MspDeInit
 321              		.thumb
 322              		.thumb_func
 324              	HAL_TIM_Base_MspDeInit:
 325              	.LFB70:
 192:Src/stm32f1xx_hal_msp.c **** /**
 193:Src/stm32f1xx_hal_msp.c **** * @brief TIM_Base MSP De-Initialization
 194:Src/stm32f1xx_hal_msp.c **** * This function freeze the hardware resources used in this example
 195:Src/stm32f1xx_hal_msp.c **** * @param htim_base: TIM_Base handle pointer
 196:Src/stm32f1xx_hal_msp.c **** * @retval None
 197:Src/stm32f1xx_hal_msp.c **** */
 198:Src/stm32f1xx_hal_msp.c **** void HAL_TIM_Base_MspDeInit(TIM_HandleTypeDef* htim_base)
ARM GAS  /var/folders/jn/652hmfdj2m99syhs9p34dk640000gq/T//cc6mpMfY.s 			page 10


 199:Src/stm32f1xx_hal_msp.c **** {
 326              		.loc 1 199 0
 327              		.cfi_startproc
 328              		@ args = 0, pretend = 0, frame = 0
 329              		@ frame_needed = 0, uses_anonymous_args = 0
 330              		@ link register save eliminated.
 331              	.LVL13:
 200:Src/stm32f1xx_hal_msp.c ****   if(htim_base->Instance==TIM2)
 332              		.loc 1 200 0
 333 0000 0368     		ldr	r3, [r0]
 334 0002 B3F1804F 		cmp	r3, #1073741824
 335 0006 04D1     		bne	.L25
 201:Src/stm32f1xx_hal_msp.c ****   {
 202:Src/stm32f1xx_hal_msp.c ****   /* USER CODE BEGIN TIM2_MspDeInit 0 */
 203:Src/stm32f1xx_hal_msp.c **** 
 204:Src/stm32f1xx_hal_msp.c ****   /* USER CODE END TIM2_MspDeInit 0 */
 205:Src/stm32f1xx_hal_msp.c ****     /* Peripheral clock disable */
 206:Src/stm32f1xx_hal_msp.c ****     __HAL_RCC_TIM2_CLK_DISABLE();
 336              		.loc 1 206 0
 337 0008 024A     		ldr	r2, .L27
 338 000a D369     		ldr	r3, [r2, #28]
 339 000c 23F00103 		bic	r3, r3, #1
 340 0010 D361     		str	r3, [r2, #28]
 341              	.L25:
 342 0012 7047     		bx	lr
 343              	.L28:
 344              		.align	2
 345              	.L27:
 346 0014 00100240 		.word	1073876992
 347              		.cfi_endproc
 348              	.LFE70:
 350              		.text
 351              	.Letext0:
 352              		.file 2 "/usr/local/Cellar/gcc-arm-none-eabi/20160928/arm-none-eabi/include/machine/_default_types
 353              		.file 3 "/usr/local/Cellar/gcc-arm-none-eabi/20160928/arm-none-eabi/include/sys/_stdint.h"
 354              		.file 4 "Drivers/CMSIS/Device/ST/STM32F1xx/Include/stm32f103xb.h"
 355              		.file 5 "Drivers/CMSIS/Device/ST/STM32F1xx/Include/stm32f1xx.h"
 356              		.file 6 "Drivers/STM32F1xx_HAL_Driver/Inc/stm32f1xx_hal_def.h"
 357              		.file 7 "Drivers/STM32F1xx_HAL_Driver/Inc/stm32f1xx_hal_gpio.h"
 358              		.file 8 "Drivers/STM32F1xx_HAL_Driver/Inc/stm32f1xx_hal_dma.h"
 359              		.file 9 "Drivers/STM32F1xx_HAL_Driver/Inc/stm32f1xx_hal_adc.h"
 360              		.file 10 "Drivers/STM32F1xx_HAL_Driver/Inc/stm32f1xx_hal_tim.h"
 361              		.file 11 "Drivers/CMSIS/Include/core_cm3.h"
ARM GAS  /var/folders/jn/652hmfdj2m99syhs9p34dk640000gq/T//cc6mpMfY.s 			page 11


DEFINED SYMBOLS
                            *ABS*:0000000000000000 stm32f1xx_hal_msp.c
/var/folders/jn/652hmfdj2m99syhs9p34dk640000gq/T//cc6mpMfY.s:20     .text.HAL_MspInit:0000000000000000 $t
/var/folders/jn/652hmfdj2m99syhs9p34dk640000gq/T//cc6mpMfY.s:25     .text.HAL_MspInit:0000000000000000 HAL_MspInit
/var/folders/jn/652hmfdj2m99syhs9p34dk640000gq/T//cc6mpMfY.s:77     .text.HAL_MspInit:000000000000003c $d
/var/folders/jn/652hmfdj2m99syhs9p34dk640000gq/T//cc6mpMfY.s:83     .text.HAL_ADC_MspInit:0000000000000000 $t
/var/folders/jn/652hmfdj2m99syhs9p34dk640000gq/T//cc6mpMfY.s:88     .text.HAL_ADC_MspInit:0000000000000000 HAL_ADC_MspInit
/var/folders/jn/652hmfdj2m99syhs9p34dk640000gq/T//cc6mpMfY.s:156    .text.HAL_ADC_MspInit:0000000000000054 $d
/var/folders/jn/652hmfdj2m99syhs9p34dk640000gq/T//cc6mpMfY.s:162    .text.HAL_ADC_MspDeInit:0000000000000000 $t
/var/folders/jn/652hmfdj2m99syhs9p34dk640000gq/T//cc6mpMfY.s:167    .text.HAL_ADC_MspDeInit:0000000000000000 HAL_ADC_MspDeInit
/var/folders/jn/652hmfdj2m99syhs9p34dk640000gq/T//cc6mpMfY.s:200    .text.HAL_ADC_MspDeInit:0000000000000020 $d
/var/folders/jn/652hmfdj2m99syhs9p34dk640000gq/T//cc6mpMfY.s:207    .text.HAL_TIM_Base_MspInit:0000000000000000 $t
/var/folders/jn/652hmfdj2m99syhs9p34dk640000gq/T//cc6mpMfY.s:212    .text.HAL_TIM_Base_MspInit:0000000000000000 HAL_TIM_Base_MspInit
/var/folders/jn/652hmfdj2m99syhs9p34dk640000gq/T//cc6mpMfY.s:250    .text.HAL_TIM_MspPostInit:0000000000000000 $t
/var/folders/jn/652hmfdj2m99syhs9p34dk640000gq/T//cc6mpMfY.s:255    .text.HAL_TIM_MspPostInit:0000000000000000 HAL_TIM_MspPostInit
/var/folders/jn/652hmfdj2m99syhs9p34dk640000gq/T//cc6mpMfY.s:314    .text.HAL_TIM_MspPostInit:0000000000000044 $d
/var/folders/jn/652hmfdj2m99syhs9p34dk640000gq/T//cc6mpMfY.s:319    .text.HAL_TIM_Base_MspDeInit:0000000000000000 $t
/var/folders/jn/652hmfdj2m99syhs9p34dk640000gq/T//cc6mpMfY.s:324    .text.HAL_TIM_Base_MspDeInit:0000000000000000 HAL_TIM_Base_MspDeInit
/var/folders/jn/652hmfdj2m99syhs9p34dk640000gq/T//cc6mpMfY.s:346    .text.HAL_TIM_Base_MspDeInit:0000000000000014 $d
                     .debug_frame:0000000000000010 $d

UNDEFINED SYMBOLS
HAL_GPIO_Init
HAL_GPIO_DeInit
