ARM GAS  /var/folders/jn/652hmfdj2m99syhs9p34dk640000gq/T//ccfqn3BZ.s 			page 1


   1              		.syntax unified
   2              		.cpu cortex-m3
   3              		.fpu softvfp
   4              		.eabi_attribute 20, 1
   5              		.eabi_attribute 21, 1
   6              		.eabi_attribute 23, 3
   7              		.eabi_attribute 24, 1
   8              		.eabi_attribute 25, 1
   9              		.eabi_attribute 26, 1
  10              		.eabi_attribute 30, 4
  11              		.eabi_attribute 34, 1
  12              		.eabi_attribute 18, 4
  13              		.thumb
  14              		.syntax unified
  15              		.file	"system_stm32f1xx.c"
  16              		.text
  17              	.Ltext0:
  18              		.cfi_sections	.debug_frame
  19              		.section	.text.SystemInit,"ax",%progbits
  20              		.align	1
  21              		.global	SystemInit
  22              		.thumb
  23              		.thumb_func
  25              	SystemInit:
  26              	.LFB65:
  27              		.file 1 "Src/system_stm32f1xx.c"
   1:Src/system_stm32f1xx.c **** /**
   2:Src/system_stm32f1xx.c ****   ******************************************************************************
   3:Src/system_stm32f1xx.c ****   * @file    system_stm32f1xx.c
   4:Src/system_stm32f1xx.c ****   * @author  MCD Application Team
   5:Src/system_stm32f1xx.c ****   * @brief   CMSIS Cortex-M3 Device Peripheral Access Layer System Source File.
   6:Src/system_stm32f1xx.c ****   * 
   7:Src/system_stm32f1xx.c ****   * 1.  This file provides two functions and one global variable to be called from 
   8:Src/system_stm32f1xx.c ****   *     user application:
   9:Src/system_stm32f1xx.c ****   *      - SystemInit(): Setups the system clock (System clock source, PLL Multiplier
  10:Src/system_stm32f1xx.c ****   *                      factors, AHB/APBx prescalers and Flash settings). 
  11:Src/system_stm32f1xx.c ****   *                      This function is called at startup just after reset and 
  12:Src/system_stm32f1xx.c ****   *                      before branch to main program. This call is made inside
  13:Src/system_stm32f1xx.c ****   *                      the "startup_stm32f1xx_xx.s" file.
  14:Src/system_stm32f1xx.c ****   *
  15:Src/system_stm32f1xx.c ****   *      - SystemCoreClock variable: Contains the core clock (HCLK), it can be used
  16:Src/system_stm32f1xx.c ****   *                                  by the user application to setup the SysTick 
  17:Src/system_stm32f1xx.c ****   *                                  timer or configure other parameters.
  18:Src/system_stm32f1xx.c ****   *                                     
  19:Src/system_stm32f1xx.c ****   *      - SystemCoreClockUpdate(): Updates the variable SystemCoreClock and must
  20:Src/system_stm32f1xx.c ****   *                                 be called whenever the core clock is changed
  21:Src/system_stm32f1xx.c ****   *                                 during program execution.
  22:Src/system_stm32f1xx.c ****   *
  23:Src/system_stm32f1xx.c ****   * 2. After each device reset the HSI (8 MHz) is used as system clock source.
  24:Src/system_stm32f1xx.c ****   *    Then SystemInit() function is called, in "startup_stm32f1xx_xx.s" file, to
  25:Src/system_stm32f1xx.c ****   *    configure the system clock before to branch to main program.
  26:Src/system_stm32f1xx.c ****   *
  27:Src/system_stm32f1xx.c ****   * 4. The default value of HSE crystal is set to 8 MHz (or 25 MHz, depending on
  28:Src/system_stm32f1xx.c ****   *    the product used), refer to "HSE_VALUE". 
  29:Src/system_stm32f1xx.c ****   *    When HSE is used as system clock source, directly or through PLL, and you
  30:Src/system_stm32f1xx.c ****   *    are using different crystal you have to adapt the HSE value to your own
  31:Src/system_stm32f1xx.c ****   *    configuration.
ARM GAS  /var/folders/jn/652hmfdj2m99syhs9p34dk640000gq/T//ccfqn3BZ.s 			page 2


  32:Src/system_stm32f1xx.c ****   *        
  33:Src/system_stm32f1xx.c ****   ******************************************************************************
  34:Src/system_stm32f1xx.c ****   * @attention
  35:Src/system_stm32f1xx.c ****   *
  36:Src/system_stm32f1xx.c ****   * <h2><center>&copy; Copyright (c) 2017 STMicroelectronics.
  37:Src/system_stm32f1xx.c ****   * All rights reserved.</center></h2>
  38:Src/system_stm32f1xx.c ****   *
  39:Src/system_stm32f1xx.c ****   * This software component is licensed by ST under BSD 3-Clause license,
  40:Src/system_stm32f1xx.c ****   * the "License"; You may not use this file except in compliance with the
  41:Src/system_stm32f1xx.c ****   * License. You may obtain a copy of the License at:
  42:Src/system_stm32f1xx.c ****   *                        opensource.org/licenses/BSD-3-Clause
  43:Src/system_stm32f1xx.c ****   *
  44:Src/system_stm32f1xx.c ****   ******************************************************************************
  45:Src/system_stm32f1xx.c ****   */
  46:Src/system_stm32f1xx.c **** 
  47:Src/system_stm32f1xx.c **** /** @addtogroup CMSIS
  48:Src/system_stm32f1xx.c ****   * @{
  49:Src/system_stm32f1xx.c ****   */
  50:Src/system_stm32f1xx.c **** 
  51:Src/system_stm32f1xx.c **** /** @addtogroup stm32f1xx_system
  52:Src/system_stm32f1xx.c ****   * @{
  53:Src/system_stm32f1xx.c ****   */  
  54:Src/system_stm32f1xx.c ****   
  55:Src/system_stm32f1xx.c **** /** @addtogroup STM32F1xx_System_Private_Includes
  56:Src/system_stm32f1xx.c ****   * @{
  57:Src/system_stm32f1xx.c ****   */
  58:Src/system_stm32f1xx.c **** 
  59:Src/system_stm32f1xx.c **** #include "stm32f1xx.h"
  60:Src/system_stm32f1xx.c **** 
  61:Src/system_stm32f1xx.c **** /**
  62:Src/system_stm32f1xx.c ****   * @}
  63:Src/system_stm32f1xx.c ****   */
  64:Src/system_stm32f1xx.c **** 
  65:Src/system_stm32f1xx.c **** /** @addtogroup STM32F1xx_System_Private_TypesDefinitions
  66:Src/system_stm32f1xx.c ****   * @{
  67:Src/system_stm32f1xx.c ****   */
  68:Src/system_stm32f1xx.c **** 
  69:Src/system_stm32f1xx.c **** /**
  70:Src/system_stm32f1xx.c ****   * @}
  71:Src/system_stm32f1xx.c ****   */
  72:Src/system_stm32f1xx.c **** 
  73:Src/system_stm32f1xx.c **** /** @addtogroup STM32F1xx_System_Private_Defines
  74:Src/system_stm32f1xx.c ****   * @{
  75:Src/system_stm32f1xx.c ****   */
  76:Src/system_stm32f1xx.c **** 
  77:Src/system_stm32f1xx.c **** #if !defined  (HSE_VALUE) 
  78:Src/system_stm32f1xx.c ****   #define HSE_VALUE               8000000U /*!< Default value of the External oscillator in Hz.
  79:Src/system_stm32f1xx.c ****                                                 This value can be provided and adapted by the user 
  80:Src/system_stm32f1xx.c **** #endif /* HSE_VALUE */
  81:Src/system_stm32f1xx.c **** 
  82:Src/system_stm32f1xx.c **** #if !defined  (HSI_VALUE)
  83:Src/system_stm32f1xx.c ****   #define HSI_VALUE               8000000U /*!< Default value of the Internal oscillator in Hz.
  84:Src/system_stm32f1xx.c ****                                                 This value can be provided and adapted by the user 
  85:Src/system_stm32f1xx.c **** #endif /* HSI_VALUE */
  86:Src/system_stm32f1xx.c **** 
  87:Src/system_stm32f1xx.c **** /*!< Uncomment the following line if you need to use external SRAM  */ 
  88:Src/system_stm32f1xx.c **** #if defined(STM32F100xE) || defined(STM32F101xE) || defined(STM32F101xG) || defined(STM32F103xE) ||
ARM GAS  /var/folders/jn/652hmfdj2m99syhs9p34dk640000gq/T//ccfqn3BZ.s 			page 3


  89:Src/system_stm32f1xx.c **** /* #define DATA_IN_ExtSRAM */
  90:Src/system_stm32f1xx.c **** #endif /* STM32F100xE || STM32F101xE || STM32F101xG || STM32F103xE || STM32F103xG */
  91:Src/system_stm32f1xx.c **** 
  92:Src/system_stm32f1xx.c **** /*!< Uncomment the following line if you need to relocate your vector Table in
  93:Src/system_stm32f1xx.c ****      Internal SRAM. */ 
  94:Src/system_stm32f1xx.c **** /* #define VECT_TAB_SRAM */
  95:Src/system_stm32f1xx.c **** #define VECT_TAB_OFFSET  0x00000000U /*!< Vector Table base offset field. 
  96:Src/system_stm32f1xx.c ****                                   This value must be a multiple of 0x200. */
  97:Src/system_stm32f1xx.c **** 
  98:Src/system_stm32f1xx.c **** 
  99:Src/system_stm32f1xx.c **** /**
 100:Src/system_stm32f1xx.c ****   * @}
 101:Src/system_stm32f1xx.c ****   */
 102:Src/system_stm32f1xx.c **** 
 103:Src/system_stm32f1xx.c **** /** @addtogroup STM32F1xx_System_Private_Macros
 104:Src/system_stm32f1xx.c ****   * @{
 105:Src/system_stm32f1xx.c ****   */
 106:Src/system_stm32f1xx.c **** 
 107:Src/system_stm32f1xx.c **** /**
 108:Src/system_stm32f1xx.c ****   * @}
 109:Src/system_stm32f1xx.c ****   */
 110:Src/system_stm32f1xx.c **** 
 111:Src/system_stm32f1xx.c **** /** @addtogroup STM32F1xx_System_Private_Variables
 112:Src/system_stm32f1xx.c ****   * @{
 113:Src/system_stm32f1xx.c ****   */
 114:Src/system_stm32f1xx.c **** 
 115:Src/system_stm32f1xx.c ****   /* This variable is updated in three ways:
 116:Src/system_stm32f1xx.c ****       1) by calling CMSIS function SystemCoreClockUpdate()
 117:Src/system_stm32f1xx.c ****       2) by calling HAL API function HAL_RCC_GetHCLKFreq()
 118:Src/system_stm32f1xx.c ****       3) each time HAL_RCC_ClockConfig() is called to configure the system clock frequency 
 119:Src/system_stm32f1xx.c ****          Note: If you use this function to configure the system clock; then there
 120:Src/system_stm32f1xx.c ****                is no need to call the 2 first functions listed above, since SystemCoreClock
 121:Src/system_stm32f1xx.c ****                variable is updated automatically.
 122:Src/system_stm32f1xx.c ****   */
 123:Src/system_stm32f1xx.c **** uint32_t SystemCoreClock = 16000000;
 124:Src/system_stm32f1xx.c **** const uint8_t AHBPrescTable[16U] = {0, 0, 0, 0, 0, 0, 0, 0, 1, 2, 3, 4, 6, 7, 8, 9};
 125:Src/system_stm32f1xx.c **** const uint8_t APBPrescTable[8U] =  {0, 0, 0, 0, 1, 2, 3, 4};
 126:Src/system_stm32f1xx.c **** 
 127:Src/system_stm32f1xx.c **** /**
 128:Src/system_stm32f1xx.c ****   * @}
 129:Src/system_stm32f1xx.c ****   */
 130:Src/system_stm32f1xx.c **** 
 131:Src/system_stm32f1xx.c **** /** @addtogroup STM32F1xx_System_Private_FunctionPrototypes
 132:Src/system_stm32f1xx.c ****   * @{
 133:Src/system_stm32f1xx.c ****   */
 134:Src/system_stm32f1xx.c **** 
 135:Src/system_stm32f1xx.c **** #if defined(STM32F100xE) || defined(STM32F101xE) || defined(STM32F101xG) || defined(STM32F103xE) ||
 136:Src/system_stm32f1xx.c **** #ifdef DATA_IN_ExtSRAM
 137:Src/system_stm32f1xx.c ****   static void SystemInit_ExtMemCtl(void); 
 138:Src/system_stm32f1xx.c **** #endif /* DATA_IN_ExtSRAM */
 139:Src/system_stm32f1xx.c **** #endif /* STM32F100xE || STM32F101xE || STM32F101xG || STM32F103xE || STM32F103xG */
 140:Src/system_stm32f1xx.c **** 
 141:Src/system_stm32f1xx.c **** /**
 142:Src/system_stm32f1xx.c ****   * @}
 143:Src/system_stm32f1xx.c ****   */
 144:Src/system_stm32f1xx.c **** 
 145:Src/system_stm32f1xx.c **** /** @addtogroup STM32F1xx_System_Private_Functions
ARM GAS  /var/folders/jn/652hmfdj2m99syhs9p34dk640000gq/T//ccfqn3BZ.s 			page 4


 146:Src/system_stm32f1xx.c ****   * @{
 147:Src/system_stm32f1xx.c ****   */
 148:Src/system_stm32f1xx.c **** 
 149:Src/system_stm32f1xx.c **** /**
 150:Src/system_stm32f1xx.c ****   * @brief  Setup the microcontroller system
 151:Src/system_stm32f1xx.c ****   *         Initialize the Embedded Flash Interface, the PLL and update the 
 152:Src/system_stm32f1xx.c ****   *         SystemCoreClock variable.
 153:Src/system_stm32f1xx.c ****   * @note   This function should be used only after reset.
 154:Src/system_stm32f1xx.c ****   * @param  None
 155:Src/system_stm32f1xx.c ****   * @retval None
 156:Src/system_stm32f1xx.c ****   */
 157:Src/system_stm32f1xx.c **** void SystemInit (void)
 158:Src/system_stm32f1xx.c **** {
  28              		.loc 1 158 0
  29              		.cfi_startproc
  30              		@ args = 0, pretend = 0, frame = 0
  31              		@ frame_needed = 0, uses_anonymous_args = 0
  32              		@ link register save eliminated.
 159:Src/system_stm32f1xx.c ****   /* Reset the RCC clock configuration to the default reset state(for debug purpose) */
 160:Src/system_stm32f1xx.c ****   /* Set HSION bit */
 161:Src/system_stm32f1xx.c ****   RCC->CR |= 0x00000001U;
  33              		.loc 1 161 0
  34 0000 0F4B     		ldr	r3, .L2
  35 0002 1A68     		ldr	r2, [r3]
  36 0004 42F00102 		orr	r2, r2, #1
  37 0008 1A60     		str	r2, [r3]
 162:Src/system_stm32f1xx.c **** 
 163:Src/system_stm32f1xx.c ****   /* Reset SW, HPRE, PPRE1, PPRE2, ADCPRE and MCO bits */
 164:Src/system_stm32f1xx.c **** #if !defined(STM32F105xC) && !defined(STM32F107xC)
 165:Src/system_stm32f1xx.c ****   RCC->CFGR &= 0xF8FF0000U;
  38              		.loc 1 165 0
  39 000a 5968     		ldr	r1, [r3, #4]
  40 000c 0D4A     		ldr	r2, .L2+4
  41 000e 0A40     		ands	r2, r2, r1
  42 0010 5A60     		str	r2, [r3, #4]
 166:Src/system_stm32f1xx.c **** #else
 167:Src/system_stm32f1xx.c ****   RCC->CFGR &= 0xF0FF0000U;
 168:Src/system_stm32f1xx.c **** #endif /* STM32F105xC */   
 169:Src/system_stm32f1xx.c ****   
 170:Src/system_stm32f1xx.c ****   /* Reset HSEON, CSSON and PLLON bits */
 171:Src/system_stm32f1xx.c ****   RCC->CR &= 0xFEF6FFFFU;
  43              		.loc 1 171 0
  44 0012 1A68     		ldr	r2, [r3]
  45 0014 22F08472 		bic	r2, r2, #17301504
  46 0018 22F48032 		bic	r2, r2, #65536
  47 001c 1A60     		str	r2, [r3]
 172:Src/system_stm32f1xx.c **** 
 173:Src/system_stm32f1xx.c ****   /* Reset HSEBYP bit */
 174:Src/system_stm32f1xx.c ****   RCC->CR &= 0xFFFBFFFFU;
  48              		.loc 1 174 0
  49 001e 1A68     		ldr	r2, [r3]
  50 0020 22F48022 		bic	r2, r2, #262144
  51 0024 1A60     		str	r2, [r3]
 175:Src/system_stm32f1xx.c **** 
 176:Src/system_stm32f1xx.c ****   /* Reset PLLSRC, PLLXTPRE, PLLMUL and USBPRE/OTGFSPRE bits */
 177:Src/system_stm32f1xx.c ****   RCC->CFGR &= 0xFF80FFFFU;
  52              		.loc 1 177 0
ARM GAS  /var/folders/jn/652hmfdj2m99syhs9p34dk640000gq/T//ccfqn3BZ.s 			page 5


  53 0026 5A68     		ldr	r2, [r3, #4]
  54 0028 22F4FE02 		bic	r2, r2, #8323072
  55 002c 5A60     		str	r2, [r3, #4]
 178:Src/system_stm32f1xx.c **** 
 179:Src/system_stm32f1xx.c **** #if defined(STM32F105xC) || defined(STM32F107xC)
 180:Src/system_stm32f1xx.c ****   /* Reset PLL2ON and PLL3ON bits */
 181:Src/system_stm32f1xx.c ****   RCC->CR &= 0xEBFFFFFFU;
 182:Src/system_stm32f1xx.c **** 
 183:Src/system_stm32f1xx.c ****   /* Disable all interrupts and clear pending bits  */
 184:Src/system_stm32f1xx.c ****   RCC->CIR = 0x00FF0000U;
 185:Src/system_stm32f1xx.c **** 
 186:Src/system_stm32f1xx.c ****   /* Reset CFGR2 register */
 187:Src/system_stm32f1xx.c ****   RCC->CFGR2 = 0x00000000U;
 188:Src/system_stm32f1xx.c **** #elif defined(STM32F100xB) || defined(STM32F100xE)
 189:Src/system_stm32f1xx.c ****   /* Disable all interrupts and clear pending bits  */
 190:Src/system_stm32f1xx.c ****   RCC->CIR = 0x009F0000U;
 191:Src/system_stm32f1xx.c **** 
 192:Src/system_stm32f1xx.c ****   /* Reset CFGR2 register */
 193:Src/system_stm32f1xx.c ****   RCC->CFGR2 = 0x00000000U;      
 194:Src/system_stm32f1xx.c **** #else
 195:Src/system_stm32f1xx.c ****   /* Disable all interrupts and clear pending bits  */
 196:Src/system_stm32f1xx.c ****   RCC->CIR = 0x009F0000U;
  56              		.loc 1 196 0
  57 002e 4FF41F02 		mov	r2, #10420224
  58 0032 9A60     		str	r2, [r3, #8]
 197:Src/system_stm32f1xx.c **** #endif /* STM32F105xC */
 198:Src/system_stm32f1xx.c ****     
 199:Src/system_stm32f1xx.c **** #if defined(STM32F100xE) || defined(STM32F101xE) || defined(STM32F101xG) || defined(STM32F103xE) ||
 200:Src/system_stm32f1xx.c ****   #ifdef DATA_IN_ExtSRAM
 201:Src/system_stm32f1xx.c ****     SystemInit_ExtMemCtl(); 
 202:Src/system_stm32f1xx.c ****   #endif /* DATA_IN_ExtSRAM */
 203:Src/system_stm32f1xx.c **** #endif 
 204:Src/system_stm32f1xx.c **** 
 205:Src/system_stm32f1xx.c **** #ifdef VECT_TAB_SRAM
 206:Src/system_stm32f1xx.c ****   SCB->VTOR = SRAM_BASE | VECT_TAB_OFFSET; /* Vector Table Relocation in Internal SRAM. */
 207:Src/system_stm32f1xx.c **** #else
 208:Src/system_stm32f1xx.c ****   SCB->VTOR = FLASH_BASE | VECT_TAB_OFFSET; /* Vector Table Relocation in Internal FLASH. */
  59              		.loc 1 208 0
  60 0034 044B     		ldr	r3, .L2+8
  61 0036 4FF00062 		mov	r2, #134217728
  62 003a 9A60     		str	r2, [r3, #8]
  63 003c 7047     		bx	lr
  64              	.L3:
  65 003e 00BF     		.align	2
  66              	.L2:
  67 0040 00100240 		.word	1073876992
  68 0044 0000FFF8 		.word	-117506048
  69 0048 00ED00E0 		.word	-536810240
  70              		.cfi_endproc
  71              	.LFE65:
  73              		.section	.text.SystemCoreClockUpdate,"ax",%progbits
  74              		.align	1
  75              		.global	SystemCoreClockUpdate
  76              		.thumb
  77              		.thumb_func
  79              	SystemCoreClockUpdate:
  80              	.LFB66:
ARM GAS  /var/folders/jn/652hmfdj2m99syhs9p34dk640000gq/T//ccfqn3BZ.s 			page 6


 209:Src/system_stm32f1xx.c **** #endif 
 210:Src/system_stm32f1xx.c **** }
 211:Src/system_stm32f1xx.c **** 
 212:Src/system_stm32f1xx.c **** /**
 213:Src/system_stm32f1xx.c ****   * @brief  Update SystemCoreClock variable according to Clock Register Values.
 214:Src/system_stm32f1xx.c ****   *         The SystemCoreClock variable contains the core clock (HCLK), it can
 215:Src/system_stm32f1xx.c ****   *         be used by the user application to setup the SysTick timer or configure
 216:Src/system_stm32f1xx.c ****   *         other parameters.
 217:Src/system_stm32f1xx.c ****   *           
 218:Src/system_stm32f1xx.c ****   * @note   Each time the core clock (HCLK) changes, this function must be called
 219:Src/system_stm32f1xx.c ****   *         to update SystemCoreClock variable value. Otherwise, any configuration
 220:Src/system_stm32f1xx.c ****   *         based on this variable will be incorrect.         
 221:Src/system_stm32f1xx.c ****   *     
 222:Src/system_stm32f1xx.c ****   * @note   - The system frequency computed by this function is not the real 
 223:Src/system_stm32f1xx.c ****   *           frequency in the chip. It is calculated based on the predefined 
 224:Src/system_stm32f1xx.c ****   *           constant and the selected clock source:
 225:Src/system_stm32f1xx.c ****   *             
 226:Src/system_stm32f1xx.c ****   *           - If SYSCLK source is HSI, SystemCoreClock will contain the HSI_VALUE(*)
 227:Src/system_stm32f1xx.c ****   *                                              
 228:Src/system_stm32f1xx.c ****   *           - If SYSCLK source is HSE, SystemCoreClock will contain the HSE_VALUE(**)
 229:Src/system_stm32f1xx.c ****   *                          
 230:Src/system_stm32f1xx.c ****   *           - If SYSCLK source is PLL, SystemCoreClock will contain the HSE_VALUE(**) 
 231:Src/system_stm32f1xx.c ****   *             or HSI_VALUE(*) multiplied by the PLL factors.
 232:Src/system_stm32f1xx.c ****   *         
 233:Src/system_stm32f1xx.c ****   *         (*) HSI_VALUE is a constant defined in stm32f1xx.h file (default value
 234:Src/system_stm32f1xx.c ****   *             8 MHz) but the real value may vary depending on the variations
 235:Src/system_stm32f1xx.c ****   *             in voltage and temperature.   
 236:Src/system_stm32f1xx.c ****   *    
 237:Src/system_stm32f1xx.c ****   *         (**) HSE_VALUE is a constant defined in stm32f1xx.h file (default value
 238:Src/system_stm32f1xx.c ****   *              8 MHz or 25 MHz, depending on the product used), user has to ensure
 239:Src/system_stm32f1xx.c ****   *              that HSE_VALUE is same as the real frequency of the crystal used.
 240:Src/system_stm32f1xx.c ****   *              Otherwise, this function may have wrong result.
 241:Src/system_stm32f1xx.c ****   *                
 242:Src/system_stm32f1xx.c ****   *         - The result of this function could be not correct when using fractional
 243:Src/system_stm32f1xx.c ****   *           value for HSE crystal.
 244:Src/system_stm32f1xx.c ****   * @param  None
 245:Src/system_stm32f1xx.c ****   * @retval None
 246:Src/system_stm32f1xx.c ****   */
 247:Src/system_stm32f1xx.c **** void SystemCoreClockUpdate (void)
 248:Src/system_stm32f1xx.c **** {
  81              		.loc 1 248 0
  82              		.cfi_startproc
  83              		@ args = 0, pretend = 0, frame = 0
  84              		@ frame_needed = 0, uses_anonymous_args = 0
  85              		@ link register save eliminated.
  86              	.LVL0:
 249:Src/system_stm32f1xx.c ****   uint32_t tmp = 0U, pllmull = 0U, pllsource = 0U;
 250:Src/system_stm32f1xx.c **** 
 251:Src/system_stm32f1xx.c **** #if defined(STM32F105xC) || defined(STM32F107xC)
 252:Src/system_stm32f1xx.c ****   uint32_t prediv1source = 0U, prediv1factor = 0U, prediv2factor = 0U, pll2mull = 0U;
 253:Src/system_stm32f1xx.c **** #endif /* STM32F105xC */
 254:Src/system_stm32f1xx.c **** 
 255:Src/system_stm32f1xx.c **** #if defined(STM32F100xB) || defined(STM32F100xE)
 256:Src/system_stm32f1xx.c ****   uint32_t prediv1factor = 0U;
 257:Src/system_stm32f1xx.c **** #endif /* STM32F100xB or STM32F100xE */
 258:Src/system_stm32f1xx.c ****     
 259:Src/system_stm32f1xx.c ****   /* Get SYSCLK source -------------------------------------------------------*/
ARM GAS  /var/folders/jn/652hmfdj2m99syhs9p34dk640000gq/T//ccfqn3BZ.s 			page 7


 260:Src/system_stm32f1xx.c ****   tmp = RCC->CFGR & RCC_CFGR_SWS;
  87              		.loc 1 260 0
  88 0000 114A     		ldr	r2, .L16
  89 0002 124B     		ldr	r3, .L16+4
  90 0004 5168     		ldr	r1, [r2, #4]
  91              	.LVL1:
 261:Src/system_stm32f1xx.c ****   
 262:Src/system_stm32f1xx.c ****   switch (tmp)
  92              		.loc 1 262 0
  93 0006 01F00C01 		and	r1, r1, #12
  94              	.LVL2:
  95 000a 0429     		cmp	r1, #4
  96 000c 01D0     		beq	.L6
  97 000e 0829     		cmp	r1, #8
  98 0010 01D0     		beq	.L7
  99              	.L6:
 263:Src/system_stm32f1xx.c ****   {
 264:Src/system_stm32f1xx.c ****     case 0x00U:  /* HSI used as system clock */
 265:Src/system_stm32f1xx.c ****       SystemCoreClock = HSI_VALUE;
 266:Src/system_stm32f1xx.c ****       break;
 267:Src/system_stm32f1xx.c ****     case 0x04U:  /* HSE used as system clock */
 268:Src/system_stm32f1xx.c ****       SystemCoreClock = HSE_VALUE;
 100              		.loc 1 268 0
 101 0012 0F49     		ldr	r1, .L16+8
 102              	.LVL3:
 103 0014 0EE0     		b	.L12
 104              	.LVL4:
 105              	.L7:
 269:Src/system_stm32f1xx.c ****       break;
 270:Src/system_stm32f1xx.c ****     case 0x08U:  /* PLL used as system clock */
 271:Src/system_stm32f1xx.c **** 
 272:Src/system_stm32f1xx.c ****       /* Get PLL clock source and multiplication factor ----------------------*/
 273:Src/system_stm32f1xx.c ****       pllmull = RCC->CFGR & RCC_CFGR_PLLMULL;
 106              		.loc 1 273 0
 107 0016 5168     		ldr	r1, [r2, #4]
 108              	.LVL5:
 274:Src/system_stm32f1xx.c ****       pllsource = RCC->CFGR & RCC_CFGR_PLLSRC;
 109              		.loc 1 274 0
 110 0018 5068     		ldr	r0, [r2, #4]
 111              	.LVL6:
 275:Src/system_stm32f1xx.c ****       
 276:Src/system_stm32f1xx.c **** #if !defined(STM32F105xC) && !defined(STM32F107xC)      
 277:Src/system_stm32f1xx.c ****       pllmull = ( pllmull >> 18U) + 2U;
 112              		.loc 1 277 0
 113 001a C1F38341 		ubfx	r1, r1, #18, #4
 114              	.LVL7:
 278:Src/system_stm32f1xx.c ****       
 279:Src/system_stm32f1xx.c ****       if (pllsource == 0x00U)
 115              		.loc 1 279 0
 116 001e C003     		lsls	r0, r0, #15
 117              	.LVL8:
 277:Src/system_stm32f1xx.c ****       
 118              		.loc 1 277 0
 119 0020 01F10201 		add	r1, r1, #2
 120              	.LVL9:
 121              		.loc 1 279 0
 122 0024 02D5     		bpl	.L14
ARM GAS  /var/folders/jn/652hmfdj2m99syhs9p34dk640000gq/T//ccfqn3BZ.s 			page 8


 280:Src/system_stm32f1xx.c ****       {
 281:Src/system_stm32f1xx.c ****         /* HSI oscillator clock divided by 2 selected as PLL clock entry */
 282:Src/system_stm32f1xx.c ****         SystemCoreClock = (HSI_VALUE >> 1U) * pllmull;
 283:Src/system_stm32f1xx.c ****       }
 284:Src/system_stm32f1xx.c ****       else
 285:Src/system_stm32f1xx.c ****       {
 286:Src/system_stm32f1xx.c ****  #if defined(STM32F100xB) || defined(STM32F100xE)
 287:Src/system_stm32f1xx.c ****        prediv1factor = (RCC->CFGR2 & RCC_CFGR2_PREDIV1) + 1U;
 288:Src/system_stm32f1xx.c ****        /* HSE oscillator clock selected as PREDIV1 clock entry */
 289:Src/system_stm32f1xx.c ****        SystemCoreClock = (HSE_VALUE / prediv1factor) * pllmull; 
 290:Src/system_stm32f1xx.c ****  #else
 291:Src/system_stm32f1xx.c ****         /* HSE selected as PLL clock entry */
 292:Src/system_stm32f1xx.c ****         if ((RCC->CFGR & RCC_CFGR_PLLXTPRE) != (uint32_t)RESET)
 123              		.loc 1 292 0
 124 0026 5068     		ldr	r0, [r2, #4]
 125 0028 8003     		lsls	r0, r0, #14
 126 002a 01D5     		bpl	.L11
 127              	.L14:
 293:Src/system_stm32f1xx.c ****         {/* HSE oscillator clock divided by 2 */
 294:Src/system_stm32f1xx.c ****           SystemCoreClock = (HSE_VALUE >> 1U) * pllmull;
 128              		.loc 1 294 0
 129 002c 0948     		ldr	r0, .L16+12
 130 002e 00E0     		b	.L13
 131              	.L11:
 295:Src/system_stm32f1xx.c ****         }
 296:Src/system_stm32f1xx.c ****         else
 297:Src/system_stm32f1xx.c ****         {
 298:Src/system_stm32f1xx.c ****           SystemCoreClock = HSE_VALUE * pllmull;
 132              		.loc 1 298 0
 133 0030 0748     		ldr	r0, .L16+8
 134              	.L13:
 135 0032 4143     		muls	r1, r0, r1
 136              	.LVL10:
 137              	.L12:
 138 0034 1960     		str	r1, [r3]
 299:Src/system_stm32f1xx.c ****         }
 300:Src/system_stm32f1xx.c ****  #endif
 301:Src/system_stm32f1xx.c ****       }
 302:Src/system_stm32f1xx.c **** #else
 303:Src/system_stm32f1xx.c ****       pllmull = pllmull >> 18U;
 304:Src/system_stm32f1xx.c ****       
 305:Src/system_stm32f1xx.c ****       if (pllmull != 0x0DU)
 306:Src/system_stm32f1xx.c ****       {
 307:Src/system_stm32f1xx.c ****          pllmull += 2U;
 308:Src/system_stm32f1xx.c ****       }
 309:Src/system_stm32f1xx.c ****       else
 310:Src/system_stm32f1xx.c ****       { /* PLL multiplication factor = PLL input clock * 6.5 */
 311:Src/system_stm32f1xx.c ****         pllmull = 13U / 2U; 
 312:Src/system_stm32f1xx.c ****       }
 313:Src/system_stm32f1xx.c ****             
 314:Src/system_stm32f1xx.c ****       if (pllsource == 0x00U)
 315:Src/system_stm32f1xx.c ****       {
 316:Src/system_stm32f1xx.c ****         /* HSI oscillator clock divided by 2 selected as PLL clock entry */
 317:Src/system_stm32f1xx.c ****         SystemCoreClock = (HSI_VALUE >> 1U) * pllmull;
 318:Src/system_stm32f1xx.c ****       }
 319:Src/system_stm32f1xx.c ****       else
 320:Src/system_stm32f1xx.c ****       {/* PREDIV1 selected as PLL clock entry */
ARM GAS  /var/folders/jn/652hmfdj2m99syhs9p34dk640000gq/T//ccfqn3BZ.s 			page 9


 321:Src/system_stm32f1xx.c ****         
 322:Src/system_stm32f1xx.c ****         /* Get PREDIV1 clock source and division factor */
 323:Src/system_stm32f1xx.c ****         prediv1source = RCC->CFGR2 & RCC_CFGR2_PREDIV1SRC;
 324:Src/system_stm32f1xx.c ****         prediv1factor = (RCC->CFGR2 & RCC_CFGR2_PREDIV1) + 1U;
 325:Src/system_stm32f1xx.c ****         
 326:Src/system_stm32f1xx.c ****         if (prediv1source == 0U)
 327:Src/system_stm32f1xx.c ****         { 
 328:Src/system_stm32f1xx.c ****           /* HSE oscillator clock selected as PREDIV1 clock entry */
 329:Src/system_stm32f1xx.c ****           SystemCoreClock = (HSE_VALUE / prediv1factor) * pllmull;          
 330:Src/system_stm32f1xx.c ****         }
 331:Src/system_stm32f1xx.c ****         else
 332:Src/system_stm32f1xx.c ****         {/* PLL2 clock selected as PREDIV1 clock entry */
 333:Src/system_stm32f1xx.c ****           
 334:Src/system_stm32f1xx.c ****           /* Get PREDIV2 division factor and PLL2 multiplication factor */
 335:Src/system_stm32f1xx.c ****           prediv2factor = ((RCC->CFGR2 & RCC_CFGR2_PREDIV2) >> 4U) + 1U;
 336:Src/system_stm32f1xx.c ****           pll2mull = ((RCC->CFGR2 & RCC_CFGR2_PLL2MUL) >> 8U) + 2U; 
 337:Src/system_stm32f1xx.c ****           SystemCoreClock = (((HSE_VALUE / prediv2factor) * pll2mull) / prediv1factor) * pllmull;  
 338:Src/system_stm32f1xx.c ****         }
 339:Src/system_stm32f1xx.c ****       }
 340:Src/system_stm32f1xx.c **** #endif /* STM32F105xC */ 
 341:Src/system_stm32f1xx.c ****       break;
 342:Src/system_stm32f1xx.c **** 
 343:Src/system_stm32f1xx.c ****     default:
 344:Src/system_stm32f1xx.c ****       SystemCoreClock = HSI_VALUE;
 345:Src/system_stm32f1xx.c ****       break;
 346:Src/system_stm32f1xx.c ****   }
 347:Src/system_stm32f1xx.c ****   
 348:Src/system_stm32f1xx.c ****   /* Compute HCLK clock frequency ----------------*/
 349:Src/system_stm32f1xx.c ****   /* Get HCLK prescaler */
 350:Src/system_stm32f1xx.c ****   tmp = AHBPrescTable[((RCC->CFGR & RCC_CFGR_HPRE) >> 4U)];
 139              		.loc 1 350 0
 140 0036 5268     		ldr	r2, [r2, #4]
 141              	.LVL11:
 351:Src/system_stm32f1xx.c ****   /* HCLK clock frequency */
 352:Src/system_stm32f1xx.c ****   SystemCoreClock >>= tmp;  
 142              		.loc 1 352 0
 143 0038 0749     		ldr	r1, .L16+16
 350:Src/system_stm32f1xx.c ****   /* HCLK clock frequency */
 144              		.loc 1 350 0
 145 003a C2F30312 		ubfx	r2, r2, #4, #4
 146              	.LVL12:
 147              		.loc 1 352 0
 148 003e 895C     		ldrb	r1, [r1, r2]	@ zero_extendqisi2
 149 0040 1A68     		ldr	r2, [r3]
 150 0042 CA40     		lsrs	r2, r2, r1
 151 0044 1A60     		str	r2, [r3]
 152 0046 7047     		bx	lr
 153              	.L17:
 154              		.align	2
 155              	.L16:
 156 0048 00100240 		.word	1073876992
 157 004c 00000000 		.word	.LANCHOR0
 158 0050 00127A00 		.word	8000000
 159 0054 00093D00 		.word	4000000
 160 0058 00000000 		.word	.LANCHOR1
 161              		.cfi_endproc
 162              	.LFE66:
ARM GAS  /var/folders/jn/652hmfdj2m99syhs9p34dk640000gq/T//ccfqn3BZ.s 			page 10


 164              		.global	APBPrescTable
 165              		.global	AHBPrescTable
 166              		.global	SystemCoreClock
 167              		.section	.rodata.AHBPrescTable,"a",%progbits
 168              		.set	.LANCHOR1,. + 0
 171              	AHBPrescTable:
 172 0000 00       		.byte	0
 173 0001 00       		.byte	0
 174 0002 00       		.byte	0
 175 0003 00       		.byte	0
 176 0004 00       		.byte	0
 177 0005 00       		.byte	0
 178 0006 00       		.byte	0
 179 0007 00       		.byte	0
 180 0008 01       		.byte	1
 181 0009 02       		.byte	2
 182 000a 03       		.byte	3
 183 000b 04       		.byte	4
 184 000c 06       		.byte	6
 185 000d 07       		.byte	7
 186 000e 08       		.byte	8
 187 000f 09       		.byte	9
 188              		.section	.rodata.APBPrescTable,"a",%progbits
 191              	APBPrescTable:
 192 0000 00       		.byte	0
 193 0001 00       		.byte	0
 194 0002 00       		.byte	0
 195 0003 00       		.byte	0
 196 0004 01       		.byte	1
 197 0005 02       		.byte	2
 198 0006 03       		.byte	3
 199 0007 04       		.byte	4
 200              		.section	.data.SystemCoreClock,"aw",%progbits
 201              		.align	2
 202              		.set	.LANCHOR0,. + 0
 205              	SystemCoreClock:
 206 0000 0024F400 		.word	16000000
 207              		.text
 208              	.Letext0:
 209              		.file 2 "/usr/local/Cellar/gcc-arm-none-eabi/20160928/arm-none-eabi/include/machine/_default_types
 210              		.file 3 "/usr/local/Cellar/gcc-arm-none-eabi/20160928/arm-none-eabi/include/sys/_stdint.h"
 211              		.file 4 "./Drivers1/CMSIS/Include/core_cm3.h"
 212              		.file 5 "./Drivers1/CMSIS/Device/ST/STM32F1xx/Include/stm32f103xb.h"
 213              		.file 6 "./Drivers1/CMSIS/Device/ST/STM32F1xx/Include/stm32f1xx.h"
ARM GAS  /var/folders/jn/652hmfdj2m99syhs9p34dk640000gq/T//ccfqn3BZ.s 			page 11


DEFINED SYMBOLS
                            *ABS*:0000000000000000 system_stm32f1xx.c
/var/folders/jn/652hmfdj2m99syhs9p34dk640000gq/T//ccfqn3BZ.s:20     .text.SystemInit:0000000000000000 $t
/var/folders/jn/652hmfdj2m99syhs9p34dk640000gq/T//ccfqn3BZ.s:25     .text.SystemInit:0000000000000000 SystemInit
/var/folders/jn/652hmfdj2m99syhs9p34dk640000gq/T//ccfqn3BZ.s:67     .text.SystemInit:0000000000000040 $d
/var/folders/jn/652hmfdj2m99syhs9p34dk640000gq/T//ccfqn3BZ.s:74     .text.SystemCoreClockUpdate:0000000000000000 $t
/var/folders/jn/652hmfdj2m99syhs9p34dk640000gq/T//ccfqn3BZ.s:79     .text.SystemCoreClockUpdate:0000000000000000 SystemCoreClockUpdate
/var/folders/jn/652hmfdj2m99syhs9p34dk640000gq/T//ccfqn3BZ.s:156    .text.SystemCoreClockUpdate:0000000000000048 $d
/var/folders/jn/652hmfdj2m99syhs9p34dk640000gq/T//ccfqn3BZ.s:191    .rodata.APBPrescTable:0000000000000000 APBPrescTable
/var/folders/jn/652hmfdj2m99syhs9p34dk640000gq/T//ccfqn3BZ.s:171    .rodata.AHBPrescTable:0000000000000000 AHBPrescTable
/var/folders/jn/652hmfdj2m99syhs9p34dk640000gq/T//ccfqn3BZ.s:205    .data.SystemCoreClock:0000000000000000 SystemCoreClock
/var/folders/jn/652hmfdj2m99syhs9p34dk640000gq/T//ccfqn3BZ.s:201    .data.SystemCoreClock:0000000000000000 $d
                     .debug_frame:0000000000000010 $d

NO UNDEFINED SYMBOLS
