ARM GAS  /var/folders/jn/652hmfdj2m99syhs9p34dk640000gq/T//cc3BTyls.s 			page 1


   1              		.syntax unified
   2              		.cpu cortex-m3
   3              		.fpu softvfp
   4              		.eabi_attribute 20, 1
   5              		.eabi_attribute 21, 1
   6              		.eabi_attribute 23, 3
   7              		.eabi_attribute 24, 1
   8              		.eabi_attribute 25, 1
   9              		.eabi_attribute 26, 1
  10              		.eabi_attribute 30, 1
  11              		.eabi_attribute 34, 1
  12              		.eabi_attribute 18, 4
  13              		.thumb
  14              		.syntax unified
  15              		.file	"stm32f1xx_hal_gpio_ex.c"
  16              		.text
  17              	.Ltext0:
  18              		.cfi_sections	.debug_frame
  19              		.section	.text.HAL_GPIOEx_ConfigEventout,"ax",%progbits
  20              		.align	2
  21              		.global	HAL_GPIOEx_ConfigEventout
  22              		.thumb
  23              		.thumb_func
  25              	HAL_GPIOEx_ConfigEventout:
  26              	.LFB64:
  27              		.file 1 "./Drivers_V1.0.4/STM32F1xx_HAL_Driver/Src/stm32f1xx_hal_gpio_ex.c"
   1:./Drivers_V1.0.4/STM32F1xx_HAL_Driver/Src/stm32f1xx_hal_gpio_ex.c **** /**
   2:./Drivers_V1.0.4/STM32F1xx_HAL_Driver/Src/stm32f1xx_hal_gpio_ex.c ****   ******************************************************************************
   3:./Drivers_V1.0.4/STM32F1xx_HAL_Driver/Src/stm32f1xx_hal_gpio_ex.c ****   * @file    stm32f1xx_hal_gpio_ex.c
   4:./Drivers_V1.0.4/STM32F1xx_HAL_Driver/Src/stm32f1xx_hal_gpio_ex.c ****   * @author  MCD Application Team
   5:./Drivers_V1.0.4/STM32F1xx_HAL_Driver/Src/stm32f1xx_hal_gpio_ex.c ****   * @version V1.0.4
   6:./Drivers_V1.0.4/STM32F1xx_HAL_Driver/Src/stm32f1xx_hal_gpio_ex.c ****   * @date    29-April-2016
   7:./Drivers_V1.0.4/STM32F1xx_HAL_Driver/Src/stm32f1xx_hal_gpio_ex.c ****   * @brief   GPIO Extension HAL module driver.
   8:./Drivers_V1.0.4/STM32F1xx_HAL_Driver/Src/stm32f1xx_hal_gpio_ex.c ****   *         This file provides firmware functions to manage the following 
   9:./Drivers_V1.0.4/STM32F1xx_HAL_Driver/Src/stm32f1xx_hal_gpio_ex.c ****   *          functionalities of the General Purpose Input/Output (GPIO) extension peripheral.
  10:./Drivers_V1.0.4/STM32F1xx_HAL_Driver/Src/stm32f1xx_hal_gpio_ex.c ****   *           + Extended features functions
  11:./Drivers_V1.0.4/STM32F1xx_HAL_Driver/Src/stm32f1xx_hal_gpio_ex.c ****   *         
  12:./Drivers_V1.0.4/STM32F1xx_HAL_Driver/Src/stm32f1xx_hal_gpio_ex.c ****   @verbatim
  13:./Drivers_V1.0.4/STM32F1xx_HAL_Driver/Src/stm32f1xx_hal_gpio_ex.c ****   ==============================================================================
  14:./Drivers_V1.0.4/STM32F1xx_HAL_Driver/Src/stm32f1xx_hal_gpio_ex.c ****                     ##### GPIO Peripheral extension features #####
  15:./Drivers_V1.0.4/STM32F1xx_HAL_Driver/Src/stm32f1xx_hal_gpio_ex.c ****   ==============================================================================         
  16:./Drivers_V1.0.4/STM32F1xx_HAL_Driver/Src/stm32f1xx_hal_gpio_ex.c ****   [..] GPIO module on STM32F1 family, manage also the AFIO register:
  17:./Drivers_V1.0.4/STM32F1xx_HAL_Driver/Src/stm32f1xx_hal_gpio_ex.c ****        (+) Possibility to use the EVENTOUT Cortex feature
  18:./Drivers_V1.0.4/STM32F1xx_HAL_Driver/Src/stm32f1xx_hal_gpio_ex.c ****    
  19:./Drivers_V1.0.4/STM32F1xx_HAL_Driver/Src/stm32f1xx_hal_gpio_ex.c ****                      ##### How to use this driver #####
  20:./Drivers_V1.0.4/STM32F1xx_HAL_Driver/Src/stm32f1xx_hal_gpio_ex.c ****   ==============================================================================
  21:./Drivers_V1.0.4/STM32F1xx_HAL_Driver/Src/stm32f1xx_hal_gpio_ex.c ****   [..] This driver provides functions to use EVENTOUT Cortex feature
  22:./Drivers_V1.0.4/STM32F1xx_HAL_Driver/Src/stm32f1xx_hal_gpio_ex.c ****     (#) Configure EVENTOUT Cortex feature using the function HAL_GPIOEx_ConfigEventout()
  23:./Drivers_V1.0.4/STM32F1xx_HAL_Driver/Src/stm32f1xx_hal_gpio_ex.c ****     (#) Activate EVENTOUT Cortex feature using the HAL_GPIOEx_EnableEventout()
  24:./Drivers_V1.0.4/STM32F1xx_HAL_Driver/Src/stm32f1xx_hal_gpio_ex.c ****     (#) Deactivate EVENTOUT Cortex feature using the HAL_GPIOEx_DisableEventout()
  25:./Drivers_V1.0.4/STM32F1xx_HAL_Driver/Src/stm32f1xx_hal_gpio_ex.c ****  
  26:./Drivers_V1.0.4/STM32F1xx_HAL_Driver/Src/stm32f1xx_hal_gpio_ex.c ****   @endverbatim
  27:./Drivers_V1.0.4/STM32F1xx_HAL_Driver/Src/stm32f1xx_hal_gpio_ex.c ****   ******************************************************************************
  28:./Drivers_V1.0.4/STM32F1xx_HAL_Driver/Src/stm32f1xx_hal_gpio_ex.c ****   * @attention
  29:./Drivers_V1.0.4/STM32F1xx_HAL_Driver/Src/stm32f1xx_hal_gpio_ex.c ****   *
  30:./Drivers_V1.0.4/STM32F1xx_HAL_Driver/Src/stm32f1xx_hal_gpio_ex.c ****   * <h2><center>&copy; COPYRIGHT(c) 2016 STMicroelectronics</center></h2>
  31:./Drivers_V1.0.4/STM32F1xx_HAL_Driver/Src/stm32f1xx_hal_gpio_ex.c ****   *
ARM GAS  /var/folders/jn/652hmfdj2m99syhs9p34dk640000gq/T//cc3BTyls.s 			page 2


  32:./Drivers_V1.0.4/STM32F1xx_HAL_Driver/Src/stm32f1xx_hal_gpio_ex.c ****   * Redistribution and use in source and binary forms, with or without modification,
  33:./Drivers_V1.0.4/STM32F1xx_HAL_Driver/Src/stm32f1xx_hal_gpio_ex.c ****   * are permitted provided that the following conditions are met:
  34:./Drivers_V1.0.4/STM32F1xx_HAL_Driver/Src/stm32f1xx_hal_gpio_ex.c ****   *   1. Redistributions of source code must retain the above copyright notice,
  35:./Drivers_V1.0.4/STM32F1xx_HAL_Driver/Src/stm32f1xx_hal_gpio_ex.c ****   *      this list of conditions and the following disclaimer.
  36:./Drivers_V1.0.4/STM32F1xx_HAL_Driver/Src/stm32f1xx_hal_gpio_ex.c ****   *   2. Redistributions in binary form must reproduce the above copyright notice,
  37:./Drivers_V1.0.4/STM32F1xx_HAL_Driver/Src/stm32f1xx_hal_gpio_ex.c ****   *      this list of conditions and the following disclaimer in the documentation
  38:./Drivers_V1.0.4/STM32F1xx_HAL_Driver/Src/stm32f1xx_hal_gpio_ex.c ****   *      and/or other materials provided with the distribution.
  39:./Drivers_V1.0.4/STM32F1xx_HAL_Driver/Src/stm32f1xx_hal_gpio_ex.c ****   *   3. Neither the name of STMicroelectronics nor the names of its contributors
  40:./Drivers_V1.0.4/STM32F1xx_HAL_Driver/Src/stm32f1xx_hal_gpio_ex.c ****   *      may be used to endorse or promote products derived from this software
  41:./Drivers_V1.0.4/STM32F1xx_HAL_Driver/Src/stm32f1xx_hal_gpio_ex.c ****   *      without specific prior written permission.
  42:./Drivers_V1.0.4/STM32F1xx_HAL_Driver/Src/stm32f1xx_hal_gpio_ex.c ****   *
  43:./Drivers_V1.0.4/STM32F1xx_HAL_Driver/Src/stm32f1xx_hal_gpio_ex.c ****   * THIS SOFTWARE IS PROVIDED BY THE COPYRIGHT HOLDERS AND CONTRIBUTORS "AS IS"
  44:./Drivers_V1.0.4/STM32F1xx_HAL_Driver/Src/stm32f1xx_hal_gpio_ex.c ****   * AND ANY EXPRESS OR IMPLIED WARRANTIES, INCLUDING, BUT NOT LIMITED TO, THE
  45:./Drivers_V1.0.4/STM32F1xx_HAL_Driver/Src/stm32f1xx_hal_gpio_ex.c ****   * IMPLIED WARRANTIES OF MERCHANTABILITY AND FITNESS FOR A PARTICULAR PURPOSE ARE
  46:./Drivers_V1.0.4/STM32F1xx_HAL_Driver/Src/stm32f1xx_hal_gpio_ex.c ****   * DISCLAIMED. IN NO EVENT SHALL THE COPYRIGHT HOLDER OR CONTRIBUTORS BE LIABLE
  47:./Drivers_V1.0.4/STM32F1xx_HAL_Driver/Src/stm32f1xx_hal_gpio_ex.c ****   * FOR ANY DIRECT, INDIRECT, INCIDENTAL, SPECIAL, EXEMPLARY, OR CONSEQUENTIAL
  48:./Drivers_V1.0.4/STM32F1xx_HAL_Driver/Src/stm32f1xx_hal_gpio_ex.c ****   * DAMAGES (INCLUDING, BUT NOT LIMITED TO, PROCUREMENT OF SUBSTITUTE GOODS OR
  49:./Drivers_V1.0.4/STM32F1xx_HAL_Driver/Src/stm32f1xx_hal_gpio_ex.c ****   * SERVICES; LOSS OF USE, DATA, OR PROFITS; OR BUSINESS INTERRUPTION) HOWEVER
  50:./Drivers_V1.0.4/STM32F1xx_HAL_Driver/Src/stm32f1xx_hal_gpio_ex.c ****   * CAUSED AND ON ANY THEORY OF LIABILITY, WHETHER IN CONTRACT, STRICT LIABILITY,
  51:./Drivers_V1.0.4/STM32F1xx_HAL_Driver/Src/stm32f1xx_hal_gpio_ex.c ****   * OR TORT (INCLUDING NEGLIGENCE OR OTHERWISE) ARISING IN ANY WAY OUT OF THE USE
  52:./Drivers_V1.0.4/STM32F1xx_HAL_Driver/Src/stm32f1xx_hal_gpio_ex.c ****   * OF THIS SOFTWARE, EVEN IF ADVISED OF THE POSSIBILITY OF SUCH DAMAGE.
  53:./Drivers_V1.0.4/STM32F1xx_HAL_Driver/Src/stm32f1xx_hal_gpio_ex.c ****   *
  54:./Drivers_V1.0.4/STM32F1xx_HAL_Driver/Src/stm32f1xx_hal_gpio_ex.c ****   ******************************************************************************  
  55:./Drivers_V1.0.4/STM32F1xx_HAL_Driver/Src/stm32f1xx_hal_gpio_ex.c ****   */ 
  56:./Drivers_V1.0.4/STM32F1xx_HAL_Driver/Src/stm32f1xx_hal_gpio_ex.c **** 
  57:./Drivers_V1.0.4/STM32F1xx_HAL_Driver/Src/stm32f1xx_hal_gpio_ex.c **** /* Includes ------------------------------------------------------------------*/
  58:./Drivers_V1.0.4/STM32F1xx_HAL_Driver/Src/stm32f1xx_hal_gpio_ex.c **** #include "stm32f1xx_hal.h"
  59:./Drivers_V1.0.4/STM32F1xx_HAL_Driver/Src/stm32f1xx_hal_gpio_ex.c **** 
  60:./Drivers_V1.0.4/STM32F1xx_HAL_Driver/Src/stm32f1xx_hal_gpio_ex.c **** /** @addtogroup STM32F1xx_HAL_Driver
  61:./Drivers_V1.0.4/STM32F1xx_HAL_Driver/Src/stm32f1xx_hal_gpio_ex.c ****   * @{
  62:./Drivers_V1.0.4/STM32F1xx_HAL_Driver/Src/stm32f1xx_hal_gpio_ex.c ****   */
  63:./Drivers_V1.0.4/STM32F1xx_HAL_Driver/Src/stm32f1xx_hal_gpio_ex.c **** 
  64:./Drivers_V1.0.4/STM32F1xx_HAL_Driver/Src/stm32f1xx_hal_gpio_ex.c **** /** @defgroup GPIOEx GPIOEx
  65:./Drivers_V1.0.4/STM32F1xx_HAL_Driver/Src/stm32f1xx_hal_gpio_ex.c ****   * @brief GPIO HAL module driver
  66:./Drivers_V1.0.4/STM32F1xx_HAL_Driver/Src/stm32f1xx_hal_gpio_ex.c ****   * @{
  67:./Drivers_V1.0.4/STM32F1xx_HAL_Driver/Src/stm32f1xx_hal_gpio_ex.c ****   */
  68:./Drivers_V1.0.4/STM32F1xx_HAL_Driver/Src/stm32f1xx_hal_gpio_ex.c **** 
  69:./Drivers_V1.0.4/STM32F1xx_HAL_Driver/Src/stm32f1xx_hal_gpio_ex.c **** #ifdef HAL_GPIO_MODULE_ENABLED
  70:./Drivers_V1.0.4/STM32F1xx_HAL_Driver/Src/stm32f1xx_hal_gpio_ex.c **** 
  71:./Drivers_V1.0.4/STM32F1xx_HAL_Driver/Src/stm32f1xx_hal_gpio_ex.c **** /** @defgroup GPIOEx_Exported_Functions GPIOEx Exported Functions
  72:./Drivers_V1.0.4/STM32F1xx_HAL_Driver/Src/stm32f1xx_hal_gpio_ex.c ****   * @{
  73:./Drivers_V1.0.4/STM32F1xx_HAL_Driver/Src/stm32f1xx_hal_gpio_ex.c ****   */
  74:./Drivers_V1.0.4/STM32F1xx_HAL_Driver/Src/stm32f1xx_hal_gpio_ex.c **** 
  75:./Drivers_V1.0.4/STM32F1xx_HAL_Driver/Src/stm32f1xx_hal_gpio_ex.c **** /** @defgroup GPIOEx_Exported_Functions_Group1 Extended features functions
  76:./Drivers_V1.0.4/STM32F1xx_HAL_Driver/Src/stm32f1xx_hal_gpio_ex.c ****  *  @brief    Extended features functions 
  77:./Drivers_V1.0.4/STM32F1xx_HAL_Driver/Src/stm32f1xx_hal_gpio_ex.c ****  *
  78:./Drivers_V1.0.4/STM32F1xx_HAL_Driver/Src/stm32f1xx_hal_gpio_ex.c **** @verbatim   
  79:./Drivers_V1.0.4/STM32F1xx_HAL_Driver/Src/stm32f1xx_hal_gpio_ex.c ****   ==============================================================================
  80:./Drivers_V1.0.4/STM32F1xx_HAL_Driver/Src/stm32f1xx_hal_gpio_ex.c ****                  ##### Extended features functions #####
  81:./Drivers_V1.0.4/STM32F1xx_HAL_Driver/Src/stm32f1xx_hal_gpio_ex.c ****   ==============================================================================  
  82:./Drivers_V1.0.4/STM32F1xx_HAL_Driver/Src/stm32f1xx_hal_gpio_ex.c ****     [..]  This section provides functions allowing to:
  83:./Drivers_V1.0.4/STM32F1xx_HAL_Driver/Src/stm32f1xx_hal_gpio_ex.c ****     (+) Configure EVENTOUT Cortex feature using the function HAL_GPIOEx_ConfigEventout()
  84:./Drivers_V1.0.4/STM32F1xx_HAL_Driver/Src/stm32f1xx_hal_gpio_ex.c ****     (+) Activate EVENTOUT Cortex feature using the HAL_GPIOEx_EnableEventout()
  85:./Drivers_V1.0.4/STM32F1xx_HAL_Driver/Src/stm32f1xx_hal_gpio_ex.c ****     (+) Deactivate EVENTOUT Cortex feature using the HAL_GPIOEx_DisableEventout()
  86:./Drivers_V1.0.4/STM32F1xx_HAL_Driver/Src/stm32f1xx_hal_gpio_ex.c ****                      
  87:./Drivers_V1.0.4/STM32F1xx_HAL_Driver/Src/stm32f1xx_hal_gpio_ex.c **** @endverbatim
  88:./Drivers_V1.0.4/STM32F1xx_HAL_Driver/Src/stm32f1xx_hal_gpio_ex.c ****   * @{
ARM GAS  /var/folders/jn/652hmfdj2m99syhs9p34dk640000gq/T//cc3BTyls.s 			page 3


  89:./Drivers_V1.0.4/STM32F1xx_HAL_Driver/Src/stm32f1xx_hal_gpio_ex.c ****   */
  90:./Drivers_V1.0.4/STM32F1xx_HAL_Driver/Src/stm32f1xx_hal_gpio_ex.c ****   
  91:./Drivers_V1.0.4/STM32F1xx_HAL_Driver/Src/stm32f1xx_hal_gpio_ex.c **** /**
  92:./Drivers_V1.0.4/STM32F1xx_HAL_Driver/Src/stm32f1xx_hal_gpio_ex.c ****   * @brief  Configures the port and pin on which the EVENTOUT Cortex signal will be connected.
  93:./Drivers_V1.0.4/STM32F1xx_HAL_Driver/Src/stm32f1xx_hal_gpio_ex.c ****   * @param  GPIO_PortSource Select the port used to output the Cortex EVENTOUT signal.
  94:./Drivers_V1.0.4/STM32F1xx_HAL_Driver/Src/stm32f1xx_hal_gpio_ex.c ****   *   This parameter can be a value of @ref GPIOEx_EVENTOUT_PORT.
  95:./Drivers_V1.0.4/STM32F1xx_HAL_Driver/Src/stm32f1xx_hal_gpio_ex.c ****   * @param  GPIO_PinSource Select the pin used to output the Cortex EVENTOUT signal.
  96:./Drivers_V1.0.4/STM32F1xx_HAL_Driver/Src/stm32f1xx_hal_gpio_ex.c ****   *   This parameter can be a value of @ref GPIOEx_EVENTOUT_PIN.
  97:./Drivers_V1.0.4/STM32F1xx_HAL_Driver/Src/stm32f1xx_hal_gpio_ex.c ****   * @retval None
  98:./Drivers_V1.0.4/STM32F1xx_HAL_Driver/Src/stm32f1xx_hal_gpio_ex.c ****   */  
  99:./Drivers_V1.0.4/STM32F1xx_HAL_Driver/Src/stm32f1xx_hal_gpio_ex.c **** void HAL_GPIOEx_ConfigEventout(uint32_t GPIO_PortSource, uint32_t GPIO_PinSource)
 100:./Drivers_V1.0.4/STM32F1xx_HAL_Driver/Src/stm32f1xx_hal_gpio_ex.c **** {
  28              		.loc 1 100 0
  29              		.cfi_startproc
  30              		@ args = 0, pretend = 0, frame = 0
  31              		@ frame_needed = 0, uses_anonymous_args = 0
  32              		@ link register save eliminated.
  33              	.LVL0:
 101:./Drivers_V1.0.4/STM32F1xx_HAL_Driver/Src/stm32f1xx_hal_gpio_ex.c ****   /* Verify the parameters */
 102:./Drivers_V1.0.4/STM32F1xx_HAL_Driver/Src/stm32f1xx_hal_gpio_ex.c ****   assert_param(IS_AFIO_EVENTOUT_PORT(GPIO_PortSource));
 103:./Drivers_V1.0.4/STM32F1xx_HAL_Driver/Src/stm32f1xx_hal_gpio_ex.c ****   assert_param(IS_AFIO_EVENTOUT_PIN(GPIO_PinSource));
 104:./Drivers_V1.0.4/STM32F1xx_HAL_Driver/Src/stm32f1xx_hal_gpio_ex.c ****   
 105:./Drivers_V1.0.4/STM32F1xx_HAL_Driver/Src/stm32f1xx_hal_gpio_ex.c ****   /* Apply the new configuration */
 106:./Drivers_V1.0.4/STM32F1xx_HAL_Driver/Src/stm32f1xx_hal_gpio_ex.c ****   MODIFY_REG(AFIO->EVCR, (AFIO_EVCR_PORT)|(AFIO_EVCR_PIN), (GPIO_PortSource)|(GPIO_PinSource));
  34              		.loc 1 106 0
  35 0000 034A     		ldr	r2, .L2
  36 0002 1368     		ldr	r3, [r2]
  37 0004 23F07F03 		bic	r3, r3, #127
  38 0008 0143     		orrs	r1, r1, r0
  39              	.LVL1:
  40 000a 1943     		orrs	r1, r1, r3
  41 000c 1160     		str	r1, [r2]
  42 000e 7047     		bx	lr
  43              	.L3:
  44              		.align	2
  45              	.L2:
  46 0010 00000140 		.word	1073807360
  47              		.cfi_endproc
  48              	.LFE64:
  50              		.section	.text.HAL_GPIOEx_EnableEventout,"ax",%progbits
  51              		.align	2
  52              		.global	HAL_GPIOEx_EnableEventout
  53              		.thumb
  54              		.thumb_func
  56              	HAL_GPIOEx_EnableEventout:
  57              	.LFB65:
 107:./Drivers_V1.0.4/STM32F1xx_HAL_Driver/Src/stm32f1xx_hal_gpio_ex.c **** }
 108:./Drivers_V1.0.4/STM32F1xx_HAL_Driver/Src/stm32f1xx_hal_gpio_ex.c **** 
 109:./Drivers_V1.0.4/STM32F1xx_HAL_Driver/Src/stm32f1xx_hal_gpio_ex.c **** /**
 110:./Drivers_V1.0.4/STM32F1xx_HAL_Driver/Src/stm32f1xx_hal_gpio_ex.c ****   * @brief  Enables the Event Output.
 111:./Drivers_V1.0.4/STM32F1xx_HAL_Driver/Src/stm32f1xx_hal_gpio_ex.c ****   * @retval None
 112:./Drivers_V1.0.4/STM32F1xx_HAL_Driver/Src/stm32f1xx_hal_gpio_ex.c ****   */
 113:./Drivers_V1.0.4/STM32F1xx_HAL_Driver/Src/stm32f1xx_hal_gpio_ex.c **** void HAL_GPIOEx_EnableEventout(void)
 114:./Drivers_V1.0.4/STM32F1xx_HAL_Driver/Src/stm32f1xx_hal_gpio_ex.c **** {
  58              		.loc 1 114 0
  59              		.cfi_startproc
  60              		@ args = 0, pretend = 0, frame = 0
ARM GAS  /var/folders/jn/652hmfdj2m99syhs9p34dk640000gq/T//cc3BTyls.s 			page 4


  61              		@ frame_needed = 0, uses_anonymous_args = 0
  62              		@ link register save eliminated.
 115:./Drivers_V1.0.4/STM32F1xx_HAL_Driver/Src/stm32f1xx_hal_gpio_ex.c ****   SET_BIT(AFIO->EVCR, AFIO_EVCR_EVOE);
  63              		.loc 1 115 0
  64 0000 024A     		ldr	r2, .L5
  65 0002 1368     		ldr	r3, [r2]
  66 0004 43F08003 		orr	r3, r3, #128
  67 0008 1360     		str	r3, [r2]
  68 000a 7047     		bx	lr
  69              	.L6:
  70              		.align	2
  71              	.L5:
  72 000c 00000140 		.word	1073807360
  73              		.cfi_endproc
  74              	.LFE65:
  76              		.section	.text.HAL_GPIOEx_DisableEventout,"ax",%progbits
  77              		.align	2
  78              		.global	HAL_GPIOEx_DisableEventout
  79              		.thumb
  80              		.thumb_func
  82              	HAL_GPIOEx_DisableEventout:
  83              	.LFB66:
 116:./Drivers_V1.0.4/STM32F1xx_HAL_Driver/Src/stm32f1xx_hal_gpio_ex.c **** }
 117:./Drivers_V1.0.4/STM32F1xx_HAL_Driver/Src/stm32f1xx_hal_gpio_ex.c **** 
 118:./Drivers_V1.0.4/STM32F1xx_HAL_Driver/Src/stm32f1xx_hal_gpio_ex.c **** /**
 119:./Drivers_V1.0.4/STM32F1xx_HAL_Driver/Src/stm32f1xx_hal_gpio_ex.c ****   * @brief  Disables the Event Output.
 120:./Drivers_V1.0.4/STM32F1xx_HAL_Driver/Src/stm32f1xx_hal_gpio_ex.c ****   * @retval None
 121:./Drivers_V1.0.4/STM32F1xx_HAL_Driver/Src/stm32f1xx_hal_gpio_ex.c ****   */
 122:./Drivers_V1.0.4/STM32F1xx_HAL_Driver/Src/stm32f1xx_hal_gpio_ex.c **** void HAL_GPIOEx_DisableEventout(void)
 123:./Drivers_V1.0.4/STM32F1xx_HAL_Driver/Src/stm32f1xx_hal_gpio_ex.c **** {
  84              		.loc 1 123 0
  85              		.cfi_startproc
  86              		@ args = 0, pretend = 0, frame = 0
  87              		@ frame_needed = 0, uses_anonymous_args = 0
  88              		@ link register save eliminated.
 124:./Drivers_V1.0.4/STM32F1xx_HAL_Driver/Src/stm32f1xx_hal_gpio_ex.c ****   CLEAR_BIT(AFIO->EVCR, AFIO_EVCR_EVOE);
  89              		.loc 1 124 0
  90 0000 024A     		ldr	r2, .L8
  91 0002 1368     		ldr	r3, [r2]
  92 0004 23F08003 		bic	r3, r3, #128
  93 0008 1360     		str	r3, [r2]
  94 000a 7047     		bx	lr
  95              	.L9:
  96              		.align	2
  97              	.L8:
  98 000c 00000140 		.word	1073807360
  99              		.cfi_endproc
 100              	.LFE66:
 102              		.text
 103              	.Letext0:
 104              		.file 2 "/usr/local/Cellar/gcc-arm-none-eabi/20160928/arm-none-eabi/include/machine/_default_types
 105              		.file 3 "/usr/local/Cellar/gcc-arm-none-eabi/20160928/arm-none-eabi/include/sys/_stdint.h"
 106              		.file 4 "./Drivers_V1.0.4/CMSIS/Device/ST/STM32F1xx/Include/stm32f103xb.h"
 107              		.file 5 "./Drivers_V1.0.4/CMSIS/Include/core_cm3.h"
ARM GAS  /var/folders/jn/652hmfdj2m99syhs9p34dk640000gq/T//cc3BTyls.s 			page 5


DEFINED SYMBOLS
                            *ABS*:0000000000000000 stm32f1xx_hal_gpio_ex.c
/var/folders/jn/652hmfdj2m99syhs9p34dk640000gq/T//cc3BTyls.s:20     .text.HAL_GPIOEx_ConfigEventout:0000000000000000 $t
/var/folders/jn/652hmfdj2m99syhs9p34dk640000gq/T//cc3BTyls.s:25     .text.HAL_GPIOEx_ConfigEventout:0000000000000000 HAL_GPIOEx_ConfigEventout
/var/folders/jn/652hmfdj2m99syhs9p34dk640000gq/T//cc3BTyls.s:46     .text.HAL_GPIOEx_ConfigEventout:0000000000000010 $d
/var/folders/jn/652hmfdj2m99syhs9p34dk640000gq/T//cc3BTyls.s:51     .text.HAL_GPIOEx_EnableEventout:0000000000000000 $t
/var/folders/jn/652hmfdj2m99syhs9p34dk640000gq/T//cc3BTyls.s:56     .text.HAL_GPIOEx_EnableEventout:0000000000000000 HAL_GPIOEx_EnableEventout
/var/folders/jn/652hmfdj2m99syhs9p34dk640000gq/T//cc3BTyls.s:72     .text.HAL_GPIOEx_EnableEventout:000000000000000c $d
/var/folders/jn/652hmfdj2m99syhs9p34dk640000gq/T//cc3BTyls.s:77     .text.HAL_GPIOEx_DisableEventout:0000000000000000 $t
/var/folders/jn/652hmfdj2m99syhs9p34dk640000gq/T//cc3BTyls.s:82     .text.HAL_GPIOEx_DisableEventout:0000000000000000 HAL_GPIOEx_DisableEventout
/var/folders/jn/652hmfdj2m99syhs9p34dk640000gq/T//cc3BTyls.s:98     .text.HAL_GPIOEx_DisableEventout:000000000000000c $d
                     .debug_frame:0000000000000010 $d

NO UNDEFINED SYMBOLS
