ARM GAS  /var/folders/jn/652hmfdj2m99syhs9p34dk640000gq/T//cczfMm8N.s 			page 1


   1              		.syntax unified
   2              		.cpu cortex-m3
   3              		.fpu softvfp
   4              		.eabi_attribute 20, 1
   5              		.eabi_attribute 21, 1
   6              		.eabi_attribute 23, 3
   7              		.eabi_attribute 24, 1
   8              		.eabi_attribute 25, 1
   9              		.eabi_attribute 26, 1
  10              		.eabi_attribute 30, 4
  11              		.eabi_attribute 34, 1
  12              		.eabi_attribute 18, 4
  13              		.thumb
  14              		.syntax unified
  15              		.file	"stm32f1xx_hal_msp.c"
  16              		.text
  17              	.Ltext0:
  18              		.cfi_sections	.debug_frame
  19              		.section	.text.HAL_MspInit,"ax",%progbits
  20              		.align	1
  21              		.global	HAL_MspInit
  22              		.thumb
  23              		.thumb_func
  25              	HAL_MspInit:
  26              	.LFB65:
  27              		.file 1 "Src/stm32f1xx_hal_msp.c"
   1:Src/stm32f1xx_hal_msp.c **** /* USER CODE BEGIN Header */
   2:Src/stm32f1xx_hal_msp.c **** /**
   3:Src/stm32f1xx_hal_msp.c ****   ******************************************************************************
   4:Src/stm32f1xx_hal_msp.c ****   * File Name          : stm32f1xx_hal_msp.c
   5:Src/stm32f1xx_hal_msp.c ****   * Description        : This file provides code for the MSP Initialization 
   6:Src/stm32f1xx_hal_msp.c ****   *                      and de-Initialization codes.
   7:Src/stm32f1xx_hal_msp.c ****   ******************************************************************************
   8:Src/stm32f1xx_hal_msp.c ****   * @attention
   9:Src/stm32f1xx_hal_msp.c ****   *
  10:Src/stm32f1xx_hal_msp.c ****   * <h2><center>&copy; Copyright (c) 2020 STMicroelectronics.
  11:Src/stm32f1xx_hal_msp.c ****   * All rights reserved.</center></h2>
  12:Src/stm32f1xx_hal_msp.c ****   *
  13:Src/stm32f1xx_hal_msp.c ****   * This software component is licensed by ST under BSD 3-Clause license,
  14:Src/stm32f1xx_hal_msp.c ****   * the "License"; You may not use this file except in compliance with the
  15:Src/stm32f1xx_hal_msp.c ****   * License. You may obtain a copy of the License at:
  16:Src/stm32f1xx_hal_msp.c ****   *                        opensource.org/licenses/BSD-3-Clause
  17:Src/stm32f1xx_hal_msp.c ****   *
  18:Src/stm32f1xx_hal_msp.c ****   ******************************************************************************
  19:Src/stm32f1xx_hal_msp.c ****   */
  20:Src/stm32f1xx_hal_msp.c **** /* USER CODE END Header */
  21:Src/stm32f1xx_hal_msp.c **** 
  22:Src/stm32f1xx_hal_msp.c **** /* Includes ------------------------------------------------------------------*/
  23:Src/stm32f1xx_hal_msp.c **** #include "main.h"
  24:Src/stm32f1xx_hal_msp.c **** /* USER CODE BEGIN Includes */
  25:Src/stm32f1xx_hal_msp.c **** 
  26:Src/stm32f1xx_hal_msp.c **** /* USER CODE END Includes */
  27:Src/stm32f1xx_hal_msp.c **** 
  28:Src/stm32f1xx_hal_msp.c **** /* Private typedef -----------------------------------------------------------*/
  29:Src/stm32f1xx_hal_msp.c **** /* USER CODE BEGIN TD */
  30:Src/stm32f1xx_hal_msp.c **** 
  31:Src/stm32f1xx_hal_msp.c **** /* USER CODE END TD */
ARM GAS  /var/folders/jn/652hmfdj2m99syhs9p34dk640000gq/T//cczfMm8N.s 			page 2


  32:Src/stm32f1xx_hal_msp.c **** 
  33:Src/stm32f1xx_hal_msp.c **** /* Private define ------------------------------------------------------------*/
  34:Src/stm32f1xx_hal_msp.c **** /* USER CODE BEGIN Define */
  35:Src/stm32f1xx_hal_msp.c ****  
  36:Src/stm32f1xx_hal_msp.c **** /* USER CODE END Define */
  37:Src/stm32f1xx_hal_msp.c **** 
  38:Src/stm32f1xx_hal_msp.c **** /* Private macro -------------------------------------------------------------*/
  39:Src/stm32f1xx_hal_msp.c **** /* USER CODE BEGIN Macro */
  40:Src/stm32f1xx_hal_msp.c **** 
  41:Src/stm32f1xx_hal_msp.c **** /* USER CODE END Macro */
  42:Src/stm32f1xx_hal_msp.c **** 
  43:Src/stm32f1xx_hal_msp.c **** /* Private variables ---------------------------------------------------------*/
  44:Src/stm32f1xx_hal_msp.c **** /* USER CODE BEGIN PV */
  45:Src/stm32f1xx_hal_msp.c **** 
  46:Src/stm32f1xx_hal_msp.c **** /* USER CODE END PV */
  47:Src/stm32f1xx_hal_msp.c **** 
  48:Src/stm32f1xx_hal_msp.c **** /* Private function prototypes -----------------------------------------------*/
  49:Src/stm32f1xx_hal_msp.c **** /* USER CODE BEGIN PFP */
  50:Src/stm32f1xx_hal_msp.c **** 
  51:Src/stm32f1xx_hal_msp.c **** /* USER CODE END PFP */
  52:Src/stm32f1xx_hal_msp.c **** 
  53:Src/stm32f1xx_hal_msp.c **** /* External functions --------------------------------------------------------*/
  54:Src/stm32f1xx_hal_msp.c **** /* USER CODE BEGIN ExternalFunctions */
  55:Src/stm32f1xx_hal_msp.c **** 
  56:Src/stm32f1xx_hal_msp.c **** /* USER CODE END ExternalFunctions */
  57:Src/stm32f1xx_hal_msp.c **** 
  58:Src/stm32f1xx_hal_msp.c **** /* USER CODE BEGIN 0 */
  59:Src/stm32f1xx_hal_msp.c **** 
  60:Src/stm32f1xx_hal_msp.c **** /* USER CODE END 0 */
  61:Src/stm32f1xx_hal_msp.c ****                         
  62:Src/stm32f1xx_hal_msp.c **** void HAL_TIM_MspPostInit(TIM_HandleTypeDef *htim);
  63:Src/stm32f1xx_hal_msp.c ****                     /**
  64:Src/stm32f1xx_hal_msp.c ****   * Initializes the Global MSP.
  65:Src/stm32f1xx_hal_msp.c ****   */
  66:Src/stm32f1xx_hal_msp.c **** void HAL_MspInit(void)
  67:Src/stm32f1xx_hal_msp.c **** {
  28              		.loc 1 67 0
  29              		.cfi_startproc
  30              		@ args = 0, pretend = 0, frame = 8
  31              		@ frame_needed = 0, uses_anonymous_args = 0
  32              		@ link register save eliminated.
  33              	.LBB2:
  68:Src/stm32f1xx_hal_msp.c ****   /* USER CODE BEGIN MspInit 0 */
  69:Src/stm32f1xx_hal_msp.c **** 
  70:Src/stm32f1xx_hal_msp.c ****   /* USER CODE END MspInit 0 */
  71:Src/stm32f1xx_hal_msp.c **** 
  72:Src/stm32f1xx_hal_msp.c ****   __HAL_RCC_AFIO_CLK_ENABLE();
  34              		.loc 1 72 0
  35 0000 0E4B     		ldr	r3, .L2
  36              	.LBE2:
  67:Src/stm32f1xx_hal_msp.c ****   /* USER CODE BEGIN MspInit 0 */
  37              		.loc 1 67 0
  38 0002 82B0     		sub	sp, sp, #8
  39              	.LCFI0:
  40              		.cfi_def_cfa_offset 8
  41              	.LBB3:
  42              		.loc 1 72 0
ARM GAS  /var/folders/jn/652hmfdj2m99syhs9p34dk640000gq/T//cczfMm8N.s 			page 3


  43 0004 9A69     		ldr	r2, [r3, #24]
  44 0006 42F00102 		orr	r2, r2, #1
  45 000a 9A61     		str	r2, [r3, #24]
  46 000c 9A69     		ldr	r2, [r3, #24]
  47 000e 02F00102 		and	r2, r2, #1
  48 0012 0092     		str	r2, [sp]
  49 0014 009A     		ldr	r2, [sp]
  50              	.LBE3:
  51              	.LBB4:
  73:Src/stm32f1xx_hal_msp.c ****   __HAL_RCC_PWR_CLK_ENABLE();
  52              		.loc 1 73 0
  53 0016 DA69     		ldr	r2, [r3, #28]
  54 0018 42F08052 		orr	r2, r2, #268435456
  55 001c DA61     		str	r2, [r3, #28]
  56 001e DB69     		ldr	r3, [r3, #28]
  57              	.LBE4:
  58              	.LBB5:
  74:Src/stm32f1xx_hal_msp.c **** 
  75:Src/stm32f1xx_hal_msp.c ****   /* System interrupt init*/
  76:Src/stm32f1xx_hal_msp.c **** 
  77:Src/stm32f1xx_hal_msp.c ****   /** DISABLE: JTAG-DP Disabled and SW-DP Disabled 
  78:Src/stm32f1xx_hal_msp.c ****   */
  79:Src/stm32f1xx_hal_msp.c ****   __HAL_AFIO_REMAP_SWJ_DISABLE();
  59              		.loc 1 79 0
  60 0020 074A     		ldr	r2, .L2+4
  61              	.LBE5:
  62              	.LBB6:
  73:Src/stm32f1xx_hal_msp.c ****   __HAL_RCC_PWR_CLK_ENABLE();
  63              		.loc 1 73 0
  64 0022 03F08053 		and	r3, r3, #268435456
  65 0026 0193     		str	r3, [sp, #4]
  66 0028 019B     		ldr	r3, [sp, #4]
  67              	.LBE6:
  68              	.LBB7:
  69              		.loc 1 79 0
  70 002a 5368     		ldr	r3, [r2, #4]
  71              	.LVL0:
  72 002c 23F0E063 		bic	r3, r3, #117440512
  73              	.LVL1:
  74 0030 43F08063 		orr	r3, r3, #67108864
  75              	.LVL2:
  76 0034 5360     		str	r3, [r2, #4]
  77              	.LBE7:
  80:Src/stm32f1xx_hal_msp.c **** 
  81:Src/stm32f1xx_hal_msp.c ****   /* USER CODE BEGIN MspInit 1 */
  82:Src/stm32f1xx_hal_msp.c **** 
  83:Src/stm32f1xx_hal_msp.c ****   /* USER CODE END MspInit 1 */
  84:Src/stm32f1xx_hal_msp.c **** }
  78              		.loc 1 84 0
  79 0036 02B0     		add	sp, sp, #8
  80              	.LCFI1:
  81              		.cfi_def_cfa_offset 0
  82              		@ sp needed
  83 0038 7047     		bx	lr
  84              	.L3:
  85 003a 00BF     		.align	2
  86              	.L2:
ARM GAS  /var/folders/jn/652hmfdj2m99syhs9p34dk640000gq/T//cczfMm8N.s 			page 4


  87 003c 00100240 		.word	1073876992
  88 0040 00000140 		.word	1073807360
  89              		.cfi_endproc
  90              	.LFE65:
  92              		.section	.text.HAL_TIM_Base_MspInit,"ax",%progbits
  93              		.align	1
  94              		.global	HAL_TIM_Base_MspInit
  95              		.thumb
  96              		.thumb_func
  98              	HAL_TIM_Base_MspInit:
  99              	.LFB66:
  85:Src/stm32f1xx_hal_msp.c **** 
  86:Src/stm32f1xx_hal_msp.c **** /**
  87:Src/stm32f1xx_hal_msp.c **** * @brief TIM_Base MSP Initialization
  88:Src/stm32f1xx_hal_msp.c **** * This function configures the hardware resources used in this example
  89:Src/stm32f1xx_hal_msp.c **** * @param htim_base: TIM_Base handle pointer
  90:Src/stm32f1xx_hal_msp.c **** * @retval None
  91:Src/stm32f1xx_hal_msp.c **** */
  92:Src/stm32f1xx_hal_msp.c **** void HAL_TIM_Base_MspInit(TIM_HandleTypeDef* htim_base)
  93:Src/stm32f1xx_hal_msp.c **** {
 100              		.loc 1 93 0
 101              		.cfi_startproc
 102              		@ args = 0, pretend = 0, frame = 8
 103              		@ frame_needed = 0, uses_anonymous_args = 0
 104              		@ link register save eliminated.
 105              	.LVL3:
  94:Src/stm32f1xx_hal_msp.c ****   if(htim_base->Instance==TIM2)
 106              		.loc 1 94 0
 107 0000 0368     		ldr	r3, [r0]
  93:Src/stm32f1xx_hal_msp.c ****   if(htim_base->Instance==TIM2)
 108              		.loc 1 93 0
 109 0002 82B0     		sub	sp, sp, #8
 110              	.LCFI2:
 111              		.cfi_def_cfa_offset 8
 112              		.loc 1 94 0
 113 0004 B3F1804F 		cmp	r3, #1073741824
 114 0008 0AD1     		bne	.L4
 115              	.LBB8:
  95:Src/stm32f1xx_hal_msp.c ****   {
  96:Src/stm32f1xx_hal_msp.c ****   /* USER CODE BEGIN TIM2_MspInit 0 */
  97:Src/stm32f1xx_hal_msp.c **** 
  98:Src/stm32f1xx_hal_msp.c ****   /* USER CODE END TIM2_MspInit 0 */
  99:Src/stm32f1xx_hal_msp.c ****     /* Peripheral clock enable */
 100:Src/stm32f1xx_hal_msp.c ****     __HAL_RCC_TIM2_CLK_ENABLE();
 116              		.loc 1 100 0
 117 000a 03F50433 		add	r3, r3, #135168
 118 000e DA69     		ldr	r2, [r3, #28]
 119 0010 42F00102 		orr	r2, r2, #1
 120 0014 DA61     		str	r2, [r3, #28]
 121 0016 DB69     		ldr	r3, [r3, #28]
 122 0018 03F00103 		and	r3, r3, #1
 123 001c 0193     		str	r3, [sp, #4]
 124 001e 019B     		ldr	r3, [sp, #4]
 125              	.L4:
 126              	.LBE8:
 101:Src/stm32f1xx_hal_msp.c ****   /* USER CODE BEGIN TIM2_MspInit 1 */
 102:Src/stm32f1xx_hal_msp.c **** 
ARM GAS  /var/folders/jn/652hmfdj2m99syhs9p34dk640000gq/T//cczfMm8N.s 			page 5


 103:Src/stm32f1xx_hal_msp.c ****   /* USER CODE END TIM2_MspInit 1 */
 104:Src/stm32f1xx_hal_msp.c ****   }
 105:Src/stm32f1xx_hal_msp.c **** 
 106:Src/stm32f1xx_hal_msp.c **** }
 127              		.loc 1 106 0
 128 0020 02B0     		add	sp, sp, #8
 129              	.LCFI3:
 130              		.cfi_def_cfa_offset 0
 131              		@ sp needed
 132 0022 7047     		bx	lr
 133              		.cfi_endproc
 134              	.LFE66:
 136              		.section	.text.HAL_TIM_MspPostInit,"ax",%progbits
 137              		.align	1
 138              		.global	HAL_TIM_MspPostInit
 139              		.thumb
 140              		.thumb_func
 142              	HAL_TIM_MspPostInit:
 143              	.LFB67:
 107:Src/stm32f1xx_hal_msp.c **** 
 108:Src/stm32f1xx_hal_msp.c **** void HAL_TIM_MspPostInit(TIM_HandleTypeDef* htim)
 109:Src/stm32f1xx_hal_msp.c **** {
 144              		.loc 1 109 0
 145              		.cfi_startproc
 146              		@ args = 0, pretend = 0, frame = 24
 147              		@ frame_needed = 0, uses_anonymous_args = 0
 148              	.LVL4:
 149 0000 10B5     		push	{r4, lr}
 150              	.LCFI4:
 151              		.cfi_def_cfa_offset 8
 152              		.cfi_offset 4, -8
 153              		.cfi_offset 14, -4
 154 0002 0446     		mov	r4, r0
 155 0004 86B0     		sub	sp, sp, #24
 156              	.LCFI5:
 157              		.cfi_def_cfa_offset 32
 110:Src/stm32f1xx_hal_msp.c ****   GPIO_InitTypeDef GPIO_InitStruct = {0};
 158              		.loc 1 110 0
 159 0006 1022     		movs	r2, #16
 160 0008 0021     		movs	r1, #0
 161 000a 02A8     		add	r0, sp, #8
 162              	.LVL5:
 163 000c FFF7FEFF 		bl	memset
 164              	.LVL6:
 111:Src/stm32f1xx_hal_msp.c ****   if(htim->Instance==TIM2)
 165              		.loc 1 111 0
 166 0010 2368     		ldr	r3, [r4]
 167 0012 B3F1804F 		cmp	r3, #1073741824
 168 0016 13D1     		bne	.L7
 169              	.LBB9:
 112:Src/stm32f1xx_hal_msp.c ****   {
 113:Src/stm32f1xx_hal_msp.c ****   /* USER CODE BEGIN TIM2_MspPostInit 0 */
 114:Src/stm32f1xx_hal_msp.c **** 
 115:Src/stm32f1xx_hal_msp.c ****   /* USER CODE END TIM2_MspPostInit 0 */
 116:Src/stm32f1xx_hal_msp.c **** 
 117:Src/stm32f1xx_hal_msp.c ****     __HAL_RCC_GPIOA_CLK_ENABLE();
 170              		.loc 1 117 0
ARM GAS  /var/folders/jn/652hmfdj2m99syhs9p34dk640000gq/T//cczfMm8N.s 			page 6


 171 0018 03F50433 		add	r3, r3, #135168
 172 001c 9A69     		ldr	r2, [r3, #24]
 173              	.LBE9:
 118:Src/stm32f1xx_hal_msp.c ****     /**TIM2 GPIO Configuration 
 119:Src/stm32f1xx_hal_msp.c ****     PA0-WKUP     ------> TIM2_CH1
 120:Src/stm32f1xx_hal_msp.c ****     */
 121:Src/stm32f1xx_hal_msp.c ****     GPIO_InitStruct.Pin = GPIO_PIN_0;
 122:Src/stm32f1xx_hal_msp.c ****     GPIO_InitStruct.Mode = GPIO_MODE_AF_PP;
 123:Src/stm32f1xx_hal_msp.c ****     GPIO_InitStruct.Speed = GPIO_SPEED_FREQ_LOW;
 124:Src/stm32f1xx_hal_msp.c ****     HAL_GPIO_Init(GPIOA, &GPIO_InitStruct);
 174              		.loc 1 124 0
 175 001e 02A9     		add	r1, sp, #8
 176              	.LBB10:
 117:Src/stm32f1xx_hal_msp.c ****     /**TIM2 GPIO Configuration 
 177              		.loc 1 117 0
 178 0020 42F00402 		orr	r2, r2, #4
 179 0024 9A61     		str	r2, [r3, #24]
 180 0026 9B69     		ldr	r3, [r3, #24]
 181              	.LBE10:
 182              		.loc 1 124 0
 183 0028 0648     		ldr	r0, .L9
 184              	.LBB11:
 117:Src/stm32f1xx_hal_msp.c ****     /**TIM2 GPIO Configuration 
 185              		.loc 1 117 0
 186 002a 03F00403 		and	r3, r3, #4
 187 002e 0193     		str	r3, [sp, #4]
 188 0030 019B     		ldr	r3, [sp, #4]
 189              	.LBE11:
 121:Src/stm32f1xx_hal_msp.c ****     GPIO_InitStruct.Mode = GPIO_MODE_AF_PP;
 190              		.loc 1 121 0
 191 0032 0123     		movs	r3, #1
 192 0034 0293     		str	r3, [sp, #8]
 122:Src/stm32f1xx_hal_msp.c ****     GPIO_InitStruct.Speed = GPIO_SPEED_FREQ_LOW;
 193              		.loc 1 122 0
 194 0036 0223     		movs	r3, #2
 195 0038 0393     		str	r3, [sp, #12]
 123:Src/stm32f1xx_hal_msp.c ****     HAL_GPIO_Init(GPIOA, &GPIO_InitStruct);
 196              		.loc 1 123 0
 197 003a 0593     		str	r3, [sp, #20]
 198              		.loc 1 124 0
 199 003c FFF7FEFF 		bl	HAL_GPIO_Init
 200              	.LVL7:
 201              	.L7:
 125:Src/stm32f1xx_hal_msp.c **** 
 126:Src/stm32f1xx_hal_msp.c ****   /* USER CODE BEGIN TIM2_MspPostInit 1 */
 127:Src/stm32f1xx_hal_msp.c **** 
 128:Src/stm32f1xx_hal_msp.c ****   /* USER CODE END TIM2_MspPostInit 1 */
 129:Src/stm32f1xx_hal_msp.c ****   }
 130:Src/stm32f1xx_hal_msp.c **** 
 131:Src/stm32f1xx_hal_msp.c **** }
 202              		.loc 1 131 0
 203 0040 06B0     		add	sp, sp, #24
 204              	.LCFI6:
 205              		.cfi_def_cfa_offset 8
 206              		@ sp needed
 207 0042 10BD     		pop	{r4, pc}
 208              	.LVL8:
ARM GAS  /var/folders/jn/652hmfdj2m99syhs9p34dk640000gq/T//cczfMm8N.s 			page 7


 209              	.L10:
 210              		.align	2
 211              	.L9:
 212 0044 00080140 		.word	1073809408
 213              		.cfi_endproc
 214              	.LFE67:
 216              		.section	.text.HAL_TIM_Base_MspDeInit,"ax",%progbits
 217              		.align	1
 218              		.global	HAL_TIM_Base_MspDeInit
 219              		.thumb
 220              		.thumb_func
 222              	HAL_TIM_Base_MspDeInit:
 223              	.LFB68:
 132:Src/stm32f1xx_hal_msp.c **** /**
 133:Src/stm32f1xx_hal_msp.c **** * @brief TIM_Base MSP De-Initialization
 134:Src/stm32f1xx_hal_msp.c **** * This function freeze the hardware resources used in this example
 135:Src/stm32f1xx_hal_msp.c **** * @param htim_base: TIM_Base handle pointer
 136:Src/stm32f1xx_hal_msp.c **** * @retval None
 137:Src/stm32f1xx_hal_msp.c **** */
 138:Src/stm32f1xx_hal_msp.c **** void HAL_TIM_Base_MspDeInit(TIM_HandleTypeDef* htim_base)
 139:Src/stm32f1xx_hal_msp.c **** {
 224              		.loc 1 139 0
 225              		.cfi_startproc
 226              		@ args = 0, pretend = 0, frame = 0
 227              		@ frame_needed = 0, uses_anonymous_args = 0
 228              		@ link register save eliminated.
 229              	.LVL9:
 140:Src/stm32f1xx_hal_msp.c ****   if(htim_base->Instance==TIM2)
 230              		.loc 1 140 0
 231 0000 0368     		ldr	r3, [r0]
 232 0002 B3F1804F 		cmp	r3, #1073741824
 141:Src/stm32f1xx_hal_msp.c ****   {
 142:Src/stm32f1xx_hal_msp.c ****   /* USER CODE BEGIN TIM2_MspDeInit 0 */
 143:Src/stm32f1xx_hal_msp.c **** 
 144:Src/stm32f1xx_hal_msp.c ****   /* USER CODE END TIM2_MspDeInit 0 */
 145:Src/stm32f1xx_hal_msp.c ****     /* Peripheral clock disable */
 146:Src/stm32f1xx_hal_msp.c ****     __HAL_RCC_TIM2_CLK_DISABLE();
 233              		.loc 1 146 0
 234 0006 01BF     		itttt	eq
 235 0008 024A     		ldreq	r2, .L13
 236 000a D369     		ldreq	r3, [r2, #28]
 237 000c 23F00103 		biceq	r3, r3, #1
 238 0010 D361     		streq	r3, [r2, #28]
 239 0012 7047     		bx	lr
 240              	.L14:
 241              		.align	2
 242              	.L13:
 243 0014 00100240 		.word	1073876992
 244              		.cfi_endproc
 245              	.LFE68:
 247              		.text
 248              	.Letext0:
 249              		.file 2 "/usr/local/Cellar/gcc-arm-none-eabi/20160928/arm-none-eabi/include/machine/_default_types
 250              		.file 3 "/usr/local/Cellar/gcc-arm-none-eabi/20160928/arm-none-eabi/include/sys/_stdint.h"
 251              		.file 4 "./Drivers1/CMSIS/Device/ST/STM32F1xx/Include/stm32f103xb.h"
 252              		.file 5 "./Drivers1/STM32F1xx_HAL_Driver/Inc/stm32f1xx_hal_def.h"
 253              		.file 6 "./Drivers1/STM32F1xx_HAL_Driver/Inc/stm32f1xx_hal_gpio.h"
ARM GAS  /var/folders/jn/652hmfdj2m99syhs9p34dk640000gq/T//cczfMm8N.s 			page 8


 254              		.file 7 "./Drivers1/STM32F1xx_HAL_Driver/Inc/stm32f1xx_hal_dma.h"
 255              		.file 8 "./Drivers1/STM32F1xx_HAL_Driver/Inc/stm32f1xx_hal_tim.h"
 256              		.file 9 "./Drivers1/CMSIS/Include/core_cm3.h"
ARM GAS  /var/folders/jn/652hmfdj2m99syhs9p34dk640000gq/T//cczfMm8N.s 			page 9


DEFINED SYMBOLS
                            *ABS*:0000000000000000 stm32f1xx_hal_msp.c
/var/folders/jn/652hmfdj2m99syhs9p34dk640000gq/T//cczfMm8N.s:20     .text.HAL_MspInit:0000000000000000 $t
/var/folders/jn/652hmfdj2m99syhs9p34dk640000gq/T//cczfMm8N.s:25     .text.HAL_MspInit:0000000000000000 HAL_MspInit
/var/folders/jn/652hmfdj2m99syhs9p34dk640000gq/T//cczfMm8N.s:87     .text.HAL_MspInit:000000000000003c $d
/var/folders/jn/652hmfdj2m99syhs9p34dk640000gq/T//cczfMm8N.s:93     .text.HAL_TIM_Base_MspInit:0000000000000000 $t
/var/folders/jn/652hmfdj2m99syhs9p34dk640000gq/T//cczfMm8N.s:98     .text.HAL_TIM_Base_MspInit:0000000000000000 HAL_TIM_Base_MspInit
/var/folders/jn/652hmfdj2m99syhs9p34dk640000gq/T//cczfMm8N.s:137    .text.HAL_TIM_MspPostInit:0000000000000000 $t
/var/folders/jn/652hmfdj2m99syhs9p34dk640000gq/T//cczfMm8N.s:142    .text.HAL_TIM_MspPostInit:0000000000000000 HAL_TIM_MspPostInit
/var/folders/jn/652hmfdj2m99syhs9p34dk640000gq/T//cczfMm8N.s:212    .text.HAL_TIM_MspPostInit:0000000000000044 $d
/var/folders/jn/652hmfdj2m99syhs9p34dk640000gq/T//cczfMm8N.s:217    .text.HAL_TIM_Base_MspDeInit:0000000000000000 $t
/var/folders/jn/652hmfdj2m99syhs9p34dk640000gq/T//cczfMm8N.s:222    .text.HAL_TIM_Base_MspDeInit:0000000000000000 HAL_TIM_Base_MspDeInit
/var/folders/jn/652hmfdj2m99syhs9p34dk640000gq/T//cczfMm8N.s:243    .text.HAL_TIM_Base_MspDeInit:0000000000000014 $d
                     .debug_frame:0000000000000010 $d

UNDEFINED SYMBOLS
memset
HAL_GPIO_Init
