ARM GAS  /var/folders/jn/652hmfdj2m99syhs9p34dk640000gq/T//cc1bOk9m.s 			page 1


   1              		.syntax unified
   2              		.cpu cortex-m3
   3              		.fpu softvfp
   4              		.eabi_attribute 20, 1
   5              		.eabi_attribute 21, 1
   6              		.eabi_attribute 23, 3
   7              		.eabi_attribute 24, 1
   8              		.eabi_attribute 25, 1
   9              		.eabi_attribute 26, 1
  10              		.eabi_attribute 30, 4
  11              		.eabi_attribute 34, 1
  12              		.eabi_attribute 18, 4
  13              		.thumb
  14              		.syntax unified
  15              		.file	"stm32f1xx_it.c"
  16              		.text
  17              	.Ltext0:
  18              		.cfi_sections	.debug_frame
  19              		.section	.text.NMI_Handler,"ax",%progbits
  20              		.align	1
  21              		.global	NMI_Handler
  22              		.thumb
  23              		.thumb_func
  25              	NMI_Handler:
  26              	.LFB79:
  27              		.cfi_startproc
  28              		@ args = 0, pretend = 0, frame = 0
  29              		@ frame_needed = 0, uses_anonymous_args = 0
  30              		@ link register save eliminated.
  31 0000 7047     		bx	lr
  32              		.cfi_endproc
  33              	.LFE79:
  35              		.section	.text.HardFault_Handler,"ax",%progbits
  36              		.align	1
  37              		.global	HardFault_Handler
  38              		.thumb
  39              		.thumb_func
  41              	HardFault_Handler:
  42              	.LFB66:
  43              		.file 1 "Src/stm32f1xx_it.c"
   1:Src/stm32f1xx_it.c **** /* USER CODE BEGIN Header */
   2:Src/stm32f1xx_it.c **** /**
   3:Src/stm32f1xx_it.c ****   ******************************************************************************
   4:Src/stm32f1xx_it.c ****   * @file    stm32f1xx_it.c
   5:Src/stm32f1xx_it.c ****   * @brief   Interrupt Service Routines.
   6:Src/stm32f1xx_it.c ****   ******************************************************************************
   7:Src/stm32f1xx_it.c ****   * @attention
   8:Src/stm32f1xx_it.c ****   *
   9:Src/stm32f1xx_it.c ****   * <h2><center>&copy; Copyright (c) 2020 STMicroelectronics.
  10:Src/stm32f1xx_it.c ****   * All rights reserved.</center></h2>
  11:Src/stm32f1xx_it.c ****   *
  12:Src/stm32f1xx_it.c ****   * This software component is licensed by ST under BSD 3-Clause license,
  13:Src/stm32f1xx_it.c ****   * the "License"; You may not use this file except in compliance with the
  14:Src/stm32f1xx_it.c ****   * License. You may obtain a copy of the License at:
  15:Src/stm32f1xx_it.c ****   *                        opensource.org/licenses/BSD-3-Clause
  16:Src/stm32f1xx_it.c ****   *
  17:Src/stm32f1xx_it.c ****   ******************************************************************************
ARM GAS  /var/folders/jn/652hmfdj2m99syhs9p34dk640000gq/T//cc1bOk9m.s 			page 2


  18:Src/stm32f1xx_it.c ****   */
  19:Src/stm32f1xx_it.c **** /* USER CODE END Header */
  20:Src/stm32f1xx_it.c **** 
  21:Src/stm32f1xx_it.c **** /* Includes ------------------------------------------------------------------*/
  22:Src/stm32f1xx_it.c **** #include "main.h"
  23:Src/stm32f1xx_it.c **** #include "stm32f1xx_it.h"
  24:Src/stm32f1xx_it.c **** /* Private includes ----------------------------------------------------------*/
  25:Src/stm32f1xx_it.c **** /* USER CODE BEGIN Includes */
  26:Src/stm32f1xx_it.c **** /* USER CODE END Includes */
  27:Src/stm32f1xx_it.c **** 
  28:Src/stm32f1xx_it.c **** /* Private typedef -----------------------------------------------------------*/
  29:Src/stm32f1xx_it.c **** /* USER CODE BEGIN TD */
  30:Src/stm32f1xx_it.c **** 
  31:Src/stm32f1xx_it.c **** /* USER CODE END TD */
  32:Src/stm32f1xx_it.c **** 
  33:Src/stm32f1xx_it.c **** /* Private define ------------------------------------------------------------*/
  34:Src/stm32f1xx_it.c **** /* USER CODE BEGIN PD */
  35:Src/stm32f1xx_it.c ****  
  36:Src/stm32f1xx_it.c **** /* USER CODE END PD */
  37:Src/stm32f1xx_it.c **** 
  38:Src/stm32f1xx_it.c **** /* Private macro -------------------------------------------------------------*/
  39:Src/stm32f1xx_it.c **** /* USER CODE BEGIN PM */
  40:Src/stm32f1xx_it.c **** 
  41:Src/stm32f1xx_it.c **** /* USER CODE END PM */
  42:Src/stm32f1xx_it.c **** 
  43:Src/stm32f1xx_it.c **** /* Private variables ---------------------------------------------------------*/
  44:Src/stm32f1xx_it.c **** /* USER CODE BEGIN PV */
  45:Src/stm32f1xx_it.c **** 
  46:Src/stm32f1xx_it.c **** /* USER CODE END PV */
  47:Src/stm32f1xx_it.c **** 
  48:Src/stm32f1xx_it.c **** /* Private function prototypes -----------------------------------------------*/
  49:Src/stm32f1xx_it.c **** /* USER CODE BEGIN PFP */
  50:Src/stm32f1xx_it.c **** 
  51:Src/stm32f1xx_it.c **** /* USER CODE END PFP */
  52:Src/stm32f1xx_it.c **** 
  53:Src/stm32f1xx_it.c **** /* Private user code ---------------------------------------------------------*/
  54:Src/stm32f1xx_it.c **** /* USER CODE BEGIN 0 */
  55:Src/stm32f1xx_it.c **** 
  56:Src/stm32f1xx_it.c **** /* USER CODE END 0 */
  57:Src/stm32f1xx_it.c **** 
  58:Src/stm32f1xx_it.c **** /* External variables --------------------------------------------------------*/
  59:Src/stm32f1xx_it.c **** 
  60:Src/stm32f1xx_it.c **** /* USER CODE BEGIN EV */
  61:Src/stm32f1xx_it.c **** 
  62:Src/stm32f1xx_it.c **** /* USER CODE END EV */
  63:Src/stm32f1xx_it.c **** 
  64:Src/stm32f1xx_it.c **** /******************************************************************************/
  65:Src/stm32f1xx_it.c **** /*           Cortex-M3 Processor Interruption and Exception Handlers          */ 
  66:Src/stm32f1xx_it.c **** /******************************************************************************/
  67:Src/stm32f1xx_it.c **** /**
  68:Src/stm32f1xx_it.c ****   * @brief This function handles Non maskable interrupt.
  69:Src/stm32f1xx_it.c ****   */
  70:Src/stm32f1xx_it.c **** void NMI_Handler(void)
  71:Src/stm32f1xx_it.c **** {
  72:Src/stm32f1xx_it.c ****   /* USER CODE BEGIN NonMaskableInt_IRQn 0 */
  73:Src/stm32f1xx_it.c **** 
  74:Src/stm32f1xx_it.c ****   /* USER CODE END NonMaskableInt_IRQn 0 */
ARM GAS  /var/folders/jn/652hmfdj2m99syhs9p34dk640000gq/T//cc1bOk9m.s 			page 3


  75:Src/stm32f1xx_it.c ****   /* USER CODE BEGIN NonMaskableInt_IRQn 1 */
  76:Src/stm32f1xx_it.c **** 
  77:Src/stm32f1xx_it.c ****   /* USER CODE END NonMaskableInt_IRQn 1 */
  78:Src/stm32f1xx_it.c **** }
  79:Src/stm32f1xx_it.c **** 
  80:Src/stm32f1xx_it.c **** /**
  81:Src/stm32f1xx_it.c ****   * @brief This function handles Hard fault interrupt.
  82:Src/stm32f1xx_it.c ****   */
  83:Src/stm32f1xx_it.c **** void HardFault_Handler(void)
  84:Src/stm32f1xx_it.c **** {
  44              		.loc 1 84 0
  45              		.cfi_startproc
  46              		@ Volatile: function does not return.
  47              		@ args = 0, pretend = 0, frame = 0
  48              		@ frame_needed = 0, uses_anonymous_args = 0
  49              		@ link register save eliminated.
  50              	.L3:
  51 0000 FEE7     		b	.L3
  52              		.cfi_endproc
  53              	.LFE66:
  55              		.section	.text.MemManage_Handler,"ax",%progbits
  56              		.align	1
  57              		.global	MemManage_Handler
  58              		.thumb
  59              		.thumb_func
  61              	MemManage_Handler:
  62              	.LFB67:
  85:Src/stm32f1xx_it.c ****   /* USER CODE BEGIN HardFault_IRQn 0 */
  86:Src/stm32f1xx_it.c **** 
  87:Src/stm32f1xx_it.c ****   /* USER CODE END HardFault_IRQn 0 */
  88:Src/stm32f1xx_it.c ****   while (1)
  89:Src/stm32f1xx_it.c ****   {
  90:Src/stm32f1xx_it.c ****     /* USER CODE BEGIN W1_HardFault_IRQn 0 */
  91:Src/stm32f1xx_it.c ****     /* USER CODE END W1_HardFault_IRQn 0 */
  92:Src/stm32f1xx_it.c ****   }
  93:Src/stm32f1xx_it.c **** }
  94:Src/stm32f1xx_it.c **** 
  95:Src/stm32f1xx_it.c **** /**
  96:Src/stm32f1xx_it.c ****   * @brief This function handles Memory management fault.
  97:Src/stm32f1xx_it.c ****   */
  98:Src/stm32f1xx_it.c **** void MemManage_Handler(void)
  99:Src/stm32f1xx_it.c **** {
  63              		.loc 1 99 0
  64              		.cfi_startproc
  65              		@ Volatile: function does not return.
  66              		@ args = 0, pretend = 0, frame = 0
  67              		@ frame_needed = 0, uses_anonymous_args = 0
  68              		@ link register save eliminated.
  69              	.L5:
  70 0000 FEE7     		b	.L5
  71              		.cfi_endproc
  72              	.LFE67:
  74              		.section	.text.BusFault_Handler,"ax",%progbits
  75              		.align	1
  76              		.global	BusFault_Handler
  77              		.thumb
  78              		.thumb_func
ARM GAS  /var/folders/jn/652hmfdj2m99syhs9p34dk640000gq/T//cc1bOk9m.s 			page 4


  80              	BusFault_Handler:
  81              	.LFB68:
 100:Src/stm32f1xx_it.c ****   /* USER CODE BEGIN MemoryManagement_IRQn 0 */
 101:Src/stm32f1xx_it.c **** 
 102:Src/stm32f1xx_it.c ****   /* USER CODE END MemoryManagement_IRQn 0 */
 103:Src/stm32f1xx_it.c ****   while (1)
 104:Src/stm32f1xx_it.c ****   {
 105:Src/stm32f1xx_it.c ****     /* USER CODE BEGIN W1_MemoryManagement_IRQn 0 */
 106:Src/stm32f1xx_it.c ****     /* USER CODE END W1_MemoryManagement_IRQn 0 */
 107:Src/stm32f1xx_it.c ****   }
 108:Src/stm32f1xx_it.c **** }
 109:Src/stm32f1xx_it.c **** 
 110:Src/stm32f1xx_it.c **** /**
 111:Src/stm32f1xx_it.c ****   * @brief This function handles Prefetch fault, memory access fault.
 112:Src/stm32f1xx_it.c ****   */
 113:Src/stm32f1xx_it.c **** void BusFault_Handler(void)
 114:Src/stm32f1xx_it.c **** {
  82              		.loc 1 114 0
  83              		.cfi_startproc
  84              		@ Volatile: function does not return.
  85              		@ args = 0, pretend = 0, frame = 0
  86              		@ frame_needed = 0, uses_anonymous_args = 0
  87              		@ link register save eliminated.
  88              	.L7:
  89 0000 FEE7     		b	.L7
  90              		.cfi_endproc
  91              	.LFE68:
  93              		.section	.text.UsageFault_Handler,"ax",%progbits
  94              		.align	1
  95              		.global	UsageFault_Handler
  96              		.thumb
  97              		.thumb_func
  99              	UsageFault_Handler:
 100              	.LFB69:
 115:Src/stm32f1xx_it.c ****   /* USER CODE BEGIN BusFault_IRQn 0 */
 116:Src/stm32f1xx_it.c **** 
 117:Src/stm32f1xx_it.c ****   /* USER CODE END BusFault_IRQn 0 */
 118:Src/stm32f1xx_it.c ****   while (1)
 119:Src/stm32f1xx_it.c ****   {
 120:Src/stm32f1xx_it.c ****     /* USER CODE BEGIN W1_BusFault_IRQn 0 */
 121:Src/stm32f1xx_it.c ****     /* USER CODE END W1_BusFault_IRQn 0 */
 122:Src/stm32f1xx_it.c ****   }
 123:Src/stm32f1xx_it.c **** }
 124:Src/stm32f1xx_it.c **** 
 125:Src/stm32f1xx_it.c **** /**
 126:Src/stm32f1xx_it.c ****   * @brief This function handles Undefined instruction or illegal state.
 127:Src/stm32f1xx_it.c ****   */
 128:Src/stm32f1xx_it.c **** void UsageFault_Handler(void)
 129:Src/stm32f1xx_it.c **** {
 101              		.loc 1 129 0
 102              		.cfi_startproc
 103              		@ Volatile: function does not return.
 104              		@ args = 0, pretend = 0, frame = 0
 105              		@ frame_needed = 0, uses_anonymous_args = 0
 106              		@ link register save eliminated.
 107              	.L9:
 108 0000 FEE7     		b	.L9
ARM GAS  /var/folders/jn/652hmfdj2m99syhs9p34dk640000gq/T//cc1bOk9m.s 			page 5


 109              		.cfi_endproc
 110              	.LFE69:
 112              		.section	.text.SVC_Handler,"ax",%progbits
 113              		.align	1
 114              		.global	SVC_Handler
 115              		.thumb
 116              		.thumb_func
 118              	SVC_Handler:
 119              	.LFB77:
 120              		.cfi_startproc
 121              		@ args = 0, pretend = 0, frame = 0
 122              		@ frame_needed = 0, uses_anonymous_args = 0
 123              		@ link register save eliminated.
 124 0000 7047     		bx	lr
 125              		.cfi_endproc
 126              	.LFE77:
 128              		.section	.text.DebugMon_Handler,"ax",%progbits
 129              		.align	1
 130              		.global	DebugMon_Handler
 131              		.thumb
 132              		.thumb_func
 134              	DebugMon_Handler:
 135              	.LFB75:
 136              		.cfi_startproc
 137              		@ args = 0, pretend = 0, frame = 0
 138              		@ frame_needed = 0, uses_anonymous_args = 0
 139              		@ link register save eliminated.
 140 0000 7047     		bx	lr
 141              		.cfi_endproc
 142              	.LFE75:
 144              		.section	.text.PendSV_Handler,"ax",%progbits
 145              		.align	1
 146              		.global	PendSV_Handler
 147              		.thumb
 148              		.thumb_func
 150              	PendSV_Handler:
 151              	.LFB72:
 130:Src/stm32f1xx_it.c ****   /* USER CODE BEGIN UsageFault_IRQn 0 */
 131:Src/stm32f1xx_it.c **** 
 132:Src/stm32f1xx_it.c ****   /* USER CODE END UsageFault_IRQn 0 */
 133:Src/stm32f1xx_it.c ****   while (1)
 134:Src/stm32f1xx_it.c ****   {
 135:Src/stm32f1xx_it.c ****     /* USER CODE BEGIN W1_UsageFault_IRQn 0 */
 136:Src/stm32f1xx_it.c ****     /* USER CODE END W1_UsageFault_IRQn 0 */
 137:Src/stm32f1xx_it.c ****   }
 138:Src/stm32f1xx_it.c **** }
 139:Src/stm32f1xx_it.c **** 
 140:Src/stm32f1xx_it.c **** /**
 141:Src/stm32f1xx_it.c ****   * @brief This function handles System service call via SWI instruction.
 142:Src/stm32f1xx_it.c ****   */
 143:Src/stm32f1xx_it.c **** void SVC_Handler(void)
 144:Src/stm32f1xx_it.c **** {
 145:Src/stm32f1xx_it.c ****   /* USER CODE BEGIN SVCall_IRQn 0 */
 146:Src/stm32f1xx_it.c **** 
 147:Src/stm32f1xx_it.c ****   /* USER CODE END SVCall_IRQn 0 */
 148:Src/stm32f1xx_it.c ****   /* USER CODE BEGIN SVCall_IRQn 1 */
 149:Src/stm32f1xx_it.c **** 
ARM GAS  /var/folders/jn/652hmfdj2m99syhs9p34dk640000gq/T//cc1bOk9m.s 			page 6


 150:Src/stm32f1xx_it.c ****   /* USER CODE END SVCall_IRQn 1 */
 151:Src/stm32f1xx_it.c **** }
 152:Src/stm32f1xx_it.c **** 
 153:Src/stm32f1xx_it.c **** /**
 154:Src/stm32f1xx_it.c ****   * @brief This function handles Debug monitor.
 155:Src/stm32f1xx_it.c ****   */
 156:Src/stm32f1xx_it.c **** void DebugMon_Handler(void)
 157:Src/stm32f1xx_it.c **** {
 158:Src/stm32f1xx_it.c ****   /* USER CODE BEGIN DebugMonitor_IRQn 0 */
 159:Src/stm32f1xx_it.c **** 
 160:Src/stm32f1xx_it.c ****   /* USER CODE END DebugMonitor_IRQn 0 */
 161:Src/stm32f1xx_it.c ****   /* USER CODE BEGIN DebugMonitor_IRQn 1 */
 162:Src/stm32f1xx_it.c **** 
 163:Src/stm32f1xx_it.c ****   /* USER CODE END DebugMonitor_IRQn 1 */
 164:Src/stm32f1xx_it.c **** }
 165:Src/stm32f1xx_it.c **** 
 166:Src/stm32f1xx_it.c **** /**
 167:Src/stm32f1xx_it.c ****   * @brief This function handles Pendable request for system service.
 168:Src/stm32f1xx_it.c ****   */
 169:Src/stm32f1xx_it.c **** void PendSV_Handler(void)
 170:Src/stm32f1xx_it.c **** {
 152              		.loc 1 170 0
 153              		.cfi_startproc
 154              		@ args = 0, pretend = 0, frame = 0
 155              		@ frame_needed = 0, uses_anonymous_args = 0
 156              		@ link register save eliminated.
 157 0000 7047     		bx	lr
 158              		.cfi_endproc
 159              	.LFE72:
 161              		.section	.text.SysTick_Handler,"ax",%progbits
 162              		.align	1
 163              		.global	SysTick_Handler
 164              		.thumb
 165              		.thumb_func
 167              	SysTick_Handler:
 168              	.LFB73:
 171:Src/stm32f1xx_it.c ****   /* USER CODE BEGIN PendSV_IRQn 0 */
 172:Src/stm32f1xx_it.c **** 
 173:Src/stm32f1xx_it.c ****   /* USER CODE END PendSV_IRQn 0 */
 174:Src/stm32f1xx_it.c ****   /* USER CODE BEGIN PendSV_IRQn 1 */
 175:Src/stm32f1xx_it.c **** 
 176:Src/stm32f1xx_it.c ****   /* USER CODE END PendSV_IRQn 1 */
 177:Src/stm32f1xx_it.c **** }
 178:Src/stm32f1xx_it.c **** 
 179:Src/stm32f1xx_it.c **** /**
 180:Src/stm32f1xx_it.c ****   * @brief This function handles System tick timer.
 181:Src/stm32f1xx_it.c ****   */
 182:Src/stm32f1xx_it.c **** void SysTick_Handler(void)
 183:Src/stm32f1xx_it.c **** {
 169              		.loc 1 183 0
 170              		.cfi_startproc
 171              		@ args = 0, pretend = 0, frame = 0
 172              		@ frame_needed = 0, uses_anonymous_args = 0
 173              		@ link register save eliminated.
 184:Src/stm32f1xx_it.c ****   /* USER CODE BEGIN SysTick_IRQn 0 */
 185:Src/stm32f1xx_it.c **** 
 186:Src/stm32f1xx_it.c ****   /* USER CODE END SysTick_IRQn 0 */
ARM GAS  /var/folders/jn/652hmfdj2m99syhs9p34dk640000gq/T//cc1bOk9m.s 			page 7


 187:Src/stm32f1xx_it.c ****   HAL_IncTick();
 174              		.loc 1 187 0
 175 0000 FFF7FEBF 		b	HAL_IncTick
 176              	.LVL0:
 177              		.cfi_endproc
 178              	.LFE73:
 180              		.text
 181              	.Letext0:
 182              		.file 2 "/usr/local/Cellar/gcc-arm-none-eabi/20160928/arm-none-eabi/include/machine/_default_types
 183              		.file 3 "/usr/local/Cellar/gcc-arm-none-eabi/20160928/arm-none-eabi/include/sys/_stdint.h"
 184              		.file 4 "./Drivers1/CMSIS/Include/core_cm3.h"
 185              		.file 5 "./Drivers1/STM32F1xx_HAL_Driver/Inc/stm32f1xx_hal.h"
ARM GAS  /var/folders/jn/652hmfdj2m99syhs9p34dk640000gq/T//cc1bOk9m.s 			page 8


DEFINED SYMBOLS
                            *ABS*:0000000000000000 stm32f1xx_it.c
/var/folders/jn/652hmfdj2m99syhs9p34dk640000gq/T//cc1bOk9m.s:20     .text.NMI_Handler:0000000000000000 $t
/var/folders/jn/652hmfdj2m99syhs9p34dk640000gq/T//cc1bOk9m.s:25     .text.NMI_Handler:0000000000000000 NMI_Handler
/var/folders/jn/652hmfdj2m99syhs9p34dk640000gq/T//cc1bOk9m.s:36     .text.HardFault_Handler:0000000000000000 $t
/var/folders/jn/652hmfdj2m99syhs9p34dk640000gq/T//cc1bOk9m.s:41     .text.HardFault_Handler:0000000000000000 HardFault_Handler
/var/folders/jn/652hmfdj2m99syhs9p34dk640000gq/T//cc1bOk9m.s:56     .text.MemManage_Handler:0000000000000000 $t
/var/folders/jn/652hmfdj2m99syhs9p34dk640000gq/T//cc1bOk9m.s:61     .text.MemManage_Handler:0000000000000000 MemManage_Handler
/var/folders/jn/652hmfdj2m99syhs9p34dk640000gq/T//cc1bOk9m.s:75     .text.BusFault_Handler:0000000000000000 $t
/var/folders/jn/652hmfdj2m99syhs9p34dk640000gq/T//cc1bOk9m.s:80     .text.BusFault_Handler:0000000000000000 BusFault_Handler
/var/folders/jn/652hmfdj2m99syhs9p34dk640000gq/T//cc1bOk9m.s:94     .text.UsageFault_Handler:0000000000000000 $t
/var/folders/jn/652hmfdj2m99syhs9p34dk640000gq/T//cc1bOk9m.s:99     .text.UsageFault_Handler:0000000000000000 UsageFault_Handler
/var/folders/jn/652hmfdj2m99syhs9p34dk640000gq/T//cc1bOk9m.s:113    .text.SVC_Handler:0000000000000000 $t
/var/folders/jn/652hmfdj2m99syhs9p34dk640000gq/T//cc1bOk9m.s:118    .text.SVC_Handler:0000000000000000 SVC_Handler
/var/folders/jn/652hmfdj2m99syhs9p34dk640000gq/T//cc1bOk9m.s:129    .text.DebugMon_Handler:0000000000000000 $t
/var/folders/jn/652hmfdj2m99syhs9p34dk640000gq/T//cc1bOk9m.s:134    .text.DebugMon_Handler:0000000000000000 DebugMon_Handler
/var/folders/jn/652hmfdj2m99syhs9p34dk640000gq/T//cc1bOk9m.s:145    .text.PendSV_Handler:0000000000000000 $t
/var/folders/jn/652hmfdj2m99syhs9p34dk640000gq/T//cc1bOk9m.s:150    .text.PendSV_Handler:0000000000000000 PendSV_Handler
/var/folders/jn/652hmfdj2m99syhs9p34dk640000gq/T//cc1bOk9m.s:162    .text.SysTick_Handler:0000000000000000 $t
/var/folders/jn/652hmfdj2m99syhs9p34dk640000gq/T//cc1bOk9m.s:167    .text.SysTick_Handler:0000000000000000 SysTick_Handler
                     .debug_frame:0000000000000010 $d

UNDEFINED SYMBOLS
HAL_IncTick
