ARM GAS  /var/folders/jn/652hmfdj2m99syhs9p34dk640000gq/T//ccBzh8bu.s 			page 1


   1              		.syntax unified
   2              		.cpu cortex-m3
   3              		.fpu softvfp
   4              		.eabi_attribute 20, 1
   5              		.eabi_attribute 21, 1
   6              		.eabi_attribute 23, 3
   7              		.eabi_attribute 24, 1
   8              		.eabi_attribute 25, 1
   9              		.eabi_attribute 26, 1
  10              		.eabi_attribute 30, 4
  11              		.eabi_attribute 34, 1
  12              		.eabi_attribute 18, 4
  13              		.thumb
  14              		.syntax unified
  15              		.file	"stm32f1xx_hal_gpio_ex.c"
  16              		.text
  17              	.Ltext0:
  18              		.cfi_sections	.debug_frame
  19              		.section	.text.HAL_GPIOEx_ConfigEventout,"ax",%progbits
  20              		.align	1
  21              		.global	HAL_GPIOEx_ConfigEventout
  22              		.thumb
  23              		.thumb_func
  25              	HAL_GPIOEx_ConfigEventout:
  26              	.LFB65:
  27              		.file 1 "./Drivers1/STM32F1xx_HAL_Driver/Src/stm32f1xx_hal_gpio_ex.c"
   1:./Drivers1/STM32F1xx_HAL_Driver/Src/stm32f1xx_hal_gpio_ex.c **** /**
   2:./Drivers1/STM32F1xx_HAL_Driver/Src/stm32f1xx_hal_gpio_ex.c ****   ******************************************************************************
   3:./Drivers1/STM32F1xx_HAL_Driver/Src/stm32f1xx_hal_gpio_ex.c ****   * @file    stm32f1xx_hal_gpio_ex.c
   4:./Drivers1/STM32F1xx_HAL_Driver/Src/stm32f1xx_hal_gpio_ex.c ****   * @author  MCD Application Team
   5:./Drivers1/STM32F1xx_HAL_Driver/Src/stm32f1xx_hal_gpio_ex.c ****   * @brief   GPIO Extension HAL module driver.
   6:./Drivers1/STM32F1xx_HAL_Driver/Src/stm32f1xx_hal_gpio_ex.c ****   *         This file provides firmware functions to manage the following
   7:./Drivers1/STM32F1xx_HAL_Driver/Src/stm32f1xx_hal_gpio_ex.c ****   *          functionalities of the General Purpose Input/Output (GPIO) extension peripheral.
   8:./Drivers1/STM32F1xx_HAL_Driver/Src/stm32f1xx_hal_gpio_ex.c ****   *           + Extended features functions
   9:./Drivers1/STM32F1xx_HAL_Driver/Src/stm32f1xx_hal_gpio_ex.c ****   *
  10:./Drivers1/STM32F1xx_HAL_Driver/Src/stm32f1xx_hal_gpio_ex.c ****   @verbatim
  11:./Drivers1/STM32F1xx_HAL_Driver/Src/stm32f1xx_hal_gpio_ex.c ****   ==============================================================================
  12:./Drivers1/STM32F1xx_HAL_Driver/Src/stm32f1xx_hal_gpio_ex.c ****                     ##### GPIO Peripheral extension features #####
  13:./Drivers1/STM32F1xx_HAL_Driver/Src/stm32f1xx_hal_gpio_ex.c ****   ==============================================================================
  14:./Drivers1/STM32F1xx_HAL_Driver/Src/stm32f1xx_hal_gpio_ex.c ****   [..] GPIO module on STM32F1 family, manage also the AFIO register:
  15:./Drivers1/STM32F1xx_HAL_Driver/Src/stm32f1xx_hal_gpio_ex.c ****        (+) Possibility to use the EVENTOUT Cortex feature
  16:./Drivers1/STM32F1xx_HAL_Driver/Src/stm32f1xx_hal_gpio_ex.c **** 
  17:./Drivers1/STM32F1xx_HAL_Driver/Src/stm32f1xx_hal_gpio_ex.c ****                      ##### How to use this driver #####
  18:./Drivers1/STM32F1xx_HAL_Driver/Src/stm32f1xx_hal_gpio_ex.c ****   ==============================================================================
  19:./Drivers1/STM32F1xx_HAL_Driver/Src/stm32f1xx_hal_gpio_ex.c ****   [..] This driver provides functions to use EVENTOUT Cortex feature
  20:./Drivers1/STM32F1xx_HAL_Driver/Src/stm32f1xx_hal_gpio_ex.c ****     (#) Configure EVENTOUT Cortex feature using the function HAL_GPIOEx_ConfigEventout()
  21:./Drivers1/STM32F1xx_HAL_Driver/Src/stm32f1xx_hal_gpio_ex.c ****     (#) Activate EVENTOUT Cortex feature using the HAL_GPIOEx_EnableEventout()
  22:./Drivers1/STM32F1xx_HAL_Driver/Src/stm32f1xx_hal_gpio_ex.c ****     (#) Deactivate EVENTOUT Cortex feature using the HAL_GPIOEx_DisableEventout()
  23:./Drivers1/STM32F1xx_HAL_Driver/Src/stm32f1xx_hal_gpio_ex.c **** 
  24:./Drivers1/STM32F1xx_HAL_Driver/Src/stm32f1xx_hal_gpio_ex.c ****   @endverbatim
  25:./Drivers1/STM32F1xx_HAL_Driver/Src/stm32f1xx_hal_gpio_ex.c ****   ******************************************************************************
  26:./Drivers1/STM32F1xx_HAL_Driver/Src/stm32f1xx_hal_gpio_ex.c ****   * @attention
  27:./Drivers1/STM32F1xx_HAL_Driver/Src/stm32f1xx_hal_gpio_ex.c ****   *
  28:./Drivers1/STM32F1xx_HAL_Driver/Src/stm32f1xx_hal_gpio_ex.c ****   * <h2><center>&copy; Copyright (c) 2016 STMicroelectronics.
  29:./Drivers1/STM32F1xx_HAL_Driver/Src/stm32f1xx_hal_gpio_ex.c ****   * All rights reserved.</center></h2>
  30:./Drivers1/STM32F1xx_HAL_Driver/Src/stm32f1xx_hal_gpio_ex.c ****   *
  31:./Drivers1/STM32F1xx_HAL_Driver/Src/stm32f1xx_hal_gpio_ex.c ****   * This software component is licensed by ST under BSD 3-Clause license,
ARM GAS  /var/folders/jn/652hmfdj2m99syhs9p34dk640000gq/T//ccBzh8bu.s 			page 2


  32:./Drivers1/STM32F1xx_HAL_Driver/Src/stm32f1xx_hal_gpio_ex.c ****   * the "License"; You may not use this file except in compliance with the
  33:./Drivers1/STM32F1xx_HAL_Driver/Src/stm32f1xx_hal_gpio_ex.c ****   * License. You may obtain a copy of the License at:
  34:./Drivers1/STM32F1xx_HAL_Driver/Src/stm32f1xx_hal_gpio_ex.c ****   *                        opensource.org/licenses/BSD-3-Clause
  35:./Drivers1/STM32F1xx_HAL_Driver/Src/stm32f1xx_hal_gpio_ex.c ****   *
  36:./Drivers1/STM32F1xx_HAL_Driver/Src/stm32f1xx_hal_gpio_ex.c ****   ******************************************************************************
  37:./Drivers1/STM32F1xx_HAL_Driver/Src/stm32f1xx_hal_gpio_ex.c ****   */
  38:./Drivers1/STM32F1xx_HAL_Driver/Src/stm32f1xx_hal_gpio_ex.c **** 
  39:./Drivers1/STM32F1xx_HAL_Driver/Src/stm32f1xx_hal_gpio_ex.c **** /* Includes ------------------------------------------------------------------*/
  40:./Drivers1/STM32F1xx_HAL_Driver/Src/stm32f1xx_hal_gpio_ex.c **** #include "stm32f1xx_hal.h"
  41:./Drivers1/STM32F1xx_HAL_Driver/Src/stm32f1xx_hal_gpio_ex.c **** 
  42:./Drivers1/STM32F1xx_HAL_Driver/Src/stm32f1xx_hal_gpio_ex.c **** /** @addtogroup STM32F1xx_HAL_Driver
  43:./Drivers1/STM32F1xx_HAL_Driver/Src/stm32f1xx_hal_gpio_ex.c ****   * @{
  44:./Drivers1/STM32F1xx_HAL_Driver/Src/stm32f1xx_hal_gpio_ex.c ****   */
  45:./Drivers1/STM32F1xx_HAL_Driver/Src/stm32f1xx_hal_gpio_ex.c **** 
  46:./Drivers1/STM32F1xx_HAL_Driver/Src/stm32f1xx_hal_gpio_ex.c **** /** @defgroup GPIOEx GPIOEx
  47:./Drivers1/STM32F1xx_HAL_Driver/Src/stm32f1xx_hal_gpio_ex.c ****   * @brief GPIO HAL module driver
  48:./Drivers1/STM32F1xx_HAL_Driver/Src/stm32f1xx_hal_gpio_ex.c ****   * @{
  49:./Drivers1/STM32F1xx_HAL_Driver/Src/stm32f1xx_hal_gpio_ex.c ****   */
  50:./Drivers1/STM32F1xx_HAL_Driver/Src/stm32f1xx_hal_gpio_ex.c **** 
  51:./Drivers1/STM32F1xx_HAL_Driver/Src/stm32f1xx_hal_gpio_ex.c **** #ifdef HAL_GPIO_MODULE_ENABLED
  52:./Drivers1/STM32F1xx_HAL_Driver/Src/stm32f1xx_hal_gpio_ex.c **** 
  53:./Drivers1/STM32F1xx_HAL_Driver/Src/stm32f1xx_hal_gpio_ex.c **** /** @defgroup GPIOEx_Exported_Functions GPIOEx Exported Functions
  54:./Drivers1/STM32F1xx_HAL_Driver/Src/stm32f1xx_hal_gpio_ex.c ****   * @{
  55:./Drivers1/STM32F1xx_HAL_Driver/Src/stm32f1xx_hal_gpio_ex.c ****   */
  56:./Drivers1/STM32F1xx_HAL_Driver/Src/stm32f1xx_hal_gpio_ex.c **** 
  57:./Drivers1/STM32F1xx_HAL_Driver/Src/stm32f1xx_hal_gpio_ex.c **** /** @defgroup GPIOEx_Exported_Functions_Group1 Extended features functions
  58:./Drivers1/STM32F1xx_HAL_Driver/Src/stm32f1xx_hal_gpio_ex.c ****  *  @brief    Extended features functions
  59:./Drivers1/STM32F1xx_HAL_Driver/Src/stm32f1xx_hal_gpio_ex.c ****  *
  60:./Drivers1/STM32F1xx_HAL_Driver/Src/stm32f1xx_hal_gpio_ex.c **** @verbatim
  61:./Drivers1/STM32F1xx_HAL_Driver/Src/stm32f1xx_hal_gpio_ex.c ****   ==============================================================================
  62:./Drivers1/STM32F1xx_HAL_Driver/Src/stm32f1xx_hal_gpio_ex.c ****                  ##### Extended features functions #####
  63:./Drivers1/STM32F1xx_HAL_Driver/Src/stm32f1xx_hal_gpio_ex.c ****   ==============================================================================
  64:./Drivers1/STM32F1xx_HAL_Driver/Src/stm32f1xx_hal_gpio_ex.c ****     [..]  This section provides functions allowing to:
  65:./Drivers1/STM32F1xx_HAL_Driver/Src/stm32f1xx_hal_gpio_ex.c ****     (+) Configure EVENTOUT Cortex feature using the function HAL_GPIOEx_ConfigEventout()
  66:./Drivers1/STM32F1xx_HAL_Driver/Src/stm32f1xx_hal_gpio_ex.c ****     (+) Activate EVENTOUT Cortex feature using the HAL_GPIOEx_EnableEventout()
  67:./Drivers1/STM32F1xx_HAL_Driver/Src/stm32f1xx_hal_gpio_ex.c ****     (+) Deactivate EVENTOUT Cortex feature using the HAL_GPIOEx_DisableEventout()
  68:./Drivers1/STM32F1xx_HAL_Driver/Src/stm32f1xx_hal_gpio_ex.c **** 
  69:./Drivers1/STM32F1xx_HAL_Driver/Src/stm32f1xx_hal_gpio_ex.c **** @endverbatim
  70:./Drivers1/STM32F1xx_HAL_Driver/Src/stm32f1xx_hal_gpio_ex.c ****   * @{
  71:./Drivers1/STM32F1xx_HAL_Driver/Src/stm32f1xx_hal_gpio_ex.c ****   */
  72:./Drivers1/STM32F1xx_HAL_Driver/Src/stm32f1xx_hal_gpio_ex.c **** 
  73:./Drivers1/STM32F1xx_HAL_Driver/Src/stm32f1xx_hal_gpio_ex.c **** /**
  74:./Drivers1/STM32F1xx_HAL_Driver/Src/stm32f1xx_hal_gpio_ex.c ****   * @brief  Configures the port and pin on which the EVENTOUT Cortex signal will be connected.
  75:./Drivers1/STM32F1xx_HAL_Driver/Src/stm32f1xx_hal_gpio_ex.c ****   * @param  GPIO_PortSource Select the port used to output the Cortex EVENTOUT signal.
  76:./Drivers1/STM32F1xx_HAL_Driver/Src/stm32f1xx_hal_gpio_ex.c ****   *   This parameter can be a value of @ref GPIOEx_EVENTOUT_PORT.
  77:./Drivers1/STM32F1xx_HAL_Driver/Src/stm32f1xx_hal_gpio_ex.c ****   * @param  GPIO_PinSource Select the pin used to output the Cortex EVENTOUT signal.
  78:./Drivers1/STM32F1xx_HAL_Driver/Src/stm32f1xx_hal_gpio_ex.c ****   *   This parameter can be a value of @ref GPIOEx_EVENTOUT_PIN.
  79:./Drivers1/STM32F1xx_HAL_Driver/Src/stm32f1xx_hal_gpio_ex.c ****   * @retval None
  80:./Drivers1/STM32F1xx_HAL_Driver/Src/stm32f1xx_hal_gpio_ex.c ****   */
  81:./Drivers1/STM32F1xx_HAL_Driver/Src/stm32f1xx_hal_gpio_ex.c **** void HAL_GPIOEx_ConfigEventout(uint32_t GPIO_PortSource, uint32_t GPIO_PinSource)
  82:./Drivers1/STM32F1xx_HAL_Driver/Src/stm32f1xx_hal_gpio_ex.c **** {
  28              		.loc 1 82 0
  29              		.cfi_startproc
  30              		@ args = 0, pretend = 0, frame = 0
  31              		@ frame_needed = 0, uses_anonymous_args = 0
  32              		@ link register save eliminated.
  33              	.LVL0:
ARM GAS  /var/folders/jn/652hmfdj2m99syhs9p34dk640000gq/T//ccBzh8bu.s 			page 3


  83:./Drivers1/STM32F1xx_HAL_Driver/Src/stm32f1xx_hal_gpio_ex.c ****   /* Verify the parameters */
  84:./Drivers1/STM32F1xx_HAL_Driver/Src/stm32f1xx_hal_gpio_ex.c ****   assert_param(IS_AFIO_EVENTOUT_PORT(GPIO_PortSource));
  85:./Drivers1/STM32F1xx_HAL_Driver/Src/stm32f1xx_hal_gpio_ex.c ****   assert_param(IS_AFIO_EVENTOUT_PIN(GPIO_PinSource));
  86:./Drivers1/STM32F1xx_HAL_Driver/Src/stm32f1xx_hal_gpio_ex.c **** 
  87:./Drivers1/STM32F1xx_HAL_Driver/Src/stm32f1xx_hal_gpio_ex.c ****   /* Apply the new configuration */
  88:./Drivers1/STM32F1xx_HAL_Driver/Src/stm32f1xx_hal_gpio_ex.c ****   MODIFY_REG(AFIO->EVCR, (AFIO_EVCR_PORT) | (AFIO_EVCR_PIN), (GPIO_PortSource) | (GPIO_PinSource));
  34              		.loc 1 88 0
  35 0000 034A     		ldr	r2, .L2
  36 0002 1368     		ldr	r3, [r2]
  37 0004 23F07F03 		bic	r3, r3, #127
  38 0008 1943     		orrs	r1, r1, r3
  39              	.LVL1:
  40 000a 0843     		orrs	r0, r0, r1
  41              	.LVL2:
  42 000c 1060     		str	r0, [r2]
  43 000e 7047     		bx	lr
  44              	.L3:
  45              		.align	2
  46              	.L2:
  47 0010 00000140 		.word	1073807360
  48              		.cfi_endproc
  49              	.LFE65:
  51              		.section	.text.HAL_GPIOEx_EnableEventout,"ax",%progbits
  52              		.align	1
  53              		.global	HAL_GPIOEx_EnableEventout
  54              		.thumb
  55              		.thumb_func
  57              	HAL_GPIOEx_EnableEventout:
  58              	.LFB66:
  89:./Drivers1/STM32F1xx_HAL_Driver/Src/stm32f1xx_hal_gpio_ex.c **** }
  90:./Drivers1/STM32F1xx_HAL_Driver/Src/stm32f1xx_hal_gpio_ex.c **** 
  91:./Drivers1/STM32F1xx_HAL_Driver/Src/stm32f1xx_hal_gpio_ex.c **** /**
  92:./Drivers1/STM32F1xx_HAL_Driver/Src/stm32f1xx_hal_gpio_ex.c ****   * @brief  Enables the Event Output.
  93:./Drivers1/STM32F1xx_HAL_Driver/Src/stm32f1xx_hal_gpio_ex.c ****   * @retval None
  94:./Drivers1/STM32F1xx_HAL_Driver/Src/stm32f1xx_hal_gpio_ex.c ****   */
  95:./Drivers1/STM32F1xx_HAL_Driver/Src/stm32f1xx_hal_gpio_ex.c **** void HAL_GPIOEx_EnableEventout(void)
  96:./Drivers1/STM32F1xx_HAL_Driver/Src/stm32f1xx_hal_gpio_ex.c **** {
  59              		.loc 1 96 0
  60              		.cfi_startproc
  61              		@ args = 0, pretend = 0, frame = 0
  62              		@ frame_needed = 0, uses_anonymous_args = 0
  63              		@ link register save eliminated.
  97:./Drivers1/STM32F1xx_HAL_Driver/Src/stm32f1xx_hal_gpio_ex.c ****   SET_BIT(AFIO->EVCR, AFIO_EVCR_EVOE);
  64              		.loc 1 97 0
  65 0000 024A     		ldr	r2, .L5
  66 0002 1368     		ldr	r3, [r2]
  67 0004 43F08003 		orr	r3, r3, #128
  68 0008 1360     		str	r3, [r2]
  69 000a 7047     		bx	lr
  70              	.L6:
  71              		.align	2
  72              	.L5:
  73 000c 00000140 		.word	1073807360
  74              		.cfi_endproc
  75              	.LFE66:
  77              		.section	.text.HAL_GPIOEx_DisableEventout,"ax",%progbits
  78              		.align	1
ARM GAS  /var/folders/jn/652hmfdj2m99syhs9p34dk640000gq/T//ccBzh8bu.s 			page 4


  79              		.global	HAL_GPIOEx_DisableEventout
  80              		.thumb
  81              		.thumb_func
  83              	HAL_GPIOEx_DisableEventout:
  84              	.LFB67:
  98:./Drivers1/STM32F1xx_HAL_Driver/Src/stm32f1xx_hal_gpio_ex.c **** }
  99:./Drivers1/STM32F1xx_HAL_Driver/Src/stm32f1xx_hal_gpio_ex.c **** 
 100:./Drivers1/STM32F1xx_HAL_Driver/Src/stm32f1xx_hal_gpio_ex.c **** /**
 101:./Drivers1/STM32F1xx_HAL_Driver/Src/stm32f1xx_hal_gpio_ex.c ****   * @brief  Disables the Event Output.
 102:./Drivers1/STM32F1xx_HAL_Driver/Src/stm32f1xx_hal_gpio_ex.c ****   * @retval None
 103:./Drivers1/STM32F1xx_HAL_Driver/Src/stm32f1xx_hal_gpio_ex.c ****   */
 104:./Drivers1/STM32F1xx_HAL_Driver/Src/stm32f1xx_hal_gpio_ex.c **** void HAL_GPIOEx_DisableEventout(void)
 105:./Drivers1/STM32F1xx_HAL_Driver/Src/stm32f1xx_hal_gpio_ex.c **** {
  85              		.loc 1 105 0
  86              		.cfi_startproc
  87              		@ args = 0, pretend = 0, frame = 0
  88              		@ frame_needed = 0, uses_anonymous_args = 0
  89              		@ link register save eliminated.
 106:./Drivers1/STM32F1xx_HAL_Driver/Src/stm32f1xx_hal_gpio_ex.c ****   CLEAR_BIT(AFIO->EVCR, AFIO_EVCR_EVOE);
  90              		.loc 1 106 0
  91 0000 024A     		ldr	r2, .L8
  92 0002 1368     		ldr	r3, [r2]
  93 0004 23F08003 		bic	r3, r3, #128
  94 0008 1360     		str	r3, [r2]
  95 000a 7047     		bx	lr
  96              	.L9:
  97              		.align	2
  98              	.L8:
  99 000c 00000140 		.word	1073807360
 100              		.cfi_endproc
 101              	.LFE67:
 103              		.text
 104              	.Letext0:
 105              		.file 2 "/usr/local/Cellar/gcc-arm-none-eabi/20160928/arm-none-eabi/include/machine/_default_types
 106              		.file 3 "/usr/local/Cellar/gcc-arm-none-eabi/20160928/arm-none-eabi/include/sys/_stdint.h"
 107              		.file 4 "./Drivers1/CMSIS/Device/ST/STM32F1xx/Include/stm32f103xb.h"
 108              		.file 5 "./Drivers1/CMSIS/Include/core_cm3.h"
ARM GAS  /var/folders/jn/652hmfdj2m99syhs9p34dk640000gq/T//ccBzh8bu.s 			page 5


DEFINED SYMBOLS
                            *ABS*:0000000000000000 stm32f1xx_hal_gpio_ex.c
/var/folders/jn/652hmfdj2m99syhs9p34dk640000gq/T//ccBzh8bu.s:20     .text.HAL_GPIOEx_ConfigEventout:0000000000000000 $t
/var/folders/jn/652hmfdj2m99syhs9p34dk640000gq/T//ccBzh8bu.s:25     .text.HAL_GPIOEx_ConfigEventout:0000000000000000 HAL_GPIOEx_ConfigEventout
/var/folders/jn/652hmfdj2m99syhs9p34dk640000gq/T//ccBzh8bu.s:47     .text.HAL_GPIOEx_ConfigEventout:0000000000000010 $d
/var/folders/jn/652hmfdj2m99syhs9p34dk640000gq/T//ccBzh8bu.s:52     .text.HAL_GPIOEx_EnableEventout:0000000000000000 $t
/var/folders/jn/652hmfdj2m99syhs9p34dk640000gq/T//ccBzh8bu.s:57     .text.HAL_GPIOEx_EnableEventout:0000000000000000 HAL_GPIOEx_EnableEventout
/var/folders/jn/652hmfdj2m99syhs9p34dk640000gq/T//ccBzh8bu.s:73     .text.HAL_GPIOEx_EnableEventout:000000000000000c $d
/var/folders/jn/652hmfdj2m99syhs9p34dk640000gq/T//ccBzh8bu.s:78     .text.HAL_GPIOEx_DisableEventout:0000000000000000 $t
/var/folders/jn/652hmfdj2m99syhs9p34dk640000gq/T//ccBzh8bu.s:83     .text.HAL_GPIOEx_DisableEventout:0000000000000000 HAL_GPIOEx_DisableEventout
/var/folders/jn/652hmfdj2m99syhs9p34dk640000gq/T//ccBzh8bu.s:99     .text.HAL_GPIOEx_DisableEventout:000000000000000c $d
                     .debug_frame:0000000000000010 $d

NO UNDEFINED SYMBOLS
