ARM GAS  /var/folders/jn/652hmfdj2m99syhs9p34dk640000gq/T//ccjOpqCa.s 			page 1


   1              		.syntax unified
   2              		.cpu cortex-m3
   3              		.fpu softvfp
   4              		.eabi_attribute 20, 1
   5              		.eabi_attribute 21, 1
   6              		.eabi_attribute 23, 3
   7              		.eabi_attribute 24, 1
   8              		.eabi_attribute 25, 1
   9              		.eabi_attribute 26, 1
  10              		.eabi_attribute 30, 4
  11              		.eabi_attribute 34, 1
  12              		.eabi_attribute 18, 4
  13              		.thumb
  14              		.syntax unified
  15              		.file	"stm32f1xx_hal.c"
  16              		.text
  17              	.Ltext0:
  18              		.cfi_sections	.debug_frame
  19              		.section	.text.HAL_MspInit,"ax",%progbits
  20              		.align	1
  21              		.weak	HAL_MspInit
  22              		.thumb
  23              		.thumb_func
  25              	HAL_MspInit:
  26              	.LFB92:
  27              		.cfi_startproc
  28              		@ args = 0, pretend = 0, frame = 0
  29              		@ frame_needed = 0, uses_anonymous_args = 0
  30              		@ link register save eliminated.
  31 0000 7047     		bx	lr
  32              		.cfi_endproc
  33              	.LFE92:
  35              		.section	.text.HAL_MspDeInit,"ax",%progbits
  36              		.align	1
  37              		.weak	HAL_MspDeInit
  38              		.thumb
  39              		.thumb_func
  41              	HAL_MspDeInit:
  42              	.LFB68:
  43              		.file 1 "./Drivers1/STM32F1xx_HAL_Driver/Src/stm32f1xx_hal.c"
   1:./Drivers1/STM32F1xx_HAL_Driver/Src/stm32f1xx_hal.c **** /**
   2:./Drivers1/STM32F1xx_HAL_Driver/Src/stm32f1xx_hal.c ****   ******************************************************************************
   3:./Drivers1/STM32F1xx_HAL_Driver/Src/stm32f1xx_hal.c ****   * @file    stm32f1xx_hal.c
   4:./Drivers1/STM32F1xx_HAL_Driver/Src/stm32f1xx_hal.c ****   * @author  MCD Application Team
   5:./Drivers1/STM32F1xx_HAL_Driver/Src/stm32f1xx_hal.c ****   * @brief   HAL module driver.
   6:./Drivers1/STM32F1xx_HAL_Driver/Src/stm32f1xx_hal.c ****   *          This is the common part of the HAL initialization
   7:./Drivers1/STM32F1xx_HAL_Driver/Src/stm32f1xx_hal.c ****   *
   8:./Drivers1/STM32F1xx_HAL_Driver/Src/stm32f1xx_hal.c ****   @verbatim
   9:./Drivers1/STM32F1xx_HAL_Driver/Src/stm32f1xx_hal.c ****   ==============================================================================
  10:./Drivers1/STM32F1xx_HAL_Driver/Src/stm32f1xx_hal.c ****                      ##### How to use this driver #####
  11:./Drivers1/STM32F1xx_HAL_Driver/Src/stm32f1xx_hal.c ****   ==============================================================================
  12:./Drivers1/STM32F1xx_HAL_Driver/Src/stm32f1xx_hal.c ****     [..]
  13:./Drivers1/STM32F1xx_HAL_Driver/Src/stm32f1xx_hal.c ****     The common HAL driver contains a set of generic and common APIs that can be
  14:./Drivers1/STM32F1xx_HAL_Driver/Src/stm32f1xx_hal.c ****     used by the PPP peripheral drivers and the user to start using the HAL.
  15:./Drivers1/STM32F1xx_HAL_Driver/Src/stm32f1xx_hal.c ****     [..]
  16:./Drivers1/STM32F1xx_HAL_Driver/Src/stm32f1xx_hal.c ****     The HAL contains two APIs' categories:
  17:./Drivers1/STM32F1xx_HAL_Driver/Src/stm32f1xx_hal.c ****          (+) Common HAL APIs
ARM GAS  /var/folders/jn/652hmfdj2m99syhs9p34dk640000gq/T//ccjOpqCa.s 			page 2


  18:./Drivers1/STM32F1xx_HAL_Driver/Src/stm32f1xx_hal.c ****          (+) Services HAL APIs
  19:./Drivers1/STM32F1xx_HAL_Driver/Src/stm32f1xx_hal.c **** 
  20:./Drivers1/STM32F1xx_HAL_Driver/Src/stm32f1xx_hal.c ****   @endverbatim
  21:./Drivers1/STM32F1xx_HAL_Driver/Src/stm32f1xx_hal.c ****   ******************************************************************************
  22:./Drivers1/STM32F1xx_HAL_Driver/Src/stm32f1xx_hal.c ****   * @attention
  23:./Drivers1/STM32F1xx_HAL_Driver/Src/stm32f1xx_hal.c ****   *
  24:./Drivers1/STM32F1xx_HAL_Driver/Src/stm32f1xx_hal.c ****   * <h2><center>&copy; Copyright (c) 2016 STMicroelectronics.
  25:./Drivers1/STM32F1xx_HAL_Driver/Src/stm32f1xx_hal.c ****   * All rights reserved.</center></h2>
  26:./Drivers1/STM32F1xx_HAL_Driver/Src/stm32f1xx_hal.c ****   *
  27:./Drivers1/STM32F1xx_HAL_Driver/Src/stm32f1xx_hal.c ****   * This software component is licensed by ST under BSD 3-Clause license,
  28:./Drivers1/STM32F1xx_HAL_Driver/Src/stm32f1xx_hal.c ****   * the "License"; You may not use this file except in compliance with the
  29:./Drivers1/STM32F1xx_HAL_Driver/Src/stm32f1xx_hal.c ****   * License. You may obtain a copy of the License at:
  30:./Drivers1/STM32F1xx_HAL_Driver/Src/stm32f1xx_hal.c ****   *                        opensource.org/licenses/BSD-3-Clause
  31:./Drivers1/STM32F1xx_HAL_Driver/Src/stm32f1xx_hal.c ****   *
  32:./Drivers1/STM32F1xx_HAL_Driver/Src/stm32f1xx_hal.c ****   ******************************************************************************
  33:./Drivers1/STM32F1xx_HAL_Driver/Src/stm32f1xx_hal.c ****   */
  34:./Drivers1/STM32F1xx_HAL_Driver/Src/stm32f1xx_hal.c **** 
  35:./Drivers1/STM32F1xx_HAL_Driver/Src/stm32f1xx_hal.c **** /* Includes ------------------------------------------------------------------*/
  36:./Drivers1/STM32F1xx_HAL_Driver/Src/stm32f1xx_hal.c **** #include "stm32f1xx_hal.h"
  37:./Drivers1/STM32F1xx_HAL_Driver/Src/stm32f1xx_hal.c **** 
  38:./Drivers1/STM32F1xx_HAL_Driver/Src/stm32f1xx_hal.c **** /** @addtogroup STM32F1xx_HAL_Driver
  39:./Drivers1/STM32F1xx_HAL_Driver/Src/stm32f1xx_hal.c ****   * @{
  40:./Drivers1/STM32F1xx_HAL_Driver/Src/stm32f1xx_hal.c ****   */
  41:./Drivers1/STM32F1xx_HAL_Driver/Src/stm32f1xx_hal.c **** 
  42:./Drivers1/STM32F1xx_HAL_Driver/Src/stm32f1xx_hal.c **** /** @defgroup HAL HAL
  43:./Drivers1/STM32F1xx_HAL_Driver/Src/stm32f1xx_hal.c ****   * @brief HAL module driver.
  44:./Drivers1/STM32F1xx_HAL_Driver/Src/stm32f1xx_hal.c ****   * @{
  45:./Drivers1/STM32F1xx_HAL_Driver/Src/stm32f1xx_hal.c ****   */
  46:./Drivers1/STM32F1xx_HAL_Driver/Src/stm32f1xx_hal.c **** 
  47:./Drivers1/STM32F1xx_HAL_Driver/Src/stm32f1xx_hal.c **** #ifdef HAL_MODULE_ENABLED
  48:./Drivers1/STM32F1xx_HAL_Driver/Src/stm32f1xx_hal.c **** 
  49:./Drivers1/STM32F1xx_HAL_Driver/Src/stm32f1xx_hal.c **** /* Private typedef -----------------------------------------------------------*/
  50:./Drivers1/STM32F1xx_HAL_Driver/Src/stm32f1xx_hal.c **** /* Private define ------------------------------------------------------------*/
  51:./Drivers1/STM32F1xx_HAL_Driver/Src/stm32f1xx_hal.c **** 
  52:./Drivers1/STM32F1xx_HAL_Driver/Src/stm32f1xx_hal.c **** /** @defgroup HAL_Private_Constants HAL Private Constants
  53:./Drivers1/STM32F1xx_HAL_Driver/Src/stm32f1xx_hal.c ****   * @{
  54:./Drivers1/STM32F1xx_HAL_Driver/Src/stm32f1xx_hal.c ****   */
  55:./Drivers1/STM32F1xx_HAL_Driver/Src/stm32f1xx_hal.c **** /**
  56:./Drivers1/STM32F1xx_HAL_Driver/Src/stm32f1xx_hal.c ****  * @brief STM32F1xx HAL Driver version number V1.1.4
  57:./Drivers1/STM32F1xx_HAL_Driver/Src/stm32f1xx_hal.c ****    */
  58:./Drivers1/STM32F1xx_HAL_Driver/Src/stm32f1xx_hal.c **** #define __STM32F1xx_HAL_VERSION_MAIN   (0x01U) /*!< [31:24] main version */
  59:./Drivers1/STM32F1xx_HAL_Driver/Src/stm32f1xx_hal.c **** #define __STM32F1xx_HAL_VERSION_SUB1   (0x01U) /*!< [23:16] sub1 version */
  60:./Drivers1/STM32F1xx_HAL_Driver/Src/stm32f1xx_hal.c **** #define __STM32F1xx_HAL_VERSION_SUB2   (0x04U) /*!< [15:8]  sub2 version */
  61:./Drivers1/STM32F1xx_HAL_Driver/Src/stm32f1xx_hal.c **** #define __STM32F1xx_HAL_VERSION_RC     (0x00U) /*!< [7:0]  release candidate */
  62:./Drivers1/STM32F1xx_HAL_Driver/Src/stm32f1xx_hal.c **** #define __STM32F1xx_HAL_VERSION         ((__STM32F1xx_HAL_VERSION_MAIN << 24)\
  63:./Drivers1/STM32F1xx_HAL_Driver/Src/stm32f1xx_hal.c ****                                         |(__STM32F1xx_HAL_VERSION_SUB1 << 16)\
  64:./Drivers1/STM32F1xx_HAL_Driver/Src/stm32f1xx_hal.c ****                                         |(__STM32F1xx_HAL_VERSION_SUB2 << 8 )\
  65:./Drivers1/STM32F1xx_HAL_Driver/Src/stm32f1xx_hal.c ****                                         |(__STM32F1xx_HAL_VERSION_RC))
  66:./Drivers1/STM32F1xx_HAL_Driver/Src/stm32f1xx_hal.c **** 
  67:./Drivers1/STM32F1xx_HAL_Driver/Src/stm32f1xx_hal.c **** #define IDCODE_DEVID_MASK    0x00000FFFU
  68:./Drivers1/STM32F1xx_HAL_Driver/Src/stm32f1xx_hal.c **** 
  69:./Drivers1/STM32F1xx_HAL_Driver/Src/stm32f1xx_hal.c **** /**
  70:./Drivers1/STM32F1xx_HAL_Driver/Src/stm32f1xx_hal.c ****   * @}
  71:./Drivers1/STM32F1xx_HAL_Driver/Src/stm32f1xx_hal.c ****   */
  72:./Drivers1/STM32F1xx_HAL_Driver/Src/stm32f1xx_hal.c **** 
  73:./Drivers1/STM32F1xx_HAL_Driver/Src/stm32f1xx_hal.c **** /* Private macro -------------------------------------------------------------*/
  74:./Drivers1/STM32F1xx_HAL_Driver/Src/stm32f1xx_hal.c **** /* Private variables ---------------------------------------------------------*/
ARM GAS  /var/folders/jn/652hmfdj2m99syhs9p34dk640000gq/T//ccjOpqCa.s 			page 3


  75:./Drivers1/STM32F1xx_HAL_Driver/Src/stm32f1xx_hal.c **** 
  76:./Drivers1/STM32F1xx_HAL_Driver/Src/stm32f1xx_hal.c **** /** @defgroup HAL_Private_Variables HAL Private Variables
  77:./Drivers1/STM32F1xx_HAL_Driver/Src/stm32f1xx_hal.c ****   * @{
  78:./Drivers1/STM32F1xx_HAL_Driver/Src/stm32f1xx_hal.c ****   */
  79:./Drivers1/STM32F1xx_HAL_Driver/Src/stm32f1xx_hal.c **** __IO uint32_t uwTick;
  80:./Drivers1/STM32F1xx_HAL_Driver/Src/stm32f1xx_hal.c **** uint32_t uwTickPrio   = (1UL << __NVIC_PRIO_BITS); /* Invalid PRIO */
  81:./Drivers1/STM32F1xx_HAL_Driver/Src/stm32f1xx_hal.c **** HAL_TickFreqTypeDef uwTickFreq = HAL_TICK_FREQ_DEFAULT;  /* 1KHz */
  82:./Drivers1/STM32F1xx_HAL_Driver/Src/stm32f1xx_hal.c **** /**
  83:./Drivers1/STM32F1xx_HAL_Driver/Src/stm32f1xx_hal.c ****   * @}
  84:./Drivers1/STM32F1xx_HAL_Driver/Src/stm32f1xx_hal.c ****   */
  85:./Drivers1/STM32F1xx_HAL_Driver/Src/stm32f1xx_hal.c **** /* Private function prototypes -----------------------------------------------*/
  86:./Drivers1/STM32F1xx_HAL_Driver/Src/stm32f1xx_hal.c **** /* Exported functions ---------------------------------------------------------*/
  87:./Drivers1/STM32F1xx_HAL_Driver/Src/stm32f1xx_hal.c **** 
  88:./Drivers1/STM32F1xx_HAL_Driver/Src/stm32f1xx_hal.c **** /** @defgroup HAL_Exported_Functions HAL Exported Functions
  89:./Drivers1/STM32F1xx_HAL_Driver/Src/stm32f1xx_hal.c ****   * @{
  90:./Drivers1/STM32F1xx_HAL_Driver/Src/stm32f1xx_hal.c ****   */
  91:./Drivers1/STM32F1xx_HAL_Driver/Src/stm32f1xx_hal.c **** 
  92:./Drivers1/STM32F1xx_HAL_Driver/Src/stm32f1xx_hal.c **** /** @defgroup HAL_Exported_Functions_Group1 Initialization and de-initialization Functions
  93:./Drivers1/STM32F1xx_HAL_Driver/Src/stm32f1xx_hal.c ****  *  @brief    Initialization and de-initialization functions
  94:./Drivers1/STM32F1xx_HAL_Driver/Src/stm32f1xx_hal.c ****  *
  95:./Drivers1/STM32F1xx_HAL_Driver/Src/stm32f1xx_hal.c **** @verbatim
  96:./Drivers1/STM32F1xx_HAL_Driver/Src/stm32f1xx_hal.c ****  ===============================================================================
  97:./Drivers1/STM32F1xx_HAL_Driver/Src/stm32f1xx_hal.c ****               ##### Initialization and de-initialization functions #####
  98:./Drivers1/STM32F1xx_HAL_Driver/Src/stm32f1xx_hal.c ****  ===============================================================================
  99:./Drivers1/STM32F1xx_HAL_Driver/Src/stm32f1xx_hal.c ****    [..]  This section provides functions allowing to:
 100:./Drivers1/STM32F1xx_HAL_Driver/Src/stm32f1xx_hal.c ****       (+) Initializes the Flash interface, the NVIC allocation and initial clock
 101:./Drivers1/STM32F1xx_HAL_Driver/Src/stm32f1xx_hal.c ****           configuration. It initializes the systick also when timeout is needed
 102:./Drivers1/STM32F1xx_HAL_Driver/Src/stm32f1xx_hal.c ****           and the backup domain when enabled.
 103:./Drivers1/STM32F1xx_HAL_Driver/Src/stm32f1xx_hal.c ****       (+) de-Initializes common part of the HAL.
 104:./Drivers1/STM32F1xx_HAL_Driver/Src/stm32f1xx_hal.c ****       (+) Configure The time base source to have 1ms time base with a dedicated
 105:./Drivers1/STM32F1xx_HAL_Driver/Src/stm32f1xx_hal.c ****           Tick interrupt priority.
 106:./Drivers1/STM32F1xx_HAL_Driver/Src/stm32f1xx_hal.c ****         (++) SysTick timer is used by default as source of time base, but user
 107:./Drivers1/STM32F1xx_HAL_Driver/Src/stm32f1xx_hal.c ****              can eventually implement his proper time base source (a general purpose
 108:./Drivers1/STM32F1xx_HAL_Driver/Src/stm32f1xx_hal.c ****              timer for example or other time source), keeping in mind that Time base
 109:./Drivers1/STM32F1xx_HAL_Driver/Src/stm32f1xx_hal.c ****              duration should be kept 1ms since PPP_TIMEOUT_VALUEs are defined and
 110:./Drivers1/STM32F1xx_HAL_Driver/Src/stm32f1xx_hal.c ****              handled in milliseconds basis.
 111:./Drivers1/STM32F1xx_HAL_Driver/Src/stm32f1xx_hal.c ****         (++) Time base configuration function (HAL_InitTick ()) is called automatically
 112:./Drivers1/STM32F1xx_HAL_Driver/Src/stm32f1xx_hal.c ****              at the beginning of the program after reset by HAL_Init() or at any time
 113:./Drivers1/STM32F1xx_HAL_Driver/Src/stm32f1xx_hal.c ****              when clock is configured, by HAL_RCC_ClockConfig().
 114:./Drivers1/STM32F1xx_HAL_Driver/Src/stm32f1xx_hal.c ****         (++) Source of time base is configured  to generate interrupts at regular
 115:./Drivers1/STM32F1xx_HAL_Driver/Src/stm32f1xx_hal.c ****              time intervals. Care must be taken if HAL_Delay() is called from a
 116:./Drivers1/STM32F1xx_HAL_Driver/Src/stm32f1xx_hal.c ****              peripheral ISR process, the Tick interrupt line must have higher priority
 117:./Drivers1/STM32F1xx_HAL_Driver/Src/stm32f1xx_hal.c ****             (numerically lower) than the peripheral interrupt. Otherwise the caller
 118:./Drivers1/STM32F1xx_HAL_Driver/Src/stm32f1xx_hal.c ****             ISR process will be blocked.
 119:./Drivers1/STM32F1xx_HAL_Driver/Src/stm32f1xx_hal.c ****        (++) functions affecting time base configurations are declared as __weak
 120:./Drivers1/STM32F1xx_HAL_Driver/Src/stm32f1xx_hal.c ****              to make  override possible  in case of other  implementations in user file.
 121:./Drivers1/STM32F1xx_HAL_Driver/Src/stm32f1xx_hal.c **** @endverbatim
 122:./Drivers1/STM32F1xx_HAL_Driver/Src/stm32f1xx_hal.c ****   * @{
 123:./Drivers1/STM32F1xx_HAL_Driver/Src/stm32f1xx_hal.c ****   */
 124:./Drivers1/STM32F1xx_HAL_Driver/Src/stm32f1xx_hal.c **** 
 125:./Drivers1/STM32F1xx_HAL_Driver/Src/stm32f1xx_hal.c **** /**
 126:./Drivers1/STM32F1xx_HAL_Driver/Src/stm32f1xx_hal.c ****   * @brief  This function is used to initialize the HAL Library; it must be the first
 127:./Drivers1/STM32F1xx_HAL_Driver/Src/stm32f1xx_hal.c ****   *         instruction to be executed in the main program (before to call any other
 128:./Drivers1/STM32F1xx_HAL_Driver/Src/stm32f1xx_hal.c ****   *         HAL function), it performs the following:
 129:./Drivers1/STM32F1xx_HAL_Driver/Src/stm32f1xx_hal.c ****   *           Configure the Flash prefetch.
 130:./Drivers1/STM32F1xx_HAL_Driver/Src/stm32f1xx_hal.c ****   *           Configures the SysTick to generate an interrupt each 1 millisecond,
 131:./Drivers1/STM32F1xx_HAL_Driver/Src/stm32f1xx_hal.c ****   *           which is clocked by the HSI (at this stage, the clock is not yet
ARM GAS  /var/folders/jn/652hmfdj2m99syhs9p34dk640000gq/T//ccjOpqCa.s 			page 4


 132:./Drivers1/STM32F1xx_HAL_Driver/Src/stm32f1xx_hal.c ****   *           configured and thus the system is running from the internal HSI at 16 MHz).
 133:./Drivers1/STM32F1xx_HAL_Driver/Src/stm32f1xx_hal.c ****   *           Set NVIC Group Priority to 4.
 134:./Drivers1/STM32F1xx_HAL_Driver/Src/stm32f1xx_hal.c ****   *           Calls the HAL_MspInit() callback function defined in user file
 135:./Drivers1/STM32F1xx_HAL_Driver/Src/stm32f1xx_hal.c ****   *           "stm32f1xx_hal_msp.c" to do the global low level hardware initialization
 136:./Drivers1/STM32F1xx_HAL_Driver/Src/stm32f1xx_hal.c ****   *
 137:./Drivers1/STM32F1xx_HAL_Driver/Src/stm32f1xx_hal.c ****   * @note   SysTick is used as time base for the HAL_Delay() function, the application
 138:./Drivers1/STM32F1xx_HAL_Driver/Src/stm32f1xx_hal.c ****   *         need to ensure that the SysTick time base is always set to 1 millisecond
 139:./Drivers1/STM32F1xx_HAL_Driver/Src/stm32f1xx_hal.c ****   *         to have correct HAL operation.
 140:./Drivers1/STM32F1xx_HAL_Driver/Src/stm32f1xx_hal.c ****   * @retval HAL status
 141:./Drivers1/STM32F1xx_HAL_Driver/Src/stm32f1xx_hal.c ****   */
 142:./Drivers1/STM32F1xx_HAL_Driver/Src/stm32f1xx_hal.c **** HAL_StatusTypeDef HAL_Init(void)
 143:./Drivers1/STM32F1xx_HAL_Driver/Src/stm32f1xx_hal.c **** {
 144:./Drivers1/STM32F1xx_HAL_Driver/Src/stm32f1xx_hal.c ****   /* Configure Flash prefetch */
 145:./Drivers1/STM32F1xx_HAL_Driver/Src/stm32f1xx_hal.c **** #if (PREFETCH_ENABLE != 0)
 146:./Drivers1/STM32F1xx_HAL_Driver/Src/stm32f1xx_hal.c **** #if defined(STM32F101x6) || defined(STM32F101xB) || defined(STM32F101xE) || defined(STM32F101xG) ||
 147:./Drivers1/STM32F1xx_HAL_Driver/Src/stm32f1xx_hal.c ****     defined(STM32F102x6) || defined(STM32F102xB) || \
 148:./Drivers1/STM32F1xx_HAL_Driver/Src/stm32f1xx_hal.c ****     defined(STM32F103x6) || defined(STM32F103xB) || defined(STM32F103xE) || defined(STM32F103xG) ||
 149:./Drivers1/STM32F1xx_HAL_Driver/Src/stm32f1xx_hal.c ****     defined(STM32F105xC) || defined(STM32F107xC)
 150:./Drivers1/STM32F1xx_HAL_Driver/Src/stm32f1xx_hal.c **** 
 151:./Drivers1/STM32F1xx_HAL_Driver/Src/stm32f1xx_hal.c ****   /* Prefetch buffer is not available on value line devices */
 152:./Drivers1/STM32F1xx_HAL_Driver/Src/stm32f1xx_hal.c ****   __HAL_FLASH_PREFETCH_BUFFER_ENABLE();
 153:./Drivers1/STM32F1xx_HAL_Driver/Src/stm32f1xx_hal.c **** #endif
 154:./Drivers1/STM32F1xx_HAL_Driver/Src/stm32f1xx_hal.c **** #endif /* PREFETCH_ENABLE */
 155:./Drivers1/STM32F1xx_HAL_Driver/Src/stm32f1xx_hal.c **** 
 156:./Drivers1/STM32F1xx_HAL_Driver/Src/stm32f1xx_hal.c ****   /* Set Interrupt Group Priority */
 157:./Drivers1/STM32F1xx_HAL_Driver/Src/stm32f1xx_hal.c ****   HAL_NVIC_SetPriorityGrouping(NVIC_PRIORITYGROUP_4);
 158:./Drivers1/STM32F1xx_HAL_Driver/Src/stm32f1xx_hal.c **** 
 159:./Drivers1/STM32F1xx_HAL_Driver/Src/stm32f1xx_hal.c ****   /* Use systick as time base source and configure 1ms tick (default clock after Reset is HSI) */
 160:./Drivers1/STM32F1xx_HAL_Driver/Src/stm32f1xx_hal.c ****   HAL_InitTick(TICK_INT_PRIORITY);
 161:./Drivers1/STM32F1xx_HAL_Driver/Src/stm32f1xx_hal.c **** 
 162:./Drivers1/STM32F1xx_HAL_Driver/Src/stm32f1xx_hal.c ****   /* Init the low level hardware */
 163:./Drivers1/STM32F1xx_HAL_Driver/Src/stm32f1xx_hal.c ****   HAL_MspInit();
 164:./Drivers1/STM32F1xx_HAL_Driver/Src/stm32f1xx_hal.c **** 
 165:./Drivers1/STM32F1xx_HAL_Driver/Src/stm32f1xx_hal.c ****   /* Return function status */
 166:./Drivers1/STM32F1xx_HAL_Driver/Src/stm32f1xx_hal.c ****   return HAL_OK;
 167:./Drivers1/STM32F1xx_HAL_Driver/Src/stm32f1xx_hal.c **** }
 168:./Drivers1/STM32F1xx_HAL_Driver/Src/stm32f1xx_hal.c **** 
 169:./Drivers1/STM32F1xx_HAL_Driver/Src/stm32f1xx_hal.c **** /**
 170:./Drivers1/STM32F1xx_HAL_Driver/Src/stm32f1xx_hal.c ****   * @brief This function de-Initializes common part of the HAL and stops the systick.
 171:./Drivers1/STM32F1xx_HAL_Driver/Src/stm32f1xx_hal.c ****   *        of time base.
 172:./Drivers1/STM32F1xx_HAL_Driver/Src/stm32f1xx_hal.c ****   * @note This function is optional.
 173:./Drivers1/STM32F1xx_HAL_Driver/Src/stm32f1xx_hal.c ****   * @retval HAL status
 174:./Drivers1/STM32F1xx_HAL_Driver/Src/stm32f1xx_hal.c ****   */
 175:./Drivers1/STM32F1xx_HAL_Driver/Src/stm32f1xx_hal.c **** HAL_StatusTypeDef HAL_DeInit(void)
 176:./Drivers1/STM32F1xx_HAL_Driver/Src/stm32f1xx_hal.c **** {
 177:./Drivers1/STM32F1xx_HAL_Driver/Src/stm32f1xx_hal.c ****   /* Reset of all peripherals */
 178:./Drivers1/STM32F1xx_HAL_Driver/Src/stm32f1xx_hal.c ****   __HAL_RCC_APB1_FORCE_RESET();
 179:./Drivers1/STM32F1xx_HAL_Driver/Src/stm32f1xx_hal.c ****   __HAL_RCC_APB1_RELEASE_RESET();
 180:./Drivers1/STM32F1xx_HAL_Driver/Src/stm32f1xx_hal.c **** 
 181:./Drivers1/STM32F1xx_HAL_Driver/Src/stm32f1xx_hal.c ****   __HAL_RCC_APB2_FORCE_RESET();
 182:./Drivers1/STM32F1xx_HAL_Driver/Src/stm32f1xx_hal.c ****   __HAL_RCC_APB2_RELEASE_RESET();
 183:./Drivers1/STM32F1xx_HAL_Driver/Src/stm32f1xx_hal.c **** 
 184:./Drivers1/STM32F1xx_HAL_Driver/Src/stm32f1xx_hal.c **** #if defined(STM32F105xC) || defined(STM32F107xC)
 185:./Drivers1/STM32F1xx_HAL_Driver/Src/stm32f1xx_hal.c ****   __HAL_RCC_AHB_FORCE_RESET();
 186:./Drivers1/STM32F1xx_HAL_Driver/Src/stm32f1xx_hal.c ****   __HAL_RCC_AHB_RELEASE_RESET();
 187:./Drivers1/STM32F1xx_HAL_Driver/Src/stm32f1xx_hal.c **** #endif
 188:./Drivers1/STM32F1xx_HAL_Driver/Src/stm32f1xx_hal.c **** 
ARM GAS  /var/folders/jn/652hmfdj2m99syhs9p34dk640000gq/T//ccjOpqCa.s 			page 5


 189:./Drivers1/STM32F1xx_HAL_Driver/Src/stm32f1xx_hal.c ****   /* De-Init the low level hardware */
 190:./Drivers1/STM32F1xx_HAL_Driver/Src/stm32f1xx_hal.c ****   HAL_MspDeInit();
 191:./Drivers1/STM32F1xx_HAL_Driver/Src/stm32f1xx_hal.c **** 
 192:./Drivers1/STM32F1xx_HAL_Driver/Src/stm32f1xx_hal.c ****   /* Return function status */
 193:./Drivers1/STM32F1xx_HAL_Driver/Src/stm32f1xx_hal.c ****   return HAL_OK;
 194:./Drivers1/STM32F1xx_HAL_Driver/Src/stm32f1xx_hal.c **** }
 195:./Drivers1/STM32F1xx_HAL_Driver/Src/stm32f1xx_hal.c **** 
 196:./Drivers1/STM32F1xx_HAL_Driver/Src/stm32f1xx_hal.c **** /**
 197:./Drivers1/STM32F1xx_HAL_Driver/Src/stm32f1xx_hal.c ****   * @brief  Initialize the MSP.
 198:./Drivers1/STM32F1xx_HAL_Driver/Src/stm32f1xx_hal.c ****   * @retval None
 199:./Drivers1/STM32F1xx_HAL_Driver/Src/stm32f1xx_hal.c ****   */
 200:./Drivers1/STM32F1xx_HAL_Driver/Src/stm32f1xx_hal.c **** __weak void HAL_MspInit(void)
 201:./Drivers1/STM32F1xx_HAL_Driver/Src/stm32f1xx_hal.c **** {
 202:./Drivers1/STM32F1xx_HAL_Driver/Src/stm32f1xx_hal.c ****   /* NOTE : This function should not be modified, when the callback is needed,
 203:./Drivers1/STM32F1xx_HAL_Driver/Src/stm32f1xx_hal.c ****             the HAL_MspInit could be implemented in the user file
 204:./Drivers1/STM32F1xx_HAL_Driver/Src/stm32f1xx_hal.c ****    */
 205:./Drivers1/STM32F1xx_HAL_Driver/Src/stm32f1xx_hal.c **** }
 206:./Drivers1/STM32F1xx_HAL_Driver/Src/stm32f1xx_hal.c **** 
 207:./Drivers1/STM32F1xx_HAL_Driver/Src/stm32f1xx_hal.c **** /**
 208:./Drivers1/STM32F1xx_HAL_Driver/Src/stm32f1xx_hal.c ****   * @brief  DeInitializes the MSP.
 209:./Drivers1/STM32F1xx_HAL_Driver/Src/stm32f1xx_hal.c ****   * @retval None
 210:./Drivers1/STM32F1xx_HAL_Driver/Src/stm32f1xx_hal.c ****   */
 211:./Drivers1/STM32F1xx_HAL_Driver/Src/stm32f1xx_hal.c **** __weak void HAL_MspDeInit(void)
 212:./Drivers1/STM32F1xx_HAL_Driver/Src/stm32f1xx_hal.c **** {
  44              		.loc 1 212 0
  45              		.cfi_startproc
  46              		@ args = 0, pretend = 0, frame = 0
  47              		@ frame_needed = 0, uses_anonymous_args = 0
  48              		@ link register save eliminated.
  49 0000 7047     		bx	lr
  50              		.cfi_endproc
  51              	.LFE68:
  53              		.section	.text.HAL_DeInit,"ax",%progbits
  54              		.align	1
  55              		.global	HAL_DeInit
  56              		.thumb
  57              		.thumb_func
  59              	HAL_DeInit:
  60              	.LFB66:
 176:./Drivers1/STM32F1xx_HAL_Driver/Src/stm32f1xx_hal.c ****   /* Reset of all peripherals */
  61              		.loc 1 176 0
  62              		.cfi_startproc
  63              		@ args = 0, pretend = 0, frame = 0
  64              		@ frame_needed = 0, uses_anonymous_args = 0
 176:./Drivers1/STM32F1xx_HAL_Driver/Src/stm32f1xx_hal.c ****   /* Reset of all peripherals */
  65              		.loc 1 176 0
  66 0000 10B5     		push	{r4, lr}
  67              	.LCFI0:
  68              		.cfi_def_cfa_offset 8
  69              		.cfi_offset 4, -8
  70              		.cfi_offset 14, -4
 178:./Drivers1/STM32F1xx_HAL_Driver/Src/stm32f1xx_hal.c ****   __HAL_RCC_APB1_RELEASE_RESET();
  71              		.loc 1 178 0
  72 0002 064B     		ldr	r3, .L4
  73 0004 4FF0FF32 		mov	r2, #-1
 179:./Drivers1/STM32F1xx_HAL_Driver/Src/stm32f1xx_hal.c **** 
  74              		.loc 1 179 0
ARM GAS  /var/folders/jn/652hmfdj2m99syhs9p34dk640000gq/T//ccjOpqCa.s 			page 6


  75 0008 0024     		movs	r4, #0
 178:./Drivers1/STM32F1xx_HAL_Driver/Src/stm32f1xx_hal.c ****   __HAL_RCC_APB1_RELEASE_RESET();
  76              		.loc 1 178 0
  77 000a DA60     		str	r2, [r3, #12]
 179:./Drivers1/STM32F1xx_HAL_Driver/Src/stm32f1xx_hal.c **** 
  78              		.loc 1 179 0
  79 000c 1C61     		str	r4, [r3, #16]
 181:./Drivers1/STM32F1xx_HAL_Driver/Src/stm32f1xx_hal.c ****   __HAL_RCC_APB2_RELEASE_RESET();
  80              		.loc 1 181 0
  81 000e DA60     		str	r2, [r3, #12]
 182:./Drivers1/STM32F1xx_HAL_Driver/Src/stm32f1xx_hal.c **** 
  82              		.loc 1 182 0
  83 0010 DC60     		str	r4, [r3, #12]
 190:./Drivers1/STM32F1xx_HAL_Driver/Src/stm32f1xx_hal.c **** 
  84              		.loc 1 190 0
  85 0012 FFF7FEFF 		bl	HAL_MspDeInit
  86              	.LVL0:
 194:./Drivers1/STM32F1xx_HAL_Driver/Src/stm32f1xx_hal.c **** 
  87              		.loc 1 194 0
  88 0016 2046     		mov	r0, r4
  89 0018 10BD     		pop	{r4, pc}
  90              	.L5:
  91 001a 00BF     		.align	2
  92              	.L4:
  93 001c 00100240 		.word	1073876992
  94              		.cfi_endproc
  95              	.LFE66:
  97              		.section	.text.HAL_InitTick,"ax",%progbits
  98              		.align	1
  99              		.weak	HAL_InitTick
 100              		.thumb
 101              		.thumb_func
 103              	HAL_InitTick:
 104              	.LFB69:
 213:./Drivers1/STM32F1xx_HAL_Driver/Src/stm32f1xx_hal.c ****   /* NOTE : This function should not be modified, when the callback is needed,
 214:./Drivers1/STM32F1xx_HAL_Driver/Src/stm32f1xx_hal.c ****             the HAL_MspDeInit could be implemented in the user file
 215:./Drivers1/STM32F1xx_HAL_Driver/Src/stm32f1xx_hal.c ****    */
 216:./Drivers1/STM32F1xx_HAL_Driver/Src/stm32f1xx_hal.c **** }
 217:./Drivers1/STM32F1xx_HAL_Driver/Src/stm32f1xx_hal.c **** 
 218:./Drivers1/STM32F1xx_HAL_Driver/Src/stm32f1xx_hal.c **** /**
 219:./Drivers1/STM32F1xx_HAL_Driver/Src/stm32f1xx_hal.c ****   * @brief This function configures the source of the time base.
 220:./Drivers1/STM32F1xx_HAL_Driver/Src/stm32f1xx_hal.c ****   *        The time source is configured  to have 1ms time base with a dedicated
 221:./Drivers1/STM32F1xx_HAL_Driver/Src/stm32f1xx_hal.c ****   *        Tick interrupt priority.
 222:./Drivers1/STM32F1xx_HAL_Driver/Src/stm32f1xx_hal.c ****   * @note This function is called  automatically at the beginning of program after
 223:./Drivers1/STM32F1xx_HAL_Driver/Src/stm32f1xx_hal.c ****   *       reset by HAL_Init() or at any time when clock is reconfigured  by HAL_RCC_ClockConfig().
 224:./Drivers1/STM32F1xx_HAL_Driver/Src/stm32f1xx_hal.c ****   * @note In the default implementation, SysTick timer is the source of time base.
 225:./Drivers1/STM32F1xx_HAL_Driver/Src/stm32f1xx_hal.c ****   *       It is used to generate interrupts at regular time intervals.
 226:./Drivers1/STM32F1xx_HAL_Driver/Src/stm32f1xx_hal.c ****   *       Care must be taken if HAL_Delay() is called from a peripheral ISR process,
 227:./Drivers1/STM32F1xx_HAL_Driver/Src/stm32f1xx_hal.c ****   *       The SysTick interrupt must have higher priority (numerically lower)
 228:./Drivers1/STM32F1xx_HAL_Driver/Src/stm32f1xx_hal.c ****   *       than the peripheral interrupt. Otherwise the caller ISR process will be blocked.
 229:./Drivers1/STM32F1xx_HAL_Driver/Src/stm32f1xx_hal.c ****   *       The function is declared as __weak  to be overwritten  in case of other
 230:./Drivers1/STM32F1xx_HAL_Driver/Src/stm32f1xx_hal.c ****   *       implementation  in user file.
 231:./Drivers1/STM32F1xx_HAL_Driver/Src/stm32f1xx_hal.c ****   * @param TickPriority Tick interrupt priority.
 232:./Drivers1/STM32F1xx_HAL_Driver/Src/stm32f1xx_hal.c ****   * @retval HAL status
 233:./Drivers1/STM32F1xx_HAL_Driver/Src/stm32f1xx_hal.c ****   */
 234:./Drivers1/STM32F1xx_HAL_Driver/Src/stm32f1xx_hal.c **** __weak HAL_StatusTypeDef HAL_InitTick(uint32_t TickPriority)
 235:./Drivers1/STM32F1xx_HAL_Driver/Src/stm32f1xx_hal.c **** {
ARM GAS  /var/folders/jn/652hmfdj2m99syhs9p34dk640000gq/T//ccjOpqCa.s 			page 7


 105              		.loc 1 235 0
 106              		.cfi_startproc
 107              		@ args = 0, pretend = 0, frame = 0
 108              		@ frame_needed = 0, uses_anonymous_args = 0
 109              	.LVL1:
 110 0000 38B5     		push	{r3, r4, r5, lr}
 111              	.LCFI1:
 112              		.cfi_def_cfa_offset 16
 113              		.cfi_offset 3, -16
 114              		.cfi_offset 4, -12
 115              		.cfi_offset 5, -8
 116              		.cfi_offset 14, -4
 236:./Drivers1/STM32F1xx_HAL_Driver/Src/stm32f1xx_hal.c ****   /* Configure the SysTick to have interrupt in 1ms time basis*/
 237:./Drivers1/STM32F1xx_HAL_Driver/Src/stm32f1xx_hal.c ****   if (HAL_SYSTICK_Config(SystemCoreClock / (1000U / uwTickFreq)) > 0U)
 117              		.loc 1 237 0
 118 0002 0E4B     		ldr	r3, .L11
 235:./Drivers1/STM32F1xx_HAL_Driver/Src/stm32f1xx_hal.c ****   /* Configure the SysTick to have interrupt in 1ms time basis*/
 119              		.loc 1 235 0
 120 0004 0546     		mov	r5, r0
 121              		.loc 1 237 0
 122 0006 1878     		ldrb	r0, [r3]	@ zero_extendqisi2
 123              	.LVL2:
 124 0008 4FF47A73 		mov	r3, #1000
 125 000c B3FBF0F3 		udiv	r3, r3, r0
 126 0010 0B4A     		ldr	r2, .L11+4
 127 0012 1068     		ldr	r0, [r2]
 128 0014 B0FBF3F0 		udiv	r0, r0, r3
 129 0018 FFF7FEFF 		bl	HAL_SYSTICK_Config
 130              	.LVL3:
 131 001c 0446     		mov	r4, r0
 132 001e 58B9     		cbnz	r0, .L9
 238:./Drivers1/STM32F1xx_HAL_Driver/Src/stm32f1xx_hal.c ****   {
 239:./Drivers1/STM32F1xx_HAL_Driver/Src/stm32f1xx_hal.c ****     return HAL_ERROR;
 240:./Drivers1/STM32F1xx_HAL_Driver/Src/stm32f1xx_hal.c ****   }
 241:./Drivers1/STM32F1xx_HAL_Driver/Src/stm32f1xx_hal.c **** 
 242:./Drivers1/STM32F1xx_HAL_Driver/Src/stm32f1xx_hal.c ****   /* Configure the SysTick IRQ priority */
 243:./Drivers1/STM32F1xx_HAL_Driver/Src/stm32f1xx_hal.c ****   if (TickPriority < (1UL << __NVIC_PRIO_BITS))
 133              		.loc 1 243 0
 134 0020 0F2D     		cmp	r5, #15
 135 0022 09D8     		bhi	.L9
 136              	.LVL4:
 137              	.LBB4:
 138              	.LBB5:
 244:./Drivers1/STM32F1xx_HAL_Driver/Src/stm32f1xx_hal.c ****   {
 245:./Drivers1/STM32F1xx_HAL_Driver/Src/stm32f1xx_hal.c ****     HAL_NVIC_SetPriority(SysTick_IRQn, TickPriority, 0U);
 139              		.loc 1 245 0
 140 0024 0246     		mov	r2, r0
 141 0026 2946     		mov	r1, r5
 142 0028 4FF0FF30 		mov	r0, #-1
 143 002c FFF7FEFF 		bl	HAL_NVIC_SetPriority
 144              	.LVL5:
 246:./Drivers1/STM32F1xx_HAL_Driver/Src/stm32f1xx_hal.c ****     uwTickPrio = TickPriority;
 145              		.loc 1 246 0
 146 0030 044B     		ldr	r3, .L11+8
 147 0032 2046     		mov	r0, r4
 148 0034 1D60     		str	r5, [r3]
 149              	.LVL6:
ARM GAS  /var/folders/jn/652hmfdj2m99syhs9p34dk640000gq/T//ccjOpqCa.s 			page 8


 150 0036 38BD     		pop	{r3, r4, r5, pc}
 151              	.LVL7:
 152              	.L9:
 153              	.LBE5:
 154              	.LBE4:
 239:./Drivers1/STM32F1xx_HAL_Driver/Src/stm32f1xx_hal.c ****   }
 155              		.loc 1 239 0
 156 0038 0120     		movs	r0, #1
 247:./Drivers1/STM32F1xx_HAL_Driver/Src/stm32f1xx_hal.c ****   }
 248:./Drivers1/STM32F1xx_HAL_Driver/Src/stm32f1xx_hal.c ****   else
 249:./Drivers1/STM32F1xx_HAL_Driver/Src/stm32f1xx_hal.c ****   {
 250:./Drivers1/STM32F1xx_HAL_Driver/Src/stm32f1xx_hal.c ****     return HAL_ERROR;
 251:./Drivers1/STM32F1xx_HAL_Driver/Src/stm32f1xx_hal.c ****   }
 252:./Drivers1/STM32F1xx_HAL_Driver/Src/stm32f1xx_hal.c **** 
 253:./Drivers1/STM32F1xx_HAL_Driver/Src/stm32f1xx_hal.c ****   /* Return function status */
 254:./Drivers1/STM32F1xx_HAL_Driver/Src/stm32f1xx_hal.c ****   return HAL_OK;
 255:./Drivers1/STM32F1xx_HAL_Driver/Src/stm32f1xx_hal.c **** }
 157              		.loc 1 255 0
 158 003a 38BD     		pop	{r3, r4, r5, pc}
 159              	.LVL8:
 160              	.L12:
 161              		.align	2
 162              	.L11:
 163 003c 00000000 		.word	.LANCHOR0
 164 0040 00000000 		.word	SystemCoreClock
 165 0044 00000000 		.word	.LANCHOR1
 166              		.cfi_endproc
 167              	.LFE69:
 169              		.section	.text.HAL_Init,"ax",%progbits
 170              		.align	1
 171              		.global	HAL_Init
 172              		.thumb
 173              		.thumb_func
 175              	HAL_Init:
 176              	.LFB65:
 143:./Drivers1/STM32F1xx_HAL_Driver/Src/stm32f1xx_hal.c ****   /* Configure Flash prefetch */
 177              		.loc 1 143 0
 178              		.cfi_startproc
 179              		@ args = 0, pretend = 0, frame = 0
 180              		@ frame_needed = 0, uses_anonymous_args = 0
 152:./Drivers1/STM32F1xx_HAL_Driver/Src/stm32f1xx_hal.c **** #endif
 181              		.loc 1 152 0
 182 0000 074A     		ldr	r2, .L14
 143:./Drivers1/STM32F1xx_HAL_Driver/Src/stm32f1xx_hal.c ****   /* Configure Flash prefetch */
 183              		.loc 1 143 0
 184 0002 08B5     		push	{r3, lr}
 185              	.LCFI2:
 186              		.cfi_def_cfa_offset 8
 187              		.cfi_offset 3, -8
 188              		.cfi_offset 14, -4
 152:./Drivers1/STM32F1xx_HAL_Driver/Src/stm32f1xx_hal.c **** #endif
 189              		.loc 1 152 0
 190 0004 1368     		ldr	r3, [r2]
 157:./Drivers1/STM32F1xx_HAL_Driver/Src/stm32f1xx_hal.c **** 
 191              		.loc 1 157 0
 192 0006 0320     		movs	r0, #3
 152:./Drivers1/STM32F1xx_HAL_Driver/Src/stm32f1xx_hal.c **** #endif
ARM GAS  /var/folders/jn/652hmfdj2m99syhs9p34dk640000gq/T//ccjOpqCa.s 			page 9


 193              		.loc 1 152 0
 194 0008 43F01003 		orr	r3, r3, #16
 195 000c 1360     		str	r3, [r2]
 157:./Drivers1/STM32F1xx_HAL_Driver/Src/stm32f1xx_hal.c **** 
 196              		.loc 1 157 0
 197 000e FFF7FEFF 		bl	HAL_NVIC_SetPriorityGrouping
 198              	.LVL9:
 160:./Drivers1/STM32F1xx_HAL_Driver/Src/stm32f1xx_hal.c **** 
 199              		.loc 1 160 0
 200 0012 0020     		movs	r0, #0
 201 0014 FFF7FEFF 		bl	HAL_InitTick
 202              	.LVL10:
 163:./Drivers1/STM32F1xx_HAL_Driver/Src/stm32f1xx_hal.c **** 
 203              		.loc 1 163 0
 204 0018 FFF7FEFF 		bl	HAL_MspInit
 205              	.LVL11:
 167:./Drivers1/STM32F1xx_HAL_Driver/Src/stm32f1xx_hal.c **** 
 206              		.loc 1 167 0
 207 001c 0020     		movs	r0, #0
 208 001e 08BD     		pop	{r3, pc}
 209              	.L15:
 210              		.align	2
 211              	.L14:
 212 0020 00200240 		.word	1073881088
 213              		.cfi_endproc
 214              	.LFE65:
 216              		.section	.text.HAL_IncTick,"ax",%progbits
 217              		.align	1
 218              		.weak	HAL_IncTick
 219              		.thumb
 220              		.thumb_func
 222              	HAL_IncTick:
 223              	.LFB70:
 256:./Drivers1/STM32F1xx_HAL_Driver/Src/stm32f1xx_hal.c **** 
 257:./Drivers1/STM32F1xx_HAL_Driver/Src/stm32f1xx_hal.c **** /**
 258:./Drivers1/STM32F1xx_HAL_Driver/Src/stm32f1xx_hal.c ****   * @}
 259:./Drivers1/STM32F1xx_HAL_Driver/Src/stm32f1xx_hal.c ****   */
 260:./Drivers1/STM32F1xx_HAL_Driver/Src/stm32f1xx_hal.c **** 
 261:./Drivers1/STM32F1xx_HAL_Driver/Src/stm32f1xx_hal.c **** /** @defgroup HAL_Exported_Functions_Group2 HAL Control functions
 262:./Drivers1/STM32F1xx_HAL_Driver/Src/stm32f1xx_hal.c ****   *  @brief    HAL Control functions
 263:./Drivers1/STM32F1xx_HAL_Driver/Src/stm32f1xx_hal.c ****   *
 264:./Drivers1/STM32F1xx_HAL_Driver/Src/stm32f1xx_hal.c **** @verbatim
 265:./Drivers1/STM32F1xx_HAL_Driver/Src/stm32f1xx_hal.c ****  ===============================================================================
 266:./Drivers1/STM32F1xx_HAL_Driver/Src/stm32f1xx_hal.c ****                       ##### HAL Control functions #####
 267:./Drivers1/STM32F1xx_HAL_Driver/Src/stm32f1xx_hal.c ****  ===============================================================================
 268:./Drivers1/STM32F1xx_HAL_Driver/Src/stm32f1xx_hal.c ****     [..]  This section provides functions allowing to:
 269:./Drivers1/STM32F1xx_HAL_Driver/Src/stm32f1xx_hal.c ****       (+) Provide a tick value in millisecond
 270:./Drivers1/STM32F1xx_HAL_Driver/Src/stm32f1xx_hal.c ****       (+) Provide a blocking delay in millisecond
 271:./Drivers1/STM32F1xx_HAL_Driver/Src/stm32f1xx_hal.c ****       (+) Suspend the time base source interrupt
 272:./Drivers1/STM32F1xx_HAL_Driver/Src/stm32f1xx_hal.c ****       (+) Resume the time base source interrupt
 273:./Drivers1/STM32F1xx_HAL_Driver/Src/stm32f1xx_hal.c ****       (+) Get the HAL API driver version
 274:./Drivers1/STM32F1xx_HAL_Driver/Src/stm32f1xx_hal.c ****       (+) Get the device identifier
 275:./Drivers1/STM32F1xx_HAL_Driver/Src/stm32f1xx_hal.c ****       (+) Get the device revision identifier
 276:./Drivers1/STM32F1xx_HAL_Driver/Src/stm32f1xx_hal.c ****       (+) Enable/Disable Debug module during SLEEP mode
 277:./Drivers1/STM32F1xx_HAL_Driver/Src/stm32f1xx_hal.c ****       (+) Enable/Disable Debug module during STOP mode
 278:./Drivers1/STM32F1xx_HAL_Driver/Src/stm32f1xx_hal.c ****       (+) Enable/Disable Debug module during STANDBY mode
 279:./Drivers1/STM32F1xx_HAL_Driver/Src/stm32f1xx_hal.c **** 
ARM GAS  /var/folders/jn/652hmfdj2m99syhs9p34dk640000gq/T//ccjOpqCa.s 			page 10


 280:./Drivers1/STM32F1xx_HAL_Driver/Src/stm32f1xx_hal.c **** @endverbatim
 281:./Drivers1/STM32F1xx_HAL_Driver/Src/stm32f1xx_hal.c ****   * @{
 282:./Drivers1/STM32F1xx_HAL_Driver/Src/stm32f1xx_hal.c ****   */
 283:./Drivers1/STM32F1xx_HAL_Driver/Src/stm32f1xx_hal.c **** 
 284:./Drivers1/STM32F1xx_HAL_Driver/Src/stm32f1xx_hal.c **** /**
 285:./Drivers1/STM32F1xx_HAL_Driver/Src/stm32f1xx_hal.c ****   * @brief This function is called to increment  a global variable "uwTick"
 286:./Drivers1/STM32F1xx_HAL_Driver/Src/stm32f1xx_hal.c ****   *        used as application time base.
 287:./Drivers1/STM32F1xx_HAL_Driver/Src/stm32f1xx_hal.c ****   * @note In the default implementation, this variable is incremented each 1ms
 288:./Drivers1/STM32F1xx_HAL_Driver/Src/stm32f1xx_hal.c ****   *       in SysTick ISR.
 289:./Drivers1/STM32F1xx_HAL_Driver/Src/stm32f1xx_hal.c ****   * @note This function is declared as __weak to be overwritten in case of other
 290:./Drivers1/STM32F1xx_HAL_Driver/Src/stm32f1xx_hal.c ****   *      implementations in user file.
 291:./Drivers1/STM32F1xx_HAL_Driver/Src/stm32f1xx_hal.c ****   * @retval None
 292:./Drivers1/STM32F1xx_HAL_Driver/Src/stm32f1xx_hal.c ****   */
 293:./Drivers1/STM32F1xx_HAL_Driver/Src/stm32f1xx_hal.c **** __weak void HAL_IncTick(void)
 294:./Drivers1/STM32F1xx_HAL_Driver/Src/stm32f1xx_hal.c **** {
 224              		.loc 1 294 0
 225              		.cfi_startproc
 226              		@ args = 0, pretend = 0, frame = 0
 227              		@ frame_needed = 0, uses_anonymous_args = 0
 228              		@ link register save eliminated.
 295:./Drivers1/STM32F1xx_HAL_Driver/Src/stm32f1xx_hal.c ****   uwTick += uwTickFreq;
 229              		.loc 1 295 0
 230 0000 034A     		ldr	r2, .L17
 231 0002 0449     		ldr	r1, .L17+4
 232 0004 1368     		ldr	r3, [r2]
 233 0006 0978     		ldrb	r1, [r1]	@ zero_extendqisi2
 234 0008 0B44     		add	r3, r3, r1
 235 000a 1360     		str	r3, [r2]
 236 000c 7047     		bx	lr
 237              	.L18:
 238 000e 00BF     		.align	2
 239              	.L17:
 240 0010 00000000 		.word	uwTick
 241 0014 00000000 		.word	.LANCHOR0
 242              		.cfi_endproc
 243              	.LFE70:
 245              		.section	.text.HAL_GetTick,"ax",%progbits
 246              		.align	1
 247              		.weak	HAL_GetTick
 248              		.thumb
 249              		.thumb_func
 251              	HAL_GetTick:
 252              	.LFB71:
 296:./Drivers1/STM32F1xx_HAL_Driver/Src/stm32f1xx_hal.c **** }
 297:./Drivers1/STM32F1xx_HAL_Driver/Src/stm32f1xx_hal.c **** 
 298:./Drivers1/STM32F1xx_HAL_Driver/Src/stm32f1xx_hal.c **** /**
 299:./Drivers1/STM32F1xx_HAL_Driver/Src/stm32f1xx_hal.c ****   * @brief Provides a tick value in millisecond.
 300:./Drivers1/STM32F1xx_HAL_Driver/Src/stm32f1xx_hal.c ****   * @note  This function is declared as __weak to be overwritten in case of other
 301:./Drivers1/STM32F1xx_HAL_Driver/Src/stm32f1xx_hal.c ****   *       implementations in user file.
 302:./Drivers1/STM32F1xx_HAL_Driver/Src/stm32f1xx_hal.c ****   * @retval tick value
 303:./Drivers1/STM32F1xx_HAL_Driver/Src/stm32f1xx_hal.c ****   */
 304:./Drivers1/STM32F1xx_HAL_Driver/Src/stm32f1xx_hal.c **** __weak uint32_t HAL_GetTick(void)
 305:./Drivers1/STM32F1xx_HAL_Driver/Src/stm32f1xx_hal.c **** {
 253              		.loc 1 305 0
 254              		.cfi_startproc
 255              		@ args = 0, pretend = 0, frame = 0
 256              		@ frame_needed = 0, uses_anonymous_args = 0
ARM GAS  /var/folders/jn/652hmfdj2m99syhs9p34dk640000gq/T//ccjOpqCa.s 			page 11


 257              		@ link register save eliminated.
 306:./Drivers1/STM32F1xx_HAL_Driver/Src/stm32f1xx_hal.c ****   return uwTick;
 258              		.loc 1 306 0
 259 0000 014B     		ldr	r3, .L20
 260 0002 1868     		ldr	r0, [r3]
 307:./Drivers1/STM32F1xx_HAL_Driver/Src/stm32f1xx_hal.c **** }
 261              		.loc 1 307 0
 262 0004 7047     		bx	lr
 263              	.L21:
 264 0006 00BF     		.align	2
 265              	.L20:
 266 0008 00000000 		.word	uwTick
 267              		.cfi_endproc
 268              	.LFE71:
 270              		.section	.text.HAL_GetTickPrio,"ax",%progbits
 271              		.align	1
 272              		.global	HAL_GetTickPrio
 273              		.thumb
 274              		.thumb_func
 276              	HAL_GetTickPrio:
 277              	.LFB72:
 308:./Drivers1/STM32F1xx_HAL_Driver/Src/stm32f1xx_hal.c **** 
 309:./Drivers1/STM32F1xx_HAL_Driver/Src/stm32f1xx_hal.c **** /**
 310:./Drivers1/STM32F1xx_HAL_Driver/Src/stm32f1xx_hal.c ****   * @brief This function returns a tick priority.
 311:./Drivers1/STM32F1xx_HAL_Driver/Src/stm32f1xx_hal.c ****   * @retval tick priority
 312:./Drivers1/STM32F1xx_HAL_Driver/Src/stm32f1xx_hal.c ****   */
 313:./Drivers1/STM32F1xx_HAL_Driver/Src/stm32f1xx_hal.c **** uint32_t HAL_GetTickPrio(void)
 314:./Drivers1/STM32F1xx_HAL_Driver/Src/stm32f1xx_hal.c **** {
 278              		.loc 1 314 0
 279              		.cfi_startproc
 280              		@ args = 0, pretend = 0, frame = 0
 281              		@ frame_needed = 0, uses_anonymous_args = 0
 282              		@ link register save eliminated.
 315:./Drivers1/STM32F1xx_HAL_Driver/Src/stm32f1xx_hal.c ****   return uwTickPrio;
 316:./Drivers1/STM32F1xx_HAL_Driver/Src/stm32f1xx_hal.c **** }
 283              		.loc 1 316 0
 284 0000 014B     		ldr	r3, .L23
 285 0002 1868     		ldr	r0, [r3]
 286 0004 7047     		bx	lr
 287              	.L24:
 288 0006 00BF     		.align	2
 289              	.L23:
 290 0008 00000000 		.word	.LANCHOR1
 291              		.cfi_endproc
 292              	.LFE72:
 294              		.section	.text.HAL_SetTickFreq,"ax",%progbits
 295              		.align	1
 296              		.global	HAL_SetTickFreq
 297              		.thumb
 298              		.thumb_func
 300              	HAL_SetTickFreq:
 301              	.LFB73:
 317:./Drivers1/STM32F1xx_HAL_Driver/Src/stm32f1xx_hal.c **** 
 318:./Drivers1/STM32F1xx_HAL_Driver/Src/stm32f1xx_hal.c **** /**
 319:./Drivers1/STM32F1xx_HAL_Driver/Src/stm32f1xx_hal.c ****   * @brief Set new tick Freq.
 320:./Drivers1/STM32F1xx_HAL_Driver/Src/stm32f1xx_hal.c ****   * @retval status
 321:./Drivers1/STM32F1xx_HAL_Driver/Src/stm32f1xx_hal.c ****   */
ARM GAS  /var/folders/jn/652hmfdj2m99syhs9p34dk640000gq/T//ccjOpqCa.s 			page 12


 322:./Drivers1/STM32F1xx_HAL_Driver/Src/stm32f1xx_hal.c **** HAL_StatusTypeDef HAL_SetTickFreq(HAL_TickFreqTypeDef Freq)
 323:./Drivers1/STM32F1xx_HAL_Driver/Src/stm32f1xx_hal.c **** {
 302              		.loc 1 323 0
 303              		.cfi_startproc
 304              		@ args = 0, pretend = 0, frame = 0
 305              		@ frame_needed = 0, uses_anonymous_args = 0
 306              	.LVL12:
 307 0000 38B5     		push	{r3, r4, r5, lr}
 308              	.LCFI3:
 309              		.cfi_def_cfa_offset 16
 310              		.cfi_offset 3, -16
 311              		.cfi_offset 4, -12
 312              		.cfi_offset 5, -8
 313              		.cfi_offset 14, -4
 324:./Drivers1/STM32F1xx_HAL_Driver/Src/stm32f1xx_hal.c ****   HAL_StatusTypeDef status  = HAL_OK;
 325:./Drivers1/STM32F1xx_HAL_Driver/Src/stm32f1xx_hal.c ****   assert_param(IS_TICKFREQ(Freq));
 326:./Drivers1/STM32F1xx_HAL_Driver/Src/stm32f1xx_hal.c **** 
 327:./Drivers1/STM32F1xx_HAL_Driver/Src/stm32f1xx_hal.c ****   if (uwTickFreq != Freq)
 314              		.loc 1 327 0
 315 0002 074C     		ldr	r4, .L28
 323:./Drivers1/STM32F1xx_HAL_Driver/Src/stm32f1xx_hal.c ****   HAL_StatusTypeDef status  = HAL_OK;
 316              		.loc 1 323 0
 317 0004 0546     		mov	r5, r0
 318              		.loc 1 327 0
 319 0006 2378     		ldrb	r3, [r4]	@ zero_extendqisi2
 320 0008 8342     		cmp	r3, r0
 321 000a 06D0     		beq	.L27
 328:./Drivers1/STM32F1xx_HAL_Driver/Src/stm32f1xx_hal.c ****   {
 329:./Drivers1/STM32F1xx_HAL_Driver/Src/stm32f1xx_hal.c ****     /* Apply the new tick Freq  */
 330:./Drivers1/STM32F1xx_HAL_Driver/Src/stm32f1xx_hal.c ****     status = HAL_InitTick(uwTickPrio);
 322              		.loc 1 330 0
 323 000c 054B     		ldr	r3, .L28+4
 324 000e 1868     		ldr	r0, [r3]
 325              	.LVL13:
 326 0010 FFF7FEFF 		bl	HAL_InitTick
 327              	.LVL14:
 331:./Drivers1/STM32F1xx_HAL_Driver/Src/stm32f1xx_hal.c ****     if (status == HAL_OK)
 328              		.loc 1 331 0
 329 0014 10B9     		cbnz	r0, .L26
 332:./Drivers1/STM32F1xx_HAL_Driver/Src/stm32f1xx_hal.c ****     {
 333:./Drivers1/STM32F1xx_HAL_Driver/Src/stm32f1xx_hal.c ****       uwTickFreq = Freq;
 330              		.loc 1 333 0
 331 0016 2570     		strb	r5, [r4]
 332 0018 38BD     		pop	{r3, r4, r5, pc}
 333              	.LVL15:
 334              	.L27:
 324:./Drivers1/STM32F1xx_HAL_Driver/Src/stm32f1xx_hal.c ****   assert_param(IS_TICKFREQ(Freq));
 335              		.loc 1 324 0
 336 001a 0020     		movs	r0, #0
 337              	.LVL16:
 338              	.L26:
 334:./Drivers1/STM32F1xx_HAL_Driver/Src/stm32f1xx_hal.c ****     }
 335:./Drivers1/STM32F1xx_HAL_Driver/Src/stm32f1xx_hal.c ****   }
 336:./Drivers1/STM32F1xx_HAL_Driver/Src/stm32f1xx_hal.c **** 
 337:./Drivers1/STM32F1xx_HAL_Driver/Src/stm32f1xx_hal.c ****   return status;
 338:./Drivers1/STM32F1xx_HAL_Driver/Src/stm32f1xx_hal.c **** }
 339              		.loc 1 338 0
ARM GAS  /var/folders/jn/652hmfdj2m99syhs9p34dk640000gq/T//ccjOpqCa.s 			page 13


 340 001c 38BD     		pop	{r3, r4, r5, pc}
 341              	.L29:
 342 001e 00BF     		.align	2
 343              	.L28:
 344 0020 00000000 		.word	.LANCHOR0
 345 0024 00000000 		.word	.LANCHOR1
 346              		.cfi_endproc
 347              	.LFE73:
 349              		.section	.text.HAL_GetTickFreq,"ax",%progbits
 350              		.align	1
 351              		.global	HAL_GetTickFreq
 352              		.thumb
 353              		.thumb_func
 355              	HAL_GetTickFreq:
 356              	.LFB74:
 339:./Drivers1/STM32F1xx_HAL_Driver/Src/stm32f1xx_hal.c **** 
 340:./Drivers1/STM32F1xx_HAL_Driver/Src/stm32f1xx_hal.c **** /**
 341:./Drivers1/STM32F1xx_HAL_Driver/Src/stm32f1xx_hal.c ****   * @brief Return tick frequency.
 342:./Drivers1/STM32F1xx_HAL_Driver/Src/stm32f1xx_hal.c ****   * @retval tick period in Hz
 343:./Drivers1/STM32F1xx_HAL_Driver/Src/stm32f1xx_hal.c ****   */
 344:./Drivers1/STM32F1xx_HAL_Driver/Src/stm32f1xx_hal.c **** HAL_TickFreqTypeDef HAL_GetTickFreq(void)
 345:./Drivers1/STM32F1xx_HAL_Driver/Src/stm32f1xx_hal.c **** {
 357              		.loc 1 345 0
 358              		.cfi_startproc
 359              		@ args = 0, pretend = 0, frame = 0
 360              		@ frame_needed = 0, uses_anonymous_args = 0
 361              		@ link register save eliminated.
 346:./Drivers1/STM32F1xx_HAL_Driver/Src/stm32f1xx_hal.c ****   return uwTickFreq;
 347:./Drivers1/STM32F1xx_HAL_Driver/Src/stm32f1xx_hal.c **** }
 362              		.loc 1 347 0
 363 0000 014B     		ldr	r3, .L31
 364 0002 1878     		ldrb	r0, [r3]	@ zero_extendqisi2
 365 0004 7047     		bx	lr
 366              	.L32:
 367 0006 00BF     		.align	2
 368              	.L31:
 369 0008 00000000 		.word	.LANCHOR0
 370              		.cfi_endproc
 371              	.LFE74:
 373              		.section	.text.HAL_Delay,"ax",%progbits
 374              		.align	1
 375              		.weak	HAL_Delay
 376              		.thumb
 377              		.thumb_func
 379              	HAL_Delay:
 380              	.LFB75:
 348:./Drivers1/STM32F1xx_HAL_Driver/Src/stm32f1xx_hal.c **** 
 349:./Drivers1/STM32F1xx_HAL_Driver/Src/stm32f1xx_hal.c **** /**
 350:./Drivers1/STM32F1xx_HAL_Driver/Src/stm32f1xx_hal.c ****   * @brief This function provides minimum delay (in milliseconds) based
 351:./Drivers1/STM32F1xx_HAL_Driver/Src/stm32f1xx_hal.c ****   *        on variable incremented.
 352:./Drivers1/STM32F1xx_HAL_Driver/Src/stm32f1xx_hal.c ****   * @note In the default implementation , SysTick timer is the source of time base.
 353:./Drivers1/STM32F1xx_HAL_Driver/Src/stm32f1xx_hal.c ****   *       It is used to generate interrupts at regular time intervals where uwTick
 354:./Drivers1/STM32F1xx_HAL_Driver/Src/stm32f1xx_hal.c ****   *       is incremented.
 355:./Drivers1/STM32F1xx_HAL_Driver/Src/stm32f1xx_hal.c ****   * @note This function is declared as __weak to be overwritten in case of other
 356:./Drivers1/STM32F1xx_HAL_Driver/Src/stm32f1xx_hal.c ****   *       implementations in user file.
 357:./Drivers1/STM32F1xx_HAL_Driver/Src/stm32f1xx_hal.c ****   * @param Delay specifies the delay time length, in milliseconds.
 358:./Drivers1/STM32F1xx_HAL_Driver/Src/stm32f1xx_hal.c ****   * @retval None
ARM GAS  /var/folders/jn/652hmfdj2m99syhs9p34dk640000gq/T//ccjOpqCa.s 			page 14


 359:./Drivers1/STM32F1xx_HAL_Driver/Src/stm32f1xx_hal.c ****   */
 360:./Drivers1/STM32F1xx_HAL_Driver/Src/stm32f1xx_hal.c **** __weak void HAL_Delay(uint32_t Delay)
 361:./Drivers1/STM32F1xx_HAL_Driver/Src/stm32f1xx_hal.c **** {
 381              		.loc 1 361 0
 382              		.cfi_startproc
 383              		@ args = 0, pretend = 0, frame = 0
 384              		@ frame_needed = 0, uses_anonymous_args = 0
 385              	.LVL17:
 386 0000 38B5     		push	{r3, r4, r5, lr}
 387              	.LCFI4:
 388              		.cfi_def_cfa_offset 16
 389              		.cfi_offset 3, -16
 390              		.cfi_offset 4, -12
 391              		.cfi_offset 5, -8
 392              		.cfi_offset 14, -4
 393              		.loc 1 361 0
 394 0002 0446     		mov	r4, r0
 362:./Drivers1/STM32F1xx_HAL_Driver/Src/stm32f1xx_hal.c ****   uint32_t tickstart = HAL_GetTick();
 395              		.loc 1 362 0
 396 0004 FFF7FEFF 		bl	HAL_GetTick
 397              	.LVL18:
 398 0008 0546     		mov	r5, r0
 399              	.LVL19:
 363:./Drivers1/STM32F1xx_HAL_Driver/Src/stm32f1xx_hal.c ****   uint32_t wait = Delay;
 364:./Drivers1/STM32F1xx_HAL_Driver/Src/stm32f1xx_hal.c **** 
 365:./Drivers1/STM32F1xx_HAL_Driver/Src/stm32f1xx_hal.c ****   /* Add a freq to guarantee minimum wait */
 366:./Drivers1/STM32F1xx_HAL_Driver/Src/stm32f1xx_hal.c ****   if (wait < HAL_MAX_DELAY)
 400              		.loc 1 366 0
 401 000a 631C     		adds	r3, r4, #1
 367:./Drivers1/STM32F1xx_HAL_Driver/Src/stm32f1xx_hal.c ****   {
 368:./Drivers1/STM32F1xx_HAL_Driver/Src/stm32f1xx_hal.c ****     wait += (uint32_t)(uwTickFreq);
 402              		.loc 1 368 0
 403 000c 1EBF     		ittt	ne
 404 000e 044B     		ldrne	r3, .L40
 405 0010 1B78     		ldrbne	r3, [r3]	@ zero_extendqisi2
 406 0012 E418     		addne	r4, r4, r3
 407              	.LVL20:
 408              	.L35:
 369:./Drivers1/STM32F1xx_HAL_Driver/Src/stm32f1xx_hal.c ****   }
 370:./Drivers1/STM32F1xx_HAL_Driver/Src/stm32f1xx_hal.c **** 
 371:./Drivers1/STM32F1xx_HAL_Driver/Src/stm32f1xx_hal.c ****   while ((HAL_GetTick() - tickstart) < wait)
 409              		.loc 1 371 0 discriminator 1
 410 0014 FFF7FEFF 		bl	HAL_GetTick
 411              	.LVL21:
 412 0018 401B     		subs	r0, r0, r5
 413 001a 8442     		cmp	r4, r0
 414 001c FAD8     		bhi	.L35
 372:./Drivers1/STM32F1xx_HAL_Driver/Src/stm32f1xx_hal.c ****   {
 373:./Drivers1/STM32F1xx_HAL_Driver/Src/stm32f1xx_hal.c ****   }
 374:./Drivers1/STM32F1xx_HAL_Driver/Src/stm32f1xx_hal.c **** }
 415              		.loc 1 374 0
 416 001e 38BD     		pop	{r3, r4, r5, pc}
 417              	.LVL22:
 418              	.L41:
 419              		.align	2
 420              	.L40:
 421 0020 00000000 		.word	.LANCHOR0
ARM GAS  /var/folders/jn/652hmfdj2m99syhs9p34dk640000gq/T//ccjOpqCa.s 			page 15


 422              		.cfi_endproc
 423              	.LFE75:
 425              		.section	.text.HAL_SuspendTick,"ax",%progbits
 426              		.align	1
 427              		.weak	HAL_SuspendTick
 428              		.thumb
 429              		.thumb_func
 431              	HAL_SuspendTick:
 432              	.LFB76:
 375:./Drivers1/STM32F1xx_HAL_Driver/Src/stm32f1xx_hal.c **** 
 376:./Drivers1/STM32F1xx_HAL_Driver/Src/stm32f1xx_hal.c **** /**
 377:./Drivers1/STM32F1xx_HAL_Driver/Src/stm32f1xx_hal.c ****   * @brief Suspend Tick increment.
 378:./Drivers1/STM32F1xx_HAL_Driver/Src/stm32f1xx_hal.c ****   * @note In the default implementation , SysTick timer is the source of time base. It is
 379:./Drivers1/STM32F1xx_HAL_Driver/Src/stm32f1xx_hal.c ****   *       used to generate interrupts at regular time intervals. Once HAL_SuspendTick()
 380:./Drivers1/STM32F1xx_HAL_Driver/Src/stm32f1xx_hal.c ****   *       is called, the SysTick interrupt will be disabled and so Tick increment
 381:./Drivers1/STM32F1xx_HAL_Driver/Src/stm32f1xx_hal.c ****   *       is suspended.
 382:./Drivers1/STM32F1xx_HAL_Driver/Src/stm32f1xx_hal.c ****   * @note This function is declared as __weak to be overwritten in case of other
 383:./Drivers1/STM32F1xx_HAL_Driver/Src/stm32f1xx_hal.c ****   *       implementations in user file.
 384:./Drivers1/STM32F1xx_HAL_Driver/Src/stm32f1xx_hal.c ****   * @retval None
 385:./Drivers1/STM32F1xx_HAL_Driver/Src/stm32f1xx_hal.c ****   */
 386:./Drivers1/STM32F1xx_HAL_Driver/Src/stm32f1xx_hal.c **** __weak void HAL_SuspendTick(void)
 387:./Drivers1/STM32F1xx_HAL_Driver/Src/stm32f1xx_hal.c **** {
 433              		.loc 1 387 0
 434              		.cfi_startproc
 435              		@ args = 0, pretend = 0, frame = 0
 436              		@ frame_needed = 0, uses_anonymous_args = 0
 437              		@ link register save eliminated.
 388:./Drivers1/STM32F1xx_HAL_Driver/Src/stm32f1xx_hal.c ****   /* Disable SysTick Interrupt */
 389:./Drivers1/STM32F1xx_HAL_Driver/Src/stm32f1xx_hal.c ****   CLEAR_BIT(SysTick->CTRL, SysTick_CTRL_TICKINT_Msk);
 438              		.loc 1 389 0
 439 0000 024A     		ldr	r2, .L43
 440 0002 1368     		ldr	r3, [r2]
 441 0004 23F00203 		bic	r3, r3, #2
 442 0008 1360     		str	r3, [r2]
 443 000a 7047     		bx	lr
 444              	.L44:
 445              		.align	2
 446              	.L43:
 447 000c 10E000E0 		.word	-536813552
 448              		.cfi_endproc
 449              	.LFE76:
 451              		.section	.text.HAL_ResumeTick,"ax",%progbits
 452              		.align	1
 453              		.weak	HAL_ResumeTick
 454              		.thumb
 455              		.thumb_func
 457              	HAL_ResumeTick:
 458              	.LFB77:
 390:./Drivers1/STM32F1xx_HAL_Driver/Src/stm32f1xx_hal.c **** }
 391:./Drivers1/STM32F1xx_HAL_Driver/Src/stm32f1xx_hal.c **** 
 392:./Drivers1/STM32F1xx_HAL_Driver/Src/stm32f1xx_hal.c **** /**
 393:./Drivers1/STM32F1xx_HAL_Driver/Src/stm32f1xx_hal.c ****   * @brief Resume Tick increment.
 394:./Drivers1/STM32F1xx_HAL_Driver/Src/stm32f1xx_hal.c ****   * @note In the default implementation , SysTick timer is the source of time base. It is
 395:./Drivers1/STM32F1xx_HAL_Driver/Src/stm32f1xx_hal.c ****   *       used to generate interrupts at regular time intervals. Once HAL_ResumeTick()
 396:./Drivers1/STM32F1xx_HAL_Driver/Src/stm32f1xx_hal.c ****   *       is called, the SysTick interrupt will be enabled and so Tick increment
 397:./Drivers1/STM32F1xx_HAL_Driver/Src/stm32f1xx_hal.c ****   *       is resumed.
 398:./Drivers1/STM32F1xx_HAL_Driver/Src/stm32f1xx_hal.c ****   * @note This function is declared as __weak to be overwritten in case of other
ARM GAS  /var/folders/jn/652hmfdj2m99syhs9p34dk640000gq/T//ccjOpqCa.s 			page 16


 399:./Drivers1/STM32F1xx_HAL_Driver/Src/stm32f1xx_hal.c ****   *       implementations in user file.
 400:./Drivers1/STM32F1xx_HAL_Driver/Src/stm32f1xx_hal.c ****   * @retval None
 401:./Drivers1/STM32F1xx_HAL_Driver/Src/stm32f1xx_hal.c ****   */
 402:./Drivers1/STM32F1xx_HAL_Driver/Src/stm32f1xx_hal.c **** __weak void HAL_ResumeTick(void)
 403:./Drivers1/STM32F1xx_HAL_Driver/Src/stm32f1xx_hal.c **** {
 459              		.loc 1 403 0
 460              		.cfi_startproc
 461              		@ args = 0, pretend = 0, frame = 0
 462              		@ frame_needed = 0, uses_anonymous_args = 0
 463              		@ link register save eliminated.
 404:./Drivers1/STM32F1xx_HAL_Driver/Src/stm32f1xx_hal.c ****   /* Enable SysTick Interrupt */
 405:./Drivers1/STM32F1xx_HAL_Driver/Src/stm32f1xx_hal.c ****   SET_BIT(SysTick->CTRL, SysTick_CTRL_TICKINT_Msk);
 464              		.loc 1 405 0
 465 0000 024A     		ldr	r2, .L46
 466 0002 1368     		ldr	r3, [r2]
 467 0004 43F00203 		orr	r3, r3, #2
 468 0008 1360     		str	r3, [r2]
 469 000a 7047     		bx	lr
 470              	.L47:
 471              		.align	2
 472              	.L46:
 473 000c 10E000E0 		.word	-536813552
 474              		.cfi_endproc
 475              	.LFE77:
 477              		.section	.text.HAL_GetHalVersion,"ax",%progbits
 478              		.align	1
 479              		.global	HAL_GetHalVersion
 480              		.thumb
 481              		.thumb_func
 483              	HAL_GetHalVersion:
 484              	.LFB78:
 406:./Drivers1/STM32F1xx_HAL_Driver/Src/stm32f1xx_hal.c **** }
 407:./Drivers1/STM32F1xx_HAL_Driver/Src/stm32f1xx_hal.c **** 
 408:./Drivers1/STM32F1xx_HAL_Driver/Src/stm32f1xx_hal.c **** /**
 409:./Drivers1/STM32F1xx_HAL_Driver/Src/stm32f1xx_hal.c ****   * @brief  Returns the HAL revision
 410:./Drivers1/STM32F1xx_HAL_Driver/Src/stm32f1xx_hal.c ****   * @retval version 0xXYZR (8bits for each decimal, R for RC)
 411:./Drivers1/STM32F1xx_HAL_Driver/Src/stm32f1xx_hal.c ****   */
 412:./Drivers1/STM32F1xx_HAL_Driver/Src/stm32f1xx_hal.c **** uint32_t HAL_GetHalVersion(void)
 413:./Drivers1/STM32F1xx_HAL_Driver/Src/stm32f1xx_hal.c **** {
 485              		.loc 1 413 0
 486              		.cfi_startproc
 487              		@ args = 0, pretend = 0, frame = 0
 488              		@ frame_needed = 0, uses_anonymous_args = 0
 489              		@ link register save eliminated.
 414:./Drivers1/STM32F1xx_HAL_Driver/Src/stm32f1xx_hal.c ****   return __STM32F1xx_HAL_VERSION;
 415:./Drivers1/STM32F1xx_HAL_Driver/Src/stm32f1xx_hal.c **** }
 490              		.loc 1 415 0
 491 0000 0048     		ldr	r0, .L49
 492 0002 7047     		bx	lr
 493              	.L50:
 494              		.align	2
 495              	.L49:
 496 0004 00040101 		.word	16843776
 497              		.cfi_endproc
 498              	.LFE78:
 500              		.section	.text.HAL_GetREVID,"ax",%progbits
 501              		.align	1
ARM GAS  /var/folders/jn/652hmfdj2m99syhs9p34dk640000gq/T//ccjOpqCa.s 			page 17


 502              		.global	HAL_GetREVID
 503              		.thumb
 504              		.thumb_func
 506              	HAL_GetREVID:
 507              	.LFB79:
 416:./Drivers1/STM32F1xx_HAL_Driver/Src/stm32f1xx_hal.c **** 
 417:./Drivers1/STM32F1xx_HAL_Driver/Src/stm32f1xx_hal.c **** /**
 418:./Drivers1/STM32F1xx_HAL_Driver/Src/stm32f1xx_hal.c ****   * @brief Returns the device revision identifier.
 419:./Drivers1/STM32F1xx_HAL_Driver/Src/stm32f1xx_hal.c ****   * Note: On devices STM32F10xx8 and STM32F10xxB,
 420:./Drivers1/STM32F1xx_HAL_Driver/Src/stm32f1xx_hal.c ****   *                  STM32F101xC/D/E and STM32F103xC/D/E,
 421:./Drivers1/STM32F1xx_HAL_Driver/Src/stm32f1xx_hal.c ****   *                  STM32F101xF/G and STM32F103xF/G
 422:./Drivers1/STM32F1xx_HAL_Driver/Src/stm32f1xx_hal.c ****   *                  STM32F10xx4 and STM32F10xx6
 423:./Drivers1/STM32F1xx_HAL_Driver/Src/stm32f1xx_hal.c ****   *       Debug registers DBGMCU_IDCODE and DBGMCU_CR are accessible only in
 424:./Drivers1/STM32F1xx_HAL_Driver/Src/stm32f1xx_hal.c ****   *       debug mode (not accessible by the user software in normal mode).
 425:./Drivers1/STM32F1xx_HAL_Driver/Src/stm32f1xx_hal.c ****   *       Refer to errata sheet of these devices for more details.
 426:./Drivers1/STM32F1xx_HAL_Driver/Src/stm32f1xx_hal.c ****   * @retval Device revision identifier
 427:./Drivers1/STM32F1xx_HAL_Driver/Src/stm32f1xx_hal.c ****   */
 428:./Drivers1/STM32F1xx_HAL_Driver/Src/stm32f1xx_hal.c **** uint32_t HAL_GetREVID(void)
 429:./Drivers1/STM32F1xx_HAL_Driver/Src/stm32f1xx_hal.c **** {
 508              		.loc 1 429 0
 509              		.cfi_startproc
 510              		@ args = 0, pretend = 0, frame = 0
 511              		@ frame_needed = 0, uses_anonymous_args = 0
 512              		@ link register save eliminated.
 430:./Drivers1/STM32F1xx_HAL_Driver/Src/stm32f1xx_hal.c ****   return ((DBGMCU->IDCODE) >> DBGMCU_IDCODE_REV_ID_Pos);
 513              		.loc 1 430 0
 514 0000 014B     		ldr	r3, .L52
 515 0002 1868     		ldr	r0, [r3]
 431:./Drivers1/STM32F1xx_HAL_Driver/Src/stm32f1xx_hal.c **** }
 516              		.loc 1 431 0
 517 0004 000C     		lsrs	r0, r0, #16
 518 0006 7047     		bx	lr
 519              	.L53:
 520              		.align	2
 521              	.L52:
 522 0008 002004E0 		.word	-536600576
 523              		.cfi_endproc
 524              	.LFE79:
 526              		.section	.text.HAL_GetDEVID,"ax",%progbits
 527              		.align	1
 528              		.global	HAL_GetDEVID
 529              		.thumb
 530              		.thumb_func
 532              	HAL_GetDEVID:
 533              	.LFB80:
 432:./Drivers1/STM32F1xx_HAL_Driver/Src/stm32f1xx_hal.c **** 
 433:./Drivers1/STM32F1xx_HAL_Driver/Src/stm32f1xx_hal.c **** /**
 434:./Drivers1/STM32F1xx_HAL_Driver/Src/stm32f1xx_hal.c ****   * @brief  Returns the device identifier.
 435:./Drivers1/STM32F1xx_HAL_Driver/Src/stm32f1xx_hal.c ****   * Note: On devices STM32F10xx8 and STM32F10xxB,
 436:./Drivers1/STM32F1xx_HAL_Driver/Src/stm32f1xx_hal.c ****   *                  STM32F101xC/D/E and STM32F103xC/D/E,
 437:./Drivers1/STM32F1xx_HAL_Driver/Src/stm32f1xx_hal.c ****   *                  STM32F101xF/G and STM32F103xF/G
 438:./Drivers1/STM32F1xx_HAL_Driver/Src/stm32f1xx_hal.c ****   *                  STM32F10xx4 and STM32F10xx6
 439:./Drivers1/STM32F1xx_HAL_Driver/Src/stm32f1xx_hal.c ****   *       Debug registers DBGMCU_IDCODE and DBGMCU_CR are accessible only in
 440:./Drivers1/STM32F1xx_HAL_Driver/Src/stm32f1xx_hal.c ****   *       debug mode (not accessible by the user software in normal mode).
 441:./Drivers1/STM32F1xx_HAL_Driver/Src/stm32f1xx_hal.c ****   *       Refer to errata sheet of these devices for more details.
 442:./Drivers1/STM32F1xx_HAL_Driver/Src/stm32f1xx_hal.c ****   * @retval Device identifier
 443:./Drivers1/STM32F1xx_HAL_Driver/Src/stm32f1xx_hal.c ****   */
ARM GAS  /var/folders/jn/652hmfdj2m99syhs9p34dk640000gq/T//ccjOpqCa.s 			page 18


 444:./Drivers1/STM32F1xx_HAL_Driver/Src/stm32f1xx_hal.c **** uint32_t HAL_GetDEVID(void)
 445:./Drivers1/STM32F1xx_HAL_Driver/Src/stm32f1xx_hal.c **** {
 534              		.loc 1 445 0
 535              		.cfi_startproc
 536              		@ args = 0, pretend = 0, frame = 0
 537              		@ frame_needed = 0, uses_anonymous_args = 0
 538              		@ link register save eliminated.
 446:./Drivers1/STM32F1xx_HAL_Driver/Src/stm32f1xx_hal.c ****   return ((DBGMCU->IDCODE) & IDCODE_DEVID_MASK);
 539              		.loc 1 446 0
 540 0000 024B     		ldr	r3, .L55
 541 0002 1868     		ldr	r0, [r3]
 447:./Drivers1/STM32F1xx_HAL_Driver/Src/stm32f1xx_hal.c **** }
 542              		.loc 1 447 0
 543 0004 C0F30B00 		ubfx	r0, r0, #0, #12
 544 0008 7047     		bx	lr
 545              	.L56:
 546 000a 00BF     		.align	2
 547              	.L55:
 548 000c 002004E0 		.word	-536600576
 549              		.cfi_endproc
 550              	.LFE80:
 552              		.section	.text.HAL_GetUIDw0,"ax",%progbits
 553              		.align	1
 554              		.global	HAL_GetUIDw0
 555              		.thumb
 556              		.thumb_func
 558              	HAL_GetUIDw0:
 559              	.LFB81:
 448:./Drivers1/STM32F1xx_HAL_Driver/Src/stm32f1xx_hal.c **** 
 449:./Drivers1/STM32F1xx_HAL_Driver/Src/stm32f1xx_hal.c **** /**
 450:./Drivers1/STM32F1xx_HAL_Driver/Src/stm32f1xx_hal.c ****   * @brief  Returns first word of the unique device identifier (UID based on 96 bits)
 451:./Drivers1/STM32F1xx_HAL_Driver/Src/stm32f1xx_hal.c ****   * @retval Device identifier
 452:./Drivers1/STM32F1xx_HAL_Driver/Src/stm32f1xx_hal.c ****   */
 453:./Drivers1/STM32F1xx_HAL_Driver/Src/stm32f1xx_hal.c **** uint32_t HAL_GetUIDw0(void)
 454:./Drivers1/STM32F1xx_HAL_Driver/Src/stm32f1xx_hal.c **** {
 560              		.loc 1 454 0
 561              		.cfi_startproc
 562              		@ args = 0, pretend = 0, frame = 0
 563              		@ frame_needed = 0, uses_anonymous_args = 0
 564              		@ link register save eliminated.
 455:./Drivers1/STM32F1xx_HAL_Driver/Src/stm32f1xx_hal.c ****    return(READ_REG(*((uint32_t *)UID_BASE)));
 456:./Drivers1/STM32F1xx_HAL_Driver/Src/stm32f1xx_hal.c **** }
 565              		.loc 1 456 0
 566 0000 014B     		ldr	r3, .L58
 567 0002 1868     		ldr	r0, [r3]
 568 0004 7047     		bx	lr
 569              	.L59:
 570 0006 00BF     		.align	2
 571              	.L58:
 572 0008 E8F7FF1F 		.word	536868840
 573              		.cfi_endproc
 574              	.LFE81:
 576              		.section	.text.HAL_GetUIDw1,"ax",%progbits
 577              		.align	1
 578              		.global	HAL_GetUIDw1
 579              		.thumb
 580              		.thumb_func
ARM GAS  /var/folders/jn/652hmfdj2m99syhs9p34dk640000gq/T//ccjOpqCa.s 			page 19


 582              	HAL_GetUIDw1:
 583              	.LFB82:
 457:./Drivers1/STM32F1xx_HAL_Driver/Src/stm32f1xx_hal.c **** 
 458:./Drivers1/STM32F1xx_HAL_Driver/Src/stm32f1xx_hal.c **** /**
 459:./Drivers1/STM32F1xx_HAL_Driver/Src/stm32f1xx_hal.c ****   * @brief  Returns second word of the unique device identifier (UID based on 96 bits)
 460:./Drivers1/STM32F1xx_HAL_Driver/Src/stm32f1xx_hal.c ****   * @retval Device identifier
 461:./Drivers1/STM32F1xx_HAL_Driver/Src/stm32f1xx_hal.c ****   */
 462:./Drivers1/STM32F1xx_HAL_Driver/Src/stm32f1xx_hal.c **** uint32_t HAL_GetUIDw1(void)
 463:./Drivers1/STM32F1xx_HAL_Driver/Src/stm32f1xx_hal.c **** {
 584              		.loc 1 463 0
 585              		.cfi_startproc
 586              		@ args = 0, pretend = 0, frame = 0
 587              		@ frame_needed = 0, uses_anonymous_args = 0
 588              		@ link register save eliminated.
 464:./Drivers1/STM32F1xx_HAL_Driver/Src/stm32f1xx_hal.c ****    return(READ_REG(*((uint32_t *)(UID_BASE + 4U))));
 465:./Drivers1/STM32F1xx_HAL_Driver/Src/stm32f1xx_hal.c **** }
 589              		.loc 1 465 0
 590 0000 014B     		ldr	r3, .L61
 591 0002 1868     		ldr	r0, [r3]
 592 0004 7047     		bx	lr
 593              	.L62:
 594 0006 00BF     		.align	2
 595              	.L61:
 596 0008 ECF7FF1F 		.word	536868844
 597              		.cfi_endproc
 598              	.LFE82:
 600              		.section	.text.HAL_GetUIDw2,"ax",%progbits
 601              		.align	1
 602              		.global	HAL_GetUIDw2
 603              		.thumb
 604              		.thumb_func
 606              	HAL_GetUIDw2:
 607              	.LFB83:
 466:./Drivers1/STM32F1xx_HAL_Driver/Src/stm32f1xx_hal.c **** 
 467:./Drivers1/STM32F1xx_HAL_Driver/Src/stm32f1xx_hal.c **** /**
 468:./Drivers1/STM32F1xx_HAL_Driver/Src/stm32f1xx_hal.c ****   * @brief  Returns third word of the unique device identifier (UID based on 96 bits)
 469:./Drivers1/STM32F1xx_HAL_Driver/Src/stm32f1xx_hal.c ****   * @retval Device identifier
 470:./Drivers1/STM32F1xx_HAL_Driver/Src/stm32f1xx_hal.c ****   */
 471:./Drivers1/STM32F1xx_HAL_Driver/Src/stm32f1xx_hal.c **** uint32_t HAL_GetUIDw2(void)
 472:./Drivers1/STM32F1xx_HAL_Driver/Src/stm32f1xx_hal.c **** {
 608              		.loc 1 472 0
 609              		.cfi_startproc
 610              		@ args = 0, pretend = 0, frame = 0
 611              		@ frame_needed = 0, uses_anonymous_args = 0
 612              		@ link register save eliminated.
 473:./Drivers1/STM32F1xx_HAL_Driver/Src/stm32f1xx_hal.c ****    return(READ_REG(*((uint32_t *)(UID_BASE + 8U))));
 474:./Drivers1/STM32F1xx_HAL_Driver/Src/stm32f1xx_hal.c **** }
 613              		.loc 1 474 0
 614 0000 014B     		ldr	r3, .L64
 615 0002 1868     		ldr	r0, [r3]
 616 0004 7047     		bx	lr
 617              	.L65:
 618 0006 00BF     		.align	2
 619              	.L64:
 620 0008 F0F7FF1F 		.word	536868848
 621              		.cfi_endproc
 622              	.LFE83:
ARM GAS  /var/folders/jn/652hmfdj2m99syhs9p34dk640000gq/T//ccjOpqCa.s 			page 20


 624              		.section	.text.HAL_DBGMCU_EnableDBGSleepMode,"ax",%progbits
 625              		.align	1
 626              		.global	HAL_DBGMCU_EnableDBGSleepMode
 627              		.thumb
 628              		.thumb_func
 630              	HAL_DBGMCU_EnableDBGSleepMode:
 631              	.LFB84:
 475:./Drivers1/STM32F1xx_HAL_Driver/Src/stm32f1xx_hal.c **** 
 476:./Drivers1/STM32F1xx_HAL_Driver/Src/stm32f1xx_hal.c **** /**
 477:./Drivers1/STM32F1xx_HAL_Driver/Src/stm32f1xx_hal.c ****   * @brief  Enable the Debug Module during SLEEP mode
 478:./Drivers1/STM32F1xx_HAL_Driver/Src/stm32f1xx_hal.c ****   * @retval None
 479:./Drivers1/STM32F1xx_HAL_Driver/Src/stm32f1xx_hal.c ****   */
 480:./Drivers1/STM32F1xx_HAL_Driver/Src/stm32f1xx_hal.c **** void HAL_DBGMCU_EnableDBGSleepMode(void)
 481:./Drivers1/STM32F1xx_HAL_Driver/Src/stm32f1xx_hal.c **** {
 632              		.loc 1 481 0
 633              		.cfi_startproc
 634              		@ args = 0, pretend = 0, frame = 0
 635              		@ frame_needed = 0, uses_anonymous_args = 0
 636              		@ link register save eliminated.
 482:./Drivers1/STM32F1xx_HAL_Driver/Src/stm32f1xx_hal.c ****   SET_BIT(DBGMCU->CR, DBGMCU_CR_DBG_SLEEP);
 637              		.loc 1 482 0
 638 0000 024A     		ldr	r2, .L67
 639 0002 5368     		ldr	r3, [r2, #4]
 640 0004 43F00103 		orr	r3, r3, #1
 641 0008 5360     		str	r3, [r2, #4]
 642 000a 7047     		bx	lr
 643              	.L68:
 644              		.align	2
 645              	.L67:
 646 000c 002004E0 		.word	-536600576
 647              		.cfi_endproc
 648              	.LFE84:
 650              		.section	.text.HAL_DBGMCU_DisableDBGSleepMode,"ax",%progbits
 651              		.align	1
 652              		.global	HAL_DBGMCU_DisableDBGSleepMode
 653              		.thumb
 654              		.thumb_func
 656              	HAL_DBGMCU_DisableDBGSleepMode:
 657              	.LFB85:
 483:./Drivers1/STM32F1xx_HAL_Driver/Src/stm32f1xx_hal.c **** }
 484:./Drivers1/STM32F1xx_HAL_Driver/Src/stm32f1xx_hal.c **** 
 485:./Drivers1/STM32F1xx_HAL_Driver/Src/stm32f1xx_hal.c **** /**
 486:./Drivers1/STM32F1xx_HAL_Driver/Src/stm32f1xx_hal.c ****   * @brief  Disable the Debug Module during SLEEP mode
 487:./Drivers1/STM32F1xx_HAL_Driver/Src/stm32f1xx_hal.c ****   * Note: On devices STM32F10xx8 and STM32F10xxB,
 488:./Drivers1/STM32F1xx_HAL_Driver/Src/stm32f1xx_hal.c ****   *                  STM32F101xC/D/E and STM32F103xC/D/E,
 489:./Drivers1/STM32F1xx_HAL_Driver/Src/stm32f1xx_hal.c ****   *                  STM32F101xF/G and STM32F103xF/G
 490:./Drivers1/STM32F1xx_HAL_Driver/Src/stm32f1xx_hal.c ****   *                  STM32F10xx4 and STM32F10xx6
 491:./Drivers1/STM32F1xx_HAL_Driver/Src/stm32f1xx_hal.c ****   *       Debug registers DBGMCU_IDCODE and DBGMCU_CR are accessible only in
 492:./Drivers1/STM32F1xx_HAL_Driver/Src/stm32f1xx_hal.c ****   *       debug mode (not accessible by the user software in normal mode).
 493:./Drivers1/STM32F1xx_HAL_Driver/Src/stm32f1xx_hal.c ****   *       Refer to errata sheet of these devices for more details.
 494:./Drivers1/STM32F1xx_HAL_Driver/Src/stm32f1xx_hal.c ****   * @retval None
 495:./Drivers1/STM32F1xx_HAL_Driver/Src/stm32f1xx_hal.c ****   */
 496:./Drivers1/STM32F1xx_HAL_Driver/Src/stm32f1xx_hal.c **** void HAL_DBGMCU_DisableDBGSleepMode(void)
 497:./Drivers1/STM32F1xx_HAL_Driver/Src/stm32f1xx_hal.c **** {
 658              		.loc 1 497 0
 659              		.cfi_startproc
 660              		@ args = 0, pretend = 0, frame = 0
ARM GAS  /var/folders/jn/652hmfdj2m99syhs9p34dk640000gq/T//ccjOpqCa.s 			page 21


 661              		@ frame_needed = 0, uses_anonymous_args = 0
 662              		@ link register save eliminated.
 498:./Drivers1/STM32F1xx_HAL_Driver/Src/stm32f1xx_hal.c ****   CLEAR_BIT(DBGMCU->CR, DBGMCU_CR_DBG_SLEEP);
 663              		.loc 1 498 0
 664 0000 024A     		ldr	r2, .L70
 665 0002 5368     		ldr	r3, [r2, #4]
 666 0004 23F00103 		bic	r3, r3, #1
 667 0008 5360     		str	r3, [r2, #4]
 668 000a 7047     		bx	lr
 669              	.L71:
 670              		.align	2
 671              	.L70:
 672 000c 002004E0 		.word	-536600576
 673              		.cfi_endproc
 674              	.LFE85:
 676              		.section	.text.HAL_DBGMCU_EnableDBGStopMode,"ax",%progbits
 677              		.align	1
 678              		.global	HAL_DBGMCU_EnableDBGStopMode
 679              		.thumb
 680              		.thumb_func
 682              	HAL_DBGMCU_EnableDBGStopMode:
 683              	.LFB86:
 499:./Drivers1/STM32F1xx_HAL_Driver/Src/stm32f1xx_hal.c **** }
 500:./Drivers1/STM32F1xx_HAL_Driver/Src/stm32f1xx_hal.c **** 
 501:./Drivers1/STM32F1xx_HAL_Driver/Src/stm32f1xx_hal.c **** /**
 502:./Drivers1/STM32F1xx_HAL_Driver/Src/stm32f1xx_hal.c ****   * @brief  Enable the Debug Module during STOP mode
 503:./Drivers1/STM32F1xx_HAL_Driver/Src/stm32f1xx_hal.c ****   * Note: On devices STM32F10xx8 and STM32F10xxB,
 504:./Drivers1/STM32F1xx_HAL_Driver/Src/stm32f1xx_hal.c ****   *                  STM32F101xC/D/E and STM32F103xC/D/E,
 505:./Drivers1/STM32F1xx_HAL_Driver/Src/stm32f1xx_hal.c ****   *                  STM32F101xF/G and STM32F103xF/G
 506:./Drivers1/STM32F1xx_HAL_Driver/Src/stm32f1xx_hal.c ****   *                  STM32F10xx4 and STM32F10xx6
 507:./Drivers1/STM32F1xx_HAL_Driver/Src/stm32f1xx_hal.c ****   *       Debug registers DBGMCU_IDCODE and DBGMCU_CR are accessible only in
 508:./Drivers1/STM32F1xx_HAL_Driver/Src/stm32f1xx_hal.c ****   *       debug mode (not accessible by the user software in normal mode).
 509:./Drivers1/STM32F1xx_HAL_Driver/Src/stm32f1xx_hal.c ****   *       Refer to errata sheet of these devices for more details.
 510:./Drivers1/STM32F1xx_HAL_Driver/Src/stm32f1xx_hal.c ****   * Note: On all STM32F1 devices:
 511:./Drivers1/STM32F1xx_HAL_Driver/Src/stm32f1xx_hal.c ****   *       If the system tick timer interrupt is enabled during the Stop mode
 512:./Drivers1/STM32F1xx_HAL_Driver/Src/stm32f1xx_hal.c ****   *       debug (DBG_STOP bit set in the DBGMCU_CR register ), it will wakeup
 513:./Drivers1/STM32F1xx_HAL_Driver/Src/stm32f1xx_hal.c ****   *       the system from Stop mode.
 514:./Drivers1/STM32F1xx_HAL_Driver/Src/stm32f1xx_hal.c ****   *       Workaround: To debug the Stop mode, disable the system tick timer
 515:./Drivers1/STM32F1xx_HAL_Driver/Src/stm32f1xx_hal.c ****   *       interrupt.
 516:./Drivers1/STM32F1xx_HAL_Driver/Src/stm32f1xx_hal.c ****   *       Refer to errata sheet of these devices for more details.
 517:./Drivers1/STM32F1xx_HAL_Driver/Src/stm32f1xx_hal.c ****   * Note: On all STM32F1 devices:
 518:./Drivers1/STM32F1xx_HAL_Driver/Src/stm32f1xx_hal.c ****   *       If the system tick timer interrupt is enabled during the Stop mode
 519:./Drivers1/STM32F1xx_HAL_Driver/Src/stm32f1xx_hal.c ****   *       debug (DBG_STOP bit set in the DBGMCU_CR register ), it will wakeup
 520:./Drivers1/STM32F1xx_HAL_Driver/Src/stm32f1xx_hal.c ****   *       the system from Stop mode.
 521:./Drivers1/STM32F1xx_HAL_Driver/Src/stm32f1xx_hal.c ****   *       Workaround: To debug the Stop mode, disable the system tick timer
 522:./Drivers1/STM32F1xx_HAL_Driver/Src/stm32f1xx_hal.c ****   *       interrupt.
 523:./Drivers1/STM32F1xx_HAL_Driver/Src/stm32f1xx_hal.c ****   *       Refer to errata sheet of these devices for more details.
 524:./Drivers1/STM32F1xx_HAL_Driver/Src/stm32f1xx_hal.c ****   * @retval None
 525:./Drivers1/STM32F1xx_HAL_Driver/Src/stm32f1xx_hal.c ****   */
 526:./Drivers1/STM32F1xx_HAL_Driver/Src/stm32f1xx_hal.c **** void HAL_DBGMCU_EnableDBGStopMode(void)
 527:./Drivers1/STM32F1xx_HAL_Driver/Src/stm32f1xx_hal.c **** {
 684              		.loc 1 527 0
 685              		.cfi_startproc
 686              		@ args = 0, pretend = 0, frame = 0
 687              		@ frame_needed = 0, uses_anonymous_args = 0
 688              		@ link register save eliminated.
 528:./Drivers1/STM32F1xx_HAL_Driver/Src/stm32f1xx_hal.c ****   SET_BIT(DBGMCU->CR, DBGMCU_CR_DBG_STOP);
ARM GAS  /var/folders/jn/652hmfdj2m99syhs9p34dk640000gq/T//ccjOpqCa.s 			page 22


 689              		.loc 1 528 0
 690 0000 024A     		ldr	r2, .L73
 691 0002 5368     		ldr	r3, [r2, #4]
 692 0004 43F00203 		orr	r3, r3, #2
 693 0008 5360     		str	r3, [r2, #4]
 694 000a 7047     		bx	lr
 695              	.L74:
 696              		.align	2
 697              	.L73:
 698 000c 002004E0 		.word	-536600576
 699              		.cfi_endproc
 700              	.LFE86:
 702              		.section	.text.HAL_DBGMCU_DisableDBGStopMode,"ax",%progbits
 703              		.align	1
 704              		.global	HAL_DBGMCU_DisableDBGStopMode
 705              		.thumb
 706              		.thumb_func
 708              	HAL_DBGMCU_DisableDBGStopMode:
 709              	.LFB87:
 529:./Drivers1/STM32F1xx_HAL_Driver/Src/stm32f1xx_hal.c **** }
 530:./Drivers1/STM32F1xx_HAL_Driver/Src/stm32f1xx_hal.c **** 
 531:./Drivers1/STM32F1xx_HAL_Driver/Src/stm32f1xx_hal.c **** /**
 532:./Drivers1/STM32F1xx_HAL_Driver/Src/stm32f1xx_hal.c ****   * @brief  Disable the Debug Module during STOP mode
 533:./Drivers1/STM32F1xx_HAL_Driver/Src/stm32f1xx_hal.c ****   * Note: On devices STM32F10xx8 and STM32F10xxB,
 534:./Drivers1/STM32F1xx_HAL_Driver/Src/stm32f1xx_hal.c ****   *                  STM32F101xC/D/E and STM32F103xC/D/E,
 535:./Drivers1/STM32F1xx_HAL_Driver/Src/stm32f1xx_hal.c ****   *                  STM32F101xF/G and STM32F103xF/G
 536:./Drivers1/STM32F1xx_HAL_Driver/Src/stm32f1xx_hal.c ****   *                  STM32F10xx4 and STM32F10xx6
 537:./Drivers1/STM32F1xx_HAL_Driver/Src/stm32f1xx_hal.c ****   *       Debug registers DBGMCU_IDCODE and DBGMCU_CR are accessible only in
 538:./Drivers1/STM32F1xx_HAL_Driver/Src/stm32f1xx_hal.c ****   *       debug mode (not accessible by the user software in normal mode).
 539:./Drivers1/STM32F1xx_HAL_Driver/Src/stm32f1xx_hal.c ****   *       Refer to errata sheet of these devices for more details.
 540:./Drivers1/STM32F1xx_HAL_Driver/Src/stm32f1xx_hal.c ****   * @retval None
 541:./Drivers1/STM32F1xx_HAL_Driver/Src/stm32f1xx_hal.c ****   */
 542:./Drivers1/STM32F1xx_HAL_Driver/Src/stm32f1xx_hal.c **** void HAL_DBGMCU_DisableDBGStopMode(void)
 543:./Drivers1/STM32F1xx_HAL_Driver/Src/stm32f1xx_hal.c **** {
 710              		.loc 1 543 0
 711              		.cfi_startproc
 712              		@ args = 0, pretend = 0, frame = 0
 713              		@ frame_needed = 0, uses_anonymous_args = 0
 714              		@ link register save eliminated.
 544:./Drivers1/STM32F1xx_HAL_Driver/Src/stm32f1xx_hal.c ****   CLEAR_BIT(DBGMCU->CR, DBGMCU_CR_DBG_STOP);
 715              		.loc 1 544 0
 716 0000 024A     		ldr	r2, .L76
 717 0002 5368     		ldr	r3, [r2, #4]
 718 0004 23F00203 		bic	r3, r3, #2
 719 0008 5360     		str	r3, [r2, #4]
 720 000a 7047     		bx	lr
 721              	.L77:
 722              		.align	2
 723              	.L76:
 724 000c 002004E0 		.word	-536600576
 725              		.cfi_endproc
 726              	.LFE87:
 728              		.section	.text.HAL_DBGMCU_EnableDBGStandbyMode,"ax",%progbits
 729              		.align	1
 730              		.global	HAL_DBGMCU_EnableDBGStandbyMode
 731              		.thumb
 732              		.thumb_func
ARM GAS  /var/folders/jn/652hmfdj2m99syhs9p34dk640000gq/T//ccjOpqCa.s 			page 23


 734              	HAL_DBGMCU_EnableDBGStandbyMode:
 735              	.LFB88:
 545:./Drivers1/STM32F1xx_HAL_Driver/Src/stm32f1xx_hal.c **** }
 546:./Drivers1/STM32F1xx_HAL_Driver/Src/stm32f1xx_hal.c **** 
 547:./Drivers1/STM32F1xx_HAL_Driver/Src/stm32f1xx_hal.c **** /**
 548:./Drivers1/STM32F1xx_HAL_Driver/Src/stm32f1xx_hal.c ****   * @brief  Enable the Debug Module during STANDBY mode
 549:./Drivers1/STM32F1xx_HAL_Driver/Src/stm32f1xx_hal.c ****   * Note: On devices STM32F10xx8 and STM32F10xxB,
 550:./Drivers1/STM32F1xx_HAL_Driver/Src/stm32f1xx_hal.c ****   *                  STM32F101xC/D/E and STM32F103xC/D/E,
 551:./Drivers1/STM32F1xx_HAL_Driver/Src/stm32f1xx_hal.c ****   *                  STM32F101xF/G and STM32F103xF/G
 552:./Drivers1/STM32F1xx_HAL_Driver/Src/stm32f1xx_hal.c ****   *                  STM32F10xx4 and STM32F10xx6
 553:./Drivers1/STM32F1xx_HAL_Driver/Src/stm32f1xx_hal.c ****   *       Debug registers DBGMCU_IDCODE and DBGMCU_CR are accessible only in
 554:./Drivers1/STM32F1xx_HAL_Driver/Src/stm32f1xx_hal.c ****   *       debug mode (not accessible by the user software in normal mode).
 555:./Drivers1/STM32F1xx_HAL_Driver/Src/stm32f1xx_hal.c ****   *       Refer to errata sheet of these devices for more details.
 556:./Drivers1/STM32F1xx_HAL_Driver/Src/stm32f1xx_hal.c ****   * @retval None
 557:./Drivers1/STM32F1xx_HAL_Driver/Src/stm32f1xx_hal.c ****   */
 558:./Drivers1/STM32F1xx_HAL_Driver/Src/stm32f1xx_hal.c **** void HAL_DBGMCU_EnableDBGStandbyMode(void)
 559:./Drivers1/STM32F1xx_HAL_Driver/Src/stm32f1xx_hal.c **** {
 736              		.loc 1 559 0
 737              		.cfi_startproc
 738              		@ args = 0, pretend = 0, frame = 0
 739              		@ frame_needed = 0, uses_anonymous_args = 0
 740              		@ link register save eliminated.
 560:./Drivers1/STM32F1xx_HAL_Driver/Src/stm32f1xx_hal.c ****   SET_BIT(DBGMCU->CR, DBGMCU_CR_DBG_STANDBY);
 741              		.loc 1 560 0
 742 0000 024A     		ldr	r2, .L79
 743 0002 5368     		ldr	r3, [r2, #4]
 744 0004 43F00403 		orr	r3, r3, #4
 745 0008 5360     		str	r3, [r2, #4]
 746 000a 7047     		bx	lr
 747              	.L80:
 748              		.align	2
 749              	.L79:
 750 000c 002004E0 		.word	-536600576
 751              		.cfi_endproc
 752              	.LFE88:
 754              		.section	.text.HAL_DBGMCU_DisableDBGStandbyMode,"ax",%progbits
 755              		.align	1
 756              		.global	HAL_DBGMCU_DisableDBGStandbyMode
 757              		.thumb
 758              		.thumb_func
 760              	HAL_DBGMCU_DisableDBGStandbyMode:
 761              	.LFB89:
 561:./Drivers1/STM32F1xx_HAL_Driver/Src/stm32f1xx_hal.c **** }
 562:./Drivers1/STM32F1xx_HAL_Driver/Src/stm32f1xx_hal.c **** 
 563:./Drivers1/STM32F1xx_HAL_Driver/Src/stm32f1xx_hal.c **** /**
 564:./Drivers1/STM32F1xx_HAL_Driver/Src/stm32f1xx_hal.c ****   * @brief  Disable the Debug Module during STANDBY mode
 565:./Drivers1/STM32F1xx_HAL_Driver/Src/stm32f1xx_hal.c ****   * Note: On devices STM32F10xx8 and STM32F10xxB,
 566:./Drivers1/STM32F1xx_HAL_Driver/Src/stm32f1xx_hal.c ****   *                  STM32F101xC/D/E and STM32F103xC/D/E,
 567:./Drivers1/STM32F1xx_HAL_Driver/Src/stm32f1xx_hal.c ****   *                  STM32F101xF/G and STM32F103xF/G
 568:./Drivers1/STM32F1xx_HAL_Driver/Src/stm32f1xx_hal.c ****   *                  STM32F10xx4 and STM32F10xx6
 569:./Drivers1/STM32F1xx_HAL_Driver/Src/stm32f1xx_hal.c ****   *       Debug registers DBGMCU_IDCODE and DBGMCU_CR are accessible only in
 570:./Drivers1/STM32F1xx_HAL_Driver/Src/stm32f1xx_hal.c ****   *       debug mode (not accessible by the user software in normal mode).
 571:./Drivers1/STM32F1xx_HAL_Driver/Src/stm32f1xx_hal.c ****   *       Refer to errata sheet of these devices for more details.
 572:./Drivers1/STM32F1xx_HAL_Driver/Src/stm32f1xx_hal.c ****   * @retval None
 573:./Drivers1/STM32F1xx_HAL_Driver/Src/stm32f1xx_hal.c ****   */
 574:./Drivers1/STM32F1xx_HAL_Driver/Src/stm32f1xx_hal.c **** void HAL_DBGMCU_DisableDBGStandbyMode(void)
 575:./Drivers1/STM32F1xx_HAL_Driver/Src/stm32f1xx_hal.c **** {
ARM GAS  /var/folders/jn/652hmfdj2m99syhs9p34dk640000gq/T//ccjOpqCa.s 			page 24


 762              		.loc 1 575 0
 763              		.cfi_startproc
 764              		@ args = 0, pretend = 0, frame = 0
 765              		@ frame_needed = 0, uses_anonymous_args = 0
 766              		@ link register save eliminated.
 576:./Drivers1/STM32F1xx_HAL_Driver/Src/stm32f1xx_hal.c ****   CLEAR_BIT(DBGMCU->CR, DBGMCU_CR_DBG_STANDBY);
 767              		.loc 1 576 0
 768 0000 024A     		ldr	r2, .L82
 769 0002 5368     		ldr	r3, [r2, #4]
 770 0004 23F00403 		bic	r3, r3, #4
 771 0008 5360     		str	r3, [r2, #4]
 772 000a 7047     		bx	lr
 773              	.L83:
 774              		.align	2
 775              	.L82:
 776 000c 002004E0 		.word	-536600576
 777              		.cfi_endproc
 778              	.LFE89:
 780              		.global	uwTickFreq
 781              		.global	uwTickPrio
 782              		.comm	uwTick,4,4
 783              		.section	.data.uwTickPrio,"aw",%progbits
 784              		.align	2
 785              		.set	.LANCHOR1,. + 0
 788              	uwTickPrio:
 789 0000 10000000 		.word	16
 790              		.section	.data.uwTickFreq,"aw",%progbits
 791              		.set	.LANCHOR0,. + 0
 794              	uwTickFreq:
 795 0000 01       		.byte	1
 796              		.text
 797              	.Letext0:
 798              		.file 2 "/usr/local/Cellar/gcc-arm-none-eabi/20160928/arm-none-eabi/include/machine/_default_types
 799              		.file 3 "/usr/local/Cellar/gcc-arm-none-eabi/20160928/arm-none-eabi/include/sys/_stdint.h"
 800              		.file 4 "./Drivers1/CMSIS/Include/core_cm3.h"
 801              		.file 5 "./Drivers1/CMSIS/Device/ST/STM32F1xx/Include/stm32f103xb.h"
 802              		.file 6 "./Drivers1/STM32F1xx_HAL_Driver/Inc/stm32f1xx_hal_def.h"
 803              		.file 7 "./Drivers1/STM32F1xx_HAL_Driver/Inc/stm32f1xx_hal.h"
 804              		.file 8 "./Drivers1/CMSIS/Device/ST/STM32F1xx/Include/system_stm32f1xx.h"
 805              		.file 9 "./Drivers1/STM32F1xx_HAL_Driver/Inc/stm32f1xx_hal_cortex.h"
ARM GAS  /var/folders/jn/652hmfdj2m99syhs9p34dk640000gq/T//ccjOpqCa.s 			page 25


DEFINED SYMBOLS
                            *ABS*:0000000000000000 stm32f1xx_hal.c
/var/folders/jn/652hmfdj2m99syhs9p34dk640000gq/T//ccjOpqCa.s:20     .text.HAL_MspInit:0000000000000000 $t
/var/folders/jn/652hmfdj2m99syhs9p34dk640000gq/T//ccjOpqCa.s:25     .text.HAL_MspInit:0000000000000000 HAL_MspInit
/var/folders/jn/652hmfdj2m99syhs9p34dk640000gq/T//ccjOpqCa.s:36     .text.HAL_MspDeInit:0000000000000000 $t
/var/folders/jn/652hmfdj2m99syhs9p34dk640000gq/T//ccjOpqCa.s:41     .text.HAL_MspDeInit:0000000000000000 HAL_MspDeInit
/var/folders/jn/652hmfdj2m99syhs9p34dk640000gq/T//ccjOpqCa.s:54     .text.HAL_DeInit:0000000000000000 $t
/var/folders/jn/652hmfdj2m99syhs9p34dk640000gq/T//ccjOpqCa.s:59     .text.HAL_DeInit:0000000000000000 HAL_DeInit
/var/folders/jn/652hmfdj2m99syhs9p34dk640000gq/T//ccjOpqCa.s:93     .text.HAL_DeInit:000000000000001c $d
/var/folders/jn/652hmfdj2m99syhs9p34dk640000gq/T//ccjOpqCa.s:98     .text.HAL_InitTick:0000000000000000 $t
/var/folders/jn/652hmfdj2m99syhs9p34dk640000gq/T//ccjOpqCa.s:103    .text.HAL_InitTick:0000000000000000 HAL_InitTick
/var/folders/jn/652hmfdj2m99syhs9p34dk640000gq/T//ccjOpqCa.s:163    .text.HAL_InitTick:000000000000003c $d
/var/folders/jn/652hmfdj2m99syhs9p34dk640000gq/T//ccjOpqCa.s:170    .text.HAL_Init:0000000000000000 $t
/var/folders/jn/652hmfdj2m99syhs9p34dk640000gq/T//ccjOpqCa.s:175    .text.HAL_Init:0000000000000000 HAL_Init
/var/folders/jn/652hmfdj2m99syhs9p34dk640000gq/T//ccjOpqCa.s:212    .text.HAL_Init:0000000000000020 $d
/var/folders/jn/652hmfdj2m99syhs9p34dk640000gq/T//ccjOpqCa.s:217    .text.HAL_IncTick:0000000000000000 $t
/var/folders/jn/652hmfdj2m99syhs9p34dk640000gq/T//ccjOpqCa.s:222    .text.HAL_IncTick:0000000000000000 HAL_IncTick
/var/folders/jn/652hmfdj2m99syhs9p34dk640000gq/T//ccjOpqCa.s:240    .text.HAL_IncTick:0000000000000010 $d
                            *COM*:0000000000000004 uwTick
/var/folders/jn/652hmfdj2m99syhs9p34dk640000gq/T//ccjOpqCa.s:246    .text.HAL_GetTick:0000000000000000 $t
/var/folders/jn/652hmfdj2m99syhs9p34dk640000gq/T//ccjOpqCa.s:251    .text.HAL_GetTick:0000000000000000 HAL_GetTick
/var/folders/jn/652hmfdj2m99syhs9p34dk640000gq/T//ccjOpqCa.s:266    .text.HAL_GetTick:0000000000000008 $d
/var/folders/jn/652hmfdj2m99syhs9p34dk640000gq/T//ccjOpqCa.s:271    .text.HAL_GetTickPrio:0000000000000000 $t
/var/folders/jn/652hmfdj2m99syhs9p34dk640000gq/T//ccjOpqCa.s:276    .text.HAL_GetTickPrio:0000000000000000 HAL_GetTickPrio
/var/folders/jn/652hmfdj2m99syhs9p34dk640000gq/T//ccjOpqCa.s:290    .text.HAL_GetTickPrio:0000000000000008 $d
/var/folders/jn/652hmfdj2m99syhs9p34dk640000gq/T//ccjOpqCa.s:295    .text.HAL_SetTickFreq:0000000000000000 $t
/var/folders/jn/652hmfdj2m99syhs9p34dk640000gq/T//ccjOpqCa.s:300    .text.HAL_SetTickFreq:0000000000000000 HAL_SetTickFreq
/var/folders/jn/652hmfdj2m99syhs9p34dk640000gq/T//ccjOpqCa.s:344    .text.HAL_SetTickFreq:0000000000000020 $d
/var/folders/jn/652hmfdj2m99syhs9p34dk640000gq/T//ccjOpqCa.s:350    .text.HAL_GetTickFreq:0000000000000000 $t
/var/folders/jn/652hmfdj2m99syhs9p34dk640000gq/T//ccjOpqCa.s:355    .text.HAL_GetTickFreq:0000000000000000 HAL_GetTickFreq
/var/folders/jn/652hmfdj2m99syhs9p34dk640000gq/T//ccjOpqCa.s:369    .text.HAL_GetTickFreq:0000000000000008 $d
/var/folders/jn/652hmfdj2m99syhs9p34dk640000gq/T//ccjOpqCa.s:374    .text.HAL_Delay:0000000000000000 $t
/var/folders/jn/652hmfdj2m99syhs9p34dk640000gq/T//ccjOpqCa.s:379    .text.HAL_Delay:0000000000000000 HAL_Delay
/var/folders/jn/652hmfdj2m99syhs9p34dk640000gq/T//ccjOpqCa.s:421    .text.HAL_Delay:0000000000000020 $d
/var/folders/jn/652hmfdj2m99syhs9p34dk640000gq/T//ccjOpqCa.s:426    .text.HAL_SuspendTick:0000000000000000 $t
/var/folders/jn/652hmfdj2m99syhs9p34dk640000gq/T//ccjOpqCa.s:431    .text.HAL_SuspendTick:0000000000000000 HAL_SuspendTick
/var/folders/jn/652hmfdj2m99syhs9p34dk640000gq/T//ccjOpqCa.s:447    .text.HAL_SuspendTick:000000000000000c $d
/var/folders/jn/652hmfdj2m99syhs9p34dk640000gq/T//ccjOpqCa.s:452    .text.HAL_ResumeTick:0000000000000000 $t
/var/folders/jn/652hmfdj2m99syhs9p34dk640000gq/T//ccjOpqCa.s:457    .text.HAL_ResumeTick:0000000000000000 HAL_ResumeTick
/var/folders/jn/652hmfdj2m99syhs9p34dk640000gq/T//ccjOpqCa.s:473    .text.HAL_ResumeTick:000000000000000c $d
/var/folders/jn/652hmfdj2m99syhs9p34dk640000gq/T//ccjOpqCa.s:478    .text.HAL_GetHalVersion:0000000000000000 $t
/var/folders/jn/652hmfdj2m99syhs9p34dk640000gq/T//ccjOpqCa.s:483    .text.HAL_GetHalVersion:0000000000000000 HAL_GetHalVersion
/var/folders/jn/652hmfdj2m99syhs9p34dk640000gq/T//ccjOpqCa.s:496    .text.HAL_GetHalVersion:0000000000000004 $d
/var/folders/jn/652hmfdj2m99syhs9p34dk640000gq/T//ccjOpqCa.s:501    .text.HAL_GetREVID:0000000000000000 $t
/var/folders/jn/652hmfdj2m99syhs9p34dk640000gq/T//ccjOpqCa.s:506    .text.HAL_GetREVID:0000000000000000 HAL_GetREVID
/var/folders/jn/652hmfdj2m99syhs9p34dk640000gq/T//ccjOpqCa.s:522    .text.HAL_GetREVID:0000000000000008 $d
/var/folders/jn/652hmfdj2m99syhs9p34dk640000gq/T//ccjOpqCa.s:527    .text.HAL_GetDEVID:0000000000000000 $t
/var/folders/jn/652hmfdj2m99syhs9p34dk640000gq/T//ccjOpqCa.s:532    .text.HAL_GetDEVID:0000000000000000 HAL_GetDEVID
/var/folders/jn/652hmfdj2m99syhs9p34dk640000gq/T//ccjOpqCa.s:548    .text.HAL_GetDEVID:000000000000000c $d
/var/folders/jn/652hmfdj2m99syhs9p34dk640000gq/T//ccjOpqCa.s:553    .text.HAL_GetUIDw0:0000000000000000 $t
/var/folders/jn/652hmfdj2m99syhs9p34dk640000gq/T//ccjOpqCa.s:558    .text.HAL_GetUIDw0:0000000000000000 HAL_GetUIDw0
/var/folders/jn/652hmfdj2m99syhs9p34dk640000gq/T//ccjOpqCa.s:572    .text.HAL_GetUIDw0:0000000000000008 $d
/var/folders/jn/652hmfdj2m99syhs9p34dk640000gq/T//ccjOpqCa.s:577    .text.HAL_GetUIDw1:0000000000000000 $t
/var/folders/jn/652hmfdj2m99syhs9p34dk640000gq/T//ccjOpqCa.s:582    .text.HAL_GetUIDw1:0000000000000000 HAL_GetUIDw1
/var/folders/jn/652hmfdj2m99syhs9p34dk640000gq/T//ccjOpqCa.s:596    .text.HAL_GetUIDw1:0000000000000008 $d
/var/folders/jn/652hmfdj2m99syhs9p34dk640000gq/T//ccjOpqCa.s:601    .text.HAL_GetUIDw2:0000000000000000 $t
/var/folders/jn/652hmfdj2m99syhs9p34dk640000gq/T//ccjOpqCa.s:606    .text.HAL_GetUIDw2:0000000000000000 HAL_GetUIDw2
ARM GAS  /var/folders/jn/652hmfdj2m99syhs9p34dk640000gq/T//ccjOpqCa.s 			page 26


/var/folders/jn/652hmfdj2m99syhs9p34dk640000gq/T//ccjOpqCa.s:620    .text.HAL_GetUIDw2:0000000000000008 $d
/var/folders/jn/652hmfdj2m99syhs9p34dk640000gq/T//ccjOpqCa.s:625    .text.HAL_DBGMCU_EnableDBGSleepMode:0000000000000000 $t
/var/folders/jn/652hmfdj2m99syhs9p34dk640000gq/T//ccjOpqCa.s:630    .text.HAL_DBGMCU_EnableDBGSleepMode:0000000000000000 HAL_DBGMCU_EnableDBGSleepMode
/var/folders/jn/652hmfdj2m99syhs9p34dk640000gq/T//ccjOpqCa.s:646    .text.HAL_DBGMCU_EnableDBGSleepMode:000000000000000c $d
/var/folders/jn/652hmfdj2m99syhs9p34dk640000gq/T//ccjOpqCa.s:651    .text.HAL_DBGMCU_DisableDBGSleepMode:0000000000000000 $t
/var/folders/jn/652hmfdj2m99syhs9p34dk640000gq/T//ccjOpqCa.s:656    .text.HAL_DBGMCU_DisableDBGSleepMode:0000000000000000 HAL_DBGMCU_DisableDBGSleepMode
/var/folders/jn/652hmfdj2m99syhs9p34dk640000gq/T//ccjOpqCa.s:672    .text.HAL_DBGMCU_DisableDBGSleepMode:000000000000000c $d
/var/folders/jn/652hmfdj2m99syhs9p34dk640000gq/T//ccjOpqCa.s:677    .text.HAL_DBGMCU_EnableDBGStopMode:0000000000000000 $t
/var/folders/jn/652hmfdj2m99syhs9p34dk640000gq/T//ccjOpqCa.s:682    .text.HAL_DBGMCU_EnableDBGStopMode:0000000000000000 HAL_DBGMCU_EnableDBGStopMode
/var/folders/jn/652hmfdj2m99syhs9p34dk640000gq/T//ccjOpqCa.s:698    .text.HAL_DBGMCU_EnableDBGStopMode:000000000000000c $d
/var/folders/jn/652hmfdj2m99syhs9p34dk640000gq/T//ccjOpqCa.s:703    .text.HAL_DBGMCU_DisableDBGStopMode:0000000000000000 $t
/var/folders/jn/652hmfdj2m99syhs9p34dk640000gq/T//ccjOpqCa.s:708    .text.HAL_DBGMCU_DisableDBGStopMode:0000000000000000 HAL_DBGMCU_DisableDBGStopMode
/var/folders/jn/652hmfdj2m99syhs9p34dk640000gq/T//ccjOpqCa.s:724    .text.HAL_DBGMCU_DisableDBGStopMode:000000000000000c $d
/var/folders/jn/652hmfdj2m99syhs9p34dk640000gq/T//ccjOpqCa.s:729    .text.HAL_DBGMCU_EnableDBGStandbyMode:0000000000000000 $t
/var/folders/jn/652hmfdj2m99syhs9p34dk640000gq/T//ccjOpqCa.s:734    .text.HAL_DBGMCU_EnableDBGStandbyMode:0000000000000000 HAL_DBGMCU_EnableDBGStandbyMode
/var/folders/jn/652hmfdj2m99syhs9p34dk640000gq/T//ccjOpqCa.s:750    .text.HAL_DBGMCU_EnableDBGStandbyMode:000000000000000c $d
/var/folders/jn/652hmfdj2m99syhs9p34dk640000gq/T//ccjOpqCa.s:755    .text.HAL_DBGMCU_DisableDBGStandbyMode:0000000000000000 $t
/var/folders/jn/652hmfdj2m99syhs9p34dk640000gq/T//ccjOpqCa.s:760    .text.HAL_DBGMCU_DisableDBGStandbyMode:0000000000000000 HAL_DBGMCU_DisableDBGStandbyMode
/var/folders/jn/652hmfdj2m99syhs9p34dk640000gq/T//ccjOpqCa.s:776    .text.HAL_DBGMCU_DisableDBGStandbyMode:000000000000000c $d
/var/folders/jn/652hmfdj2m99syhs9p34dk640000gq/T//ccjOpqCa.s:794    .data.uwTickFreq:0000000000000000 uwTickFreq
/var/folders/jn/652hmfdj2m99syhs9p34dk640000gq/T//ccjOpqCa.s:788    .data.uwTickPrio:0000000000000000 uwTickPrio
/var/folders/jn/652hmfdj2m99syhs9p34dk640000gq/T//ccjOpqCa.s:784    .data.uwTickPrio:0000000000000000 $d
                     .debug_frame:0000000000000010 $d

UNDEFINED SYMBOLS
HAL_SYSTICK_Config
HAL_NVIC_SetPriority
SystemCoreClock
HAL_NVIC_SetPriorityGrouping
