ARM GAS  /var/folders/jn/652hmfdj2m99syhs9p34dk640000gq/T//cc0pUydg.s 			page 1


   1              		.syntax unified
   2              		.cpu cortex-m3
   3              		.fpu softvfp
   4              		.eabi_attribute 20, 1
   5              		.eabi_attribute 21, 1
   6              		.eabi_attribute 23, 3
   7              		.eabi_attribute 24, 1
   8              		.eabi_attribute 25, 1
   9              		.eabi_attribute 26, 1
  10              		.eabi_attribute 30, 4
  11              		.eabi_attribute 34, 1
  12              		.eabi_attribute 18, 4
  13              		.thumb
  14              		.syntax unified
  15              		.file	"stm32f1xx_hal.c"
  16              		.text
  17              	.Ltext0:
  18              		.cfi_sections	.debug_frame
  19              		.section	.text.HAL_MspInit,"ax",%progbits
  20              		.align	1
  21              		.weak	HAL_MspInit
  22              		.thumb
  23              		.thumb_func
  25              	HAL_MspInit:
  26              	.LFB85:
  27              		.cfi_startproc
  28              		@ args = 0, pretend = 0, frame = 0
  29              		@ frame_needed = 0, uses_anonymous_args = 0
  30              		@ link register save eliminated.
  31 0000 7047     		bx	lr
  32              		.cfi_endproc
  33              	.LFE85:
  35              		.section	.text.HAL_MspDeInit,"ax",%progbits
  36              		.align	1
  37              		.weak	HAL_MspDeInit
  38              		.thumb
  39              		.thumb_func
  41              	HAL_MspDeInit:
  42              	.LFB67:
  43              		.file 1 "../Drivers/STM32F1xx_HAL_Driver/Src/stm32f1xx_hal.c"
   1:../Drivers/STM32F1xx_HAL_Driver/Src/stm32f1xx_hal.c **** /**
   2:../Drivers/STM32F1xx_HAL_Driver/Src/stm32f1xx_hal.c ****   ******************************************************************************
   3:../Drivers/STM32F1xx_HAL_Driver/Src/stm32f1xx_hal.c ****   * @file    stm32f1xx_hal.c
   4:../Drivers/STM32F1xx_HAL_Driver/Src/stm32f1xx_hal.c ****   * @author  MCD Application Team
   5:../Drivers/STM32F1xx_HAL_Driver/Src/stm32f1xx_hal.c ****   * @version V1.1.1
   6:../Drivers/STM32F1xx_HAL_Driver/Src/stm32f1xx_hal.c ****   * @date    12-May-2017
   7:../Drivers/STM32F1xx_HAL_Driver/Src/stm32f1xx_hal.c ****   * @brief   HAL module driver.
   8:../Drivers/STM32F1xx_HAL_Driver/Src/stm32f1xx_hal.c ****   *          This is the common part of the HAL initialization
   9:../Drivers/STM32F1xx_HAL_Driver/Src/stm32f1xx_hal.c ****   *
  10:../Drivers/STM32F1xx_HAL_Driver/Src/stm32f1xx_hal.c ****   @verbatim
  11:../Drivers/STM32F1xx_HAL_Driver/Src/stm32f1xx_hal.c ****   ==============================================================================
  12:../Drivers/STM32F1xx_HAL_Driver/Src/stm32f1xx_hal.c ****                      ##### How to use this driver #####
  13:../Drivers/STM32F1xx_HAL_Driver/Src/stm32f1xx_hal.c ****   ==============================================================================
  14:../Drivers/STM32F1xx_HAL_Driver/Src/stm32f1xx_hal.c ****     [..]
  15:../Drivers/STM32F1xx_HAL_Driver/Src/stm32f1xx_hal.c ****     The common HAL driver contains a set of generic and common APIs that can be
  16:../Drivers/STM32F1xx_HAL_Driver/Src/stm32f1xx_hal.c ****     used by the PPP peripheral drivers and the user to start using the HAL. 
  17:../Drivers/STM32F1xx_HAL_Driver/Src/stm32f1xx_hal.c ****     [..]
ARM GAS  /var/folders/jn/652hmfdj2m99syhs9p34dk640000gq/T//cc0pUydg.s 			page 2


  18:../Drivers/STM32F1xx_HAL_Driver/Src/stm32f1xx_hal.c ****     The HAL contains two APIs' categories: 
  19:../Drivers/STM32F1xx_HAL_Driver/Src/stm32f1xx_hal.c ****          (+) Common HAL APIs
  20:../Drivers/STM32F1xx_HAL_Driver/Src/stm32f1xx_hal.c ****          (+) Services HAL APIs
  21:../Drivers/STM32F1xx_HAL_Driver/Src/stm32f1xx_hal.c **** 
  22:../Drivers/STM32F1xx_HAL_Driver/Src/stm32f1xx_hal.c ****   @endverbatim
  23:../Drivers/STM32F1xx_HAL_Driver/Src/stm32f1xx_hal.c ****   ******************************************************************************
  24:../Drivers/STM32F1xx_HAL_Driver/Src/stm32f1xx_hal.c ****   * @attention
  25:../Drivers/STM32F1xx_HAL_Driver/Src/stm32f1xx_hal.c ****   *
  26:../Drivers/STM32F1xx_HAL_Driver/Src/stm32f1xx_hal.c ****   * <h2><center>&copy; COPYRIGHT(c) 2016 STMicroelectronics</center></h2>
  27:../Drivers/STM32F1xx_HAL_Driver/Src/stm32f1xx_hal.c ****   *
  28:../Drivers/STM32F1xx_HAL_Driver/Src/stm32f1xx_hal.c ****   * Redistribution and use in source and binary forms, with or without modification,
  29:../Drivers/STM32F1xx_HAL_Driver/Src/stm32f1xx_hal.c ****   * are permitted provided that the following conditions are met:
  30:../Drivers/STM32F1xx_HAL_Driver/Src/stm32f1xx_hal.c ****   *   1. Redistributions of source code must retain the above copyright notice,
  31:../Drivers/STM32F1xx_HAL_Driver/Src/stm32f1xx_hal.c ****   *      this list of conditions and the following disclaimer.
  32:../Drivers/STM32F1xx_HAL_Driver/Src/stm32f1xx_hal.c ****   *   2. Redistributions in binary form must reproduce the above copyright notice,
  33:../Drivers/STM32F1xx_HAL_Driver/Src/stm32f1xx_hal.c ****   *      this list of conditions and the following disclaimer in the documentation
  34:../Drivers/STM32F1xx_HAL_Driver/Src/stm32f1xx_hal.c ****   *      and/or other materials provided with the distribution.
  35:../Drivers/STM32F1xx_HAL_Driver/Src/stm32f1xx_hal.c ****   *   3. Neither the name of STMicroelectronics nor the names of its contributors
  36:../Drivers/STM32F1xx_HAL_Driver/Src/stm32f1xx_hal.c ****   *      may be used to endorse or promote products derived from this software
  37:../Drivers/STM32F1xx_HAL_Driver/Src/stm32f1xx_hal.c ****   *      without specific prior written permission.
  38:../Drivers/STM32F1xx_HAL_Driver/Src/stm32f1xx_hal.c ****   *
  39:../Drivers/STM32F1xx_HAL_Driver/Src/stm32f1xx_hal.c ****   * THIS SOFTWARE IS PROVIDED BY THE COPYRIGHT HOLDERS AND CONTRIBUTORS "AS IS"
  40:../Drivers/STM32F1xx_HAL_Driver/Src/stm32f1xx_hal.c ****   * AND ANY EXPRESS OR IMPLIED WARRANTIES, INCLUDING, BUT NOT LIMITED TO, THE
  41:../Drivers/STM32F1xx_HAL_Driver/Src/stm32f1xx_hal.c ****   * IMPLIED WARRANTIES OF MERCHANTABILITY AND FITNESS FOR A PARTICULAR PURPOSE ARE
  42:../Drivers/STM32F1xx_HAL_Driver/Src/stm32f1xx_hal.c ****   * DISCLAIMED. IN NO EVENT SHALL THE COPYRIGHT HOLDER OR CONTRIBUTORS BE LIABLE
  43:../Drivers/STM32F1xx_HAL_Driver/Src/stm32f1xx_hal.c ****   * FOR ANY DIRECT, INDIRECT, INCIDENTAL, SPECIAL, EXEMPLARY, OR CONSEQUENTIAL
  44:../Drivers/STM32F1xx_HAL_Driver/Src/stm32f1xx_hal.c ****   * DAMAGES (INCLUDING, BUT NOT LIMITED TO, PROCUREMENT OF SUBSTITUTE GOODS OR
  45:../Drivers/STM32F1xx_HAL_Driver/Src/stm32f1xx_hal.c ****   * SERVICES; LOSS OF USE, DATA, OR PROFITS; OR BUSINESS INTERRUPTION) HOWEVER
  46:../Drivers/STM32F1xx_HAL_Driver/Src/stm32f1xx_hal.c ****   * CAUSED AND ON ANY THEORY OF LIABILITY, WHETHER IN CONTRACT, STRICT LIABILITY,
  47:../Drivers/STM32F1xx_HAL_Driver/Src/stm32f1xx_hal.c ****   * OR TORT (INCLUDING NEGLIGENCE OR OTHERWISE) ARISING IN ANY WAY OUT OF THE USE
  48:../Drivers/STM32F1xx_HAL_Driver/Src/stm32f1xx_hal.c ****   * OF THIS SOFTWARE, EVEN IF ADVISED OF THE POSSIBILITY OF SUCH DAMAGE.
  49:../Drivers/STM32F1xx_HAL_Driver/Src/stm32f1xx_hal.c ****   *
  50:../Drivers/STM32F1xx_HAL_Driver/Src/stm32f1xx_hal.c ****   ******************************************************************************
  51:../Drivers/STM32F1xx_HAL_Driver/Src/stm32f1xx_hal.c ****   */
  52:../Drivers/STM32F1xx_HAL_Driver/Src/stm32f1xx_hal.c **** 
  53:../Drivers/STM32F1xx_HAL_Driver/Src/stm32f1xx_hal.c **** /* Includes ------------------------------------------------------------------*/
  54:../Drivers/STM32F1xx_HAL_Driver/Src/stm32f1xx_hal.c **** #include "stm32f1xx_hal.h"
  55:../Drivers/STM32F1xx_HAL_Driver/Src/stm32f1xx_hal.c **** 
  56:../Drivers/STM32F1xx_HAL_Driver/Src/stm32f1xx_hal.c **** /** @addtogroup STM32F1xx_HAL_Driver
  57:../Drivers/STM32F1xx_HAL_Driver/Src/stm32f1xx_hal.c ****   * @{
  58:../Drivers/STM32F1xx_HAL_Driver/Src/stm32f1xx_hal.c ****   */
  59:../Drivers/STM32F1xx_HAL_Driver/Src/stm32f1xx_hal.c **** 
  60:../Drivers/STM32F1xx_HAL_Driver/Src/stm32f1xx_hal.c **** /** @defgroup HAL HAL
  61:../Drivers/STM32F1xx_HAL_Driver/Src/stm32f1xx_hal.c ****   * @brief HAL module driver.
  62:../Drivers/STM32F1xx_HAL_Driver/Src/stm32f1xx_hal.c ****   * @{
  63:../Drivers/STM32F1xx_HAL_Driver/Src/stm32f1xx_hal.c ****   */
  64:../Drivers/STM32F1xx_HAL_Driver/Src/stm32f1xx_hal.c **** 
  65:../Drivers/STM32F1xx_HAL_Driver/Src/stm32f1xx_hal.c **** #ifdef HAL_MODULE_ENABLED
  66:../Drivers/STM32F1xx_HAL_Driver/Src/stm32f1xx_hal.c **** 
  67:../Drivers/STM32F1xx_HAL_Driver/Src/stm32f1xx_hal.c **** /* Private typedef -----------------------------------------------------------*/
  68:../Drivers/STM32F1xx_HAL_Driver/Src/stm32f1xx_hal.c **** /* Private define ------------------------------------------------------------*/
  69:../Drivers/STM32F1xx_HAL_Driver/Src/stm32f1xx_hal.c **** 
  70:../Drivers/STM32F1xx_HAL_Driver/Src/stm32f1xx_hal.c **** /** @defgroup HAL_Private_Constants HAL Private Constants
  71:../Drivers/STM32F1xx_HAL_Driver/Src/stm32f1xx_hal.c ****   * @{
  72:../Drivers/STM32F1xx_HAL_Driver/Src/stm32f1xx_hal.c ****   */
  73:../Drivers/STM32F1xx_HAL_Driver/Src/stm32f1xx_hal.c **** /**
  74:../Drivers/STM32F1xx_HAL_Driver/Src/stm32f1xx_hal.c ****  * @brief STM32F1xx HAL Driver version number V1.1.1
ARM GAS  /var/folders/jn/652hmfdj2m99syhs9p34dk640000gq/T//cc0pUydg.s 			page 3


  75:../Drivers/STM32F1xx_HAL_Driver/Src/stm32f1xx_hal.c ****    */
  76:../Drivers/STM32F1xx_HAL_Driver/Src/stm32f1xx_hal.c **** #define __STM32F1xx_HAL_VERSION_MAIN   (0x01U) /*!< [31:24] main version */
  77:../Drivers/STM32F1xx_HAL_Driver/Src/stm32f1xx_hal.c **** #define __STM32F1xx_HAL_VERSION_SUB1   (0x01U) /*!< [23:16] sub1 version */
  78:../Drivers/STM32F1xx_HAL_Driver/Src/stm32f1xx_hal.c **** #define __STM32F1xx_HAL_VERSION_SUB2   (0x01U) /*!< [15:8]  sub2 version */
  79:../Drivers/STM32F1xx_HAL_Driver/Src/stm32f1xx_hal.c **** #define __STM32F1xx_HAL_VERSION_RC     (0x00U) /*!< [7:0]  release candidate */
  80:../Drivers/STM32F1xx_HAL_Driver/Src/stm32f1xx_hal.c **** #define __STM32F1xx_HAL_VERSION         ((__STM32F1xx_HAL_VERSION_MAIN << 24)\
  81:../Drivers/STM32F1xx_HAL_Driver/Src/stm32f1xx_hal.c ****                                         |(__STM32F1xx_HAL_VERSION_SUB1 << 16)\
  82:../Drivers/STM32F1xx_HAL_Driver/Src/stm32f1xx_hal.c ****                                         |(__STM32F1xx_HAL_VERSION_SUB2 << 8 )\
  83:../Drivers/STM32F1xx_HAL_Driver/Src/stm32f1xx_hal.c ****                                         |(__STM32F1xx_HAL_VERSION_RC))
  84:../Drivers/STM32F1xx_HAL_Driver/Src/stm32f1xx_hal.c **** 
  85:../Drivers/STM32F1xx_HAL_Driver/Src/stm32f1xx_hal.c **** #define IDCODE_DEVID_MASK    0x00000FFFU
  86:../Drivers/STM32F1xx_HAL_Driver/Src/stm32f1xx_hal.c **** 
  87:../Drivers/STM32F1xx_HAL_Driver/Src/stm32f1xx_hal.c **** /**
  88:../Drivers/STM32F1xx_HAL_Driver/Src/stm32f1xx_hal.c ****   * @}
  89:../Drivers/STM32F1xx_HAL_Driver/Src/stm32f1xx_hal.c ****   */
  90:../Drivers/STM32F1xx_HAL_Driver/Src/stm32f1xx_hal.c **** 
  91:../Drivers/STM32F1xx_HAL_Driver/Src/stm32f1xx_hal.c **** /* Private macro -------------------------------------------------------------*/
  92:../Drivers/STM32F1xx_HAL_Driver/Src/stm32f1xx_hal.c **** /* Private variables ---------------------------------------------------------*/
  93:../Drivers/STM32F1xx_HAL_Driver/Src/stm32f1xx_hal.c **** 
  94:../Drivers/STM32F1xx_HAL_Driver/Src/stm32f1xx_hal.c **** /** @defgroup HAL_Private_Variables HAL Private Variables
  95:../Drivers/STM32F1xx_HAL_Driver/Src/stm32f1xx_hal.c ****   * @{
  96:../Drivers/STM32F1xx_HAL_Driver/Src/stm32f1xx_hal.c ****   */
  97:../Drivers/STM32F1xx_HAL_Driver/Src/stm32f1xx_hal.c **** __IO uint32_t uwTick;
  98:../Drivers/STM32F1xx_HAL_Driver/Src/stm32f1xx_hal.c **** /**
  99:../Drivers/STM32F1xx_HAL_Driver/Src/stm32f1xx_hal.c ****   * @}
 100:../Drivers/STM32F1xx_HAL_Driver/Src/stm32f1xx_hal.c ****   */
 101:../Drivers/STM32F1xx_HAL_Driver/Src/stm32f1xx_hal.c **** /* Private function prototypes -----------------------------------------------*/
 102:../Drivers/STM32F1xx_HAL_Driver/Src/stm32f1xx_hal.c **** /* Exported functions ---------------------------------------------------------*/
 103:../Drivers/STM32F1xx_HAL_Driver/Src/stm32f1xx_hal.c **** 
 104:../Drivers/STM32F1xx_HAL_Driver/Src/stm32f1xx_hal.c **** /** @defgroup HAL_Exported_Functions HAL Exported Functions
 105:../Drivers/STM32F1xx_HAL_Driver/Src/stm32f1xx_hal.c ****   * @{
 106:../Drivers/STM32F1xx_HAL_Driver/Src/stm32f1xx_hal.c ****   */
 107:../Drivers/STM32F1xx_HAL_Driver/Src/stm32f1xx_hal.c **** 
 108:../Drivers/STM32F1xx_HAL_Driver/Src/stm32f1xx_hal.c **** /** @defgroup HAL_Exported_Functions_Group1 Initialization and de-initialization Functions 
 109:../Drivers/STM32F1xx_HAL_Driver/Src/stm32f1xx_hal.c ****  *  @brief    Initialization and de-initialization functions
 110:../Drivers/STM32F1xx_HAL_Driver/Src/stm32f1xx_hal.c ****  *
 111:../Drivers/STM32F1xx_HAL_Driver/Src/stm32f1xx_hal.c **** @verbatim
 112:../Drivers/STM32F1xx_HAL_Driver/Src/stm32f1xx_hal.c ****  ===============================================================================
 113:../Drivers/STM32F1xx_HAL_Driver/Src/stm32f1xx_hal.c ****               ##### Initialization and de-initialization functions #####
 114:../Drivers/STM32F1xx_HAL_Driver/Src/stm32f1xx_hal.c ****  ===============================================================================
 115:../Drivers/STM32F1xx_HAL_Driver/Src/stm32f1xx_hal.c ****    [..]  This section provides functions allowing to:
 116:../Drivers/STM32F1xx_HAL_Driver/Src/stm32f1xx_hal.c ****       (+) Initializes the Flash interface, the NVIC allocation and initial clock 
 117:../Drivers/STM32F1xx_HAL_Driver/Src/stm32f1xx_hal.c ****           configuration. It initializes the source of time base also when timeout 
 118:../Drivers/STM32F1xx_HAL_Driver/Src/stm32f1xx_hal.c ****           is needed and the backup domain when enabled.
 119:../Drivers/STM32F1xx_HAL_Driver/Src/stm32f1xx_hal.c ****       (+) de-Initializes common part of the HAL.
 120:../Drivers/STM32F1xx_HAL_Driver/Src/stm32f1xx_hal.c ****       (+) Configure The time base source to have 1ms time base with a dedicated 
 121:../Drivers/STM32F1xx_HAL_Driver/Src/stm32f1xx_hal.c ****           Tick interrupt priority. 
 122:../Drivers/STM32F1xx_HAL_Driver/Src/stm32f1xx_hal.c ****         (++) Systick timer is used by default as source of time base, but user 
 123:../Drivers/STM32F1xx_HAL_Driver/Src/stm32f1xx_hal.c ****              can eventually implement his proper time base source (a general purpose 
 124:../Drivers/STM32F1xx_HAL_Driver/Src/stm32f1xx_hal.c ****              timer for example or other time source), keeping in mind that Time base 
 125:../Drivers/STM32F1xx_HAL_Driver/Src/stm32f1xx_hal.c ****              duration should be kept 1ms since PPP_TIMEOUT_VALUEs are defined and 
 126:../Drivers/STM32F1xx_HAL_Driver/Src/stm32f1xx_hal.c ****              handled in milliseconds basis.
 127:../Drivers/STM32F1xx_HAL_Driver/Src/stm32f1xx_hal.c ****         (++) Time base configuration function (HAL_InitTick ()) is called automatically 
 128:../Drivers/STM32F1xx_HAL_Driver/Src/stm32f1xx_hal.c ****              at the beginning of the program after reset by HAL_Init() or at any time 
 129:../Drivers/STM32F1xx_HAL_Driver/Src/stm32f1xx_hal.c ****              when clock is configured, by HAL_RCC_ClockConfig(). 
 130:../Drivers/STM32F1xx_HAL_Driver/Src/stm32f1xx_hal.c ****         (++) Source of time base is configured  to generate interrupts at regular 
 131:../Drivers/STM32F1xx_HAL_Driver/Src/stm32f1xx_hal.c ****              time intervals. Care must be taken if HAL_Delay() is called from a 
ARM GAS  /var/folders/jn/652hmfdj2m99syhs9p34dk640000gq/T//cc0pUydg.s 			page 4


 132:../Drivers/STM32F1xx_HAL_Driver/Src/stm32f1xx_hal.c ****              peripheral ISR process, the Tick interrupt line must have higher priority 
 133:../Drivers/STM32F1xx_HAL_Driver/Src/stm32f1xx_hal.c ****             (numerically lower) than the peripheral interrupt. Otherwise the caller 
 134:../Drivers/STM32F1xx_HAL_Driver/Src/stm32f1xx_hal.c ****             ISR process will be blocked. 
 135:../Drivers/STM32F1xx_HAL_Driver/Src/stm32f1xx_hal.c ****        (++) functions affecting time base configurations are declared as __weak  
 136:../Drivers/STM32F1xx_HAL_Driver/Src/stm32f1xx_hal.c ****              to make  override possible  in case of other  implementations in user file.
 137:../Drivers/STM32F1xx_HAL_Driver/Src/stm32f1xx_hal.c **** @endverbatim
 138:../Drivers/STM32F1xx_HAL_Driver/Src/stm32f1xx_hal.c ****   * @{
 139:../Drivers/STM32F1xx_HAL_Driver/Src/stm32f1xx_hal.c ****   */
 140:../Drivers/STM32F1xx_HAL_Driver/Src/stm32f1xx_hal.c **** 
 141:../Drivers/STM32F1xx_HAL_Driver/Src/stm32f1xx_hal.c **** /**
 142:../Drivers/STM32F1xx_HAL_Driver/Src/stm32f1xx_hal.c ****   * @brief  This function is used to initialize the HAL Library; it must be the first 
 143:../Drivers/STM32F1xx_HAL_Driver/Src/stm32f1xx_hal.c ****   *         instruction to be executed in the main program (before to call any other
 144:../Drivers/STM32F1xx_HAL_Driver/Src/stm32f1xx_hal.c ****   *         HAL function), it performs the following:
 145:../Drivers/STM32F1xx_HAL_Driver/Src/stm32f1xx_hal.c ****   *           Configure the Flash prefetch.
 146:../Drivers/STM32F1xx_HAL_Driver/Src/stm32f1xx_hal.c ****   *           Configures the SysTick to generate an interrupt each 1 millisecond,
 147:../Drivers/STM32F1xx_HAL_Driver/Src/stm32f1xx_hal.c ****   *           which is clocked by the HSI (at this stage, the clock is not yet
 148:../Drivers/STM32F1xx_HAL_Driver/Src/stm32f1xx_hal.c ****   *           configured and thus the system is running from the internal HSI at 16 MHz).
 149:../Drivers/STM32F1xx_HAL_Driver/Src/stm32f1xx_hal.c ****   *           Set NVIC Group Priority to 4.
 150:../Drivers/STM32F1xx_HAL_Driver/Src/stm32f1xx_hal.c ****   *           Calls the HAL_MspInit() callback function defined in user file 
 151:../Drivers/STM32F1xx_HAL_Driver/Src/stm32f1xx_hal.c ****   *           "stm32f1xx_hal_msp.c" to do the global low level hardware initialization 
 152:../Drivers/STM32F1xx_HAL_Driver/Src/stm32f1xx_hal.c ****   *            
 153:../Drivers/STM32F1xx_HAL_Driver/Src/stm32f1xx_hal.c ****   * @note   SysTick is used as time base for the HAL_Delay() function, the application
 154:../Drivers/STM32F1xx_HAL_Driver/Src/stm32f1xx_hal.c ****   *         need to ensure that the SysTick time base is always set to 1 millisecond
 155:../Drivers/STM32F1xx_HAL_Driver/Src/stm32f1xx_hal.c ****   *         to have correct HAL operation.
 156:../Drivers/STM32F1xx_HAL_Driver/Src/stm32f1xx_hal.c ****   * @retval HAL status
 157:../Drivers/STM32F1xx_HAL_Driver/Src/stm32f1xx_hal.c ****   */
 158:../Drivers/STM32F1xx_HAL_Driver/Src/stm32f1xx_hal.c **** HAL_StatusTypeDef HAL_Init(void)
 159:../Drivers/STM32F1xx_HAL_Driver/Src/stm32f1xx_hal.c **** {
 160:../Drivers/STM32F1xx_HAL_Driver/Src/stm32f1xx_hal.c ****   /* Configure Flash prefetch */
 161:../Drivers/STM32F1xx_HAL_Driver/Src/stm32f1xx_hal.c **** #if (PREFETCH_ENABLE != 0)
 162:../Drivers/STM32F1xx_HAL_Driver/Src/stm32f1xx_hal.c **** #if defined(STM32F101x6) || defined(STM32F101xB) || defined(STM32F101xE) || defined(STM32F101xG) ||
 163:../Drivers/STM32F1xx_HAL_Driver/Src/stm32f1xx_hal.c ****     defined(STM32F102x6) || defined(STM32F102xB) || \
 164:../Drivers/STM32F1xx_HAL_Driver/Src/stm32f1xx_hal.c ****     defined(STM32F103x6) || defined(STM32F103xB) || defined(STM32F103xE) || defined(STM32F103xG) ||
 165:../Drivers/STM32F1xx_HAL_Driver/Src/stm32f1xx_hal.c ****     defined(STM32F105xC) || defined(STM32F107xC)
 166:../Drivers/STM32F1xx_HAL_Driver/Src/stm32f1xx_hal.c **** 
 167:../Drivers/STM32F1xx_HAL_Driver/Src/stm32f1xx_hal.c ****   /* Prefetch buffer is not available on value line devices */
 168:../Drivers/STM32F1xx_HAL_Driver/Src/stm32f1xx_hal.c ****   __HAL_FLASH_PREFETCH_BUFFER_ENABLE();
 169:../Drivers/STM32F1xx_HAL_Driver/Src/stm32f1xx_hal.c **** #endif
 170:../Drivers/STM32F1xx_HAL_Driver/Src/stm32f1xx_hal.c **** #endif /* PREFETCH_ENABLE */
 171:../Drivers/STM32F1xx_HAL_Driver/Src/stm32f1xx_hal.c **** 
 172:../Drivers/STM32F1xx_HAL_Driver/Src/stm32f1xx_hal.c ****   /* Set Interrupt Group Priority */
 173:../Drivers/STM32F1xx_HAL_Driver/Src/stm32f1xx_hal.c ****   HAL_NVIC_SetPriorityGrouping(NVIC_PRIORITYGROUP_4);
 174:../Drivers/STM32F1xx_HAL_Driver/Src/stm32f1xx_hal.c **** 
 175:../Drivers/STM32F1xx_HAL_Driver/Src/stm32f1xx_hal.c ****   /* Use systick as time base source and configure 1ms tick (default clock after Reset is MSI) */
 176:../Drivers/STM32F1xx_HAL_Driver/Src/stm32f1xx_hal.c ****   HAL_InitTick(TICK_INT_PRIORITY);
 177:../Drivers/STM32F1xx_HAL_Driver/Src/stm32f1xx_hal.c **** 
 178:../Drivers/STM32F1xx_HAL_Driver/Src/stm32f1xx_hal.c ****   /* Init the low level hardware */
 179:../Drivers/STM32F1xx_HAL_Driver/Src/stm32f1xx_hal.c ****   HAL_MspInit();
 180:../Drivers/STM32F1xx_HAL_Driver/Src/stm32f1xx_hal.c **** 
 181:../Drivers/STM32F1xx_HAL_Driver/Src/stm32f1xx_hal.c ****   /* Return function status */
 182:../Drivers/STM32F1xx_HAL_Driver/Src/stm32f1xx_hal.c ****   return HAL_OK;
 183:../Drivers/STM32F1xx_HAL_Driver/Src/stm32f1xx_hal.c **** }
 184:../Drivers/STM32F1xx_HAL_Driver/Src/stm32f1xx_hal.c **** 
 185:../Drivers/STM32F1xx_HAL_Driver/Src/stm32f1xx_hal.c **** /**
 186:../Drivers/STM32F1xx_HAL_Driver/Src/stm32f1xx_hal.c ****   * @brief This function de-Initializes common part of the HAL and stops the source
 187:../Drivers/STM32F1xx_HAL_Driver/Src/stm32f1xx_hal.c ****   *        of time base.
 188:../Drivers/STM32F1xx_HAL_Driver/Src/stm32f1xx_hal.c ****   * @note This function is optional.
ARM GAS  /var/folders/jn/652hmfdj2m99syhs9p34dk640000gq/T//cc0pUydg.s 			page 5


 189:../Drivers/STM32F1xx_HAL_Driver/Src/stm32f1xx_hal.c ****   * @retval HAL status
 190:../Drivers/STM32F1xx_HAL_Driver/Src/stm32f1xx_hal.c ****   */
 191:../Drivers/STM32F1xx_HAL_Driver/Src/stm32f1xx_hal.c **** HAL_StatusTypeDef HAL_DeInit(void)
 192:../Drivers/STM32F1xx_HAL_Driver/Src/stm32f1xx_hal.c **** {
 193:../Drivers/STM32F1xx_HAL_Driver/Src/stm32f1xx_hal.c ****   /* Reset of all peripherals */
 194:../Drivers/STM32F1xx_HAL_Driver/Src/stm32f1xx_hal.c ****   __HAL_RCC_APB1_FORCE_RESET();
 195:../Drivers/STM32F1xx_HAL_Driver/Src/stm32f1xx_hal.c ****   __HAL_RCC_APB1_RELEASE_RESET();
 196:../Drivers/STM32F1xx_HAL_Driver/Src/stm32f1xx_hal.c **** 
 197:../Drivers/STM32F1xx_HAL_Driver/Src/stm32f1xx_hal.c ****   __HAL_RCC_APB2_FORCE_RESET();
 198:../Drivers/STM32F1xx_HAL_Driver/Src/stm32f1xx_hal.c ****   __HAL_RCC_APB2_RELEASE_RESET();
 199:../Drivers/STM32F1xx_HAL_Driver/Src/stm32f1xx_hal.c **** 
 200:../Drivers/STM32F1xx_HAL_Driver/Src/stm32f1xx_hal.c **** #if defined(STM32F105xC) || defined(STM32F107xC)
 201:../Drivers/STM32F1xx_HAL_Driver/Src/stm32f1xx_hal.c ****   __HAL_RCC_AHB_FORCE_RESET();
 202:../Drivers/STM32F1xx_HAL_Driver/Src/stm32f1xx_hal.c ****   __HAL_RCC_AHB_RELEASE_RESET();
 203:../Drivers/STM32F1xx_HAL_Driver/Src/stm32f1xx_hal.c **** #endif
 204:../Drivers/STM32F1xx_HAL_Driver/Src/stm32f1xx_hal.c ****   
 205:../Drivers/STM32F1xx_HAL_Driver/Src/stm32f1xx_hal.c ****   /* De-Init the low level hardware */
 206:../Drivers/STM32F1xx_HAL_Driver/Src/stm32f1xx_hal.c ****   HAL_MspDeInit();
 207:../Drivers/STM32F1xx_HAL_Driver/Src/stm32f1xx_hal.c ****     
 208:../Drivers/STM32F1xx_HAL_Driver/Src/stm32f1xx_hal.c ****   /* Return function status */
 209:../Drivers/STM32F1xx_HAL_Driver/Src/stm32f1xx_hal.c ****   return HAL_OK;
 210:../Drivers/STM32F1xx_HAL_Driver/Src/stm32f1xx_hal.c **** }
 211:../Drivers/STM32F1xx_HAL_Driver/Src/stm32f1xx_hal.c **** 
 212:../Drivers/STM32F1xx_HAL_Driver/Src/stm32f1xx_hal.c **** /**
 213:../Drivers/STM32F1xx_HAL_Driver/Src/stm32f1xx_hal.c ****   * @brief  Initializes the MSP.
 214:../Drivers/STM32F1xx_HAL_Driver/Src/stm32f1xx_hal.c ****   * @retval None
 215:../Drivers/STM32F1xx_HAL_Driver/Src/stm32f1xx_hal.c ****   */
 216:../Drivers/STM32F1xx_HAL_Driver/Src/stm32f1xx_hal.c **** __weak void HAL_MspInit(void)
 217:../Drivers/STM32F1xx_HAL_Driver/Src/stm32f1xx_hal.c **** {
 218:../Drivers/STM32F1xx_HAL_Driver/Src/stm32f1xx_hal.c ****   /* NOTE : This function Should not be modified, when the callback is needed,
 219:../Drivers/STM32F1xx_HAL_Driver/Src/stm32f1xx_hal.c ****             the HAL_MspInit could be implemented in the user file
 220:../Drivers/STM32F1xx_HAL_Driver/Src/stm32f1xx_hal.c ****    */
 221:../Drivers/STM32F1xx_HAL_Driver/Src/stm32f1xx_hal.c **** }
 222:../Drivers/STM32F1xx_HAL_Driver/Src/stm32f1xx_hal.c **** 
 223:../Drivers/STM32F1xx_HAL_Driver/Src/stm32f1xx_hal.c **** /**
 224:../Drivers/STM32F1xx_HAL_Driver/Src/stm32f1xx_hal.c ****   * @brief  DeInitializes the MSP.
 225:../Drivers/STM32F1xx_HAL_Driver/Src/stm32f1xx_hal.c ****   * @retval None
 226:../Drivers/STM32F1xx_HAL_Driver/Src/stm32f1xx_hal.c ****   */
 227:../Drivers/STM32F1xx_HAL_Driver/Src/stm32f1xx_hal.c **** __weak void HAL_MspDeInit(void)
 228:../Drivers/STM32F1xx_HAL_Driver/Src/stm32f1xx_hal.c **** {
  44              		.loc 1 228 0
  45              		.cfi_startproc
  46              		@ args = 0, pretend = 0, frame = 0
  47              		@ frame_needed = 0, uses_anonymous_args = 0
  48              		@ link register save eliminated.
  49 0000 7047     		bx	lr
  50              		.cfi_endproc
  51              	.LFE67:
  53              		.section	.text.HAL_DeInit,"ax",%progbits
  54              		.align	1
  55              		.global	HAL_DeInit
  56              		.thumb
  57              		.thumb_func
  59              	HAL_DeInit:
  60              	.LFB65:
 192:../Drivers/STM32F1xx_HAL_Driver/Src/stm32f1xx_hal.c ****   /* Reset of all peripherals */
  61              		.loc 1 192 0
ARM GAS  /var/folders/jn/652hmfdj2m99syhs9p34dk640000gq/T//cc0pUydg.s 			page 6


  62              		.cfi_startproc
  63              		@ args = 0, pretend = 0, frame = 0
  64              		@ frame_needed = 0, uses_anonymous_args = 0
 192:../Drivers/STM32F1xx_HAL_Driver/Src/stm32f1xx_hal.c ****   /* Reset of all peripherals */
  65              		.loc 1 192 0
  66 0000 10B5     		push	{r4, lr}
  67              	.LCFI0:
  68              		.cfi_def_cfa_offset 8
  69              		.cfi_offset 4, -8
  70              		.cfi_offset 14, -4
 194:../Drivers/STM32F1xx_HAL_Driver/Src/stm32f1xx_hal.c ****   __HAL_RCC_APB1_RELEASE_RESET();
  71              		.loc 1 194 0
  72 0002 064B     		ldr	r3, .L4
  73 0004 4FF0FF32 		mov	r2, #-1
 195:../Drivers/STM32F1xx_HAL_Driver/Src/stm32f1xx_hal.c **** 
  74              		.loc 1 195 0
  75 0008 0024     		movs	r4, #0
 194:../Drivers/STM32F1xx_HAL_Driver/Src/stm32f1xx_hal.c ****   __HAL_RCC_APB1_RELEASE_RESET();
  76              		.loc 1 194 0
  77 000a DA60     		str	r2, [r3, #12]
 195:../Drivers/STM32F1xx_HAL_Driver/Src/stm32f1xx_hal.c **** 
  78              		.loc 1 195 0
  79 000c 1C61     		str	r4, [r3, #16]
 197:../Drivers/STM32F1xx_HAL_Driver/Src/stm32f1xx_hal.c ****   __HAL_RCC_APB2_RELEASE_RESET();
  80              		.loc 1 197 0
  81 000e DA60     		str	r2, [r3, #12]
 198:../Drivers/STM32F1xx_HAL_Driver/Src/stm32f1xx_hal.c **** 
  82              		.loc 1 198 0
  83 0010 DC60     		str	r4, [r3, #12]
 206:../Drivers/STM32F1xx_HAL_Driver/Src/stm32f1xx_hal.c ****     
  84              		.loc 1 206 0
  85 0012 FFF7FEFF 		bl	HAL_MspDeInit
  86              	.LVL0:
 210:../Drivers/STM32F1xx_HAL_Driver/Src/stm32f1xx_hal.c **** 
  87              		.loc 1 210 0
  88 0016 2046     		mov	r0, r4
  89 0018 10BD     		pop	{r4, pc}
  90              	.L5:
  91 001a 00BF     		.align	2
  92              	.L4:
  93 001c 00100240 		.word	1073876992
  94              		.cfi_endproc
  95              	.LFE65:
  97              		.section	.text.HAL_InitTick,"ax",%progbits
  98              		.align	1
  99              		.weak	HAL_InitTick
 100              		.thumb
 101              		.thumb_func
 103              	HAL_InitTick:
 104              	.LFB68:
 229:../Drivers/STM32F1xx_HAL_Driver/Src/stm32f1xx_hal.c ****   /* NOTE : This function Should not be modified, when the callback is needed,
 230:../Drivers/STM32F1xx_HAL_Driver/Src/stm32f1xx_hal.c ****             the HAL_MspDeInit could be implemented in the user file
 231:../Drivers/STM32F1xx_HAL_Driver/Src/stm32f1xx_hal.c ****    */
 232:../Drivers/STM32F1xx_HAL_Driver/Src/stm32f1xx_hal.c **** }
 233:../Drivers/STM32F1xx_HAL_Driver/Src/stm32f1xx_hal.c **** 
 234:../Drivers/STM32F1xx_HAL_Driver/Src/stm32f1xx_hal.c **** /**
 235:../Drivers/STM32F1xx_HAL_Driver/Src/stm32f1xx_hal.c ****   * @brief This function configures the source of the time base. 
ARM GAS  /var/folders/jn/652hmfdj2m99syhs9p34dk640000gq/T//cc0pUydg.s 			page 7


 236:../Drivers/STM32F1xx_HAL_Driver/Src/stm32f1xx_hal.c ****   *        The time source is configured  to have 1ms time base with a dedicated 
 237:../Drivers/STM32F1xx_HAL_Driver/Src/stm32f1xx_hal.c ****   *        Tick interrupt priority.
 238:../Drivers/STM32F1xx_HAL_Driver/Src/stm32f1xx_hal.c ****   * @note This function is called  automatically at the beginning of program after
 239:../Drivers/STM32F1xx_HAL_Driver/Src/stm32f1xx_hal.c ****   *       reset by HAL_Init() or at any time when clock is reconfigured  by HAL_RCC_ClockConfig(). 
 240:../Drivers/STM32F1xx_HAL_Driver/Src/stm32f1xx_hal.c ****   * @note In the default implementation, SysTick timer is the source of time base. 
 241:../Drivers/STM32F1xx_HAL_Driver/Src/stm32f1xx_hal.c ****   *       It is used to generate interrupts at regular time intervals. 
 242:../Drivers/STM32F1xx_HAL_Driver/Src/stm32f1xx_hal.c ****   *       Care must be taken if HAL_Delay() is called from a peripheral ISR process, 
 243:../Drivers/STM32F1xx_HAL_Driver/Src/stm32f1xx_hal.c ****   *       The the SysTick interrupt must have higher priority (numerically lower) 
 244:../Drivers/STM32F1xx_HAL_Driver/Src/stm32f1xx_hal.c ****   *       than the peripheral interrupt. Otherwise the caller ISR process will be blocked.
 245:../Drivers/STM32F1xx_HAL_Driver/Src/stm32f1xx_hal.c ****   *       The function is declared as __weak  to be overwritten  in case of other
 246:../Drivers/STM32F1xx_HAL_Driver/Src/stm32f1xx_hal.c ****   *       implementation  in user file.
 247:../Drivers/STM32F1xx_HAL_Driver/Src/stm32f1xx_hal.c ****   * @param TickPriority: Tick interrupt priority.
 248:../Drivers/STM32F1xx_HAL_Driver/Src/stm32f1xx_hal.c ****   * @retval HAL status
 249:../Drivers/STM32F1xx_HAL_Driver/Src/stm32f1xx_hal.c ****   */
 250:../Drivers/STM32F1xx_HAL_Driver/Src/stm32f1xx_hal.c **** __weak HAL_StatusTypeDef HAL_InitTick(uint32_t TickPriority)
 251:../Drivers/STM32F1xx_HAL_Driver/Src/stm32f1xx_hal.c **** {
 105              		.loc 1 251 0
 106              		.cfi_startproc
 107              		@ args = 0, pretend = 0, frame = 0
 108              		@ frame_needed = 0, uses_anonymous_args = 0
 109              	.LVL1:
 110 0000 10B5     		push	{r4, lr}
 111              	.LCFI1:
 112              		.cfi_def_cfa_offset 8
 113              		.cfi_offset 4, -8
 114              		.cfi_offset 14, -4
 115              		.loc 1 251 0
 116 0002 0446     		mov	r4, r0
 252:../Drivers/STM32F1xx_HAL_Driver/Src/stm32f1xx_hal.c ****   /*Configure the SysTick to have interrupt in 1ms time basis*/
 253:../Drivers/STM32F1xx_HAL_Driver/Src/stm32f1xx_hal.c ****   HAL_SYSTICK_Config(SystemCoreClock/1000U);
 117              		.loc 1 253 0
 118 0004 074B     		ldr	r3, .L7
 119 0006 1868     		ldr	r0, [r3]
 120              	.LVL2:
 121 0008 4FF47A73 		mov	r3, #1000
 122 000c B0FBF3F0 		udiv	r0, r0, r3
 123 0010 FFF7FEFF 		bl	HAL_SYSTICK_Config
 124              	.LVL3:
 254:../Drivers/STM32F1xx_HAL_Driver/Src/stm32f1xx_hal.c **** 
 255:../Drivers/STM32F1xx_HAL_Driver/Src/stm32f1xx_hal.c ****   /*Configure the SysTick IRQ priority */
 256:../Drivers/STM32F1xx_HAL_Driver/Src/stm32f1xx_hal.c ****   HAL_NVIC_SetPriority(SysTick_IRQn, TickPriority ,0U);
 125              		.loc 1 256 0
 126 0014 0022     		movs	r2, #0
 127 0016 2146     		mov	r1, r4
 128 0018 4FF0FF30 		mov	r0, #-1
 129 001c FFF7FEFF 		bl	HAL_NVIC_SetPriority
 130              	.LVL4:
 257:../Drivers/STM32F1xx_HAL_Driver/Src/stm32f1xx_hal.c **** 
 258:../Drivers/STM32F1xx_HAL_Driver/Src/stm32f1xx_hal.c ****   /* Return function status */
 259:../Drivers/STM32F1xx_HAL_Driver/Src/stm32f1xx_hal.c ****   return HAL_OK;
 260:../Drivers/STM32F1xx_HAL_Driver/Src/stm32f1xx_hal.c **** }
 131              		.loc 1 260 0
 132 0020 0020     		movs	r0, #0
 133 0022 10BD     		pop	{r4, pc}
 134              	.LVL5:
 135              	.L8:
 136              		.align	2
ARM GAS  /var/folders/jn/652hmfdj2m99syhs9p34dk640000gq/T//cc0pUydg.s 			page 8


 137              	.L7:
 138 0024 00000000 		.word	SystemCoreClock
 139              		.cfi_endproc
 140              	.LFE68:
 142              		.section	.text.HAL_Init,"ax",%progbits
 143              		.align	1
 144              		.global	HAL_Init
 145              		.thumb
 146              		.thumb_func
 148              	HAL_Init:
 149              	.LFB64:
 159:../Drivers/STM32F1xx_HAL_Driver/Src/stm32f1xx_hal.c ****   /* Configure Flash prefetch */
 150              		.loc 1 159 0
 151              		.cfi_startproc
 152              		@ args = 0, pretend = 0, frame = 0
 153              		@ frame_needed = 0, uses_anonymous_args = 0
 168:../Drivers/STM32F1xx_HAL_Driver/Src/stm32f1xx_hal.c **** #endif
 154              		.loc 1 168 0
 155 0000 074A     		ldr	r2, .L10
 159:../Drivers/STM32F1xx_HAL_Driver/Src/stm32f1xx_hal.c ****   /* Configure Flash prefetch */
 156              		.loc 1 159 0
 157 0002 08B5     		push	{r3, lr}
 158              	.LCFI2:
 159              		.cfi_def_cfa_offset 8
 160              		.cfi_offset 3, -8
 161              		.cfi_offset 14, -4
 168:../Drivers/STM32F1xx_HAL_Driver/Src/stm32f1xx_hal.c **** #endif
 162              		.loc 1 168 0
 163 0004 1368     		ldr	r3, [r2]
 173:../Drivers/STM32F1xx_HAL_Driver/Src/stm32f1xx_hal.c **** 
 164              		.loc 1 173 0
 165 0006 0320     		movs	r0, #3
 168:../Drivers/STM32F1xx_HAL_Driver/Src/stm32f1xx_hal.c **** #endif
 166              		.loc 1 168 0
 167 0008 43F01003 		orr	r3, r3, #16
 168 000c 1360     		str	r3, [r2]
 173:../Drivers/STM32F1xx_HAL_Driver/Src/stm32f1xx_hal.c **** 
 169              		.loc 1 173 0
 170 000e FFF7FEFF 		bl	HAL_NVIC_SetPriorityGrouping
 171              	.LVL6:
 176:../Drivers/STM32F1xx_HAL_Driver/Src/stm32f1xx_hal.c **** 
 172              		.loc 1 176 0
 173 0012 0020     		movs	r0, #0
 174 0014 FFF7FEFF 		bl	HAL_InitTick
 175              	.LVL7:
 179:../Drivers/STM32F1xx_HAL_Driver/Src/stm32f1xx_hal.c **** 
 176              		.loc 1 179 0
 177 0018 FFF7FEFF 		bl	HAL_MspInit
 178              	.LVL8:
 183:../Drivers/STM32F1xx_HAL_Driver/Src/stm32f1xx_hal.c **** 
 179              		.loc 1 183 0
 180 001c 0020     		movs	r0, #0
 181 001e 08BD     		pop	{r3, pc}
 182              	.L11:
 183              		.align	2
 184              	.L10:
 185 0020 00200240 		.word	1073881088
ARM GAS  /var/folders/jn/652hmfdj2m99syhs9p34dk640000gq/T//cc0pUydg.s 			page 9


 186              		.cfi_endproc
 187              	.LFE64:
 189              		.section	.text.HAL_IncTick,"ax",%progbits
 190              		.align	1
 191              		.weak	HAL_IncTick
 192              		.thumb
 193              		.thumb_func
 195              	HAL_IncTick:
 196              	.LFB69:
 261:../Drivers/STM32F1xx_HAL_Driver/Src/stm32f1xx_hal.c **** 
 262:../Drivers/STM32F1xx_HAL_Driver/Src/stm32f1xx_hal.c **** /**
 263:../Drivers/STM32F1xx_HAL_Driver/Src/stm32f1xx_hal.c ****   * @}
 264:../Drivers/STM32F1xx_HAL_Driver/Src/stm32f1xx_hal.c ****   */
 265:../Drivers/STM32F1xx_HAL_Driver/Src/stm32f1xx_hal.c **** 
 266:../Drivers/STM32F1xx_HAL_Driver/Src/stm32f1xx_hal.c **** /** @defgroup HAL_Exported_Functions_Group2 HAL Control functions 
 267:../Drivers/STM32F1xx_HAL_Driver/Src/stm32f1xx_hal.c ****   *  @brief    HAL Control functions
 268:../Drivers/STM32F1xx_HAL_Driver/Src/stm32f1xx_hal.c ****   *
 269:../Drivers/STM32F1xx_HAL_Driver/Src/stm32f1xx_hal.c **** @verbatim
 270:../Drivers/STM32F1xx_HAL_Driver/Src/stm32f1xx_hal.c ****  ===============================================================================
 271:../Drivers/STM32F1xx_HAL_Driver/Src/stm32f1xx_hal.c ****                       ##### HAL Control functions #####
 272:../Drivers/STM32F1xx_HAL_Driver/Src/stm32f1xx_hal.c ****  ===============================================================================
 273:../Drivers/STM32F1xx_HAL_Driver/Src/stm32f1xx_hal.c ****     [..]  This section provides functions allowing to:
 274:../Drivers/STM32F1xx_HAL_Driver/Src/stm32f1xx_hal.c ****       (+) Provide a tick value in millisecond
 275:../Drivers/STM32F1xx_HAL_Driver/Src/stm32f1xx_hal.c ****       (+) Provide a blocking delay in millisecond
 276:../Drivers/STM32F1xx_HAL_Driver/Src/stm32f1xx_hal.c ****       (+) Suspend the time base source interrupt
 277:../Drivers/STM32F1xx_HAL_Driver/Src/stm32f1xx_hal.c ****       (+) Resume the time base source interrupt
 278:../Drivers/STM32F1xx_HAL_Driver/Src/stm32f1xx_hal.c ****       (+) Get the HAL API driver version
 279:../Drivers/STM32F1xx_HAL_Driver/Src/stm32f1xx_hal.c ****       (+) Get the device identifier
 280:../Drivers/STM32F1xx_HAL_Driver/Src/stm32f1xx_hal.c ****       (+) Get the device revision identifier
 281:../Drivers/STM32F1xx_HAL_Driver/Src/stm32f1xx_hal.c ****       (+) Enable/Disable Debug module during SLEEP mode
 282:../Drivers/STM32F1xx_HAL_Driver/Src/stm32f1xx_hal.c ****       (+) Enable/Disable Debug module during STOP mode
 283:../Drivers/STM32F1xx_HAL_Driver/Src/stm32f1xx_hal.c ****       (+) Enable/Disable Debug module during STANDBY mode
 284:../Drivers/STM32F1xx_HAL_Driver/Src/stm32f1xx_hal.c **** 
 285:../Drivers/STM32F1xx_HAL_Driver/Src/stm32f1xx_hal.c **** @endverbatim
 286:../Drivers/STM32F1xx_HAL_Driver/Src/stm32f1xx_hal.c ****   * @{
 287:../Drivers/STM32F1xx_HAL_Driver/Src/stm32f1xx_hal.c ****   */
 288:../Drivers/STM32F1xx_HAL_Driver/Src/stm32f1xx_hal.c **** 
 289:../Drivers/STM32F1xx_HAL_Driver/Src/stm32f1xx_hal.c **** /**
 290:../Drivers/STM32F1xx_HAL_Driver/Src/stm32f1xx_hal.c ****   * @brief This function is called to increment  a global variable "uwTick"
 291:../Drivers/STM32F1xx_HAL_Driver/Src/stm32f1xx_hal.c ****   *        used as application time base.
 292:../Drivers/STM32F1xx_HAL_Driver/Src/stm32f1xx_hal.c ****   * @note In the default implementation, this variable is incremented each 1ms
 293:../Drivers/STM32F1xx_HAL_Driver/Src/stm32f1xx_hal.c ****   *       in Systick ISR.
 294:../Drivers/STM32F1xx_HAL_Driver/Src/stm32f1xx_hal.c ****   * @note This function is declared as __weak to be overwritten in case of other 
 295:../Drivers/STM32F1xx_HAL_Driver/Src/stm32f1xx_hal.c ****   *      implementations in user file.
 296:../Drivers/STM32F1xx_HAL_Driver/Src/stm32f1xx_hal.c ****   * @retval None
 297:../Drivers/STM32F1xx_HAL_Driver/Src/stm32f1xx_hal.c ****   */
 298:../Drivers/STM32F1xx_HAL_Driver/Src/stm32f1xx_hal.c **** __weak void HAL_IncTick(void)
 299:../Drivers/STM32F1xx_HAL_Driver/Src/stm32f1xx_hal.c **** {
 197              		.loc 1 299 0
 198              		.cfi_startproc
 199              		@ args = 0, pretend = 0, frame = 0
 200              		@ frame_needed = 0, uses_anonymous_args = 0
 201              		@ link register save eliminated.
 300:../Drivers/STM32F1xx_HAL_Driver/Src/stm32f1xx_hal.c ****   uwTick++;
 202              		.loc 1 300 0
 203 0000 024A     		ldr	r2, .L13
 204 0002 1368     		ldr	r3, [r2]
ARM GAS  /var/folders/jn/652hmfdj2m99syhs9p34dk640000gq/T//cc0pUydg.s 			page 10


 205 0004 0133     		adds	r3, r3, #1
 206 0006 1360     		str	r3, [r2]
 207 0008 7047     		bx	lr
 208              	.L14:
 209 000a 00BF     		.align	2
 210              	.L13:
 211 000c 00000000 		.word	uwTick
 212              		.cfi_endproc
 213              	.LFE69:
 215              		.section	.text.HAL_GetTick,"ax",%progbits
 216              		.align	1
 217              		.weak	HAL_GetTick
 218              		.thumb
 219              		.thumb_func
 221              	HAL_GetTick:
 222              	.LFB70:
 301:../Drivers/STM32F1xx_HAL_Driver/Src/stm32f1xx_hal.c **** }
 302:../Drivers/STM32F1xx_HAL_Driver/Src/stm32f1xx_hal.c **** 
 303:../Drivers/STM32F1xx_HAL_Driver/Src/stm32f1xx_hal.c **** /**
 304:../Drivers/STM32F1xx_HAL_Driver/Src/stm32f1xx_hal.c ****   * @brief Provides a tick value in millisecond.
 305:../Drivers/STM32F1xx_HAL_Driver/Src/stm32f1xx_hal.c ****   * @note  This function is declared as __weak  to be overwritten  in case of other 
 306:../Drivers/STM32F1xx_HAL_Driver/Src/stm32f1xx_hal.c ****   *       implementations in user file.
 307:../Drivers/STM32F1xx_HAL_Driver/Src/stm32f1xx_hal.c ****   * @retval tick value
 308:../Drivers/STM32F1xx_HAL_Driver/Src/stm32f1xx_hal.c ****   */
 309:../Drivers/STM32F1xx_HAL_Driver/Src/stm32f1xx_hal.c **** __weak uint32_t HAL_GetTick(void)
 310:../Drivers/STM32F1xx_HAL_Driver/Src/stm32f1xx_hal.c **** {
 223              		.loc 1 310 0
 224              		.cfi_startproc
 225              		@ args = 0, pretend = 0, frame = 0
 226              		@ frame_needed = 0, uses_anonymous_args = 0
 227              		@ link register save eliminated.
 311:../Drivers/STM32F1xx_HAL_Driver/Src/stm32f1xx_hal.c ****   return uwTick;
 228              		.loc 1 311 0
 229 0000 014B     		ldr	r3, .L16
 230 0002 1868     		ldr	r0, [r3]
 312:../Drivers/STM32F1xx_HAL_Driver/Src/stm32f1xx_hal.c **** }
 231              		.loc 1 312 0
 232 0004 7047     		bx	lr
 233              	.L17:
 234 0006 00BF     		.align	2
 235              	.L16:
 236 0008 00000000 		.word	uwTick
 237              		.cfi_endproc
 238              	.LFE70:
 240              		.section	.text.HAL_Delay,"ax",%progbits
 241              		.align	1
 242              		.weak	HAL_Delay
 243              		.thumb
 244              		.thumb_func
 246              	HAL_Delay:
 247              	.LFB71:
 313:../Drivers/STM32F1xx_HAL_Driver/Src/stm32f1xx_hal.c **** 
 314:../Drivers/STM32F1xx_HAL_Driver/Src/stm32f1xx_hal.c **** /**
 315:../Drivers/STM32F1xx_HAL_Driver/Src/stm32f1xx_hal.c ****   * @brief This function provides minimum delay (in milliseconds) based 
 316:../Drivers/STM32F1xx_HAL_Driver/Src/stm32f1xx_hal.c ****   *        on variable incremented.
 317:../Drivers/STM32F1xx_HAL_Driver/Src/stm32f1xx_hal.c ****   * @note In the default implementation , SysTick timer is the source of time base.
 318:../Drivers/STM32F1xx_HAL_Driver/Src/stm32f1xx_hal.c ****   *       It is used to generate interrupts at regular time intervals where uwTick
ARM GAS  /var/folders/jn/652hmfdj2m99syhs9p34dk640000gq/T//cc0pUydg.s 			page 11


 319:../Drivers/STM32F1xx_HAL_Driver/Src/stm32f1xx_hal.c ****   *       is incremented.
 320:../Drivers/STM32F1xx_HAL_Driver/Src/stm32f1xx_hal.c ****   * @note This function is declared as __weak to be overwritten in case of other
 321:../Drivers/STM32F1xx_HAL_Driver/Src/stm32f1xx_hal.c ****   *       implementations in user file.
 322:../Drivers/STM32F1xx_HAL_Driver/Src/stm32f1xx_hal.c ****   * @param Delay: specifies the delay time length, in milliseconds.
 323:../Drivers/STM32F1xx_HAL_Driver/Src/stm32f1xx_hal.c ****   * @retval None
 324:../Drivers/STM32F1xx_HAL_Driver/Src/stm32f1xx_hal.c ****   */
 325:../Drivers/STM32F1xx_HAL_Driver/Src/stm32f1xx_hal.c **** __weak void HAL_Delay(__IO uint32_t Delay)
 326:../Drivers/STM32F1xx_HAL_Driver/Src/stm32f1xx_hal.c **** {
 248              		.loc 1 326 0
 249              		.cfi_startproc
 250              		@ args = 0, pretend = 0, frame = 8
 251              		@ frame_needed = 0, uses_anonymous_args = 0
 252              	.LVL9:
 253 0000 37B5     		push	{r0, r1, r2, r4, r5, lr}
 254              	.LCFI3:
 255              		.cfi_def_cfa_offset 24
 256              		.cfi_offset 4, -12
 257              		.cfi_offset 5, -8
 258              		.cfi_offset 14, -4
 259              		.loc 1 326 0
 260 0002 0190     		str	r0, [sp, #4]
 327:../Drivers/STM32F1xx_HAL_Driver/Src/stm32f1xx_hal.c ****   uint32_t tickstart = HAL_GetTick();
 261              		.loc 1 327 0
 262 0004 FFF7FEFF 		bl	HAL_GetTick
 263              	.LVL10:
 264 0008 0546     		mov	r5, r0
 265              	.LVL11:
 328:../Drivers/STM32F1xx_HAL_Driver/Src/stm32f1xx_hal.c ****   uint32_t wait = Delay;
 266              		.loc 1 328 0
 267 000a 019C     		ldr	r4, [sp, #4]
 268              	.LVL12:
 329:../Drivers/STM32F1xx_HAL_Driver/Src/stm32f1xx_hal.c ****   
 330:../Drivers/STM32F1xx_HAL_Driver/Src/stm32f1xx_hal.c ****   /* Add a period to guarantee minimum wait */
 331:../Drivers/STM32F1xx_HAL_Driver/Src/stm32f1xx_hal.c ****   if (wait < HAL_MAX_DELAY)
 269              		.loc 1 331 0
 270 000c 631C     		adds	r3, r4, #1
 332:../Drivers/STM32F1xx_HAL_Driver/Src/stm32f1xx_hal.c ****   {
 333:../Drivers/STM32F1xx_HAL_Driver/Src/stm32f1xx_hal.c ****      wait++;
 271              		.loc 1 333 0
 272 000e 18BF     		it	ne
 273 0010 0134     		addne	r4, r4, #1
 274              	.LVL13:
 275              	.L20:
 334:../Drivers/STM32F1xx_HAL_Driver/Src/stm32f1xx_hal.c ****   }
 335:../Drivers/STM32F1xx_HAL_Driver/Src/stm32f1xx_hal.c ****   
 336:../Drivers/STM32F1xx_HAL_Driver/Src/stm32f1xx_hal.c ****   while((HAL_GetTick() - tickstart) < wait)
 276              		.loc 1 336 0 discriminator 1
 277 0012 FFF7FEFF 		bl	HAL_GetTick
 278              	.LVL14:
 279 0016 401B     		subs	r0, r0, r5
 280 0018 A042     		cmp	r0, r4
 281 001a FAD3     		bcc	.L20
 337:../Drivers/STM32F1xx_HAL_Driver/Src/stm32f1xx_hal.c ****   {
 338:../Drivers/STM32F1xx_HAL_Driver/Src/stm32f1xx_hal.c ****   }
 339:../Drivers/STM32F1xx_HAL_Driver/Src/stm32f1xx_hal.c **** }
 282              		.loc 1 339 0
 283 001c 03B0     		add	sp, sp, #12
ARM GAS  /var/folders/jn/652hmfdj2m99syhs9p34dk640000gq/T//cc0pUydg.s 			page 12


 284              	.LCFI4:
 285              		.cfi_def_cfa_offset 12
 286              		@ sp needed
 287 001e 30BD     		pop	{r4, r5, pc}
 288              		.cfi_endproc
 289              	.LFE71:
 291              		.section	.text.HAL_SuspendTick,"ax",%progbits
 292              		.align	1
 293              		.weak	HAL_SuspendTick
 294              		.thumb
 295              		.thumb_func
 297              	HAL_SuspendTick:
 298              	.LFB72:
 340:../Drivers/STM32F1xx_HAL_Driver/Src/stm32f1xx_hal.c **** 
 341:../Drivers/STM32F1xx_HAL_Driver/Src/stm32f1xx_hal.c **** /**
 342:../Drivers/STM32F1xx_HAL_Driver/Src/stm32f1xx_hal.c ****   * @brief Suspend Tick increment.
 343:../Drivers/STM32F1xx_HAL_Driver/Src/stm32f1xx_hal.c ****   * @note In the default implementation , SysTick timer is the source of time base. It is
 344:../Drivers/STM32F1xx_HAL_Driver/Src/stm32f1xx_hal.c ****   *       used to generate interrupts at regular time intervals. Once HAL_SuspendTick()
 345:../Drivers/STM32F1xx_HAL_Driver/Src/stm32f1xx_hal.c ****   *       is called, the SysTick interrupt will be disabled and so Tick increment 
 346:../Drivers/STM32F1xx_HAL_Driver/Src/stm32f1xx_hal.c ****   *       is suspended.
 347:../Drivers/STM32F1xx_HAL_Driver/Src/stm32f1xx_hal.c ****   * @note This function is declared as __weak to be overwritten in case of other
 348:../Drivers/STM32F1xx_HAL_Driver/Src/stm32f1xx_hal.c ****   *       implementations in user file.
 349:../Drivers/STM32F1xx_HAL_Driver/Src/stm32f1xx_hal.c ****   * @retval None
 350:../Drivers/STM32F1xx_HAL_Driver/Src/stm32f1xx_hal.c ****   */
 351:../Drivers/STM32F1xx_HAL_Driver/Src/stm32f1xx_hal.c **** __weak void HAL_SuspendTick(void)
 352:../Drivers/STM32F1xx_HAL_Driver/Src/stm32f1xx_hal.c **** {
 299              		.loc 1 352 0
 300              		.cfi_startproc
 301              		@ args = 0, pretend = 0, frame = 0
 302              		@ frame_needed = 0, uses_anonymous_args = 0
 303              		@ link register save eliminated.
 353:../Drivers/STM32F1xx_HAL_Driver/Src/stm32f1xx_hal.c ****   /* Disable SysTick Interrupt */
 354:../Drivers/STM32F1xx_HAL_Driver/Src/stm32f1xx_hal.c ****   CLEAR_BIT(SysTick->CTRL,SysTick_CTRL_TICKINT_Msk);
 304              		.loc 1 354 0
 305 0000 024A     		ldr	r2, .L27
 306 0002 1368     		ldr	r3, [r2]
 307 0004 23F00203 		bic	r3, r3, #2
 308 0008 1360     		str	r3, [r2]
 309 000a 7047     		bx	lr
 310              	.L28:
 311              		.align	2
 312              	.L27:
 313 000c 10E000E0 		.word	-536813552
 314              		.cfi_endproc
 315              	.LFE72:
 317              		.section	.text.HAL_ResumeTick,"ax",%progbits
 318              		.align	1
 319              		.weak	HAL_ResumeTick
 320              		.thumb
 321              		.thumb_func
 323              	HAL_ResumeTick:
 324              	.LFB73:
 355:../Drivers/STM32F1xx_HAL_Driver/Src/stm32f1xx_hal.c **** }
 356:../Drivers/STM32F1xx_HAL_Driver/Src/stm32f1xx_hal.c **** 
 357:../Drivers/STM32F1xx_HAL_Driver/Src/stm32f1xx_hal.c **** /**
 358:../Drivers/STM32F1xx_HAL_Driver/Src/stm32f1xx_hal.c ****   * @brief Resume Tick increment.
 359:../Drivers/STM32F1xx_HAL_Driver/Src/stm32f1xx_hal.c ****   * @note In the default implementation , SysTick timer is the source of time base. It is
ARM GAS  /var/folders/jn/652hmfdj2m99syhs9p34dk640000gq/T//cc0pUydg.s 			page 13


 360:../Drivers/STM32F1xx_HAL_Driver/Src/stm32f1xx_hal.c ****   *       used to generate interrupts at regular time intervals. Once HAL_ResumeTick()
 361:../Drivers/STM32F1xx_HAL_Driver/Src/stm32f1xx_hal.c ****   *       is called, the SysTick interrupt will be enabled and so Tick increment 
 362:../Drivers/STM32F1xx_HAL_Driver/Src/stm32f1xx_hal.c ****   *       is resumed.
 363:../Drivers/STM32F1xx_HAL_Driver/Src/stm32f1xx_hal.c ****   * @note This function is declared as __weak to be overwritten in case of other
 364:../Drivers/STM32F1xx_HAL_Driver/Src/stm32f1xx_hal.c ****   *       implementations in user file.
 365:../Drivers/STM32F1xx_HAL_Driver/Src/stm32f1xx_hal.c ****   * @retval None
 366:../Drivers/STM32F1xx_HAL_Driver/Src/stm32f1xx_hal.c ****   */
 367:../Drivers/STM32F1xx_HAL_Driver/Src/stm32f1xx_hal.c **** __weak void HAL_ResumeTick(void)
 368:../Drivers/STM32F1xx_HAL_Driver/Src/stm32f1xx_hal.c **** {
 325              		.loc 1 368 0
 326              		.cfi_startproc
 327              		@ args = 0, pretend = 0, frame = 0
 328              		@ frame_needed = 0, uses_anonymous_args = 0
 329              		@ link register save eliminated.
 369:../Drivers/STM32F1xx_HAL_Driver/Src/stm32f1xx_hal.c ****   /* Enable SysTick Interrupt */
 370:../Drivers/STM32F1xx_HAL_Driver/Src/stm32f1xx_hal.c ****   SET_BIT(SysTick->CTRL,SysTick_CTRL_TICKINT_Msk);
 330              		.loc 1 370 0
 331 0000 024A     		ldr	r2, .L30
 332 0002 1368     		ldr	r3, [r2]
 333 0004 43F00203 		orr	r3, r3, #2
 334 0008 1360     		str	r3, [r2]
 335 000a 7047     		bx	lr
 336              	.L31:
 337              		.align	2
 338              	.L30:
 339 000c 10E000E0 		.word	-536813552
 340              		.cfi_endproc
 341              	.LFE73:
 343              		.section	.text.HAL_GetHalVersion,"ax",%progbits
 344              		.align	1
 345              		.global	HAL_GetHalVersion
 346              		.thumb
 347              		.thumb_func
 349              	HAL_GetHalVersion:
 350              	.LFB74:
 371:../Drivers/STM32F1xx_HAL_Driver/Src/stm32f1xx_hal.c **** }
 372:../Drivers/STM32F1xx_HAL_Driver/Src/stm32f1xx_hal.c **** 
 373:../Drivers/STM32F1xx_HAL_Driver/Src/stm32f1xx_hal.c **** /**
 374:../Drivers/STM32F1xx_HAL_Driver/Src/stm32f1xx_hal.c ****   * @brief  Returns the HAL revision
 375:../Drivers/STM32F1xx_HAL_Driver/Src/stm32f1xx_hal.c ****   * @retval version : 0xXYZR (8bits for each decimal, R for RC)
 376:../Drivers/STM32F1xx_HAL_Driver/Src/stm32f1xx_hal.c ****   */
 377:../Drivers/STM32F1xx_HAL_Driver/Src/stm32f1xx_hal.c **** uint32_t HAL_GetHalVersion(void)
 378:../Drivers/STM32F1xx_HAL_Driver/Src/stm32f1xx_hal.c **** {
 351              		.loc 1 378 0
 352              		.cfi_startproc
 353              		@ args = 0, pretend = 0, frame = 0
 354              		@ frame_needed = 0, uses_anonymous_args = 0
 355              		@ link register save eliminated.
 379:../Drivers/STM32F1xx_HAL_Driver/Src/stm32f1xx_hal.c ****  return __STM32F1xx_HAL_VERSION;
 380:../Drivers/STM32F1xx_HAL_Driver/Src/stm32f1xx_hal.c **** }
 356              		.loc 1 380 0
 357 0000 0048     		ldr	r0, .L33
 358 0002 7047     		bx	lr
 359              	.L34:
 360              		.align	2
 361              	.L33:
 362 0004 00010101 		.word	16843008
ARM GAS  /var/folders/jn/652hmfdj2m99syhs9p34dk640000gq/T//cc0pUydg.s 			page 14


 363              		.cfi_endproc
 364              	.LFE74:
 366              		.section	.text.HAL_GetREVID,"ax",%progbits
 367              		.align	1
 368              		.global	HAL_GetREVID
 369              		.thumb
 370              		.thumb_func
 372              	HAL_GetREVID:
 373              	.LFB75:
 381:../Drivers/STM32F1xx_HAL_Driver/Src/stm32f1xx_hal.c **** 
 382:../Drivers/STM32F1xx_HAL_Driver/Src/stm32f1xx_hal.c **** /**
 383:../Drivers/STM32F1xx_HAL_Driver/Src/stm32f1xx_hal.c ****   * @brief Returns the device revision identifier.
 384:../Drivers/STM32F1xx_HAL_Driver/Src/stm32f1xx_hal.c ****   * Note: On devices STM32F10xx8 and STM32F10xxB,
 385:../Drivers/STM32F1xx_HAL_Driver/Src/stm32f1xx_hal.c ****   *                  STM32F101xC/D/E and STM32F103xC/D/E,
 386:../Drivers/STM32F1xx_HAL_Driver/Src/stm32f1xx_hal.c ****   *                  STM32F101xF/G and STM32F103xF/G
 387:../Drivers/STM32F1xx_HAL_Driver/Src/stm32f1xx_hal.c ****   *                  STM32F10xx4 and STM32F10xx6
 388:../Drivers/STM32F1xx_HAL_Driver/Src/stm32f1xx_hal.c ****   *       Debug registers DBGMCU_IDCODE and DBGMCU_CR are accessible only in 
 389:../Drivers/STM32F1xx_HAL_Driver/Src/stm32f1xx_hal.c ****   *       debug mode (not accessible by the user software in normal mode).
 390:../Drivers/STM32F1xx_HAL_Driver/Src/stm32f1xx_hal.c ****   *       Refer to errata sheet of these devices for more details.
 391:../Drivers/STM32F1xx_HAL_Driver/Src/stm32f1xx_hal.c ****   * @retval Device revision identifier
 392:../Drivers/STM32F1xx_HAL_Driver/Src/stm32f1xx_hal.c ****   */
 393:../Drivers/STM32F1xx_HAL_Driver/Src/stm32f1xx_hal.c **** uint32_t HAL_GetREVID(void)
 394:../Drivers/STM32F1xx_HAL_Driver/Src/stm32f1xx_hal.c **** {
 374              		.loc 1 394 0
 375              		.cfi_startproc
 376              		@ args = 0, pretend = 0, frame = 0
 377              		@ frame_needed = 0, uses_anonymous_args = 0
 378              		@ link register save eliminated.
 395:../Drivers/STM32F1xx_HAL_Driver/Src/stm32f1xx_hal.c ****   return((DBGMCU->IDCODE) >> DBGMCU_IDCODE_REV_ID_Pos);
 379              		.loc 1 395 0
 380 0000 014B     		ldr	r3, .L36
 381 0002 1868     		ldr	r0, [r3]
 396:../Drivers/STM32F1xx_HAL_Driver/Src/stm32f1xx_hal.c **** }
 382              		.loc 1 396 0
 383 0004 000C     		lsrs	r0, r0, #16
 384 0006 7047     		bx	lr
 385              	.L37:
 386              		.align	2
 387              	.L36:
 388 0008 002004E0 		.word	-536600576
 389              		.cfi_endproc
 390              	.LFE75:
 392              		.section	.text.HAL_GetDEVID,"ax",%progbits
 393              		.align	1
 394              		.global	HAL_GetDEVID
 395              		.thumb
 396              		.thumb_func
 398              	HAL_GetDEVID:
 399              	.LFB76:
 397:../Drivers/STM32F1xx_HAL_Driver/Src/stm32f1xx_hal.c **** 
 398:../Drivers/STM32F1xx_HAL_Driver/Src/stm32f1xx_hal.c **** /**
 399:../Drivers/STM32F1xx_HAL_Driver/Src/stm32f1xx_hal.c ****   * @brief  Returns the device identifier.
 400:../Drivers/STM32F1xx_HAL_Driver/Src/stm32f1xx_hal.c ****   * Note: On devices STM32F10xx8 and STM32F10xxB,
 401:../Drivers/STM32F1xx_HAL_Driver/Src/stm32f1xx_hal.c ****   *                  STM32F101xC/D/E and STM32F103xC/D/E,
 402:../Drivers/STM32F1xx_HAL_Driver/Src/stm32f1xx_hal.c ****   *                  STM32F101xF/G and STM32F103xF/G
 403:../Drivers/STM32F1xx_HAL_Driver/Src/stm32f1xx_hal.c ****   *                  STM32F10xx4 and STM32F10xx6
 404:../Drivers/STM32F1xx_HAL_Driver/Src/stm32f1xx_hal.c ****   *       Debug registers DBGMCU_IDCODE and DBGMCU_CR are accessible only in 
ARM GAS  /var/folders/jn/652hmfdj2m99syhs9p34dk640000gq/T//cc0pUydg.s 			page 15


 405:../Drivers/STM32F1xx_HAL_Driver/Src/stm32f1xx_hal.c ****   *       debug mode (not accessible by the user software in normal mode).
 406:../Drivers/STM32F1xx_HAL_Driver/Src/stm32f1xx_hal.c ****   *       Refer to errata sheet of these devices for more details.
 407:../Drivers/STM32F1xx_HAL_Driver/Src/stm32f1xx_hal.c ****   * @retval Device identifier
 408:../Drivers/STM32F1xx_HAL_Driver/Src/stm32f1xx_hal.c ****   */
 409:../Drivers/STM32F1xx_HAL_Driver/Src/stm32f1xx_hal.c **** uint32_t HAL_GetDEVID(void)
 410:../Drivers/STM32F1xx_HAL_Driver/Src/stm32f1xx_hal.c **** {
 400              		.loc 1 410 0
 401              		.cfi_startproc
 402              		@ args = 0, pretend = 0, frame = 0
 403              		@ frame_needed = 0, uses_anonymous_args = 0
 404              		@ link register save eliminated.
 411:../Drivers/STM32F1xx_HAL_Driver/Src/stm32f1xx_hal.c ****    return((DBGMCU->IDCODE) & IDCODE_DEVID_MASK);
 405              		.loc 1 411 0
 406 0000 024B     		ldr	r3, .L39
 407 0002 1868     		ldr	r0, [r3]
 412:../Drivers/STM32F1xx_HAL_Driver/Src/stm32f1xx_hal.c **** }
 408              		.loc 1 412 0
 409 0004 C0F30B00 		ubfx	r0, r0, #0, #12
 410 0008 7047     		bx	lr
 411              	.L40:
 412 000a 00BF     		.align	2
 413              	.L39:
 414 000c 002004E0 		.word	-536600576
 415              		.cfi_endproc
 416              	.LFE76:
 418              		.section	.text.HAL_DBGMCU_EnableDBGSleepMode,"ax",%progbits
 419              		.align	1
 420              		.global	HAL_DBGMCU_EnableDBGSleepMode
 421              		.thumb
 422              		.thumb_func
 424              	HAL_DBGMCU_EnableDBGSleepMode:
 425              	.LFB77:
 413:../Drivers/STM32F1xx_HAL_Driver/Src/stm32f1xx_hal.c **** 
 414:../Drivers/STM32F1xx_HAL_Driver/Src/stm32f1xx_hal.c **** /**
 415:../Drivers/STM32F1xx_HAL_Driver/Src/stm32f1xx_hal.c ****   * @brief  Enable the Debug Module during SLEEP mode
 416:../Drivers/STM32F1xx_HAL_Driver/Src/stm32f1xx_hal.c ****   * @retval None
 417:../Drivers/STM32F1xx_HAL_Driver/Src/stm32f1xx_hal.c ****   */
 418:../Drivers/STM32F1xx_HAL_Driver/Src/stm32f1xx_hal.c **** void HAL_DBGMCU_EnableDBGSleepMode(void)
 419:../Drivers/STM32F1xx_HAL_Driver/Src/stm32f1xx_hal.c **** {
 426              		.loc 1 419 0
 427              		.cfi_startproc
 428              		@ args = 0, pretend = 0, frame = 0
 429              		@ frame_needed = 0, uses_anonymous_args = 0
 430              		@ link register save eliminated.
 420:../Drivers/STM32F1xx_HAL_Driver/Src/stm32f1xx_hal.c ****   SET_BIT(DBGMCU->CR, DBGMCU_CR_DBG_SLEEP);
 431              		.loc 1 420 0
 432 0000 024A     		ldr	r2, .L42
 433 0002 5368     		ldr	r3, [r2, #4]
 434 0004 43F00103 		orr	r3, r3, #1
 435 0008 5360     		str	r3, [r2, #4]
 436 000a 7047     		bx	lr
 437              	.L43:
 438              		.align	2
 439              	.L42:
 440 000c 002004E0 		.word	-536600576
 441              		.cfi_endproc
 442              	.LFE77:
ARM GAS  /var/folders/jn/652hmfdj2m99syhs9p34dk640000gq/T//cc0pUydg.s 			page 16


 444              		.section	.text.HAL_DBGMCU_DisableDBGSleepMode,"ax",%progbits
 445              		.align	1
 446              		.global	HAL_DBGMCU_DisableDBGSleepMode
 447              		.thumb
 448              		.thumb_func
 450              	HAL_DBGMCU_DisableDBGSleepMode:
 451              	.LFB78:
 421:../Drivers/STM32F1xx_HAL_Driver/Src/stm32f1xx_hal.c **** }
 422:../Drivers/STM32F1xx_HAL_Driver/Src/stm32f1xx_hal.c **** 
 423:../Drivers/STM32F1xx_HAL_Driver/Src/stm32f1xx_hal.c **** /**
 424:../Drivers/STM32F1xx_HAL_Driver/Src/stm32f1xx_hal.c ****   * @brief  Disable the Debug Module during SLEEP mode
 425:../Drivers/STM32F1xx_HAL_Driver/Src/stm32f1xx_hal.c ****   * Note: On devices STM32F10xx8 and STM32F10xxB,
 426:../Drivers/STM32F1xx_HAL_Driver/Src/stm32f1xx_hal.c ****   *                  STM32F101xC/D/E and STM32F103xC/D/E,
 427:../Drivers/STM32F1xx_HAL_Driver/Src/stm32f1xx_hal.c ****   *                  STM32F101xF/G and STM32F103xF/G
 428:../Drivers/STM32F1xx_HAL_Driver/Src/stm32f1xx_hal.c ****   *                  STM32F10xx4 and STM32F10xx6
 429:../Drivers/STM32F1xx_HAL_Driver/Src/stm32f1xx_hal.c ****   *       Debug registers DBGMCU_IDCODE and DBGMCU_CR are accessible only in 
 430:../Drivers/STM32F1xx_HAL_Driver/Src/stm32f1xx_hal.c ****   *       debug mode (not accessible by the user software in normal mode).
 431:../Drivers/STM32F1xx_HAL_Driver/Src/stm32f1xx_hal.c ****   *       Refer to errata sheet of these devices for more details.
 432:../Drivers/STM32F1xx_HAL_Driver/Src/stm32f1xx_hal.c ****   * @retval None
 433:../Drivers/STM32F1xx_HAL_Driver/Src/stm32f1xx_hal.c ****   */
 434:../Drivers/STM32F1xx_HAL_Driver/Src/stm32f1xx_hal.c **** void HAL_DBGMCU_DisableDBGSleepMode(void)
 435:../Drivers/STM32F1xx_HAL_Driver/Src/stm32f1xx_hal.c **** {
 452              		.loc 1 435 0
 453              		.cfi_startproc
 454              		@ args = 0, pretend = 0, frame = 0
 455              		@ frame_needed = 0, uses_anonymous_args = 0
 456              		@ link register save eliminated.
 436:../Drivers/STM32F1xx_HAL_Driver/Src/stm32f1xx_hal.c ****   CLEAR_BIT(DBGMCU->CR, DBGMCU_CR_DBG_SLEEP);
 457              		.loc 1 436 0
 458 0000 024A     		ldr	r2, .L45
 459 0002 5368     		ldr	r3, [r2, #4]
 460 0004 23F00103 		bic	r3, r3, #1
 461 0008 5360     		str	r3, [r2, #4]
 462 000a 7047     		bx	lr
 463              	.L46:
 464              		.align	2
 465              	.L45:
 466 000c 002004E0 		.word	-536600576
 467              		.cfi_endproc
 468              	.LFE78:
 470              		.section	.text.HAL_DBGMCU_EnableDBGStopMode,"ax",%progbits
 471              		.align	1
 472              		.global	HAL_DBGMCU_EnableDBGStopMode
 473              		.thumb
 474              		.thumb_func
 476              	HAL_DBGMCU_EnableDBGStopMode:
 477              	.LFB79:
 437:../Drivers/STM32F1xx_HAL_Driver/Src/stm32f1xx_hal.c **** }
 438:../Drivers/STM32F1xx_HAL_Driver/Src/stm32f1xx_hal.c **** 
 439:../Drivers/STM32F1xx_HAL_Driver/Src/stm32f1xx_hal.c **** /**
 440:../Drivers/STM32F1xx_HAL_Driver/Src/stm32f1xx_hal.c ****   * @brief  Enable the Debug Module during STOP mode
 441:../Drivers/STM32F1xx_HAL_Driver/Src/stm32f1xx_hal.c ****   * Note: On devices STM32F10xx8 and STM32F10xxB,
 442:../Drivers/STM32F1xx_HAL_Driver/Src/stm32f1xx_hal.c ****   *                  STM32F101xC/D/E and STM32F103xC/D/E,
 443:../Drivers/STM32F1xx_HAL_Driver/Src/stm32f1xx_hal.c ****   *                  STM32F101xF/G and STM32F103xF/G
 444:../Drivers/STM32F1xx_HAL_Driver/Src/stm32f1xx_hal.c ****   *                  STM32F10xx4 and STM32F10xx6
 445:../Drivers/STM32F1xx_HAL_Driver/Src/stm32f1xx_hal.c ****   *       Debug registers DBGMCU_IDCODE and DBGMCU_CR are accessible only in 
 446:../Drivers/STM32F1xx_HAL_Driver/Src/stm32f1xx_hal.c ****   *       debug mode (not accessible by the user software in normal mode).
ARM GAS  /var/folders/jn/652hmfdj2m99syhs9p34dk640000gq/T//cc0pUydg.s 			page 17


 447:../Drivers/STM32F1xx_HAL_Driver/Src/stm32f1xx_hal.c ****   *       Refer to errata sheet of these devices for more details.
 448:../Drivers/STM32F1xx_HAL_Driver/Src/stm32f1xx_hal.c ****   * Note: On all STM32F1 devices:
 449:../Drivers/STM32F1xx_HAL_Driver/Src/stm32f1xx_hal.c ****   *       If the system tick timer interrupt is enabled during the Stop mode 
 450:../Drivers/STM32F1xx_HAL_Driver/Src/stm32f1xx_hal.c ****   *       debug (DBG_STOP bit set in the DBGMCU_CR register ), it will wakeup
 451:../Drivers/STM32F1xx_HAL_Driver/Src/stm32f1xx_hal.c ****   *       the system from Stop mode.
 452:../Drivers/STM32F1xx_HAL_Driver/Src/stm32f1xx_hal.c ****   *       Workaround: To debug the Stop mode, disable the system tick timer 
 453:../Drivers/STM32F1xx_HAL_Driver/Src/stm32f1xx_hal.c ****   *       interrupt.
 454:../Drivers/STM32F1xx_HAL_Driver/Src/stm32f1xx_hal.c ****   *       Refer to errata sheet of these devices for more details.
 455:../Drivers/STM32F1xx_HAL_Driver/Src/stm32f1xx_hal.c ****   * Note: On all STM32F1 devices:
 456:../Drivers/STM32F1xx_HAL_Driver/Src/stm32f1xx_hal.c ****   *       If the system tick timer interrupt is enabled during the Stop mode  
 457:../Drivers/STM32F1xx_HAL_Driver/Src/stm32f1xx_hal.c ****   *       debug (DBG_STOP bit set in the DBGMCU_CR register ), it will wakeup
 458:../Drivers/STM32F1xx_HAL_Driver/Src/stm32f1xx_hal.c ****   *       the system from Stop mode.
 459:../Drivers/STM32F1xx_HAL_Driver/Src/stm32f1xx_hal.c ****   *       Workaround: To debug the Stop mode, disable the system tick timer
 460:../Drivers/STM32F1xx_HAL_Driver/Src/stm32f1xx_hal.c ****   *       interrupt.
 461:../Drivers/STM32F1xx_HAL_Driver/Src/stm32f1xx_hal.c ****   *       Refer to errata sheet of these devices for more details.
 462:../Drivers/STM32F1xx_HAL_Driver/Src/stm32f1xx_hal.c ****   * @retval None
 463:../Drivers/STM32F1xx_HAL_Driver/Src/stm32f1xx_hal.c ****   */
 464:../Drivers/STM32F1xx_HAL_Driver/Src/stm32f1xx_hal.c **** void HAL_DBGMCU_EnableDBGStopMode(void)
 465:../Drivers/STM32F1xx_HAL_Driver/Src/stm32f1xx_hal.c **** {
 478              		.loc 1 465 0
 479              		.cfi_startproc
 480              		@ args = 0, pretend = 0, frame = 0
 481              		@ frame_needed = 0, uses_anonymous_args = 0
 482              		@ link register save eliminated.
 466:../Drivers/STM32F1xx_HAL_Driver/Src/stm32f1xx_hal.c ****   SET_BIT(DBGMCU->CR, DBGMCU_CR_DBG_STOP);
 483              		.loc 1 466 0
 484 0000 024A     		ldr	r2, .L48
 485 0002 5368     		ldr	r3, [r2, #4]
 486 0004 43F00203 		orr	r3, r3, #2
 487 0008 5360     		str	r3, [r2, #4]
 488 000a 7047     		bx	lr
 489              	.L49:
 490              		.align	2
 491              	.L48:
 492 000c 002004E0 		.word	-536600576
 493              		.cfi_endproc
 494              	.LFE79:
 496              		.section	.text.HAL_DBGMCU_DisableDBGStopMode,"ax",%progbits
 497              		.align	1
 498              		.global	HAL_DBGMCU_DisableDBGStopMode
 499              		.thumb
 500              		.thumb_func
 502              	HAL_DBGMCU_DisableDBGStopMode:
 503              	.LFB80:
 467:../Drivers/STM32F1xx_HAL_Driver/Src/stm32f1xx_hal.c **** }
 468:../Drivers/STM32F1xx_HAL_Driver/Src/stm32f1xx_hal.c **** 
 469:../Drivers/STM32F1xx_HAL_Driver/Src/stm32f1xx_hal.c **** /**
 470:../Drivers/STM32F1xx_HAL_Driver/Src/stm32f1xx_hal.c ****   * @brief  Disable the Debug Module during STOP mode
 471:../Drivers/STM32F1xx_HAL_Driver/Src/stm32f1xx_hal.c ****   * Note: On devices STM32F10xx8 and STM32F10xxB,
 472:../Drivers/STM32F1xx_HAL_Driver/Src/stm32f1xx_hal.c ****   *                  STM32F101xC/D/E and STM32F103xC/D/E,
 473:../Drivers/STM32F1xx_HAL_Driver/Src/stm32f1xx_hal.c ****   *                  STM32F101xF/G and STM32F103xF/G
 474:../Drivers/STM32F1xx_HAL_Driver/Src/stm32f1xx_hal.c ****   *                  STM32F10xx4 and STM32F10xx6
 475:../Drivers/STM32F1xx_HAL_Driver/Src/stm32f1xx_hal.c ****   *       Debug registers DBGMCU_IDCODE and DBGMCU_CR are accessible only in 
 476:../Drivers/STM32F1xx_HAL_Driver/Src/stm32f1xx_hal.c ****   *       debug mode (not accessible by the user software in normal mode).
 477:../Drivers/STM32F1xx_HAL_Driver/Src/stm32f1xx_hal.c ****   *       Refer to errata sheet of these devices for more details.
 478:../Drivers/STM32F1xx_HAL_Driver/Src/stm32f1xx_hal.c ****   * @retval None
 479:../Drivers/STM32F1xx_HAL_Driver/Src/stm32f1xx_hal.c ****   */
ARM GAS  /var/folders/jn/652hmfdj2m99syhs9p34dk640000gq/T//cc0pUydg.s 			page 18


 480:../Drivers/STM32F1xx_HAL_Driver/Src/stm32f1xx_hal.c **** void HAL_DBGMCU_DisableDBGStopMode(void)
 481:../Drivers/STM32F1xx_HAL_Driver/Src/stm32f1xx_hal.c **** {
 504              		.loc 1 481 0
 505              		.cfi_startproc
 506              		@ args = 0, pretend = 0, frame = 0
 507              		@ frame_needed = 0, uses_anonymous_args = 0
 508              		@ link register save eliminated.
 482:../Drivers/STM32F1xx_HAL_Driver/Src/stm32f1xx_hal.c ****   CLEAR_BIT(DBGMCU->CR, DBGMCU_CR_DBG_STOP);
 509              		.loc 1 482 0
 510 0000 024A     		ldr	r2, .L51
 511 0002 5368     		ldr	r3, [r2, #4]
 512 0004 23F00203 		bic	r3, r3, #2
 513 0008 5360     		str	r3, [r2, #4]
 514 000a 7047     		bx	lr
 515              	.L52:
 516              		.align	2
 517              	.L51:
 518 000c 002004E0 		.word	-536600576
 519              		.cfi_endproc
 520              	.LFE80:
 522              		.section	.text.HAL_DBGMCU_EnableDBGStandbyMode,"ax",%progbits
 523              		.align	1
 524              		.global	HAL_DBGMCU_EnableDBGStandbyMode
 525              		.thumb
 526              		.thumb_func
 528              	HAL_DBGMCU_EnableDBGStandbyMode:
 529              	.LFB81:
 483:../Drivers/STM32F1xx_HAL_Driver/Src/stm32f1xx_hal.c **** }
 484:../Drivers/STM32F1xx_HAL_Driver/Src/stm32f1xx_hal.c **** 
 485:../Drivers/STM32F1xx_HAL_Driver/Src/stm32f1xx_hal.c **** /**
 486:../Drivers/STM32F1xx_HAL_Driver/Src/stm32f1xx_hal.c ****   * @brief  Enable the Debug Module during STANDBY mode
 487:../Drivers/STM32F1xx_HAL_Driver/Src/stm32f1xx_hal.c ****   * Note: On devices STM32F10xx8 and STM32F10xxB,
 488:../Drivers/STM32F1xx_HAL_Driver/Src/stm32f1xx_hal.c ****   *                  STM32F101xC/D/E and STM32F103xC/D/E,
 489:../Drivers/STM32F1xx_HAL_Driver/Src/stm32f1xx_hal.c ****   *                  STM32F101xF/G and STM32F103xF/G
 490:../Drivers/STM32F1xx_HAL_Driver/Src/stm32f1xx_hal.c ****   *                  STM32F10xx4 and STM32F10xx6
 491:../Drivers/STM32F1xx_HAL_Driver/Src/stm32f1xx_hal.c ****   *       Debug registers DBGMCU_IDCODE and DBGMCU_CR are accessible only in 
 492:../Drivers/STM32F1xx_HAL_Driver/Src/stm32f1xx_hal.c ****   *       debug mode (not accessible by the user software in normal mode).
 493:../Drivers/STM32F1xx_HAL_Driver/Src/stm32f1xx_hal.c ****   *       Refer to errata sheet of these devices for more details.
 494:../Drivers/STM32F1xx_HAL_Driver/Src/stm32f1xx_hal.c ****   * @retval None
 495:../Drivers/STM32F1xx_HAL_Driver/Src/stm32f1xx_hal.c ****   */
 496:../Drivers/STM32F1xx_HAL_Driver/Src/stm32f1xx_hal.c **** void HAL_DBGMCU_EnableDBGStandbyMode(void)
 497:../Drivers/STM32F1xx_HAL_Driver/Src/stm32f1xx_hal.c **** {
 530              		.loc 1 497 0
 531              		.cfi_startproc
 532              		@ args = 0, pretend = 0, frame = 0
 533              		@ frame_needed = 0, uses_anonymous_args = 0
 534              		@ link register save eliminated.
 498:../Drivers/STM32F1xx_HAL_Driver/Src/stm32f1xx_hal.c ****   SET_BIT(DBGMCU->CR, DBGMCU_CR_DBG_STANDBY);
 535              		.loc 1 498 0
 536 0000 024A     		ldr	r2, .L54
 537 0002 5368     		ldr	r3, [r2, #4]
 538 0004 43F00403 		orr	r3, r3, #4
 539 0008 5360     		str	r3, [r2, #4]
 540 000a 7047     		bx	lr
 541              	.L55:
 542              		.align	2
 543              	.L54:
ARM GAS  /var/folders/jn/652hmfdj2m99syhs9p34dk640000gq/T//cc0pUydg.s 			page 19


 544 000c 002004E0 		.word	-536600576
 545              		.cfi_endproc
 546              	.LFE81:
 548              		.section	.text.HAL_DBGMCU_DisableDBGStandbyMode,"ax",%progbits
 549              		.align	1
 550              		.global	HAL_DBGMCU_DisableDBGStandbyMode
 551              		.thumb
 552              		.thumb_func
 554              	HAL_DBGMCU_DisableDBGStandbyMode:
 555              	.LFB82:
 499:../Drivers/STM32F1xx_HAL_Driver/Src/stm32f1xx_hal.c **** }
 500:../Drivers/STM32F1xx_HAL_Driver/Src/stm32f1xx_hal.c **** 
 501:../Drivers/STM32F1xx_HAL_Driver/Src/stm32f1xx_hal.c **** /**
 502:../Drivers/STM32F1xx_HAL_Driver/Src/stm32f1xx_hal.c ****   * @brief  Disable the Debug Module during STANDBY mode
 503:../Drivers/STM32F1xx_HAL_Driver/Src/stm32f1xx_hal.c ****   * Note: On devices STM32F10xx8 and STM32F10xxB,
 504:../Drivers/STM32F1xx_HAL_Driver/Src/stm32f1xx_hal.c ****   *                  STM32F101xC/D/E and STM32F103xC/D/E,
 505:../Drivers/STM32F1xx_HAL_Driver/Src/stm32f1xx_hal.c ****   *                  STM32F101xF/G and STM32F103xF/G
 506:../Drivers/STM32F1xx_HAL_Driver/Src/stm32f1xx_hal.c ****   *                  STM32F10xx4 and STM32F10xx6
 507:../Drivers/STM32F1xx_HAL_Driver/Src/stm32f1xx_hal.c ****   *       Debug registers DBGMCU_IDCODE and DBGMCU_CR are accessible only in 
 508:../Drivers/STM32F1xx_HAL_Driver/Src/stm32f1xx_hal.c ****   *       debug mode (not accessible by the user software in normal mode).
 509:../Drivers/STM32F1xx_HAL_Driver/Src/stm32f1xx_hal.c ****   *       Refer to errata sheet of these devices for more details.
 510:../Drivers/STM32F1xx_HAL_Driver/Src/stm32f1xx_hal.c ****   * @retval None
 511:../Drivers/STM32F1xx_HAL_Driver/Src/stm32f1xx_hal.c ****   */
 512:../Drivers/STM32F1xx_HAL_Driver/Src/stm32f1xx_hal.c **** void HAL_DBGMCU_DisableDBGStandbyMode(void)
 513:../Drivers/STM32F1xx_HAL_Driver/Src/stm32f1xx_hal.c **** {
 556              		.loc 1 513 0
 557              		.cfi_startproc
 558              		@ args = 0, pretend = 0, frame = 0
 559              		@ frame_needed = 0, uses_anonymous_args = 0
 560              		@ link register save eliminated.
 514:../Drivers/STM32F1xx_HAL_Driver/Src/stm32f1xx_hal.c ****   CLEAR_BIT(DBGMCU->CR, DBGMCU_CR_DBG_STANDBY);
 561              		.loc 1 514 0
 562 0000 024A     		ldr	r2, .L57
 563 0002 5368     		ldr	r3, [r2, #4]
 564 0004 23F00403 		bic	r3, r3, #4
 565 0008 5360     		str	r3, [r2, #4]
 566 000a 7047     		bx	lr
 567              	.L58:
 568              		.align	2
 569              	.L57:
 570 000c 002004E0 		.word	-536600576
 571              		.cfi_endproc
 572              	.LFE82:
 574              		.section	.text.HAL_GetUID,"ax",%progbits
 575              		.align	1
 576              		.global	HAL_GetUID
 577              		.thumb
 578              		.thumb_func
 580              	HAL_GetUID:
 581              	.LFB83:
 515:../Drivers/STM32F1xx_HAL_Driver/Src/stm32f1xx_hal.c **** }
 516:../Drivers/STM32F1xx_HAL_Driver/Src/stm32f1xx_hal.c **** 
 517:../Drivers/STM32F1xx_HAL_Driver/Src/stm32f1xx_hal.c **** /**
 518:../Drivers/STM32F1xx_HAL_Driver/Src/stm32f1xx_hal.c ****   * @brief Return the unique device identifier (UID based on 96 bits)
 519:../Drivers/STM32F1xx_HAL_Driver/Src/stm32f1xx_hal.c ****   * @param UID: pointer to 3 words array.
 520:../Drivers/STM32F1xx_HAL_Driver/Src/stm32f1xx_hal.c ****   * @retval Device identifier
 521:../Drivers/STM32F1xx_HAL_Driver/Src/stm32f1xx_hal.c ****   */
ARM GAS  /var/folders/jn/652hmfdj2m99syhs9p34dk640000gq/T//cc0pUydg.s 			page 20


 522:../Drivers/STM32F1xx_HAL_Driver/Src/stm32f1xx_hal.c **** void HAL_GetUID(uint32_t *UID)
 523:../Drivers/STM32F1xx_HAL_Driver/Src/stm32f1xx_hal.c **** {
 582              		.loc 1 523 0
 583              		.cfi_startproc
 584              		@ args = 0, pretend = 0, frame = 0
 585              		@ frame_needed = 0, uses_anonymous_args = 0
 586              		@ link register save eliminated.
 587              	.LVL15:
 524:../Drivers/STM32F1xx_HAL_Driver/Src/stm32f1xx_hal.c ****   UID[0] = (uint32_t)(READ_REG(*((uint32_t *)UID_BASE)));
 588              		.loc 1 524 0
 589 0000 044B     		ldr	r3, .L60
 590 0002 1B68     		ldr	r3, [r3]
 591 0004 0360     		str	r3, [r0]
 525:../Drivers/STM32F1xx_HAL_Driver/Src/stm32f1xx_hal.c ****   UID[1] = (uint32_t)(READ_REG(*((uint32_t *)(UID_BASE + 4U))));
 592              		.loc 1 525 0
 593 0006 044B     		ldr	r3, .L60+4
 594 0008 1B68     		ldr	r3, [r3]
 595 000a 4360     		str	r3, [r0, #4]
 526:../Drivers/STM32F1xx_HAL_Driver/Src/stm32f1xx_hal.c ****   UID[2] = (uint32_t)(READ_REG(*((uint32_t *)(UID_BASE + 8U))));
 596              		.loc 1 526 0
 597 000c 034B     		ldr	r3, .L60+8
 598 000e 1B68     		ldr	r3, [r3]
 599 0010 8360     		str	r3, [r0, #8]
 600 0012 7047     		bx	lr
 601              	.L61:
 602              		.align	2
 603              	.L60:
 604 0014 E8F7FF1F 		.word	536868840
 605 0018 ECF7FF1F 		.word	536868844
 606 001c F0F7FF1F 		.word	536868848
 607              		.cfi_endproc
 608              	.LFE83:
 610              		.comm	uwTick,4,4
 611              		.text
 612              	.Letext0:
 613              		.file 2 "/usr/local/Cellar/gcc-arm-none-eabi/20160928/arm-none-eabi/include/machine/_default_types
 614              		.file 3 "/usr/local/Cellar/gcc-arm-none-eabi/20160928/arm-none-eabi/include/sys/_stdint.h"
 615              		.file 4 "../Drivers/CMSIS/Include/core_cm3.h"
 616              		.file 5 "../Drivers/CMSIS/Device/ST/STM32F1xx/Include/stm32f103xb.h"
 617              		.file 6 "../Drivers/STM32F1xx_HAL_Driver/Inc/stm32f1xx_hal_def.h"
 618              		.file 7 "../Drivers/CMSIS/Device/ST/STM32F1xx/Include/system_stm32f1xx.h"
 619              		.file 8 "../Drivers/STM32F1xx_HAL_Driver/Inc/stm32f1xx_hal_cortex.h"
ARM GAS  /var/folders/jn/652hmfdj2m99syhs9p34dk640000gq/T//cc0pUydg.s 			page 21


DEFINED SYMBOLS
                            *ABS*:0000000000000000 stm32f1xx_hal.c
/var/folders/jn/652hmfdj2m99syhs9p34dk640000gq/T//cc0pUydg.s:20     .text.HAL_MspInit:0000000000000000 $t
/var/folders/jn/652hmfdj2m99syhs9p34dk640000gq/T//cc0pUydg.s:25     .text.HAL_MspInit:0000000000000000 HAL_MspInit
/var/folders/jn/652hmfdj2m99syhs9p34dk640000gq/T//cc0pUydg.s:36     .text.HAL_MspDeInit:0000000000000000 $t
/var/folders/jn/652hmfdj2m99syhs9p34dk640000gq/T//cc0pUydg.s:41     .text.HAL_MspDeInit:0000000000000000 HAL_MspDeInit
/var/folders/jn/652hmfdj2m99syhs9p34dk640000gq/T//cc0pUydg.s:54     .text.HAL_DeInit:0000000000000000 $t
/var/folders/jn/652hmfdj2m99syhs9p34dk640000gq/T//cc0pUydg.s:59     .text.HAL_DeInit:0000000000000000 HAL_DeInit
/var/folders/jn/652hmfdj2m99syhs9p34dk640000gq/T//cc0pUydg.s:93     .text.HAL_DeInit:000000000000001c $d
/var/folders/jn/652hmfdj2m99syhs9p34dk640000gq/T//cc0pUydg.s:98     .text.HAL_InitTick:0000000000000000 $t
/var/folders/jn/652hmfdj2m99syhs9p34dk640000gq/T//cc0pUydg.s:103    .text.HAL_InitTick:0000000000000000 HAL_InitTick
/var/folders/jn/652hmfdj2m99syhs9p34dk640000gq/T//cc0pUydg.s:138    .text.HAL_InitTick:0000000000000024 $d
/var/folders/jn/652hmfdj2m99syhs9p34dk640000gq/T//cc0pUydg.s:143    .text.HAL_Init:0000000000000000 $t
/var/folders/jn/652hmfdj2m99syhs9p34dk640000gq/T//cc0pUydg.s:148    .text.HAL_Init:0000000000000000 HAL_Init
/var/folders/jn/652hmfdj2m99syhs9p34dk640000gq/T//cc0pUydg.s:185    .text.HAL_Init:0000000000000020 $d
/var/folders/jn/652hmfdj2m99syhs9p34dk640000gq/T//cc0pUydg.s:190    .text.HAL_IncTick:0000000000000000 $t
/var/folders/jn/652hmfdj2m99syhs9p34dk640000gq/T//cc0pUydg.s:195    .text.HAL_IncTick:0000000000000000 HAL_IncTick
/var/folders/jn/652hmfdj2m99syhs9p34dk640000gq/T//cc0pUydg.s:211    .text.HAL_IncTick:000000000000000c $d
                            *COM*:0000000000000004 uwTick
/var/folders/jn/652hmfdj2m99syhs9p34dk640000gq/T//cc0pUydg.s:216    .text.HAL_GetTick:0000000000000000 $t
/var/folders/jn/652hmfdj2m99syhs9p34dk640000gq/T//cc0pUydg.s:221    .text.HAL_GetTick:0000000000000000 HAL_GetTick
/var/folders/jn/652hmfdj2m99syhs9p34dk640000gq/T//cc0pUydg.s:236    .text.HAL_GetTick:0000000000000008 $d
/var/folders/jn/652hmfdj2m99syhs9p34dk640000gq/T//cc0pUydg.s:241    .text.HAL_Delay:0000000000000000 $t
/var/folders/jn/652hmfdj2m99syhs9p34dk640000gq/T//cc0pUydg.s:246    .text.HAL_Delay:0000000000000000 HAL_Delay
/var/folders/jn/652hmfdj2m99syhs9p34dk640000gq/T//cc0pUydg.s:292    .text.HAL_SuspendTick:0000000000000000 $t
/var/folders/jn/652hmfdj2m99syhs9p34dk640000gq/T//cc0pUydg.s:297    .text.HAL_SuspendTick:0000000000000000 HAL_SuspendTick
/var/folders/jn/652hmfdj2m99syhs9p34dk640000gq/T//cc0pUydg.s:313    .text.HAL_SuspendTick:000000000000000c $d
/var/folders/jn/652hmfdj2m99syhs9p34dk640000gq/T//cc0pUydg.s:318    .text.HAL_ResumeTick:0000000000000000 $t
/var/folders/jn/652hmfdj2m99syhs9p34dk640000gq/T//cc0pUydg.s:323    .text.HAL_ResumeTick:0000000000000000 HAL_ResumeTick
/var/folders/jn/652hmfdj2m99syhs9p34dk640000gq/T//cc0pUydg.s:339    .text.HAL_ResumeTick:000000000000000c $d
/var/folders/jn/652hmfdj2m99syhs9p34dk640000gq/T//cc0pUydg.s:344    .text.HAL_GetHalVersion:0000000000000000 $t
/var/folders/jn/652hmfdj2m99syhs9p34dk640000gq/T//cc0pUydg.s:349    .text.HAL_GetHalVersion:0000000000000000 HAL_GetHalVersion
/var/folders/jn/652hmfdj2m99syhs9p34dk640000gq/T//cc0pUydg.s:362    .text.HAL_GetHalVersion:0000000000000004 $d
/var/folders/jn/652hmfdj2m99syhs9p34dk640000gq/T//cc0pUydg.s:367    .text.HAL_GetREVID:0000000000000000 $t
/var/folders/jn/652hmfdj2m99syhs9p34dk640000gq/T//cc0pUydg.s:372    .text.HAL_GetREVID:0000000000000000 HAL_GetREVID
/var/folders/jn/652hmfdj2m99syhs9p34dk640000gq/T//cc0pUydg.s:388    .text.HAL_GetREVID:0000000000000008 $d
/var/folders/jn/652hmfdj2m99syhs9p34dk640000gq/T//cc0pUydg.s:393    .text.HAL_GetDEVID:0000000000000000 $t
/var/folders/jn/652hmfdj2m99syhs9p34dk640000gq/T//cc0pUydg.s:398    .text.HAL_GetDEVID:0000000000000000 HAL_GetDEVID
/var/folders/jn/652hmfdj2m99syhs9p34dk640000gq/T//cc0pUydg.s:414    .text.HAL_GetDEVID:000000000000000c $d
/var/folders/jn/652hmfdj2m99syhs9p34dk640000gq/T//cc0pUydg.s:419    .text.HAL_DBGMCU_EnableDBGSleepMode:0000000000000000 $t
/var/folders/jn/652hmfdj2m99syhs9p34dk640000gq/T//cc0pUydg.s:424    .text.HAL_DBGMCU_EnableDBGSleepMode:0000000000000000 HAL_DBGMCU_EnableDBGSleepMode
/var/folders/jn/652hmfdj2m99syhs9p34dk640000gq/T//cc0pUydg.s:440    .text.HAL_DBGMCU_EnableDBGSleepMode:000000000000000c $d
/var/folders/jn/652hmfdj2m99syhs9p34dk640000gq/T//cc0pUydg.s:445    .text.HAL_DBGMCU_DisableDBGSleepMode:0000000000000000 $t
/var/folders/jn/652hmfdj2m99syhs9p34dk640000gq/T//cc0pUydg.s:450    .text.HAL_DBGMCU_DisableDBGSleepMode:0000000000000000 HAL_DBGMCU_DisableDBGSleepMode
/var/folders/jn/652hmfdj2m99syhs9p34dk640000gq/T//cc0pUydg.s:466    .text.HAL_DBGMCU_DisableDBGSleepMode:000000000000000c $d
/var/folders/jn/652hmfdj2m99syhs9p34dk640000gq/T//cc0pUydg.s:471    .text.HAL_DBGMCU_EnableDBGStopMode:0000000000000000 $t
/var/folders/jn/652hmfdj2m99syhs9p34dk640000gq/T//cc0pUydg.s:476    .text.HAL_DBGMCU_EnableDBGStopMode:0000000000000000 HAL_DBGMCU_EnableDBGStopMode
/var/folders/jn/652hmfdj2m99syhs9p34dk640000gq/T//cc0pUydg.s:492    .text.HAL_DBGMCU_EnableDBGStopMode:000000000000000c $d
/var/folders/jn/652hmfdj2m99syhs9p34dk640000gq/T//cc0pUydg.s:497    .text.HAL_DBGMCU_DisableDBGStopMode:0000000000000000 $t
/var/folders/jn/652hmfdj2m99syhs9p34dk640000gq/T//cc0pUydg.s:502    .text.HAL_DBGMCU_DisableDBGStopMode:0000000000000000 HAL_DBGMCU_DisableDBGStopMode
/var/folders/jn/652hmfdj2m99syhs9p34dk640000gq/T//cc0pUydg.s:518    .text.HAL_DBGMCU_DisableDBGStopMode:000000000000000c $d
/var/folders/jn/652hmfdj2m99syhs9p34dk640000gq/T//cc0pUydg.s:523    .text.HAL_DBGMCU_EnableDBGStandbyMode:0000000000000000 $t
/var/folders/jn/652hmfdj2m99syhs9p34dk640000gq/T//cc0pUydg.s:528    .text.HAL_DBGMCU_EnableDBGStandbyMode:0000000000000000 HAL_DBGMCU_EnableDBGStandbyMode
/var/folders/jn/652hmfdj2m99syhs9p34dk640000gq/T//cc0pUydg.s:544    .text.HAL_DBGMCU_EnableDBGStandbyMode:000000000000000c $d
/var/folders/jn/652hmfdj2m99syhs9p34dk640000gq/T//cc0pUydg.s:549    .text.HAL_DBGMCU_DisableDBGStandbyMode:0000000000000000 $t
/var/folders/jn/652hmfdj2m99syhs9p34dk640000gq/T//cc0pUydg.s:554    .text.HAL_DBGMCU_DisableDBGStandbyMode:0000000000000000 HAL_DBGMCU_DisableDBGStandbyMode
/var/folders/jn/652hmfdj2m99syhs9p34dk640000gq/T//cc0pUydg.s:570    .text.HAL_DBGMCU_DisableDBGStandbyMode:000000000000000c $d
ARM GAS  /var/folders/jn/652hmfdj2m99syhs9p34dk640000gq/T//cc0pUydg.s 			page 22


/var/folders/jn/652hmfdj2m99syhs9p34dk640000gq/T//cc0pUydg.s:575    .text.HAL_GetUID:0000000000000000 $t
/var/folders/jn/652hmfdj2m99syhs9p34dk640000gq/T//cc0pUydg.s:580    .text.HAL_GetUID:0000000000000000 HAL_GetUID
/var/folders/jn/652hmfdj2m99syhs9p34dk640000gq/T//cc0pUydg.s:604    .text.HAL_GetUID:0000000000000014 $d
                     .debug_frame:0000000000000010 $d

UNDEFINED SYMBOLS
HAL_SYSTICK_Config
HAL_NVIC_SetPriority
SystemCoreClock
HAL_NVIC_SetPriorityGrouping
