ARM GAS  /var/folders/jn/652hmfdj2m99syhs9p34dk640000gq/T//cc6sjrsD.s 			page 1


   1              		.syntax unified
   2              		.cpu cortex-m3
   3              		.fpu softvfp
   4              		.eabi_attribute 20, 1
   5              		.eabi_attribute 21, 1
   6              		.eabi_attribute 23, 3
   7              		.eabi_attribute 24, 1
   8              		.eabi_attribute 25, 1
   9              		.eabi_attribute 26, 1
  10              		.eabi_attribute 30, 4
  11              		.eabi_attribute 34, 1
  12              		.eabi_attribute 18, 4
  13              		.thumb
  14              		.syntax unified
  15              		.file	"tim1_pwm.c"
  16              		.text
  17              	.Ltext0:
  18              		.cfi_sections	.debug_frame
  19              		.section	.text.Error_Handler,"ax",%progbits
  20              		.align	1
  21              		.global	Error_Handler
  22              		.thumb
  23              		.thumb_func
  25              	Error_Handler:
  26              	.LFB64:
  27              		.file 1 "tim1_pwm.c"
   1:tim1_pwm.c    **** // **************************************************************
   2:tim1_pwm.c    **** // Copyright (c) 2022 AARI Corporation. All rights reserved
   3:tim1_pwm.c    **** // Author Wei-Min Shen, 3-26-2022, 11-9-2022
   4:tim1_pwm.c    **** //
   5:tim1_pwm.c    **** // A demo for two timers to colaborate with each other:
   6:tim1_pwm.c    **** // 	Timer1's interrupt trun on  PC13/LED, and
   7:tim1_pwm.c    **** // 	Timer2's interrupt turn off PC13/LED
   8:tim1_pwm.c    **** //	To see these fast effects, gdb break on HAL_GPIO_TogglePin
   9:tim1_pwm.c    **** // ***************************************************************
  10:tim1_pwm.c    **** 
  11:tim1_pwm.c    **** #include "stm32f1xx_hal.h"
  12:tim1_pwm.c    **** 
  13:tim1_pwm.c    **** extern TIM_HandleTypeDef tim1_handle;
  14:tim1_pwm.c    **** 
  15:tim1_pwm.c    **** void Error_Handler() {}	// useful for breakpoint in gdb
  28              		.loc 1 15 0
  29              		.cfi_startproc
  30              		@ args = 0, pretend = 0, frame = 0
  31              		@ frame_needed = 0, uses_anonymous_args = 0
  32              		@ link register save eliminated.
  33 0000 7047     		bx	lr
  34              		.cfi_endproc
  35              	.LFE64:
  37              		.section	.text.GPIO_Init_for_PWM,"ax",%progbits
  38              		.align	1
  39              		.global	GPIO_Init_for_PWM
  40              		.thumb
  41              		.thumb_func
  43              	GPIO_Init_for_PWM:
  44              	.LFB65:
  16:tim1_pwm.c    **** 
ARM GAS  /var/folders/jn/652hmfdj2m99syhs9p34dk640000gq/T//cc6sjrsD.s 			page 2


  17:tim1_pwm.c    **** void GPIO_Init_for_PWM()
  18:tim1_pwm.c    **** {
  45              		.loc 1 18 0
  46              		.cfi_startproc
  47              		@ args = 0, pretend = 0, frame = 32
  48              		@ frame_needed = 0, uses_anonymous_args = 0
  49              	.LBB15:
  19:tim1_pwm.c    ****   GPIO_InitTypeDef GPIO_InitStruct;
  20:tim1_pwm.c    **** 
  21:tim1_pwm.c    ****   // GPIO Ports Clock Enable
  22:tim1_pwm.c    ****   __HAL_RCC_GPIOA_CLK_ENABLE();
  50              		.loc 1 22 0
  51 0000 184B     		ldr	r3, .L3
  52              	.LBE15:
  18:tim1_pwm.c    ****   GPIO_InitTypeDef GPIO_InitStruct;
  53              		.loc 1 18 0
  54 0002 10B5     		push	{r4, lr}
  55              	.LCFI0:
  56              		.cfi_def_cfa_offset 8
  57              		.cfi_offset 4, -8
  58              		.cfi_offset 14, -4
  59              	.LBB16:
  60              		.loc 1 22 0
  61 0004 9A69     		ldr	r2, [r3, #24]
  62              	.LBE16:
  18:tim1_pwm.c    ****   GPIO_InitTypeDef GPIO_InitStruct;
  63              		.loc 1 18 0
  64 0006 88B0     		sub	sp, sp, #32
  65              	.LCFI1:
  66              		.cfi_def_cfa_offset 40
  67              	.LBB17:
  68              		.loc 1 22 0
  69 0008 42F00402 		orr	r2, r2, #4
  70 000c 9A61     		str	r2, [r3, #24]
  71 000e 9A69     		ldr	r2, [r3, #24]
  72              	.LBE17:
  23:tim1_pwm.c    ****   __HAL_RCC_GPIOB_CLK_ENABLE();
  24:tim1_pwm.c    ****   __HAL_RCC_GPIOC_CLK_ENABLE();
  25:tim1_pwm.c    **** 
  26:tim1_pwm.c    ****   GPIO_InitStruct.Mode = GPIO_MODE_AF_PP; // AF_PP pins below
  27:tim1_pwm.c    **** 
  28:tim1_pwm.c    ****   // PA8 for TIM1's Channle 1 to output PWM
  29:tim1_pwm.c    ****   GPIO_InitStruct.Pin = GPIO_PIN_8;
  73              		.loc 1 29 0
  74 0010 08AC     		add	r4, sp, #32
  75              	.LBB18:
  22:tim1_pwm.c    ****   __HAL_RCC_GPIOB_CLK_ENABLE();
  76              		.loc 1 22 0
  77 0012 02F00402 		and	r2, r2, #4
  78 0016 0192     		str	r2, [sp, #4]
  79 0018 019A     		ldr	r2, [sp, #4]
  80              	.LBE18:
  81              	.LBB19:
  23:tim1_pwm.c    ****   __HAL_RCC_GPIOB_CLK_ENABLE();
  82              		.loc 1 23 0
  83 001a 9A69     		ldr	r2, [r3, #24]
  84              	.LBE19:
ARM GAS  /var/folders/jn/652hmfdj2m99syhs9p34dk640000gq/T//cc6sjrsD.s 			page 3


  30:tim1_pwm.c    ****   HAL_GPIO_Init(GPIOA, &GPIO_InitStruct);
  85              		.loc 1 30 0
  86 001c 1248     		ldr	r0, .L3+4
  87              	.LBB20:
  23:tim1_pwm.c    ****   __HAL_RCC_GPIOB_CLK_ENABLE();
  88              		.loc 1 23 0
  89 001e 42F00802 		orr	r2, r2, #8
  90 0022 9A61     		str	r2, [r3, #24]
  91 0024 9A69     		ldr	r2, [r3, #24]
  92 0026 02F00802 		and	r2, r2, #8
  93 002a 0292     		str	r2, [sp, #8]
  94 002c 029A     		ldr	r2, [sp, #8]
  95              	.LBE20:
  96              	.LBB21:
  24:tim1_pwm.c    **** 
  97              		.loc 1 24 0
  98 002e 9A69     		ldr	r2, [r3, #24]
  99 0030 42F01002 		orr	r2, r2, #16
 100 0034 9A61     		str	r2, [r3, #24]
 101 0036 9B69     		ldr	r3, [r3, #24]
 102 0038 03F01003 		and	r3, r3, #16
 103 003c 0393     		str	r3, [sp, #12]
 104 003e 039B     		ldr	r3, [sp, #12]
 105              	.LBE21:
  26:tim1_pwm.c    **** 
 106              		.loc 1 26 0
 107 0040 0223     		movs	r3, #2
 108 0042 0593     		str	r3, [sp, #20]
  29:tim1_pwm.c    ****   HAL_GPIO_Init(GPIOA, &GPIO_InitStruct);
 109              		.loc 1 29 0
 110 0044 4FF48073 		mov	r3, #256
 111 0048 44F8103D 		str	r3, [r4, #-16]!
 112              		.loc 1 30 0
 113 004c 2146     		mov	r1, r4
 114 004e FFF7FEFF 		bl	HAL_GPIO_Init
 115              	.LVL0:
  31:tim1_pwm.c    **** 
  32:tim1_pwm.c    ****   // PB13 for TIM1's Channel 1 complementary to output ~PWM
  33:tim1_pwm.c    ****   GPIO_InitStruct.Pin = GPIO_PIN_13;
 116              		.loc 1 33 0
 117 0052 4FF40053 		mov	r3, #8192
  34:tim1_pwm.c    ****   HAL_GPIO_Init(GPIOB, &GPIO_InitStruct);
 118              		.loc 1 34 0
 119 0056 2146     		mov	r1, r4
 120 0058 0448     		ldr	r0, .L3+8
  33:tim1_pwm.c    ****   HAL_GPIO_Init(GPIOB, &GPIO_InitStruct);
 121              		.loc 1 33 0
 122 005a 0493     		str	r3, [sp, #16]
 123              		.loc 1 34 0
 124 005c FFF7FEFF 		bl	HAL_GPIO_Init
 125              	.LVL1:
  35:tim1_pwm.c    **** }
 126              		.loc 1 35 0
 127 0060 08B0     		add	sp, sp, #32
 128              	.LCFI2:
 129              		.cfi_def_cfa_offset 8
 130              		@ sp needed
ARM GAS  /var/folders/jn/652hmfdj2m99syhs9p34dk640000gq/T//cc6sjrsD.s 			page 4


 131 0062 10BD     		pop	{r4, pc}
 132              	.L4:
 133              		.align	2
 134              	.L3:
 135 0064 00100240 		.word	1073876992
 136 0068 00080140 		.word	1073809408
 137 006c 000C0140 		.word	1073810432
 138              		.cfi_endproc
 139              	.LFE65:
 141              		.section	.text.TIM1_PWM1_Init,"ax",%progbits
 142              		.align	1
 143              		.global	TIM1_PWM1_Init
 144              		.thumb
 145              		.thumb_func
 147              	TIM1_PWM1_Init:
 148              	.LFB66:
  36:tim1_pwm.c    **** 
  37:tim1_pwm.c    **** 
  38:tim1_pwm.c    **** void TIM1_PWM1_Init()
  39:tim1_pwm.c    **** {
 149              		.loc 1 39 0
 150              		.cfi_startproc
 151              		@ args = 0, pretend = 0, frame = 88
 152              		@ frame_needed = 0, uses_anonymous_args = 0
 153 0000 70B5     		push	{r4, r5, r6, lr}
 154              	.LCFI3:
 155              		.cfi_def_cfa_offset 16
 156              		.cfi_offset 4, -16
 157              		.cfi_offset 5, -12
 158              		.cfi_offset 6, -8
 159              		.cfi_offset 14, -4
  40:tim1_pwm.c    ****   // Initialize TIM1 in a similar way as above
  41:tim1_pwm.c    ****   tim1_handle.Instance = TIM1;
 160              		.loc 1 41 0
 161 0002 2F4B     		ldr	r3, .L6
 162 0004 2F4D     		ldr	r5, .L6+4
  39:tim1_pwm.c    ****   // Initialize TIM1 in a similar way as above
 163              		.loc 1 39 0
 164 0006 96B0     		sub	sp, sp, #88
 165              	.LCFI4:
 166              		.cfi_def_cfa_offset 104
 167              		.loc 1 41 0
 168 0008 2B60     		str	r3, [r5]
  42:tim1_pwm.c    ****   tim1_handle.Init.Period = 2000;
 169              		.loc 1 42 0
 170 000a 4FF4FA63 		mov	r3, #2000
  43:tim1_pwm.c    ****   tim1_handle.Init.Prescaler = 0; // xN makes it N time slower
 171              		.loc 1 43 0
 172 000e 0024     		movs	r4, #0
  44:tim1_pwm.c    ****   tim1_handle.Init.RepetitionCounter = 0;
  45:tim1_pwm.c    ****   tim1_handle.Init.ClockDivision = TIM_CLOCKDIVISION_DIV1;
  46:tim1_pwm.c    ****   tim1_handle.Init.CounterMode = TIM_COUNTERMODE_CENTERALIGNED1;
  47:tim1_pwm.c    ****   tim1_handle.Init.AutoReloadPreload = TIM_AUTORELOAD_PRELOAD_DISABLE;
  48:tim1_pwm.c    ****   if (HAL_TIM_Base_Init(&tim1_handle) != HAL_OK)
  49:tim1_pwm.c    ****   {
  50:tim1_pwm.c    ****     Error_Handler();
  51:tim1_pwm.c    ****   }
ARM GAS  /var/folders/jn/652hmfdj2m99syhs9p34dk640000gq/T//cc6sjrsD.s 			page 5


  52:tim1_pwm.c    **** 
  53:tim1_pwm.c    ****   TIM_ClockConfigTypeDef sClockSourceConfig = {0};
 173              		.loc 1 53 0
 174 0010 1026     		movs	r6, #16
  42:tim1_pwm.c    ****   tim1_handle.Init.Prescaler = 0; // xN makes it N time slower
 175              		.loc 1 42 0
 176 0012 EB60     		str	r3, [r5, #12]
  48:tim1_pwm.c    ****   {
 177              		.loc 1 48 0
 178 0014 2846     		mov	r0, r5
  46:tim1_pwm.c    ****   tim1_handle.Init.AutoReloadPreload = TIM_AUTORELOAD_PRELOAD_DISABLE;
 179              		.loc 1 46 0
 180 0016 2023     		movs	r3, #32
 181 0018 AB60     		str	r3, [r5, #8]
  43:tim1_pwm.c    ****   tim1_handle.Init.RepetitionCounter = 0;
 182              		.loc 1 43 0
 183 001a 6C60     		str	r4, [r5, #4]
  44:tim1_pwm.c    ****   tim1_handle.Init.ClockDivision = TIM_CLOCKDIVISION_DIV1;
 184              		.loc 1 44 0
 185 001c 6C61     		str	r4, [r5, #20]
  45:tim1_pwm.c    ****   tim1_handle.Init.CounterMode = TIM_COUNTERMODE_CENTERALIGNED1;
 186              		.loc 1 45 0
 187 001e 2C61     		str	r4, [r5, #16]
  47:tim1_pwm.c    ****   if (HAL_TIM_Base_Init(&tim1_handle) != HAL_OK)
 188              		.loc 1 47 0
 189 0020 AC61     		str	r4, [r5, #24]
  48:tim1_pwm.c    ****   {
 190              		.loc 1 48 0
 191 0022 FFF7FEFF 		bl	HAL_TIM_Base_Init
 192              	.LVL2:
 193              		.loc 1 53 0
 194 0026 3246     		mov	r2, r6
 195 0028 2146     		mov	r1, r4
 196 002a 0DEB0600 		add	r0, sp, r6
 197 002e FFF7FEFF 		bl	memset
 198              	.LVL3:
  54:tim1_pwm.c    ****   sClockSourceConfig.ClockSource = TIM_CLOCKSOURCE_INTERNAL;
 199              		.loc 1 54 0
 200 0032 4FF48053 		mov	r3, #4096
  55:tim1_pwm.c    ****   if (HAL_TIM_ConfigClockSource(&tim1_handle, &sClockSourceConfig) != HAL_OK)
 201              		.loc 1 55 0
 202 0036 0DEB0601 		add	r1, sp, r6
 203 003a 2846     		mov	r0, r5
  54:tim1_pwm.c    ****   sClockSourceConfig.ClockSource = TIM_CLOCKSOURCE_INTERNAL;
 204              		.loc 1 54 0
 205 003c 0493     		str	r3, [sp, #16]
 206              		.loc 1 55 0
 207 003e FFF7FEFF 		bl	HAL_TIM_ConfigClockSource
 208              	.LVL4:
  56:tim1_pwm.c    ****   {
  57:tim1_pwm.c    ****     Error_Handler();
  58:tim1_pwm.c    ****   }
  59:tim1_pwm.c    **** 
  60:tim1_pwm.c    ****   if (HAL_TIM_PWM_Init(&tim1_handle) != HAL_OK)
 209              		.loc 1 60 0
 210 0042 2846     		mov	r0, r5
 211 0044 FFF7FEFF 		bl	HAL_TIM_PWM_Init
ARM GAS  /var/folders/jn/652hmfdj2m99syhs9p34dk640000gq/T//cc6sjrsD.s 			page 6


 212              	.LVL5:
  61:tim1_pwm.c    ****   {
  62:tim1_pwm.c    ****     Error_Handler();
  63:tim1_pwm.c    ****   }
  64:tim1_pwm.c    **** 
  65:tim1_pwm.c    ****   TIM_MasterConfigTypeDef sMasterConfig;
  66:tim1_pwm.c    ****   sMasterConfig.MasterOutputTrigger = TIM_TRGO_ENABLE; // TIM_TRGO_ENABLE, RESET ?
  67:tim1_pwm.c    ****   sMasterConfig.MasterSlaveMode     = TIM_MASTERSLAVEMODE_DISABLE;
  68:tim1_pwm.c    ****   if (HAL_TIMEx_MasterConfigSynchronization(&tim1_handle,&sMasterConfig)!=HAL_OK)
 213              		.loc 1 68 0
 214 0048 02A9     		add	r1, sp, #8
 215 004a 2846     		mov	r0, r5
  66:tim1_pwm.c    ****   sMasterConfig.MasterSlaveMode     = TIM_MASTERSLAVEMODE_DISABLE;
 216              		.loc 1 66 0
 217 004c 0296     		str	r6, [sp, #8]
  67:tim1_pwm.c    ****   if (HAL_TIMEx_MasterConfigSynchronization(&tim1_handle,&sMasterConfig)!=HAL_OK)
 218              		.loc 1 67 0
 219 004e 0394     		str	r4, [sp, #12]
 220              		.loc 1 68 0
 221 0050 FFF7FEFF 		bl	HAL_TIMEx_MasterConfigSynchronization
 222              	.LVL6:
  69:tim1_pwm.c    ****   {
  70:tim1_pwm.c    ****     Error_Handler();
  71:tim1_pwm.c    ****   }
  72:tim1_pwm.c    **** 
  73:tim1_pwm.c    ****   TIM_OC_InitTypeDef sConfigOC;
  74:tim1_pwm.c    ****   sConfigOC.OCMode       = TIM_OCMODE_PWM1;
 223              		.loc 1 74 0
 224 0054 6023     		movs	r3, #96
 225 0056 0893     		str	r3, [sp, #32]
  75:tim1_pwm.c    ****   sConfigOC.Pulse        = 0;
  76:tim1_pwm.c    ****   sConfigOC.OCPolarity   = TIM_OCPOLARITY_HIGH;
  77:tim1_pwm.c    ****   sConfigOC.OCNPolarity  = TIM_OCNPOLARITY_LOW;
 226              		.loc 1 77 0
 227 0058 0823     		movs	r3, #8
  78:tim1_pwm.c    ****   sConfigOC.OCFastMode   = TIM_OCFAST_DISABLE; // TIM_OCFAST_ENABLE ?
  79:tim1_pwm.c    ****   sConfigOC.OCIdleState  = TIM_OCIDLESTATE_RESET;
  80:tim1_pwm.c    ****   sConfigOC.OCNIdleState = TIM_OCNIDLESTATE_SET;
  81:tim1_pwm.c    ****   if (HAL_TIM_PWM_ConfigChannel(&tim1_handle,&sConfigOC,TIM_CHANNEL_1)!=HAL_OK)
 228              		.loc 1 81 0
 229 005a 2246     		mov	r2, r4
  77:tim1_pwm.c    ****   sConfigOC.OCFastMode   = TIM_OCFAST_DISABLE; // TIM_OCFAST_ENABLE ?
 230              		.loc 1 77 0
 231 005c 0B93     		str	r3, [sp, #44]
 232              		.loc 1 81 0
 233 005e 08A9     		add	r1, sp, #32
  80:tim1_pwm.c    ****   if (HAL_TIM_PWM_ConfigChannel(&tim1_handle,&sConfigOC,TIM_CHANNEL_1)!=HAL_OK)
 234              		.loc 1 80 0
 235 0060 4FF40073 		mov	r3, #512
 236              		.loc 1 81 0
 237 0064 2846     		mov	r0, r5
  80:tim1_pwm.c    ****   if (HAL_TIM_PWM_ConfigChannel(&tim1_handle,&sConfigOC,TIM_CHANNEL_1)!=HAL_OK)
 238              		.loc 1 80 0
 239 0066 0E93     		str	r3, [sp, #56]
  75:tim1_pwm.c    ****   sConfigOC.OCPolarity   = TIM_OCPOLARITY_HIGH;
 240              		.loc 1 75 0
 241 0068 0994     		str	r4, [sp, #36]
ARM GAS  /var/folders/jn/652hmfdj2m99syhs9p34dk640000gq/T//cc6sjrsD.s 			page 7


  76:tim1_pwm.c    ****   sConfigOC.OCNPolarity  = TIM_OCNPOLARITY_LOW;
 242              		.loc 1 76 0
 243 006a 0A94     		str	r4, [sp, #40]
  78:tim1_pwm.c    ****   sConfigOC.OCIdleState  = TIM_OCIDLESTATE_RESET;
 244              		.loc 1 78 0
 245 006c 0C94     		str	r4, [sp, #48]
  79:tim1_pwm.c    ****   sConfigOC.OCNIdleState = TIM_OCNIDLESTATE_SET;
 246              		.loc 1 79 0
 247 006e 0D94     		str	r4, [sp, #52]
 248              		.loc 1 81 0
 249 0070 FFF7FEFF 		bl	HAL_TIM_PWM_ConfigChannel
 250              	.LVL7:
  82:tim1_pwm.c    ****   {
  83:tim1_pwm.c    ****     Error_Handler();
  84:tim1_pwm.c    ****   }
  85:tim1_pwm.c    **** 
  86:tim1_pwm.c    ****   TIM_BreakDeadTimeConfigTypeDef sBreakDeadTimeConfig;
  87:tim1_pwm.c    ****   sBreakDeadTimeConfig.OffStateRunMode  = TIM_OSSR_ENABLE;
 251              		.loc 1 87 0
 252 0074 4FF40063 		mov	r3, #2048
 253 0078 0F93     		str	r3, [sp, #60]
  88:tim1_pwm.c    ****   sBreakDeadTimeConfig.OffStateIDLEMode = TIM_OSSI_ENABLE;
 254              		.loc 1 88 0
 255 007a 4FF48063 		mov	r3, #1024
 256 007e 1093     		str	r3, [sp, #64]
  89:tim1_pwm.c    ****   sBreakDeadTimeConfig.LockLevel        = TIM_LOCKLEVEL_OFF;
  90:tim1_pwm.c    ****   sBreakDeadTimeConfig.DeadTime         = 48; // DEAD_TIME;
 257              		.loc 1 90 0
 258 0080 3023     		movs	r3, #48
 259 0082 1293     		str	r3, [sp, #72]
  91:tim1_pwm.c    ****   sBreakDeadTimeConfig.BreakState       = TIM_BREAK_DISABLE;
  92:tim1_pwm.c    ****   sBreakDeadTimeConfig.BreakPolarity    = TIM_BREAKPOLARITY_LOW;
  93:tim1_pwm.c    ****   sBreakDeadTimeConfig.AutomaticOutput  = TIM_AUTOMATICOUTPUT_ENABLE;
  94:tim1_pwm.c    ****   if (HAL_TIMEx_ConfigBreakDeadTime(&tim1_handle,&sBreakDeadTimeConfig)!=HAL_OK)
 260              		.loc 1 94 0
 261 0084 0FA9     		add	r1, sp, #60
  93:tim1_pwm.c    ****   if (HAL_TIMEx_ConfigBreakDeadTime(&tim1_handle,&sBreakDeadTimeConfig)!=HAL_OK)
 262              		.loc 1 93 0
 263 0086 4FF48043 		mov	r3, #16384
 264              		.loc 1 94 0
 265 008a 2846     		mov	r0, r5
  93:tim1_pwm.c    ****   if (HAL_TIMEx_ConfigBreakDeadTime(&tim1_handle,&sBreakDeadTimeConfig)!=HAL_OK)
 266              		.loc 1 93 0
 267 008c 1593     		str	r3, [sp, #84]
  89:tim1_pwm.c    ****   sBreakDeadTimeConfig.LockLevel        = TIM_LOCKLEVEL_OFF;
 268              		.loc 1 89 0
 269 008e 1194     		str	r4, [sp, #68]
  91:tim1_pwm.c    ****   sBreakDeadTimeConfig.BreakState       = TIM_BREAK_DISABLE;
 270              		.loc 1 91 0
 271 0090 1394     		str	r4, [sp, #76]
  92:tim1_pwm.c    ****   sBreakDeadTimeConfig.AutomaticOutput  = TIM_AUTOMATICOUTPUT_ENABLE;
 272              		.loc 1 92 0
 273 0092 1494     		str	r4, [sp, #80]
 274              		.loc 1 94 0
 275 0094 FFF7FEFF 		bl	HAL_TIMEx_ConfigBreakDeadTime
 276              	.LVL8:
 277              	.LBB22:
ARM GAS  /var/folders/jn/652hmfdj2m99syhs9p34dk640000gq/T//cc6sjrsD.s 			page 8


  95:tim1_pwm.c    ****   {
  96:tim1_pwm.c    ****     Error_Handler();
  97:tim1_pwm.c    ****   }
  98:tim1_pwm.c    **** 
  99:tim1_pwm.c    ****   __HAL_RCC_TIM1_CLK_ENABLE();  // start TIM1's clock
 278              		.loc 1 99 0
 279 0098 0B4B     		ldr	r3, .L6+8
 280              	.LBE22:
 100:tim1_pwm.c    **** 
 101:tim1_pwm.c    ****   // Enable all three channels for PWM output
 102:tim1_pwm.c    ****   HAL_TIM_PWM_Start(&tim1_handle, TIM_CHANNEL_1);
 281              		.loc 1 102 0
 282 009a 2146     		mov	r1, r4
 283              	.LBB23:
  99:tim1_pwm.c    **** 
 284              		.loc 1 99 0
 285 009c 9A69     		ldr	r2, [r3, #24]
 286              	.LBE23:
 287              		.loc 1 102 0
 288 009e 2846     		mov	r0, r5
 289              	.LBB24:
  99:tim1_pwm.c    **** 
 290              		.loc 1 99 0
 291 00a0 42F40062 		orr	r2, r2, #2048
 292 00a4 9A61     		str	r2, [r3, #24]
 293 00a6 9B69     		ldr	r3, [r3, #24]
 294 00a8 03F40063 		and	r3, r3, #2048
 295 00ac 0193     		str	r3, [sp, #4]
 296 00ae 019B     		ldr	r3, [sp, #4]
 297              	.LBE24:
 298              		.loc 1 102 0
 299 00b0 FFF7FEFF 		bl	HAL_TIM_PWM_Start
 300              	.LVL9:
 103:tim1_pwm.c    ****   HAL_TIMEx_PWMN_Start(&tim1_handle, TIM_CHANNEL_1);
 301              		.loc 1 103 0
 302 00b4 2146     		mov	r1, r4
 303 00b6 2846     		mov	r0, r5
 304 00b8 FFF7FEFF 		bl	HAL_TIMEx_PWMN_Start
 305              	.LVL10:
 104:tim1_pwm.c    **** }
 306              		.loc 1 104 0
 307 00bc 16B0     		add	sp, sp, #88
 308              	.LCFI5:
 309              		.cfi_def_cfa_offset 16
 310              		@ sp needed
 311 00be 70BD     		pop	{r4, r5, r6, pc}
 312              	.L7:
 313              		.align	2
 314              	.L6:
 315 00c0 002C0140 		.word	1073818624
 316 00c4 00000000 		.word	tim1_handle
 317 00c8 00100240 		.word	1073876992
 318              		.cfi_endproc
 319              	.LFE66:
 321              		.text
 322              	.Letext0:
 323              		.file 2 "/usr/local/Cellar/gcc-arm-none-eabi/20160928/arm-none-eabi/include/machine/_default_types
ARM GAS  /var/folders/jn/652hmfdj2m99syhs9p34dk640000gq/T//cc6sjrsD.s 			page 9


 324              		.file 3 "/usr/local/Cellar/gcc-arm-none-eabi/20160928/arm-none-eabi/include/sys/_stdint.h"
 325              		.file 4 "../Drivers/CMSIS/Device/ST/STM32F1xx/Include/stm32f103xb.h"
 326              		.file 5 "../Drivers/STM32F1xx_HAL_Driver/Inc/stm32f1xx_hal_def.h"
 327              		.file 6 "../Drivers/STM32F1xx_HAL_Driver/Inc/stm32f1xx_hal_gpio.h"
 328              		.file 7 "../Drivers/STM32F1xx_HAL_Driver/Inc/stm32f1xx_hal_dma.h"
 329              		.file 8 "../Drivers/STM32F1xx_HAL_Driver/Inc/stm32f1xx_hal_tim.h"
 330              		.file 9 "../Drivers/STM32F1xx_HAL_Driver/Inc/stm32f1xx_hal_tim_ex.h"
 331              		.file 10 "../Drivers/CMSIS/Include/core_cm3.h"
ARM GAS  /var/folders/jn/652hmfdj2m99syhs9p34dk640000gq/T//cc6sjrsD.s 			page 10


DEFINED SYMBOLS
                            *ABS*:0000000000000000 tim1_pwm.c
/var/folders/jn/652hmfdj2m99syhs9p34dk640000gq/T//cc6sjrsD.s:20     .text.Error_Handler:0000000000000000 $t
/var/folders/jn/652hmfdj2m99syhs9p34dk640000gq/T//cc6sjrsD.s:25     .text.Error_Handler:0000000000000000 Error_Handler
/var/folders/jn/652hmfdj2m99syhs9p34dk640000gq/T//cc6sjrsD.s:38     .text.GPIO_Init_for_PWM:0000000000000000 $t
/var/folders/jn/652hmfdj2m99syhs9p34dk640000gq/T//cc6sjrsD.s:43     .text.GPIO_Init_for_PWM:0000000000000000 GPIO_Init_for_PWM
/var/folders/jn/652hmfdj2m99syhs9p34dk640000gq/T//cc6sjrsD.s:135    .text.GPIO_Init_for_PWM:0000000000000064 $d
/var/folders/jn/652hmfdj2m99syhs9p34dk640000gq/T//cc6sjrsD.s:142    .text.TIM1_PWM1_Init:0000000000000000 $t
/var/folders/jn/652hmfdj2m99syhs9p34dk640000gq/T//cc6sjrsD.s:147    .text.TIM1_PWM1_Init:0000000000000000 TIM1_PWM1_Init
/var/folders/jn/652hmfdj2m99syhs9p34dk640000gq/T//cc6sjrsD.s:315    .text.TIM1_PWM1_Init:00000000000000c0 $d
                     .debug_frame:0000000000000010 $d

UNDEFINED SYMBOLS
HAL_GPIO_Init
HAL_TIM_Base_Init
memset
HAL_TIM_ConfigClockSource
HAL_TIM_PWM_Init
HAL_TIMEx_MasterConfigSynchronization
HAL_TIM_PWM_ConfigChannel
HAL_TIMEx_ConfigBreakDeadTime
HAL_TIM_PWM_Start
HAL_TIMEx_PWMN_Start
tim1_handle
