ARM GAS  /var/folders/jn/652hmfdj2m99syhs9p34dk640000gq/T//ccSazmQa.s 			page 1


   1              		.syntax unified
   2              		.cpu cortex-m3
   3              		.fpu softvfp
   4              		.eabi_attribute 20, 1
   5              		.eabi_attribute 21, 1
   6              		.eabi_attribute 23, 3
   7              		.eabi_attribute 24, 1
   8              		.eabi_attribute 25, 1
   9              		.eabi_attribute 26, 1
  10              		.eabi_attribute 30, 4
  11              		.eabi_attribute 34, 1
  12              		.eabi_attribute 18, 4
  13              		.thumb
  14              		.syntax unified
  15              		.file	"main.c"
  16              		.text
  17              	.Ltext0:
  18              		.cfi_sections	.debug_frame
  19              		.section	.text.SysTick_Handler,"ax",%progbits
  20              		.align	1
  21              		.global	SysTick_Handler
  22              		.thumb
  23              		.thumb_func
  25              	SysTick_Handler:
  26              	.LFB64:
  27              		.file 1 "main.c"
   1:main.c        **** 
   2:main.c        **** #include "stm32f1xx_hal.h"
   3:main.c        **** 
   4:main.c        **** void Error_Handler(void);
   5:main.c        **** 
   6:main.c        **** TIM_HandleTypeDef htim2;
   7:main.c        **** 
   8:main.c        **** void SystemClock_Config(void);
   9:main.c        **** static void MX_GPIO_Init(void);
  10:main.c        **** static void MX_TIM2_Init(void);
  11:main.c        **** 
  12:main.c        **** void SysTick_Handler(void)
  13:main.c        **** {
  28              		.loc 1 13 0
  29              		.cfi_startproc
  30              		@ args = 0, pretend = 0, frame = 0
  31              		@ frame_needed = 0, uses_anonymous_args = 0
  32              		@ link register save eliminated.
  14:main.c        ****   HAL_IncTick();
  33              		.loc 1 14 0
  34 0000 FFF7FEBF 		b	HAL_IncTick
  35              	.LVL0:
  36              		.cfi_endproc
  37              	.LFE64:
  39              		.section	.text.SystemClock_Config,"ax",%progbits
  40              		.align	1
  41              		.global	SystemClock_Config
  42              		.thumb
  43              		.thumb_func
  45              	SystemClock_Config:
  46              	.LFB66:
ARM GAS  /var/folders/jn/652hmfdj2m99syhs9p34dk640000gq/T//ccSazmQa.s 			page 2


  15:main.c        **** }
  16:main.c        **** 
  17:main.c        **** int main(void)
  18:main.c        **** {
  19:main.c        ****     int32_t CH1_DC = 0;
  20:main.c        ****     HAL_Init();
  21:main.c        ****     SystemClock_Config();
  22:main.c        **** 
  23:main.c        **** 
  24:main.c        ****     __HAL_RCC_AFIO_CLK_ENABLE();
  25:main.c        ****     __HAL_RCC_PWR_CLK_ENABLE();
  26:main.c        ****     __HAL_RCC_TIM2_CLK_ENABLE();
  27:main.c        **** 
  28:main.c        **** //    __HAL_AFIO_REMAP_SWJ_DISABLE();
  29:main.c        **** 
  30:main.c        **** 
  31:main.c        ****     MX_TIM2_Init();
  32:main.c        ****     MX_GPIO_Init();
  33:main.c        ****     HAL_TIM_PWM_Start(&htim2, TIM_CHANNEL_1);
  34:main.c        **** 
  35:main.c        ****     while (1)
  36:main.c        ****     {
  37:main.c        ****     	while(CH1_DC < 65535)
  38:main.c        ****     	{
  39:main.c        ****     		TIM2->CCR1 = CH1_DC;
  40:main.c        ****     		CH1_DC += 70;
  41:main.c        ****     		HAL_Delay(1);
  42:main.c        ****     	}
  43:main.c        ****     	//CH1_DC = 65535;
  44:main.c        ****     	while(CH1_DC > 0)
  45:main.c        ****     	{
  46:main.c        ****     	    TIM2->CCR1 = CH1_DC;
  47:main.c        ****     	    CH1_DC -= 70;
  48:main.c        ****     	    HAL_Delay(1);
  49:main.c        ****     	}
  50:main.c        ****     	//CH1_DC = 0;
  51:main.c        ****     }
  52:main.c        **** }
  53:main.c        **** 
  54:main.c        **** 
  55:main.c        **** 
  56:main.c        **** /**
  57:main.c        ****   * @brief System Clock Configuration
  58:main.c        ****   * @retval None
  59:main.c        ****   */
  60:main.c        **** void SystemClock_Config(void)
  61:main.c        **** {
  47              		.loc 1 61 0
  48              		.cfi_startproc
  49              		@ args = 0, pretend = 0, frame = 64
  50              		@ frame_needed = 0, uses_anonymous_args = 0
  51 0000 10B5     		push	{r4, lr}
  52              	.LCFI0:
  53              		.cfi_def_cfa_offset 8
  54              		.cfi_offset 4, -8
  55              		.cfi_offset 14, -4
  56 0002 90B0     		sub	sp, sp, #64
ARM GAS  /var/folders/jn/652hmfdj2m99syhs9p34dk640000gq/T//ccSazmQa.s 			page 3


  57              	.LCFI1:
  58              		.cfi_def_cfa_offset 72
  62:main.c        ****   RCC_OscInitTypeDef RCC_OscInitStruct = {0};
  59              		.loc 1 62 0
  60 0004 2822     		movs	r2, #40
  61 0006 0021     		movs	r1, #0
  62 0008 06A8     		add	r0, sp, #24
  63 000a FFF7FEFF 		bl	memset
  64              	.LVL1:
  63:main.c        ****   RCC_ClkInitTypeDef RCC_ClkInitStruct = {0};
  65              		.loc 1 63 0
  66 000e 0021     		movs	r1, #0
  67 0010 1422     		movs	r2, #20
  68 0012 01A8     		add	r0, sp, #4
  69 0014 FFF7FEFF 		bl	memset
  70              	.LVL2:
  64:main.c        **** 
  65:main.c        ****   /** Initializes the CPU, AHB and APB busses clocks
  66:main.c        ****   */
  67:main.c        ****   RCC_OscInitStruct.OscillatorType = RCC_OSCILLATORTYPE_HSE;
  68:main.c        ****   RCC_OscInitStruct.HSEState = RCC_HSE_ON;
  71              		.loc 1 68 0
  72 0018 4FF48033 		mov	r3, #65536
  67:main.c        ****   RCC_OscInitStruct.HSEState = RCC_HSE_ON;
  73              		.loc 1 67 0
  74 001c 0122     		movs	r2, #1
  69:main.c        ****   RCC_OscInitStruct.HSEPredivValue = RCC_HSE_PREDIV_DIV1;
  70:main.c        ****   RCC_OscInitStruct.HSIState = RCC_HSI_ON;
  71:main.c        ****   RCC_OscInitStruct.PLL.PLLState = RCC_PLL_ON;
  75              		.loc 1 71 0
  76 001e 0224     		movs	r4, #2
  68:main.c        ****   RCC_OscInitStruct.HSEPredivValue = RCC_HSE_PREDIV_DIV1;
  77              		.loc 1 68 0
  78 0020 0793     		str	r3, [sp, #28]
  72:main.c        ****   RCC_OscInitStruct.PLL.PLLSource = RCC_PLLSOURCE_HSE;
  79              		.loc 1 72 0
  80 0022 0E93     		str	r3, [sp, #56]
  73:main.c        ****   RCC_OscInitStruct.PLL.PLLMUL = RCC_PLL_MUL9;
  74:main.c        ****   if (HAL_RCC_OscConfig(&RCC_OscInitStruct) != HAL_OK)
  81              		.loc 1 74 0
  82 0024 06A8     		add	r0, sp, #24
  73:main.c        ****   RCC_OscInitStruct.PLL.PLLMUL = RCC_PLL_MUL9;
  83              		.loc 1 73 0
  84 0026 4FF4E013 		mov	r3, #1835008
  67:main.c        ****   RCC_OscInitStruct.HSEState = RCC_HSE_ON;
  85              		.loc 1 67 0
  86 002a 0692     		str	r2, [sp, #24]
  70:main.c        ****   RCC_OscInitStruct.PLL.PLLState = RCC_PLL_ON;
  87              		.loc 1 70 0
  88 002c 0A92     		str	r2, [sp, #40]
  73:main.c        ****   RCC_OscInitStruct.PLL.PLLMUL = RCC_PLL_MUL9;
  89              		.loc 1 73 0
  90 002e 0F93     		str	r3, [sp, #60]
  71:main.c        ****   RCC_OscInitStruct.PLL.PLLSource = RCC_PLLSOURCE_HSE;
  91              		.loc 1 71 0
  92 0030 0D94     		str	r4, [sp, #52]
  93              		.loc 1 74 0
ARM GAS  /var/folders/jn/652hmfdj2m99syhs9p34dk640000gq/T//ccSazmQa.s 			page 4


  94 0032 FFF7FEFF 		bl	HAL_RCC_OscConfig
  95              	.LVL3:
  75:main.c        ****   {
  76:main.c        ****     Error_Handler();
  77:main.c        ****   }
  78:main.c        ****   /** Initializes the CPU, AHB and APB busses clocks
  79:main.c        ****   */
  80:main.c        ****   RCC_ClkInitStruct.ClockType = RCC_CLOCKTYPE_HCLK|RCC_CLOCKTYPE_SYSCLK
  96              		.loc 1 80 0
  97 0036 0F23     		movs	r3, #15
  98 0038 0193     		str	r3, [sp, #4]
  81:main.c        ****                               |RCC_CLOCKTYPE_PCLK1|RCC_CLOCKTYPE_PCLK2;
  82:main.c        ****   RCC_ClkInitStruct.SYSCLKSource = RCC_SYSCLKSOURCE_PLLCLK;
  83:main.c        ****   RCC_ClkInitStruct.AHBCLKDivider = RCC_SYSCLK_DIV1;
  84:main.c        ****   RCC_ClkInitStruct.APB1CLKDivider = RCC_HCLK_DIV2;
  99              		.loc 1 84 0
 100 003a 4FF48062 		mov	r2, #1024
  83:main.c        ****   RCC_ClkInitStruct.APB1CLKDivider = RCC_HCLK_DIV2;
 101              		.loc 1 83 0
 102 003e 0023     		movs	r3, #0
  85:main.c        ****   RCC_ClkInitStruct.APB2CLKDivider = RCC_HCLK_DIV1;
  86:main.c        **** 
  87:main.c        ****   if (HAL_RCC_ClockConfig(&RCC_ClkInitStruct, FLASH_LATENCY_2) != HAL_OK)
 103              		.loc 1 87 0
 104 0040 2146     		mov	r1, r4
 105 0042 01A8     		add	r0, sp, #4
  82:main.c        ****   RCC_ClkInitStruct.AHBCLKDivider = RCC_SYSCLK_DIV1;
 106              		.loc 1 82 0
 107 0044 0294     		str	r4, [sp, #8]
  83:main.c        ****   RCC_ClkInitStruct.APB1CLKDivider = RCC_HCLK_DIV2;
 108              		.loc 1 83 0
 109 0046 0393     		str	r3, [sp, #12]
  84:main.c        ****   RCC_ClkInitStruct.APB2CLKDivider = RCC_HCLK_DIV1;
 110              		.loc 1 84 0
 111 0048 0492     		str	r2, [sp, #16]
  85:main.c        ****   RCC_ClkInitStruct.APB2CLKDivider = RCC_HCLK_DIV1;
 112              		.loc 1 85 0
 113 004a 0593     		str	r3, [sp, #20]
 114              		.loc 1 87 0
 115 004c FFF7FEFF 		bl	HAL_RCC_ClockConfig
 116              	.LVL4:
  88:main.c        ****   {
  89:main.c        ****     Error_Handler();
  90:main.c        ****   }
  91:main.c        **** }
 117              		.loc 1 91 0
 118 0050 10B0     		add	sp, sp, #64
 119              	.LCFI2:
 120              		.cfi_def_cfa_offset 8
 121              		@ sp needed
 122 0052 10BD     		pop	{r4, pc}
 123              		.cfi_endproc
 124              	.LFE66:
 126              		.section	.text.startup.main,"ax",%progbits
 127              		.align	1
 128              		.global	main
 129              		.thumb
ARM GAS  /var/folders/jn/652hmfdj2m99syhs9p34dk640000gq/T//ccSazmQa.s 			page 5


 130              		.thumb_func
 132              	main:
 133              	.LFB65:
  18:main.c        ****     int32_t CH1_DC = 0;
 134              		.loc 1 18 0
 135              		.cfi_startproc
 136              		@ args = 0, pretend = 0, frame = 64
 137              		@ frame_needed = 0, uses_anonymous_args = 0
 138              	.LVL5:
 139 0000 F0B5     		push	{r4, r5, r6, r7, lr}
 140              	.LCFI3:
 141              		.cfi_def_cfa_offset 20
 142              		.cfi_offset 4, -20
 143              		.cfi_offset 5, -16
 144              		.cfi_offset 6, -12
 145              		.cfi_offset 7, -8
 146              		.cfi_offset 14, -4
 147              	.LBB24:
  24:main.c        ****     __HAL_RCC_PWR_CLK_ENABLE();
 148              		.loc 1 24 0
 149 0002 434E     		ldr	r6, .L10
 150              	.LBE24:
  18:main.c        ****     int32_t CH1_DC = 0;
 151              		.loc 1 18 0
 152 0004 91B0     		sub	sp, sp, #68
 153              	.LCFI4:
 154              		.cfi_def_cfa_offset 88
  20:main.c        ****     SystemClock_Config();
 155              		.loc 1 20 0
 156 0006 FFF7FEFF 		bl	HAL_Init
 157              	.LVL6:
  21:main.c        **** 
 158              		.loc 1 21 0
 159 000a FFF7FEFF 		bl	SystemClock_Config
 160              	.LVL7:
 161              	.LBB25:
  24:main.c        ****     __HAL_RCC_PWR_CLK_ENABLE();
 162              		.loc 1 24 0
 163 000e B369     		ldr	r3, [r6, #24]
 164              	.LBE25:
 165              	.LBB26:
 166              	.LBB27:
  92:main.c        **** 
  93:main.c        **** /**
  94:main.c        ****   * @brief TIM2 Initialization Function
  95:main.c        ****   * @param None
  96:main.c        ****   * @retval None
  97:main.c        ****   */
  98:main.c        **** static void MX_TIM2_Init(void)
  99:main.c        **** {
 100:main.c        ****   TIM_ClockConfigTypeDef sClockSourceConfig = {0};
 101:main.c        ****   TIM_MasterConfigTypeDef sMasterConfig = {0};
 167              		.loc 1 101 0
 168 0010 0024     		movs	r4, #0
 169              	.LBE27:
 170              	.LBE26:
 171              	.LBB34:
ARM GAS  /var/folders/jn/652hmfdj2m99syhs9p34dk640000gq/T//ccSazmQa.s 			page 6


  24:main.c        ****     __HAL_RCC_PWR_CLK_ENABLE();
 172              		.loc 1 24 0
 173 0012 43F00103 		orr	r3, r3, #1
 174 0016 B361     		str	r3, [r6, #24]
 175 0018 B369     		ldr	r3, [r6, #24]
 176              	.LBE34:
 177              	.LBB35:
 178              	.LBB28:
 100:main.c        ****   TIM_MasterConfigTypeDef sMasterConfig = {0};
 179              		.loc 1 100 0
 180 001a 1022     		movs	r2, #16
 181              	.LBE28:
 182              	.LBE35:
 183              	.LBB36:
  24:main.c        ****     __HAL_RCC_PWR_CLK_ENABLE();
 184              		.loc 1 24 0
 185 001c 03F00103 		and	r3, r3, #1
 186 0020 0093     		str	r3, [sp]
 187 0022 009B     		ldr	r3, [sp]
 188              	.LBE36:
 189              	.LBB37:
  25:main.c        ****     __HAL_RCC_TIM2_CLK_ENABLE();
 190              		.loc 1 25 0
 191 0024 F369     		ldr	r3, [r6, #28]
 192              	.LBE37:
 193              	.LBB38:
 194              	.LBB29:
 100:main.c        ****   TIM_MasterConfigTypeDef sMasterConfig = {0};
 195              		.loc 1 100 0
 196 0026 0021     		movs	r1, #0
 197              	.LBE29:
 198              	.LBE38:
 199              	.LBB39:
  25:main.c        ****     __HAL_RCC_TIM2_CLK_ENABLE();
 200              		.loc 1 25 0
 201 0028 43F08053 		orr	r3, r3, #268435456
 202 002c F361     		str	r3, [r6, #28]
 203 002e F369     		ldr	r3, [r6, #28]
 204              	.LBE39:
 205              	.LBB40:
 206              	.LBB30:
 100:main.c        ****   TIM_MasterConfigTypeDef sMasterConfig = {0};
 207              		.loc 1 100 0
 208 0030 05A8     		add	r0, sp, #20
 209              	.LBE30:
 210              	.LBE40:
 211              	.LBB41:
  25:main.c        ****     __HAL_RCC_TIM2_CLK_ENABLE();
 212              		.loc 1 25 0
 213 0032 03F08053 		and	r3, r3, #268435456
 214 0036 0193     		str	r3, [sp, #4]
 215 0038 019B     		ldr	r3, [sp, #4]
 216              	.LBE41:
 217              	.LBB42:
  26:main.c        **** 
 218              		.loc 1 26 0
 219 003a F369     		ldr	r3, [r6, #28]
ARM GAS  /var/folders/jn/652hmfdj2m99syhs9p34dk640000gq/T//ccSazmQa.s 			page 7


 220              	.LBE42:
 221              	.LBB43:
 222              	.LBB31:
 102:main.c        ****   TIM_OC_InitTypeDef sConfigOC = {0};
 103:main.c        **** 
 104:main.c        ****   htim2.Instance = TIM2;
 223              		.loc 1 104 0
 224 003c 354D     		ldr	r5, .L10+4
 225              	.LBE31:
 226              	.LBE43:
 227              	.LBB44:
  26:main.c        **** 
 228              		.loc 1 26 0
 229 003e 43F00103 		orr	r3, r3, #1
 230 0042 F361     		str	r3, [r6, #28]
 231 0044 F369     		ldr	r3, [r6, #28]
 232              	.LBE44:
 233              	.LBB45:
 234              	.LBB32:
 235              		.loc 1 104 0
 236 0046 4FF08047 		mov	r7, #1073741824
 237              	.LBE32:
 238              	.LBE45:
 239              	.LBB46:
  26:main.c        **** 
 240              		.loc 1 26 0
 241 004a 03F00103 		and	r3, r3, #1
 242 004e 0293     		str	r3, [sp, #8]
 243 0050 029B     		ldr	r3, [sp, #8]
 244              	.LBE46:
 245              	.LBB47:
 246              	.LBB33:
 100:main.c        ****   TIM_MasterConfigTypeDef sMasterConfig = {0};
 247              		.loc 1 100 0
 248 0052 FFF7FEFF 		bl	memset
 249              	.LVL8:
 102:main.c        ****   TIM_OC_InitTypeDef sConfigOC = {0};
 250              		.loc 1 102 0
 251 0056 1C22     		movs	r2, #28
 252 0058 2146     		mov	r1, r4
 253 005a 09A8     		add	r0, sp, #36
 101:main.c        ****   TIM_OC_InitTypeDef sConfigOC = {0};
 254              		.loc 1 101 0
 255 005c 0394     		str	r4, [sp, #12]
 256 005e 0494     		str	r4, [sp, #16]
 102:main.c        ****   TIM_OC_InitTypeDef sConfigOC = {0};
 257              		.loc 1 102 0
 258 0060 FFF7FEFF 		bl	memset
 259              	.LVL9:
 105:main.c        ****   htim2.Init.Prescaler = 0;
 106:main.c        ****   htim2.Init.CounterMode = TIM_COUNTERMODE_UP;
 107:main.c        ****   htim2.Init.Period = 65535;
 260              		.loc 1 107 0
 261 0064 4FF6FF73 		movw	r3, #65535
 108:main.c        ****   htim2.Init.ClockDivision = TIM_CLOCKDIVISION_DIV1;
 109:main.c        ****   htim2.Init.AutoReloadPreload = TIM_AUTORELOAD_PRELOAD_ENABLE;
 110:main.c        ****   if (HAL_TIM_Base_Init(&htim2) != HAL_OK)
ARM GAS  /var/folders/jn/652hmfdj2m99syhs9p34dk640000gq/T//ccSazmQa.s 			page 8


 262              		.loc 1 110 0
 263 0068 2846     		mov	r0, r5
 107:main.c        ****   htim2.Init.ClockDivision = TIM_CLOCKDIVISION_DIV1;
 264              		.loc 1 107 0
 265 006a EB60     		str	r3, [r5, #12]
 109:main.c        ****   if (HAL_TIM_Base_Init(&htim2) != HAL_OK)
 266              		.loc 1 109 0
 267 006c 8023     		movs	r3, #128
 268 006e AB61     		str	r3, [r5, #24]
 104:main.c        ****   htim2.Init.Prescaler = 0;
 269              		.loc 1 104 0
 270 0070 2F60     		str	r7, [r5]
 105:main.c        ****   htim2.Init.CounterMode = TIM_COUNTERMODE_UP;
 271              		.loc 1 105 0
 272 0072 6C60     		str	r4, [r5, #4]
 106:main.c        ****   htim2.Init.Period = 65535;
 273              		.loc 1 106 0
 274 0074 AC60     		str	r4, [r5, #8]
 108:main.c        ****   htim2.Init.AutoReloadPreload = TIM_AUTORELOAD_PRELOAD_ENABLE;
 275              		.loc 1 108 0
 276 0076 2C61     		str	r4, [r5, #16]
 277              		.loc 1 110 0
 278 0078 FFF7FEFF 		bl	HAL_TIM_Base_Init
 279              	.LVL10:
 111:main.c        ****   {
 112:main.c        ****     Error_Handler();
 113:main.c        ****   }
 114:main.c        ****   sClockSourceConfig.ClockSource = TIM_CLOCKSOURCE_INTERNAL;
 280              		.loc 1 114 0
 281 007c 4FF48053 		mov	r3, #4096
 115:main.c        ****   if (HAL_TIM_ConfigClockSource(&htim2, &sClockSourceConfig) != HAL_OK)
 282              		.loc 1 115 0
 283 0080 05A9     		add	r1, sp, #20
 284 0082 2846     		mov	r0, r5
 114:main.c        ****   if (HAL_TIM_ConfigClockSource(&htim2, &sClockSourceConfig) != HAL_OK)
 285              		.loc 1 114 0
 286 0084 0593     		str	r3, [sp, #20]
 287              		.loc 1 115 0
 288 0086 FFF7FEFF 		bl	HAL_TIM_ConfigClockSource
 289              	.LVL11:
 116:main.c        ****   {
 117:main.c        ****     Error_Handler();
 118:main.c        ****   }
 119:main.c        ****   if (HAL_TIM_PWM_Init(&htim2) != HAL_OK)
 290              		.loc 1 119 0
 291 008a 2846     		mov	r0, r5
 292 008c FFF7FEFF 		bl	HAL_TIM_PWM_Init
 293              	.LVL12:
 120:main.c        ****   {
 121:main.c        ****     Error_Handler();
 122:main.c        ****   }
 123:main.c        ****   sMasterConfig.MasterOutputTrigger = TIM_TRGO_RESET;
 124:main.c        ****   sMasterConfig.MasterSlaveMode = TIM_MASTERSLAVEMODE_DISABLE;
 125:main.c        ****   if (HAL_TIMEx_MasterConfigSynchronization(&htim2, &sMasterConfig) != HAL_OK)
 294              		.loc 1 125 0
 295 0090 03A9     		add	r1, sp, #12
 296 0092 2846     		mov	r0, r5
ARM GAS  /var/folders/jn/652hmfdj2m99syhs9p34dk640000gq/T//ccSazmQa.s 			page 9


 123:main.c        ****   sMasterConfig.MasterSlaveMode = TIM_MASTERSLAVEMODE_DISABLE;
 297              		.loc 1 123 0
 298 0094 0394     		str	r4, [sp, #12]
 124:main.c        ****   if (HAL_TIMEx_MasterConfigSynchronization(&htim2, &sMasterConfig) != HAL_OK)
 299              		.loc 1 124 0
 300 0096 0494     		str	r4, [sp, #16]
 301              		.loc 1 125 0
 302 0098 FFF7FEFF 		bl	HAL_TIMEx_MasterConfigSynchronization
 303              	.LVL13:
 126:main.c        ****   {
 127:main.c        ****     Error_Handler();
 128:main.c        ****   }
 129:main.c        ****   sConfigOC.OCMode = TIM_OCMODE_PWM1;
 304              		.loc 1 129 0
 305 009c 6023     		movs	r3, #96
 306 009e 0993     		str	r3, [sp, #36]
 130:main.c        ****   sConfigOC.Pulse = 0;
 131:main.c        ****   sConfigOC.OCPolarity = TIM_OCPOLARITY_HIGH;
 132:main.c        ****   sConfigOC.OCFastMode = TIM_OCFAST_ENABLE;
 133:main.c        ****   if (HAL_TIM_PWM_ConfigChannel(&htim2, &sConfigOC, TIM_CHANNEL_1) != HAL_OK)
 307              		.loc 1 133 0
 308 00a0 2246     		mov	r2, r4
 132:main.c        ****   if (HAL_TIM_PWM_ConfigChannel(&htim2, &sConfigOC, TIM_CHANNEL_1) != HAL_OK)
 309              		.loc 1 132 0
 310 00a2 0423     		movs	r3, #4
 311              		.loc 1 133 0
 312 00a4 09A9     		add	r1, sp, #36
 313 00a6 2846     		mov	r0, r5
 132:main.c        ****   if (HAL_TIM_PWM_ConfigChannel(&htim2, &sConfigOC, TIM_CHANNEL_1) != HAL_OK)
 314              		.loc 1 132 0
 315 00a8 0D93     		str	r3, [sp, #52]
 130:main.c        ****   sConfigOC.Pulse = 0;
 316              		.loc 1 130 0
 317 00aa 0A94     		str	r4, [sp, #40]
 131:main.c        ****   sConfigOC.OCFastMode = TIM_OCFAST_ENABLE;
 318              		.loc 1 131 0
 319 00ac 0B94     		str	r4, [sp, #44]
 320              		.loc 1 133 0
 321 00ae FFF7FEFF 		bl	HAL_TIM_PWM_ConfigChannel
 322              	.LVL14:
 323              	.LBE33:
 324              	.LBE47:
 325              	.LBB48:
 326              	.LBB49:
 327              	.LBB50:
 134:main.c        ****   {
 135:main.c        ****     Error_Handler();
 136:main.c        ****   }
 137:main.c        **** }
 138:main.c        **** 
 139:main.c        **** /**
 140:main.c        ****   * @brief GPIO Initialization Function
 141:main.c        ****   * @param None
 142:main.c        ****   * @retval None
 143:main.c        ****   */
 144:main.c        **** static void MX_GPIO_Init(void)
 145:main.c        **** {
ARM GAS  /var/folders/jn/652hmfdj2m99syhs9p34dk640000gq/T//ccSazmQa.s 			page 10


 146:main.c        ****     /* GPIO Ports Clock Enable */
 147:main.c        ****     __HAL_RCC_GPIOA_CLK_ENABLE();
 328              		.loc 1 147 0
 329 00b2 B369     		ldr	r3, [r6, #24]
 330              	.LBE50:
 148:main.c        ****     /**TIM2 GPIO Configuration
 149:main.c        ****     PA0-WKUP     ------> TIM2_CH1
 150:main.c        ****     */
 151:main.c        ****     GPIO_InitTypeDef GPIO_InitStruct = {0};
 331              		.loc 1 151 0
 332 00b4 1022     		movs	r2, #16
 333              	.LBB51:
 147:main.c        ****     /**TIM2 GPIO Configuration
 334              		.loc 1 147 0
 335 00b6 43F00403 		orr	r3, r3, #4
 336 00ba B361     		str	r3, [r6, #24]
 337 00bc B369     		ldr	r3, [r6, #24]
 338              	.LBE51:
 339              		.loc 1 151 0
 340 00be 2146     		mov	r1, r4
 341              	.LBB52:
 147:main.c        ****     /**TIM2 GPIO Configuration
 342              		.loc 1 147 0
 343 00c0 03F00403 		and	r3, r3, #4
 344 00c4 0593     		str	r3, [sp, #20]
 345              	.LBE52:
 346              		.loc 1 151 0
 347 00c6 09A8     		add	r0, sp, #36
 348              	.LBB53:
 147:main.c        ****     /**TIM2 GPIO Configuration
 349              		.loc 1 147 0
 350 00c8 059B     		ldr	r3, [sp, #20]
 351              	.LBE53:
 352              		.loc 1 151 0
 353 00ca FFF7FEFF 		bl	memset
 354              	.LVL15:
 152:main.c        ****     GPIO_InitStruct.Pin = GPIO_PIN_0;
 355              		.loc 1 152 0
 356 00ce 0123     		movs	r3, #1
 357 00d0 0993     		str	r3, [sp, #36]
 153:main.c        ****     GPIO_InitStruct.Mode = GPIO_MODE_AF_PP;
 154:main.c        ****     GPIO_InitStruct.Speed = GPIO_SPEED_FREQ_LOW;
 155:main.c        ****     HAL_GPIO_Init(GPIOA, &GPIO_InitStruct);
 358              		.loc 1 155 0
 359 00d2 09A9     		add	r1, sp, #36
 153:main.c        ****     GPIO_InitStruct.Mode = GPIO_MODE_AF_PP;
 360              		.loc 1 153 0
 361 00d4 0223     		movs	r3, #2
 362              		.loc 1 155 0
 363 00d6 1048     		ldr	r0, .L10+8
 153:main.c        ****     GPIO_InitStruct.Mode = GPIO_MODE_AF_PP;
 364              		.loc 1 153 0
 365 00d8 0A93     		str	r3, [sp, #40]
 154:main.c        ****     HAL_GPIO_Init(GPIOA, &GPIO_InitStruct);
 366              		.loc 1 154 0
 367 00da 0C93     		str	r3, [sp, #48]
 368              		.loc 1 155 0
ARM GAS  /var/folders/jn/652hmfdj2m99syhs9p34dk640000gq/T//ccSazmQa.s 			page 11


 369 00dc FFF7FEFF 		bl	HAL_GPIO_Init
 370              	.LVL16:
 371              	.LBE49:
 372              	.LBE48:
  33:main.c        **** 
 373              		.loc 1 33 0
 374 00e0 2846     		mov	r0, r5
 375 00e2 2146     		mov	r1, r4
 376 00e4 FFF7FEFF 		bl	HAL_TIM_PWM_Start
 377              	.LVL17:
  37:main.c        ****     	{
 378              		.loc 1 37 0
 379 00e8 4FF6FE76 		movw	r6, #65534
  46:main.c        ****     	    CH1_DC -= 70;
 380              		.loc 1 46 0
 381 00ec 3D46     		mov	r5, r7
 382              	.LVL18:
 383              	.L4:
  37:main.c        ****     	{
 384              		.loc 1 37 0
 385 00ee B442     		cmp	r4, r6
 386 00f0 05DC     		bgt	.L6
  39:main.c        ****     		CH1_DC += 70;
 387              		.loc 1 39 0
 388 00f2 6C63     		str	r4, [r5, #52]
  41:main.c        ****     	}
 389              		.loc 1 41 0
 390 00f4 0120     		movs	r0, #1
  40:main.c        ****     		HAL_Delay(1);
 391              		.loc 1 40 0
 392 00f6 4634     		adds	r4, r4, #70
 393              	.LVL19:
  41:main.c        ****     	}
 394              		.loc 1 41 0
 395 00f8 FFF7FEFF 		bl	HAL_Delay
 396              	.LVL20:
 397 00fc F7E7     		b	.L4
 398              	.L6:
  46:main.c        ****     	    CH1_DC -= 70;
 399              		.loc 1 46 0
 400 00fe 6C63     		str	r4, [r5, #52]
  48:main.c        ****     	}
 401              		.loc 1 48 0
 402 0100 0120     		movs	r0, #1
  47:main.c        ****     	    HAL_Delay(1);
 403              		.loc 1 47 0
 404 0102 463C     		subs	r4, r4, #70
 405              	.LVL21:
  48:main.c        ****     	}
 406              		.loc 1 48 0
 407 0104 FFF7FEFF 		bl	HAL_Delay
 408              	.LVL22:
  44:main.c        ****     	{
 409              		.loc 1 44 0
 410 0108 002C     		cmp	r4, #0
 411 010a F8DC     		bgt	.L6
 412 010c EFE7     		b	.L4
ARM GAS  /var/folders/jn/652hmfdj2m99syhs9p34dk640000gq/T//ccSazmQa.s 			page 12


 413              	.L11:
 414 010e 00BF     		.align	2
 415              	.L10:
 416 0110 00100240 		.word	1073876992
 417 0114 00000000 		.word	htim2
 418 0118 00080140 		.word	1073809408
 419              		.cfi_endproc
 420              	.LFE65:
 422              		.section	.text.Error_Handler,"ax",%progbits
 423              		.align	1
 424              		.global	Error_Handler
 425              		.thumb
 426              		.thumb_func
 428              	Error_Handler:
 429              	.LFB69:
 156:main.c        **** }
 157:main.c        **** 
 158:main.c        **** /* USER CODE BEGIN 4 */
 159:main.c        **** 
 160:main.c        **** /* USER CODE END 4 */
 161:main.c        **** 
 162:main.c        **** /**
 163:main.c        ****   * @brief  This function is executed in case of error occurrence.
 164:main.c        ****   * @retval None
 165:main.c        ****   */
 166:main.c        **** void Error_Handler(void)
 167:main.c        **** {
 430              		.loc 1 167 0
 431              		.cfi_startproc
 432              		@ args = 0, pretend = 0, frame = 0
 433              		@ frame_needed = 0, uses_anonymous_args = 0
 434              		@ link register save eliminated.
 435 0000 7047     		bx	lr
 436              		.cfi_endproc
 437              	.LFE69:
 439              		.comm	htim2,64,4
 440              		.text
 441              	.Letext0:
 442              		.file 2 "/usr/local/Cellar/gcc-arm-none-eabi/20160928/arm-none-eabi/include/machine/_default_types
 443              		.file 3 "/usr/local/Cellar/gcc-arm-none-eabi/20160928/arm-none-eabi/include/sys/_stdint.h"
 444              		.file 4 "../Drivers/CMSIS/Device/ST/STM32F1xx/Include/stm32f103xb.h"
 445              		.file 5 "../Drivers/STM32F1xx_HAL_Driver/Inc/stm32f1xx_hal_def.h"
 446              		.file 6 "../Drivers/STM32F1xx_HAL_Driver/Inc/stm32f1xx_hal_rcc.h"
 447              		.file 7 "../Drivers/STM32F1xx_HAL_Driver/Inc/stm32f1xx_hal_rcc_ex.h"
 448              		.file 8 "../Drivers/STM32F1xx_HAL_Driver/Inc/stm32f1xx_hal_gpio.h"
 449              		.file 9 "../Drivers/STM32F1xx_HAL_Driver/Inc/stm32f1xx_hal_dma.h"
 450              		.file 10 "../Drivers/STM32F1xx_HAL_Driver/Inc/stm32f1xx_hal_tim.h"
 451              		.file 11 "../Drivers/STM32F1xx_HAL_Driver/Inc/stm32f1xx_hal_tim_ex.h"
 452              		.file 12 "../Drivers/CMSIS/Include/core_cm3.h"
 453              		.file 13 "../Drivers/STM32F1xx_HAL_Driver/Inc/stm32f1xx_hal.h"
ARM GAS  /var/folders/jn/652hmfdj2m99syhs9p34dk640000gq/T//ccSazmQa.s 			page 13


DEFINED SYMBOLS
                            *ABS*:0000000000000000 main.c
/var/folders/jn/652hmfdj2m99syhs9p34dk640000gq/T//ccSazmQa.s:20     .text.SysTick_Handler:0000000000000000 $t
/var/folders/jn/652hmfdj2m99syhs9p34dk640000gq/T//ccSazmQa.s:25     .text.SysTick_Handler:0000000000000000 SysTick_Handler
/var/folders/jn/652hmfdj2m99syhs9p34dk640000gq/T//ccSazmQa.s:40     .text.SystemClock_Config:0000000000000000 $t
/var/folders/jn/652hmfdj2m99syhs9p34dk640000gq/T//ccSazmQa.s:45     .text.SystemClock_Config:0000000000000000 SystemClock_Config
/var/folders/jn/652hmfdj2m99syhs9p34dk640000gq/T//ccSazmQa.s:127    .text.startup.main:0000000000000000 $t
/var/folders/jn/652hmfdj2m99syhs9p34dk640000gq/T//ccSazmQa.s:132    .text.startup.main:0000000000000000 main
/var/folders/jn/652hmfdj2m99syhs9p34dk640000gq/T//ccSazmQa.s:416    .text.startup.main:0000000000000110 $d
                            *COM*:0000000000000040 htim2
/var/folders/jn/652hmfdj2m99syhs9p34dk640000gq/T//ccSazmQa.s:423    .text.Error_Handler:0000000000000000 $t
/var/folders/jn/652hmfdj2m99syhs9p34dk640000gq/T//ccSazmQa.s:428    .text.Error_Handler:0000000000000000 Error_Handler
                     .debug_frame:0000000000000010 $d

UNDEFINED SYMBOLS
HAL_IncTick
memset
HAL_RCC_OscConfig
HAL_RCC_ClockConfig
HAL_Init
HAL_TIM_Base_Init
HAL_TIM_ConfigClockSource
HAL_TIM_PWM_Init
HAL_TIMEx_MasterConfigSynchronization
HAL_TIM_PWM_ConfigChannel
HAL_GPIO_Init
HAL_TIM_PWM_Start
HAL_Delay
